<?xml version="1.0" encoding="UTF-8"?>
<testsuite xmlns:xsi="http://www.w3.org/2001/XMLSchema-instance" xsi:noNamespaceSchemaLocation="https://maven.apache.org/surefire/maven-surefire-plugin/xsd/surefire-test-report-3.0.xsd" version="3.0" name="com.assignment.InternshipProject.InternshipProjectApplicationTests" time="6.104" tests="1" errors="0" skipped="0" failures="0">
  <properties>
    <property name="java.specification.version" value="19"/>
    <property name="sun.cpu.isalist" value="amd64"/>
    <property name="sun.jnu.encoding" value="Cp1252"/>
    <property name="java.class.path" value="C:\Users\ADMIN\Desktop\Assignment1Sing\InternshipProject\target\test-classes;C:\Users\ADMIN\Desktop\Assignment1Sing\InternshipProject\target\classes;C:\Users\ADMIN\.m2\repository\org\springframework\boot\spring-boot-starter-jdbc\3.3.0\spring-boot-starter-jdbc-3.3.0.jar;C:\Users\ADMIN\.m2\repository\org\springframework\boot\spring-boot-starter\3.3.0\spring-boot-starter-3.3.0.jar;C:\Users\ADMIN\.m2\repository\org\springframework\boot\spring-boot\3.3.0\spring-boot-3.3.0.jar;C:\Users\ADMIN\.m2\repository\org\springframework\boot\spring-boot-autoconfigure\3.3.0\spring-boot-autoconfigure-3.3.0.jar;C:\Users\ADMIN\.m2\repository\jakarta\annotation\jakarta.annotation-api\2.1.1\jakarta.annotation-api-2.1.1.jar;C:\Users\ADMIN\.m2\repository\org\yaml\snakeyaml\2.2\snakeyaml-2.2.jar;C:\Users\ADMIN\.m2\repository\com\zaxxer\HikariCP\5.1.0\HikariCP-5.1.0.jar;C:\Users\ADMIN\.m2\repository\org\springframework\spring-jdbc\6.1.8\spring-jdbc-6.1.8.jar;C:\Users\ADMIN\.m2\repository\org\springframework\spring-beans\6.1.8\spring-beans-6.1.8.jar;C:\Users\ADMIN\.m2\repository\org\springframework\spring-tx\6.1.8\spring-tx-6.1.8.jar;C:\Users\ADMIN\.m2\repository\org\springframework\boot\spring-boot-starter-web\3.3.0\spring-boot-starter-web-3.3.0.jar;C:\Users\ADMIN\.m2\repository\org\springframework\boot\spring-boot-starter-tomcat\3.3.0\spring-boot-starter-tomcat-3.3.0.jar;C:\Users\ADMIN\.m2\repository\org\apache\tomcat\embed\tomcat-embed-core\10.1.24\tomcat-embed-core-10.1.24.jar;C:\Users\ADMIN\.m2\repository\org\apache\tomcat\embed\tomcat-embed-el\10.1.24\tomcat-embed-el-10.1.24.jar;C:\Users\ADMIN\.m2\repository\org\apache\tomcat\embed\tomcat-embed-websocket\10.1.24\tomcat-embed-websocket-10.1.24.jar;C:\Users\ADMIN\.m2\repository\org\springframework\spring-web\6.1.8\spring-web-6.1.8.jar;C:\Users\ADMIN\.m2\repository\io\micrometer\micrometer-observation\1.13.0\micrometer-observation-1.13.0.jar;C:\Users\ADMIN\.m2\repository\io\micrometer\micrometer-commons\1.13.0\micrometer-commons-1.13.0.jar;C:\Users\ADMIN\.m2\repository\org\springframework\spring-webmvc\6.1.8\spring-webmvc-6.1.8.jar;C:\Users\ADMIN\.m2\repository\org\springframework\spring-context\6.1.8\spring-context-6.1.8.jar;C:\Users\ADMIN\.m2\repository\org\springframework\spring-expression\6.1.8\spring-expression-6.1.8.jar;C:\Users\ADMIN\.m2\repository\org\springframework\boot\spring-boot-starter-logging\3.3.0\spring-boot-starter-logging-3.3.0.jar;C:\Users\ADMIN\.m2\repository\org\apache\logging\log4j\log4j-to-slf4j\2.23.1\log4j-to-slf4j-2.23.1.jar;C:\Users\ADMIN\.m2\repository\org\apache\logging\log4j\log4j-api\2.23.1\log4j-api-2.23.1.jar;C:\Users\ADMIN\.m2\repository\org\slf4j\jul-to-slf4j\2.0.13\jul-to-slf4j-2.0.13.jar;C:\Users\ADMIN\.m2\repository\org\mariadb\jdbc\mariadb-java-client\3.4.1\mariadb-java-client-3.4.1.jar;C:\Users\ADMIN\.m2\repository\com\github\waffle\waffle-jna\3.3.0\waffle-jna-3.3.0.jar;C:\Users\ADMIN\.m2\repository\net\java\dev\jna\jna\5.13.0\jna-5.13.0.jar;C:\Users\ADMIN\.m2\repository\net\java\dev\jna\jna-platform\5.13.0\jna-platform-5.13.0.jar;C:\Users\ADMIN\.m2\repository\org\slf4j\jcl-over-slf4j\2.0.13\jcl-over-slf4j-2.0.13.jar;C:\Users\ADMIN\.m2\repository\com\github\ben-manes\caffeine\caffeine\3.1.8\caffeine-3.1.8.jar;C:\Users\ADMIN\.m2\repository\com\google\errorprone\error_prone_annotations\2.21.1\error_prone_annotations-2.21.1.jar;C:\Users\ADMIN\.m2\repository\org\checkerframework\checker-qual\3.32.0\checker-qual-3.32.0.jar;C:\Users\ADMIN\.m2\repository\org\springframework\boot\spring-boot-starter-test\3.3.0\spring-boot-starter-test-3.3.0.jar;C:\Users\ADMIN\.m2\repository\org\springframework\boot\spring-boot-test\3.3.0\spring-boot-test-3.3.0.jar;C:\Users\ADMIN\.m2\repository\org\springframework\boot\spring-boot-test-autoconfigure\3.3.0\spring-boot-test-autoconfigure-3.3.0.jar;C:\Users\ADMIN\.m2\repository\com\jayway\jsonpath\json-path\2.9.0\json-path-2.9.0.jar;C:\Users\ADMIN\.m2\repository\jakarta\xml\bind\jakarta.xml.bind-api\4.0.2\jakarta.xml.bind-api-4.0.2.jar;C:\Users\ADMIN\.m2\repository\jakarta\activation\jakarta.activation-api\2.1.3\jakarta.activation-api-2.1.3.jar;C:\Users\ADMIN\.m2\repository\net\minidev\json-smart\2.5.1\json-smart-2.5.1.jar;C:\Users\ADMIN\.m2\repository\net\minidev\accessors-smart\2.5.1\accessors-smart-2.5.1.jar;C:\Users\ADMIN\.m2\repository\org\ow2\asm\asm\9.6\asm-9.6.jar;C:\Users\ADMIN\.m2\repository\org\assertj\assertj-core\3.25.3\assertj-core-3.25.3.jar;C:\Users\ADMIN\.m2\repository\net\bytebuddy\byte-buddy\1.14.16\byte-buddy-1.14.16.jar;C:\Users\ADMIN\.m2\repository\org\awaitility\awaitility\4.2.1\awaitility-4.2.1.jar;C:\Users\ADMIN\.m2\repository\org\hamcrest\hamcrest\2.2\hamcrest-2.2.jar;C:\Users\ADMIN\.m2\repository\org\junit\jupiter\junit-jupiter\5.10.2\junit-jupiter-5.10.2.jar;C:\Users\ADMIN\.m2\repository\org\junit\jupiter\junit-jupiter-api\5.10.2\junit-jupiter-api-5.10.2.jar;C:\Users\ADMIN\.m2\repository\org\opentest4j\opentest4j\1.3.0\opentest4j-1.3.0.jar;C:\Users\ADMIN\.m2\repository\org\junit\platform\junit-platform-commons\1.10.2\junit-platform-commons-1.10.2.jar;C:\Users\ADMIN\.m2\repository\org\apiguardian\apiguardian-api\1.1.2\apiguardian-api-1.1.2.jar;C:\Users\ADMIN\.m2\repository\org\junit\jupiter\junit-jupiter-params\5.10.2\junit-jupiter-params-5.10.2.jar;C:\Users\ADMIN\.m2\repository\org\junit\jupiter\junit-jupiter-engine\5.10.2\junit-jupiter-engine-5.10.2.jar;C:\Users\ADMIN\.m2\repository\org\junit\platform\junit-platform-engine\1.10.2\junit-platform-engine-1.10.2.jar;C:\Users\ADMIN\.m2\repository\org\mockito\mockito-core\5.11.0\mockito-core-5.11.0.jar;C:\Users\ADMIN\.m2\repository\net\bytebuddy\byte-buddy-agent\1.14.16\byte-buddy-agent-1.14.16.jar;C:\Users\ADMIN\.m2\repository\org\objenesis\objenesis\3.3\objenesis-3.3.jar;C:\Users\ADMIN\.m2\repository\org\mockito\mockito-junit-jupiter\5.11.0\mockito-junit-jupiter-5.11.0.jar;C:\Users\ADMIN\.m2\repository\org\skyscreamer\jsonassert\1.5.1\jsonassert-1.5.1.jar;C:\Users\ADMIN\.m2\repository\com\vaadin\external\google\android-json\0.0.20131108.vaadin1\android-json-0.0.20131108.vaadin1.jar;C:\Users\ADMIN\.m2\repository\org\springframework\spring-core\6.1.8\spring-core-6.1.8.jar;C:\Users\ADMIN\.m2\repository\org\springframework\spring-jcl\6.1.8\spring-jcl-6.1.8.jar;C:\Users\ADMIN\.m2\repository\org\springframework\spring-test\6.1.8\spring-test-6.1.8.jar;C:\Users\ADMIN\.m2\repository\org\xmlunit\xmlunit-core\2.9.1\xmlunit-core-2.9.1.jar;C:\Users\ADMIN\.m2\repository\ch\qos\logback\logback-classic\1.5.6\logback-classic-1.5.6.jar;C:\Users\ADMIN\.m2\repository\ch\qos\logback\logback-core\1.5.6\logback-core-1.5.6.jar;C:\Users\ADMIN\.m2\repository\org\slf4j\slf4j-api\2.0.13\slf4j-api-2.0.13.jar;C:\Users\ADMIN\.m2\repository\org\springframework\boot\spring-boot-starter-json\3.3.0\spring-boot-starter-json-3.3.0.jar;C:\Users\ADMIN\.m2\repository\com\fasterxml\jackson\core\jackson-databind\2.17.1\jackson-databind-2.17.1.jar;C:\Users\ADMIN\.m2\repository\com\fasterxml\jackson\core\jackson-annotations\2.17.1\jackson-annotations-2.17.1.jar;C:\Users\ADMIN\.m2\repository\com\fasterxml\jackson\core\jackson-core\2.17.1\jackson-core-2.17.1.jar;C:\Users\ADMIN\.m2\repository\com\fasterxml\jackson\datatype\jackson-datatype-jdk8\2.17.1\jackson-datatype-jdk8-2.17.1.jar;C:\Users\ADMIN\.m2\repository\com\fasterxml\jackson\datatype\jackson-datatype-jsr310\2.17.1\jackson-datatype-jsr310-2.17.1.jar;C:\Users\ADMIN\.m2\repository\com\fasterxml\jackson\module\jackson-module-parameter-names\2.17.1\jackson-module-parameter-names-2.17.1.jar;C:\Users\ADMIN\.m2\repository\org\springframework\boot\spring-boot-starter-security\3.3.0\spring-boot-starter-security-3.3.0.jar;C:\Users\ADMIN\.m2\repository\org\springframework\spring-aop\6.1.8\spring-aop-6.1.8.jar;C:\Users\ADMIN\.m2\repository\org\springframework\security\spring-security-config\6.3.0\spring-security-config-6.3.0.jar;C:\Users\ADMIN\.m2\repository\org\springframework\security\spring-security-web\6.3.0\spring-security-web-6.3.0.jar;C:\Users\ADMIN\.m2\repository\org\springframework\security\spring-security-test\6.3.0\spring-security-test-6.3.0.jar;C:\Users\ADMIN\.m2\repository\org\springframework\security\spring-security-core\6.3.0\spring-security-core-6.3.0.jar;C:\Users\ADMIN\.m2\repository\org\springframework\security\spring-security-crypto\6.3.0\spring-security-crypto-6.3.0.jar;C:\Users\ADMIN\.m2\repository\com\github\javafaker\javafaker\1.0.2\javafaker-1.0.2.jar;C:\Users\ADMIN\.m2\repository\org\apache\commons\commons-lang3\3.14.0\commons-lang3-3.14.0.jar;C:\Users\ADMIN\.m2\repository\org\yaml\snakeyaml\1.23\snakeyaml-1.23-android.jar;C:\Users\ADMIN\.m2\repository\com\github\mifmif\generex\1.0.2\generex-1.0.2.jar;C:\Users\ADMIN\.m2\repository\dk\brics\automaton\automaton\1.11-8\automaton-1.11-8.jar;"/>
    <property name="java.vm.vendor" value="Oracle Corporation"/>
    <property name="sun.arch.data.model" value="64"/>
    <property name="user.variant" value=""/>
    <property name="java.vendor.url" value="https://java.oracle.com/"/>
    <property name="user.timezone" value="Asia/Saigon"/>
    <property name="os.name" value="Windows 11"/>
    <property name="java.vm.specification.version" value="19"/>
    <property name="sun.java.launcher" value="SUN_STANDARD"/>
    <property name="user.country" value="US"/>
    <property name="sun.boot.library.path" value="C:\Program Files\Java\jdk-19\bin"/>
    <property name="sun.java.command" value="C:\Users\ADMIN\AppData\Local\Temp\surefire5780600684206026377\surefirebooter-20240724171658075_3.jar C:\Users\ADMIN\AppData\Local\Temp\surefire5780600684206026377 2024-07-24T17-16-57_483-jvmRun1 surefire-20240724171658075_1tmp surefire_0-20240724171658075_2tmp"/>
    <property name="jdk.debug" value="release"/>
    <property name="surefire.test.class.path" value="C:\Users\ADMIN\Desktop\Assignment1Sing\InternshipProject\target\test-classes;C:\Users\ADMIN\Desktop\Assignment1Sing\InternshipProject\target\classes;C:\Users\ADMIN\.m2\repository\org\springframework\boot\spring-boot-starter-jdbc\3.3.0\spring-boot-starter-jdbc-3.3.0.jar;C:\Users\ADMIN\.m2\repository\org\springframework\boot\spring-boot-starter\3.3.0\spring-boot-starter-3.3.0.jar;C:\Users\ADMIN\.m2\repository\org\springframework\boot\spring-boot\3.3.0\spring-boot-3.3.0.jar;C:\Users\ADMIN\.m2\repository\org\springframework\boot\spring-boot-autoconfigure\3.3.0\spring-boot-autoconfigure-3.3.0.jar;C:\Users\ADMIN\.m2\repository\jakarta\annotation\jakarta.annotation-api\2.1.1\jakarta.annotation-api-2.1.1.jar;C:\Users\ADMIN\.m2\repository\org\yaml\snakeyaml\2.2\snakeyaml-2.2.jar;C:\Users\ADMIN\.m2\repository\com\zaxxer\HikariCP\5.1.0\HikariCP-5.1.0.jar;C:\Users\ADMIN\.m2\repository\org\springframework\spring-jdbc\6.1.8\spring-jdbc-6.1.8.jar;C:\Users\ADMIN\.m2\repository\org\springframework\spring-beans\6.1.8\spring-beans-6.1.8.jar;C:\Users\ADMIN\.m2\repository\org\springframework\spring-tx\6.1.8\spring-tx-6.1.8.jar;C:\Users\ADMIN\.m2\repository\org\springframework\boot\spring-boot-starter-web\3.3.0\spring-boot-starter-web-3.3.0.jar;C:\Users\ADMIN\.m2\repository\org\springframework\boot\spring-boot-starter-tomcat\3.3.0\spring-boot-starter-tomcat-3.3.0.jar;C:\Users\ADMIN\.m2\repository\org\apache\tomcat\embed\tomcat-embed-core\10.1.24\tomcat-embed-core-10.1.24.jar;C:\Users\ADMIN\.m2\repository\org\apache\tomcat\embed\tomcat-embed-el\10.1.24\tomcat-embed-el-10.1.24.jar;C:\Users\ADMIN\.m2\repository\org\apache\tomcat\embed\tomcat-embed-websocket\10.1.24\tomcat-embed-websocket-10.1.24.jar;C:\Users\ADMIN\.m2\repository\org\springframework\spring-web\6.1.8\spring-web-6.1.8.jar;C:\Users\ADMIN\.m2\repository\io\micrometer\micrometer-observation\1.13.0\micrometer-observation-1.13.0.jar;C:\Users\ADMIN\.m2\repository\io\micrometer\micrometer-commons\1.13.0\micrometer-commons-1.13.0.jar;C:\Users\ADMIN\.m2\repository\org\springframework\spring-webmvc\6.1.8\spring-webmvc-6.1.8.jar;C:\Users\ADMIN\.m2\repository\org\springframework\spring-context\6.1.8\spring-context-6.1.8.jar;C:\Users\ADMIN\.m2\repository\org\springframework\spring-expression\6.1.8\spring-expression-6.1.8.jar;C:\Users\ADMIN\.m2\repository\org\springframework\boot\spring-boot-starter-logging\3.3.0\spring-boot-starter-logging-3.3.0.jar;C:\Users\ADMIN\.m2\repository\org\apache\logging\log4j\log4j-to-slf4j\2.23.1\log4j-to-slf4j-2.23.1.jar;C:\Users\ADMIN\.m2\repository\org\apache\logging\log4j\log4j-api\2.23.1\log4j-api-2.23.1.jar;C:\Users\ADMIN\.m2\repository\org\slf4j\jul-to-slf4j\2.0.13\jul-to-slf4j-2.0.13.jar;C:\Users\ADMIN\.m2\repository\org\mariadb\jdbc\mariadb-java-client\3.4.1\mariadb-java-client-3.4.1.jar;C:\Users\ADMIN\.m2\repository\com\github\waffle\waffle-jna\3.3.0\waffle-jna-3.3.0.jar;C:\Users\ADMIN\.m2\repository\net\java\dev\jna\jna\5.13.0\jna-5.13.0.jar;C:\Users\ADMIN\.m2\repository\net\java\dev\jna\jna-platform\5.13.0\jna-platform-5.13.0.jar;C:\Users\ADMIN\.m2\repository\org\slf4j\jcl-over-slf4j\2.0.13\jcl-over-slf4j-2.0.13.jar;C:\Users\ADMIN\.m2\repository\com\github\ben-manes\caffeine\caffeine\3.1.8\caffeine-3.1.8.jar;C:\Users\ADMIN\.m2\repository\com\google\errorprone\error_prone_annotations\2.21.1\error_prone_annotations-2.21.1.jar;C:\Users\ADMIN\.m2\repository\org\checkerframework\checker-qual\3.32.0\checker-qual-3.32.0.jar;C:\Users\ADMIN\.m2\repository\org\springframework\boot\spring-boot-starter-test\3.3.0\spring-boot-starter-test-3.3.0.jar;C:\Users\ADMIN\.m2\repository\org\springframework\boot\spring-boot-test\3.3.0\spring-boot-test-3.3.0.jar;C:\Users\ADMIN\.m2\repository\org\springframework\boot\spring-boot-test-autoconfigure\3.3.0\spring-boot-test-autoconfigure-3.3.0.jar;C:\Users\ADMIN\.m2\repository\com\jayway\jsonpath\json-path\2.9.0\json-path-2.9.0.jar;C:\Users\ADMIN\.m2\repository\jakarta\xml\bind\jakarta.xml.bind-api\4.0.2\jakarta.xml.bind-api-4.0.2.jar;C:\Users\ADMIN\.m2\repository\jakarta\activation\jakarta.activation-api\2.1.3\jakarta.activation-api-2.1.3.jar;C:\Users\ADMIN\.m2\repository\net\minidev\json-smart\2.5.1\json-smart-2.5.1.jar;C:\Users\ADMIN\.m2\repository\net\minidev\accessors-smart\2.5.1\accessors-smart-2.5.1.jar;C:\Users\ADMIN\.m2\repository\org\ow2\asm\asm\9.6\asm-9.6.jar;C:\Users\ADMIN\.m2\repository\org\assertj\assertj-core\3.25.3\assertj-core-3.25.3.jar;C:\Users\ADMIN\.m2\repository\net\bytebuddy\byte-buddy\1.14.16\byte-buddy-1.14.16.jar;C:\Users\ADMIN\.m2\repository\org\awaitility\awaitility\4.2.1\awaitility-4.2.1.jar;C:\Users\ADMIN\.m2\repository\org\hamcrest\hamcrest\2.2\hamcrest-2.2.jar;C:\Users\ADMIN\.m2\repository\org\junit\jupiter\junit-jupiter\5.10.2\junit-jupiter-5.10.2.jar;C:\Users\ADMIN\.m2\repository\org\junit\jupiter\junit-jupiter-api\5.10.2\junit-jupiter-api-5.10.2.jar;C:\Users\ADMIN\.m2\repository\org\opentest4j\opentest4j\1.3.0\opentest4j-1.3.0.jar;C:\Users\ADMIN\.m2\repository\org\junit\platform\junit-platform-commons\1.10.2\junit-platform-commons-1.10.2.jar;C:\Users\ADMIN\.m2\repository\org\apiguardian\apiguardian-api\1.1.2\apiguardian-api-1.1.2.jar;C:\Users\ADMIN\.m2\repository\org\junit\jupiter\junit-jupiter-params\5.10.2\junit-jupiter-params-5.10.2.jar;C:\Users\ADMIN\.m2\repository\org\junit\jupiter\junit-jupiter-engine\5.10.2\junit-jupiter-engine-5.10.2.jar;C:\Users\ADMIN\.m2\repository\org\junit\platform\junit-platform-engine\1.10.2\junit-platform-engine-1.10.2.jar;C:\Users\ADMIN\.m2\repository\org\mockito\mockito-core\5.11.0\mockito-core-5.11.0.jar;C:\Users\ADMIN\.m2\repository\net\bytebuddy\byte-buddy-agent\1.14.16\byte-buddy-agent-1.14.16.jar;C:\Users\ADMIN\.m2\repository\org\objenesis\objenesis\3.3\objenesis-3.3.jar;C:\Users\ADMIN\.m2\repository\org\mockito\mockito-junit-jupiter\5.11.0\mockito-junit-jupiter-5.11.0.jar;C:\Users\ADMIN\.m2\repository\org\skyscreamer\jsonassert\1.5.1\jsonassert-1.5.1.jar;C:\Users\ADMIN\.m2\repository\com\vaadin\external\google\android-json\0.0.20131108.vaadin1\android-json-0.0.20131108.vaadin1.jar;C:\Users\ADMIN\.m2\repository\org\springframework\spring-core\6.1.8\spring-core-6.1.8.jar;C:\Users\ADMIN\.m2\repository\org\springframework\spring-jcl\6.1.8\spring-jcl-6.1.8.jar;C:\Users\ADMIN\.m2\repository\org\springframework\spring-test\6.1.8\spring-test-6.1.8.jar;C:\Users\ADMIN\.m2\repository\org\xmlunit\xmlunit-core\2.9.1\xmlunit-core-2.9.1.jar;C:\Users\ADMIN\.m2\repository\ch\qos\logback\logback-classic\1.5.6\logback-classic-1.5.6.jar;C:\Users\ADMIN\.m2\repository\ch\qos\logback\logback-core\1.5.6\logback-core-1.5.6.jar;C:\Users\ADMIN\.m2\repository\org\slf4j\slf4j-api\2.0.13\slf4j-api-2.0.13.jar;C:\Users\ADMIN\.m2\repository\org\springframework\boot\spring-boot-starter-json\3.3.0\spring-boot-starter-json-3.3.0.jar;C:\Users\ADMIN\.m2\repository\com\fasterxml\jackson\core\jackson-databind\2.17.1\jackson-databind-2.17.1.jar;C:\Users\ADMIN\.m2\repository\com\fasterxml\jackson\core\jackson-annotations\2.17.1\jackson-annotations-2.17.1.jar;C:\Users\ADMIN\.m2\repository\com\fasterxml\jackson\core\jackson-core\2.17.1\jackson-core-2.17.1.jar;C:\Users\ADMIN\.m2\repository\com\fasterxml\jackson\datatype\jackson-datatype-jdk8\2.17.1\jackson-datatype-jdk8-2.17.1.jar;C:\Users\ADMIN\.m2\repository\com\fasterxml\jackson\datatype\jackson-datatype-jsr310\2.17.1\jackson-datatype-jsr310-2.17.1.jar;C:\Users\ADMIN\.m2\repository\com\fasterxml\jackson\module\jackson-module-parameter-names\2.17.1\jackson-module-parameter-names-2.17.1.jar;C:\Users\ADMIN\.m2\repository\org\springframework\boot\spring-boot-starter-security\3.3.0\spring-boot-starter-security-3.3.0.jar;C:\Users\ADMIN\.m2\repository\org\springframework\spring-aop\6.1.8\spring-aop-6.1.8.jar;C:\Users\ADMIN\.m2\repository\org\springframework\security\spring-security-config\6.3.0\spring-security-config-6.3.0.jar;C:\Users\ADMIN\.m2\repository\org\springframework\security\spring-security-web\6.3.0\spring-security-web-6.3.0.jar;C:\Users\ADMIN\.m2\repository\org\springframework\security\spring-security-test\6.3.0\spring-security-test-6.3.0.jar;C:\Users\ADMIN\.m2\repository\org\springframework\security\spring-security-core\6.3.0\spring-security-core-6.3.0.jar;C:\Users\ADMIN\.m2\repository\org\springframework\security\spring-security-crypto\6.3.0\spring-security-crypto-6.3.0.jar;C:\Users\ADMIN\.m2\repository\com\github\javafaker\javafaker\1.0.2\javafaker-1.0.2.jar;C:\Users\ADMIN\.m2\repository\org\apache\commons\commons-lang3\3.14.0\commons-lang3-3.14.0.jar;C:\Users\ADMIN\.m2\repository\org\yaml\snakeyaml\1.23\snakeyaml-1.23-android.jar;C:\Users\ADMIN\.m2\repository\com\github\mifmif\generex\1.0.2\generex-1.0.2.jar;C:\Users\ADMIN\.m2\repository\dk\brics\automaton\automaton\1.11-8\automaton-1.11-8.jar;"/>
    <property name="sun.cpu.endian" value="little"/>
    <property name="user.home" value="C:\Users\ADMIN"/>
    <property name="user.language" value="en"/>
    <property name="java.specification.vendor" value="Oracle Corporation"/>
    <property name="java.version.date" value="2023-01-17"/>
    <property name="java.home" value="C:\Program Files\Java\jdk-19"/>
    <property name="file.separator" value="\"/>
    <property name="basedir" value="C:\Users\ADMIN\Desktop\Assignment1Sing\InternshipProject"/>
    <property name="java.vm.compressedOopsMode" value="32-bit"/>
    <property name="line.separator" value="&#10;"/>
    <property name="java.vm.specification.vendor" value="Oracle Corporation"/>
    <property name="java.specification.name" value="Java Platform API Specification"/>
    <property name="FILE_LOG_CHARSET" value="UTF-8"/>
    <property name="java.awt.headless" value="true"/>
    <property name="surefire.real.class.path" value="C:\Users\ADMIN\AppData\Local\Temp\surefire5780600684206026377\surefirebooter-20240724171658075_3.jar"/>
    <property name="user.script" value=""/>
    <property name="sun.management.compiler" value="HotSpot 64-Bit Tiered Compilers"/>
    <property name="java.runtime.version" value="19.0.2+7-44"/>
    <property name="user.name" value="ADMIN"/>
    <property name="stdout.encoding" value="Cp1252"/>
    <property name="path.separator" value=";"/>
    <property name="os.version" value="10.0"/>
    <property name="java.runtime.name" value="Java(TM) SE Runtime Environment"/>
    <property name="file.encoding" value="UTF-8"/>
    <property name="java.vm.name" value="Java HotSpot(TM) 64-Bit Server VM"/>
    <property name="localRepository" value="C:\Users\ADMIN\.m2\repository"/>
    <property name="java.vendor.url.bug" value="https://bugreport.java.com/bugreport/"/>
    <property name="java.io.tmpdir" value="C:\Users\ADMIN\AppData\Local\Temp\"/>
    <property name="java.version" value="19.0.2"/>
    <property name="user.dir" value="C:\Users\ADMIN\Desktop\Assignment1Sing\InternshipProject"/>
    <property name="os.arch" value="amd64"/>
    <property name="java.vm.specification.name" value="Java Virtual Machine Specification"/>
    <property name="PID" value="33784"/>
    <property name="sun.os.patch.level" value=""/>
    <property name="CONSOLE_LOG_CHARSET" value="UTF-8"/>
    <property name="native.encoding" value="Cp1252"/>
    <property name="java.library.path" value="C:\Program Files\Java\jdk-19\bin;C:\WINDOWS\Sun\Java\bin;C:\WINDOWS\system32;C:\WINDOWS;C:\Program Files\Common Files\Oracle\Java\javapath;C:\Program Files (x86)\VMware\VMware Player\bin\;C:\Users\ADMIN\AppData\Local\Programs\Python\Python312\Scripts\;C:\Users\ADMIN\AppData\Local\Programs\Python\Python312\;C:\Windows\system32;C:\Windows;C:\Windows\System32\Wbem;C:\Windows\System32\WindowsPowerShell\v1.0\;C:\Windows\System32\OpenSSH\;C:\Program Files\NVIDIA Corporation\NVIDIA NvDLISR;C:\Program Files\dotnet\;C:\WINDOWS\system32;C:\WINDOWS;C:\WINDOWS\System32\Wbem;C:\WINDOWS\System32\WindowsPowerShell\v1.0\;C:\WINDOWS\System32\OpenSSH\;C:\Program Files\Microsoft SQL Server\150\Tools\Binn\;C:\Program Files\Microsoft SQL Server\Client SDK\ODBC\170\Tools\Binn\;C:\Program Files\nodejs\;C:\Program Files\Git\cmd;C:\Program Files (x86)\Microsoft SQL Server\160\Tools\Binn\;C:\Program Files\Microsoft SQL Server\160\Tools\Binn\;C:\Program Files\Microsoft SQL Server\160\DTS\Binn\;C:\Program Files (x86)\Microsoft SQL Server\160\DTS\Binn\;C:\Program Files\MySQL\MySQL Server 8.0\bin;C:\ProgramData\chocolatey\bin;C:\Gradle\gradle-8.6\bin;C:\Users\ADMIN\AppData\Local\Android\Sdk\platform-tools;C:\Users\ADMIN\Downloads\apache-maven-3.9.6-bin\apache-maven-3.9.6\bin;C:\xampp\php;C:\ProgramData\ComposerSetup\bin;C:\xampp\php\php.exe;$JAVA_HOME$\bin;C:\Program Files\Docker\Docker\resources\bin;C:\Program Files\JetBrains\IntelliJ IDEA 2024.1.4\plugins\maven\lib\maven3\bin;C:\Program Files\Go\bin;C:\Users\ADMIN\AppData\Local\Android\Sdk\platform-tools;C:\Users\ADMIN\AppData\Local\Android\Sdk\tools;C:\Users\ADMIN\AppData\Local\Programs\Python\Launcher\;C:\Program Files\Java\jdk-17\bin;D:\VSCode\Microsoft VS Code\bin;C:\MinGW\bin;C:\Users\ADMIN\AppData\Local\Microsoft\WindowsApps;C:\Users\ADMIN\.dotnet\tools;C:\Users\ADMIN\AppData\Roaming\npm;C:\Program Files\nodejs;C:\Program Files\Azure Data Studio\bin;C:\Users\ADMIN\Downloads\apache-maven-3.9.6-bin;C:\Users\ADMIN\AppData\Roaming\Composer\vendor\bin;C:\Users\ADMIN\AppData\Local\Google\Cloud SDK\google-cloud-sdk\bin;C:\Program Files\JetBrains\IntelliJ IDEA 2024.1.4\bin;;C:\Users\ADMIN\go\bin;;."/>
    <property name="java.vm.info" value="mixed mode, sharing"/>
    <property name="stderr.encoding" value="Cp1252"/>
    <property name="java.vendor" value="Oracle Corporation"/>
    <property name="java.vm.version" value="19.0.2+7-44"/>
    <property name="sun.io.unicode.encoding" value="UnicodeLittle"/>
    <property name="java.class.version" value="63.0"/>
  </properties>
  <testcase name="contextLoads" classname="com.assignment.InternshipProject.InternshipProjectApplicationTests" time="1.543">
    <system-out><![CDATA[17:16:59.601 [main] INFO org.springframework.test.context.support.AnnotationConfigContextLoaderUtils -- Could not detect default configuration classes for test class [com.assignment.InternshipProject.InternshipProjectApplicationTests]: InternshipProjectApplicationTests does not declare any static, non-private, non-final, nested classes annotated with @Configuration.
17:16:59.773 [main] INFO org.springframework.boot.test.context.SpringBootTestContextBootstrapper -- Found @SpringBootConfiguration com.assignment.InternshipProject.InternshipProjectApplication for test class com.assignment.InternshipProject.InternshipProjectApplicationTests
17:16:59,422 |-INFO in ch.qos.logback.classic.LoggerContext[default] - This is logback-classic version 1.5.6
17:16:59,427 |-INFO in ch.qos.logback.classic.util.ContextInitializer@29182679 - Here is a list of configurators discovered as a service, by rank: 
17:16:59,428 |-INFO in ch.qos.logback.classic.util.ContextInitializer@29182679 -   org.springframework.boot.logging.logback.RootLogLevelConfigurator
17:16:59,428 |-INFO in ch.qos.logback.classic.util.ContextInitializer@29182679 - They will be invoked in order until ExecutionStatus.DO_NOT_INVOKE_NEXT_IF_ANY is returned.
17:16:59,428 |-INFO in ch.qos.logback.classic.util.ContextInitializer@29182679 - Constructed configurator of type class org.springframework.boot.logging.logback.RootLogLevelConfigurator
17:16:59,444 |-INFO in ch.qos.logback.classic.util.ContextInitializer@29182679 - org.springframework.boot.logging.logback.RootLogLevelConfigurator.configure() call lasted 0 milliseconds. ExecutionStatus=INVOKE_NEXT_IF_ANY
17:16:59,444 |-INFO in ch.qos.logback.classic.util.ContextInitializer@29182679 - Trying to configure with ch.qos.logback.classic.joran.SerializedModelConfigurator
17:16:59,445 |-INFO in ch.qos.logback.classic.util.ContextInitializer@29182679 - Constructed configurator of type class ch.qos.logback.classic.joran.SerializedModelConfigurator
17:16:59,449 |-INFO in ch.qos.logback.classic.LoggerContext[default] - Could NOT find resource [logback-test.scmo]
17:16:59,450 |-INFO in ch.qos.logback.classic.LoggerContext[default] - Could NOT find resource [logback.scmo]
17:16:59,450 |-INFO in ch.qos.logback.classic.util.ContextInitializer@29182679 - ch.qos.logback.classic.joran.SerializedModelConfigurator.configure() call lasted 5 milliseconds. ExecutionStatus=INVOKE_NEXT_IF_ANY
17:16:59,450 |-INFO in ch.qos.logback.classic.util.ContextInitializer@29182679 - Trying to configure with ch.qos.logback.classic.util.DefaultJoranConfigurator
17:16:59,451 |-INFO in ch.qos.logback.classic.util.ContextInitializer@29182679 - Constructed configurator of type class ch.qos.logback.classic.util.DefaultJoranConfigurator
17:16:59,452 |-INFO in ch.qos.logback.classic.LoggerContext[default] - Could NOT find resource [logback-test.xml]
17:16:59,452 |-INFO in ch.qos.logback.classic.LoggerContext[default] - Could NOT find resource [logback.xml]
17:16:59,453 |-INFO in ch.qos.logback.classic.util.ContextInitializer@29182679 - ch.qos.logback.classic.util.DefaultJoranConfigurator.configure() call lasted 1 milliseconds. ExecutionStatus=INVOKE_NEXT_IF_ANY
17:16:59,453 |-INFO in ch.qos.logback.classic.util.ContextInitializer@29182679 - Trying to configure with ch.qos.logback.classic.BasicConfigurator
17:16:59,454 |-INFO in ch.qos.logback.classic.util.ContextInitializer@29182679 - Constructed configurator of type class ch.qos.logback.classic.BasicConfigurator
17:16:59,454 |-INFO in ch.qos.logback.classic.BasicConfigurator@57bd802b - Setting up default configuration.
17:16:59,471 |-INFO in ch.qos.logback.classic.util.ContextInitializer@29182679 - ch.qos.logback.classic.BasicConfigurator.configure() call lasted 17 milliseconds. ExecutionStatus=NEUTRAL
17:17:00,489 |-INFO in ch.qos.logback.core.model.processor.AppenderModelHandler - Processing appender named [FILE]
17:17:00,489 |-INFO in ch.qos.logback.core.model.processor.AppenderModelHandler - About to instantiate appender of type [ch.qos.logback.core.rolling.RollingFileAppender]
17:17:00,499 |-WARN in ch.qos.logback.core.model.processor.ImplicitModelHandler - Ignoring unknown property [maxFileSize] in [ch.qos.logback.core.rolling.TimeBasedRollingPolicy]
17:17:00,501 |-INFO in c.q.l.core.rolling.TimeBasedRollingPolicy@1555793073 - setting totalSizeCap to 20 KB
17:17:00,510 |-INFO in c.q.l.core.rolling.TimeBasedRollingPolicy@1555793073 - No compression will be used
17:17:00,511 |-INFO in c.q.l.core.rolling.TimeBasedRollingPolicy@1555793073 - Will use the pattern logs/archived/app.%d{yyyy-MM-dd}.log for the active file
17:17:00,513 |-INFO in c.q.l.core.rolling.DefaultTimeBasedFileNamingAndTriggeringPolicy - The date pattern is 'yyyy-MM-dd' from file name pattern 'logs/archived/app.%d{yyyy-MM-dd}.log'.
17:17:00,513 |-INFO in c.q.l.core.rolling.DefaultTimeBasedFileNamingAndTriggeringPolicy - Roll-over at midnight.
17:17:00,514 |-INFO in c.q.l.core.rolling.DefaultTimeBasedFileNamingAndTriggeringPolicy - Setting initial period to 2024-07-24T10:14:31.614Z
17:17:00,515 |-INFO in ch.qos.logback.core.model.processor.ImplicitModelHandler - Assuming default type [ch.qos.logback.classic.encoder.PatternLayoutEncoder] for [encoder] property
17:17:00,534 |-INFO in ch.qos.logback.core.rolling.RollingFileAppender[FILE] - Active log file name: logs/app.log
17:17:00,534 |-INFO in ch.qos.logback.core.rolling.RollingFileAppender[FILE] - File property is set to [logs/app.log]
17:17:00,535 |-INFO in ch.qos.logback.core.model.processor.AppenderModelHandler - Processing appender named [CONSOLE]
17:17:00,535 |-INFO in ch.qos.logback.core.model.processor.AppenderModelHandler - About to instantiate appender of type [ch.qos.logback.core.ConsoleAppender]
17:17:00,536 |-WARN in ch.qos.logback.core.ConsoleAppender[CONSOLE] - This appender no longer admits a layout as a sub-component, set an encoder instead.
17:17:00,536 |-WARN in ch.qos.logback.core.ConsoleAppender[CONSOLE] - To ensure compatibility, wrapping your layout in LayoutWrappingEncoder.
17:17:00,536 |-WARN in ch.qos.logback.core.ConsoleAppender[CONSOLE] - See also http://logback.qos.ch/codes.html#layoutInsteadOfEncoder for details
17:17:00,536 |-INFO in ch.qos.logback.core.model.processor.AppenderModelHandler - Processing appender named [ASYNC_CONSOLE]
17:17:00,536 |-INFO in ch.qos.logback.core.model.processor.AppenderModelHandler - About to instantiate appender of type [ch.qos.logback.classic.AsyncAppender]
17:17:00,539 |-INFO in ch.qos.logback.core.model.processor.AppenderRefModelHandler - Attaching appender named [CONSOLE] to ch.qos.logback.classic.AsyncAppender[ASYNC_CONSOLE]
17:17:00,539 |-INFO in ch.qos.logback.classic.AsyncAppender[ASYNC_CONSOLE] - Attaching appender named [CONSOLE] to AsyncAppender.
17:17:00,540 |-INFO in ch.qos.logback.classic.AsyncAppender[ASYNC_CONSOLE] - Setting discardingThreshold to 51
17:17:00,540 |-INFO in ch.qos.logback.core.model.processor.AppenderModelHandler - Processing appender named [ASYNC_FILE]
17:17:00,540 |-INFO in ch.qos.logback.core.model.processor.AppenderModelHandler - About to instantiate appender of type [ch.qos.logback.classic.AsyncAppender]
17:17:00,540 |-INFO in ch.qos.logback.core.model.processor.AppenderRefModelHandler - Attaching appender named [FILE] to ch.qos.logback.classic.AsyncAppender[ASYNC_FILE]
17:17:00,540 |-INFO in ch.qos.logback.classic.AsyncAppender[ASYNC_FILE] - Attaching appender named [FILE] to AsyncAppender.
17:17:00,540 |-INFO in ch.qos.logback.classic.AsyncAppender[ASYNC_FILE] - Setting discardingThreshold to 51
17:17:00,540 |-INFO in ch.qos.logback.classic.model.processor.RootLoggerModelHandler - Setting level of ROOT logger to TRACE
17:17:00,541 |-INFO in ch.qos.logback.classic.jul.LevelChangePropagator@2c779e5 - Propagating TRACE level on Logger[ROOT] onto the JUL framework
17:17:00,541 |-INFO in ch.qos.logback.core.model.processor.AppenderRefModelHandler - Attaching appender named [ASYNC_FILE] to Logger[ROOT]
17:17:00,541 |-INFO in ch.qos.logback.core.model.processor.AppenderRefModelHandler - Attaching appender named [ASYNC_CONSOLE] to Logger[ROOT]
17:17:00,541 |-INFO in ch.qos.logback.core.model.processor.DefaultProcessor@6a84bc2a - End of configuration.
17:17:00,541 |-INFO in org.springframework.boot.logging.logback.SpringBootJoranConfigurator@5183d589 - Registering current configuration as safe fallback point

17:17:00.553 [main] o.s.c.i.s.SpringFactoriesLoader TRACE - Loaded [org.springframework.boot.ApplicationContextFactory] names: [org.springframework.boot.web.reactive.context.ReactiveWebServerApplicationContextFactory, org.springframework.boot.web.servlet.context.ServletWebServerApplicationContextFactory]
  .   ____          _            __ _ _
 /\\ / ___'_ __ _ _(_)_ __  __ _ \ \ \ \
( ( )\___ | '_ | '_| | '_ \/ _` | \ \ \ \
 \\/  ___)| |_)| | | | | || (_| |  ) ) ) )
  '  |____| .__|_| |_|_| |_\__, | / / / /
 =========|_|==============|___/=/_/_/_/

 :: Spring Boot ::                (v3.3.0)

17:17:00.628 [main] c.a.I.InternshipProjectApplicationTests INFO  - Starting InternshipProjectApplicationTests using Java 19.0.2 with PID 33784 (started by ADMIN in C:\Users\ADMIN\Desktop\Assignment1Sing\InternshipProject)
17:17:00.628 [main] c.a.I.InternshipProjectApplicationTests DEBUG - Running with Spring Boot v3.3.0, Spring v6.1.8
17:17:00.629 [main] c.a.I.InternshipProjectApplicationTests INFO  - No active profile set, falling back to 1 default profile: "default"
17:17:00.629 [main] o.s.b.SpringApplication DEBUG - Loading source class com.assignment.InternshipProject.InternshipProjectApplication
17:17:00.659 [main] o.s.c.a.ClassPathBeanDefinitionScanner TRACE - JSR-250 'jakarta.annotation.ManagedBean' found and supported for component scanning
17:17:00.687 [main] o.s.b.e.RandomValuePropertySourceEnvironmentPostProcessor TRACE - RandomValuePropertySource add to Environment
17:17:00.687 [main] o.s.b.c.c.ConfigDataEnvironmentPostProcessor TRACE - Post-processing environment to add config data
17:17:00.687 [main] o.s.b.c.c.ConfigDataEnvironment TRACE - Building config data environment contributors
17:17:00.687 [main] o.s.b.c.c.ConfigDataEnvironment TRACE - Creating wrapped config data contributor for 'Inlined Test Properties'
17:17:00.687 [main] o.s.b.c.c.ConfigDataEnvironment TRACE - Creating wrapped config data contributor for 'configurationProperties'
17:17:00.687 [main] o.s.b.c.c.ConfigDataEnvironment TRACE - Creating wrapped config data contributor for 'servletConfigInitParams'
17:17:00.687 [main] o.s.b.c.c.ConfigDataEnvironment TRACE - Creating wrapped config data contributor for 'servletContextInitParams'
17:17:00.687 [main] o.s.b.c.c.ConfigDataEnvironment TRACE - Creating wrapped config data contributor for 'systemProperties'
17:17:00.687 [main] o.s.b.c.c.ConfigDataEnvironment TRACE - Creating wrapped config data contributor for 'systemEnvironment'
17:17:00.687 [main] o.s.b.c.c.ConfigDataEnvironment TRACE - Creating wrapped config data contributor for 'random'
17:17:00.687 [main] o.s.b.c.c.ConfigDataEnvironment TRACE - Adding initial config data import from location 'optional:file:./;optional:file:./config/;optional:file:./config/*/'
17:17:00.687 [main] o.s.b.c.c.ConfigDataEnvironment TRACE - Adding initial config data import from location 'optional:classpath:/;optional:classpath:/config/'
17:17:00.687 [main] o.s.b.c.c.ConfigDataEnvironment TRACE - Processing initial config data environment contributors without activation context
17:17:00.687 [main] o.s.b.c.c.ConfigDataEnvironmentContributors TRACE - Processing imports for phase BEFORE_PROFILE_ACTIVATION. no activation context
17:17:00.687 [main] o.s.b.c.c.ConfigDataEnvironmentContributors TRACE - Processing imports [optional:file:./;optional:file:./config/;optional:file:./config/*/]
17:17:00.687 [main] o.s.b.c.c.StandardConfigDataLocationResolver TRACE - Skipping missing resource file:./application.yaml
17:17:00.687 [main] o.s.b.c.c.StandardConfigDataLocationResolver TRACE - Skipping missing resource file:./application.yml
17:17:00.687 [main] o.s.b.c.c.StandardConfigDataLocationResolver TRACE - Skipping missing resource file:./application.xml
17:17:00.687 [main] o.s.b.c.c.StandardConfigDataLocationResolver TRACE - Skipping missing resource file:./application.properties
17:17:00.687 [main] o.s.b.c.c.StandardConfigDataLocationResolver TRACE - Skipping missing resource file:./config/application.yaml
17:17:00.687 [main] o.s.b.c.c.StandardConfigDataLocationResolver TRACE - Skipping missing resource file:./config/application.yml
17:17:00.687 [main] o.s.b.c.c.StandardConfigDataLocationResolver TRACE - Skipping missing resource file:./config/application.xml
17:17:00.687 [main] o.s.b.c.c.StandardConfigDataLocationResolver TRACE - Skipping missing resource file:./config/application.properties
17:17:00.688 [main] o.s.b.c.c.ConfigDataImporter TRACE - Considering resource file [.] from location optional:file:./;optional:file:./config/;optional:file:./config/*/
17:17:00.688 [main] o.s.b.c.c.ConfigDataLoaders TRACE - Loading file [.] using loader org.springframework.boot.context.config.StandardConfigDataLoader
17:17:00.688 [main] o.s.b.c.c.ConfigDataImporter TRACE - Loaded resource file [.] from location optional:file:./;optional:file:./config/;optional:file:./config/*/
17:17:00.692 [main] o.s.b.c.c.ConfigDataEnvironmentContributors TRACE - Imported 1 resource [file [.]]
17:17:00.693 [main] o.s.b.c.c.ConfigDataEnvironmentContributors TRACE - Processing imports [optional:classpath:/;optional:classpath:/config/]
17:17:00.693 [main] o.s.b.c.c.StandardConfigDataLocationResolver TRACE - Skipping missing resource classpath:/application.yaml
17:17:00.693 [main] o.s.b.c.c.StandardConfigDataLocationResolver TRACE - Skipping missing resource classpath:/application.xml
17:17:00.693 [main] o.s.b.c.c.StandardConfigDataLocationResolver TRACE - Skipping missing resource classpath:/application.properties
17:17:00.693 [main] o.s.b.c.c.StandardConfigDataLocationResolver TRACE - Skipping missing resource classpath:/config/application.yaml
17:17:00.693 [main] o.s.b.c.c.StandardConfigDataLocationResolver TRACE - Skipping missing resource classpath:/config/application.yml
17:17:00.693 [main] o.s.b.c.c.StandardConfigDataLocationResolver TRACE - Skipping missing resource classpath:/config/application.xml
17:17:00.693 [main] o.s.b.c.c.StandardConfigDataLocationResolver TRACE - Skipping missing resource classpath:/config/application.properties
17:17:00.693 [main] o.s.b.c.c.ConfigDataImporter TRACE - Considering resource class path resource [application.yml] from location optional:classpath:/;optional:classpath:/config/
17:17:00.693 [main] o.s.b.c.c.ConfigDataLoaders TRACE - Loading class path resource [application.yml] using loader org.springframework.boot.context.config.StandardConfigDataLoader
17:17:00.693 [main] o.s.b.c.c.ConfigDataImporter TRACE - Loaded resource class path resource [application.yml] from location optional:classpath:/;optional:classpath:/config/
17:17:00.693 [main] o.s.b.c.c.ConfigDataEnvironmentContributors TRACE - Imported 1 resource [class path resource [application.yml]]
17:17:00.694 [main] o.s.b.c.c.ConfigDataEnvironmentContributors TRACE - Processed imports for of 2 contributors
17:17:00.694 [main] o.s.b.c.c.ConfigDataEnvironment TRACE - Creating config data activation context from initial contributions
17:17:00.694 [main] o.s.b.c.c.ConfigDataEnvironment TRACE - Processing config data environment contributors with initial activation context
17:17:00.697 [main] o.s.b.c.c.ConfigDataEnvironmentContributors TRACE - Processing imports for phase BEFORE_PROFILE_ACTIVATION. [ConfigDataActivationContext@6e1f8469 cloudPlatform = [null], profiles = [null]]
17:17:00.697 [main] o.s.b.c.c.ConfigDataEnvironmentContributors TRACE - Processed imports for of 0 contributors
17:17:00.698 [main] o.s.b.c.c.ConfigDataEnvironment TRACE - Deducing profiles from current config data environment contributors
17:17:00.698 [main] o.s.b.c.c.ConfigDataEnvironment TRACE - Processing config data environment contributors with profile activation context
17:17:00.698 [main] o.s.b.c.c.ConfigDataEnvironmentContributors TRACE - Processing imports for phase AFTER_PROFILE_ACTIVATION. [ConfigDataActivationContext@2e380628 cloudPlatform = [null], profiles = [Profiles@3b6c624 active = '[]', default = '[default]', accepted = '[default]']]
17:17:00.699 [main] o.s.b.c.c.ConfigDataEnvironmentContributors TRACE - Processing imports [optional:file:./;optional:file:./config/;optional:file:./config/*/]
17:17:00.699 [main] o.s.b.c.c.StandardConfigDataLocationResolver TRACE - Skipping missing resource file:./application.yaml
17:17:00.699 [main] o.s.b.c.c.StandardConfigDataLocationResolver TRACE - Skipping missing resource file:./application.yml
17:17:00.699 [main] o.s.b.c.c.StandardConfigDataLocationResolver TRACE - Skipping missing resource file:./application.xml
17:17:00.699 [main] o.s.b.c.c.StandardConfigDataLocationResolver TRACE - Skipping missing resource file:./application.properties
17:17:00.699 [main] o.s.b.c.c.StandardConfigDataLocationResolver TRACE - Skipping missing resource file:./config/application.yaml
17:17:00.700 [main] o.s.b.c.c.StandardConfigDataLocationResolver TRACE - Skipping missing resource file:./config/application.yml
17:17:00.700 [main] o.s.b.c.c.StandardConfigDataLocationResolver TRACE - Skipping missing resource file:./config/application.xml
17:17:00.700 [main] o.s.b.c.c.StandardConfigDataLocationResolver TRACE - Skipping missing resource file:./config/application.properties
17:17:00.700 [main] o.s.b.c.c.StandardConfigDataLocationResolver TRACE - Skipping missing resource file:./application-default.yaml
17:17:00.700 [main] o.s.b.c.c.StandardConfigDataLocationResolver TRACE - Skipping missing resource file:./application-default.yml
17:17:00.701 [main] o.s.b.c.c.StandardConfigDataLocationResolver TRACE - Skipping missing resource file:./application-default.xml
17:17:00.702 [main] o.s.b.c.c.StandardConfigDataLocationResolver TRACE - Skipping missing resource file:./application-default.properties
17:17:00.703 [main] o.s.b.c.c.StandardConfigDataLocationResolver TRACE - Skipping missing resource file:./config/application-default.yaml
17:17:00.703 [main] o.s.b.c.c.StandardConfigDataLocationResolver TRACE - Skipping missing resource file:./config/application-default.yml
17:17:00.703 [main] o.s.b.c.c.StandardConfigDataLocationResolver TRACE - Skipping missing resource file:./config/application-default.xml
17:17:00.703 [main] o.s.b.c.c.StandardConfigDataLocationResolver TRACE - Skipping missing resource file:./config/application-default.properties
17:17:00.703 [main] o.s.b.c.c.ConfigDataImporter TRACE - Considering resource file [.] from location optional:file:./;optional:file:./config/;optional:file:./config/*/
17:17:00.703 [main] o.s.b.c.c.ConfigDataImporter TRACE - Already loaded resource file [.] ignoring location optional:file:./;optional:file:./config/;optional:file:./config/*/
17:17:00.703 [main] o.s.b.c.c.ConfigDataImporter TRACE - Considering resource file [.] from location optional:file:./;optional:file:./config/;optional:file:./config/*/
17:17:00.703 [main] o.s.b.c.c.ConfigDataImporter TRACE - Already loaded resource file [.] ignoring location optional:file:./;optional:file:./config/;optional:file:./config/*/
17:17:00.705 [main] o.s.b.c.c.ConfigDataEnvironmentContributors TRACE - Nothing imported
17:17:00.705 [main] o.s.b.c.c.ConfigDataEnvironmentContributors TRACE - Processing imports [optional:classpath:/;optional:classpath:/config/]
17:17:00.705 [main] o.s.b.c.c.StandardConfigDataLocationResolver TRACE - Skipping missing resource classpath:/application.yaml
17:17:00.705 [main] o.s.b.c.c.StandardConfigDataLocationResolver TRACE - Skipping missing resource classpath:/application.xml
17:17:00.705 [main] o.s.b.c.c.StandardConfigDataLocationResolver TRACE - Skipping missing resource classpath:/application.properties
17:17:00.705 [main] o.s.b.c.c.StandardConfigDataLocationResolver TRACE - Skipping missing resource classpath:/config/application.yaml
17:17:00.705 [main] o.s.b.c.c.StandardConfigDataLocationResolver TRACE - Skipping missing resource classpath:/config/application.yml
17:17:00.705 [main] o.s.b.c.c.StandardConfigDataLocationResolver TRACE - Skipping missing resource classpath:/config/application.xml
17:17:00.705 [main] o.s.b.c.c.StandardConfigDataLocationResolver TRACE - Skipping missing resource classpath:/config/application.properties
17:17:00.705 [main] o.s.b.c.c.StandardConfigDataLocationResolver TRACE - Skipping missing resource classpath:/application-default.yaml
17:17:00.705 [main] o.s.b.c.c.StandardConfigDataLocationResolver TRACE - Skipping missing resource classpath:/application-default.yml
17:17:00.705 [main] o.s.b.c.c.StandardConfigDataLocationResolver TRACE - Skipping missing resource classpath:/application-default.xml
17:17:00.705 [main] o.s.b.c.c.StandardConfigDataLocationResolver TRACE - Skipping missing resource classpath:/application-default.properties
17:17:00.705 [main] o.s.b.c.c.StandardConfigDataLocationResolver TRACE - Skipping missing resource classpath:/config/application-default.yaml
17:17:00.706 [main] o.s.b.c.c.StandardConfigDataLocationResolver TRACE - Skipping missing resource classpath:/config/application-default.yml
17:17:00.706 [main] o.s.b.c.c.StandardConfigDataLocationResolver TRACE - Skipping missing resource classpath:/config/application-default.xml
17:17:00.706 [main] o.s.b.c.c.StandardConfigDataLocationResolver TRACE - Skipping missing resource classpath:/config/application-default.properties
17:17:00.706 [main] o.s.b.c.c.ConfigDataImporter TRACE - Considering resource class path resource [application.yml] from location optional:classpath:/;optional:classpath:/config/
17:17:00.706 [main] o.s.b.c.c.ConfigDataImporter TRACE - Already loaded resource class path resource [application.yml] ignoring location optional:classpath:/;optional:classpath:/config/
17:17:00.706 [main] o.s.b.c.c.ConfigDataEnvironmentContributors TRACE - Nothing imported
17:17:00.706 [main] o.s.b.c.c.ConfigDataEnvironmentContributors TRACE - Processed imports for of 2 contributors
17:17:00.706 [main] o.s.b.c.c.ConfigDataEnvironment TRACE - Applying config data environment contributions
17:17:00.706 [main] o.s.b.c.c.ConfigDataEnvironment TRACE - Adding imported property source 'Config resource 'class path resource [application.yml]' via location 'optional:classpath:/''
17:17:00.706 [main] o.s.b.c.c.ConfigDataEnvironment TRACE - Setting default profiles: [default]
17:17:00.706 [main] o.s.b.c.c.ConfigDataEnvironment TRACE - Setting active profiles: []
17:17:00.724 [main] o.s.w.c.s.GenericWebApplicationContext TRACE - Refreshing org.springframework.web.context.support.GenericWebApplicationContext@6090f3ca, started on Wed Jul 24 17:17:00 ICT 2024
17:17:00.738 [main] o.s.b.f.s.DefaultListableBeanFactory TRACE - Registering scope 'request' with implementation [org.springframework.web.context.request.RequestScope@67403656]
17:17:00.739 [main] o.s.b.f.s.DefaultListableBeanFactory TRACE - Registering scope 'session' with implementation [org.springframework.web.context.request.SessionScope@746cd757]
17:17:00.739 [main] o.s.b.f.s.DefaultListableBeanFactory TRACE - Registering scope 'application' with implementation [org.springframework.web.context.support.ServletContextScope@749ab7b4]
17:17:00.761 [main] o.s.b.f.s.DefaultListableBeanFactory DEBUG - Creating shared instance of singleton bean 'org.springframework.context.annotation.internalConfigurationAnnotationProcessor'
17:17:00.764 [main] o.s.b.f.s.DefaultListableBeanFactory TRACE - Creating instance of bean 'org.springframework.context.annotation.internalConfigurationAnnotationProcessor'
17:17:00.810 [main] o.s.b.f.s.DefaultListableBeanFactory DEBUG - Creating shared instance of singleton bean 'org.springframework.boot.autoconfigure.internalCachingMetadataReaderFactory'
17:17:00.810 [main] o.s.b.f.s.DefaultListableBeanFactory TRACE - Creating instance of bean 'org.springframework.boot.autoconfigure.internalCachingMetadataReaderFactory'
17:17:00.815 [main] o.s.b.f.s.DefaultListableBeanFactory TRACE - Finished creating instance of bean 'org.springframework.boot.autoconfigure.internalCachingMetadataReaderFactory'
17:17:00.818 [main] o.s.c.i.s.SpringFactoriesLoader TRACE - Loaded [org.springframework.beans.BeanInfoFactory] names: []
17:17:00.820 [main] o.s.b.CachedIntrospectionResults TRACE - Getting BeanInfo for class [org.springframework.context.annotation.ConfigurationClassPostProcessor]
17:17:00.828 [main] o.s.b.CachedIntrospectionResults TRACE - Caching PropertyDescriptors for class [org.springframework.context.annotation.ConfigurationClassPostProcessor]
17:17:00.830 [main] o.s.b.CachedIntrospectionResults TRACE - Found bean property 'applicationStartup' of type [org.springframework.core.metrics.ApplicationStartup]
17:17:00.830 [main] o.s.b.CachedIntrospectionResults TRACE - Found bean property 'beanClassLoader' of type [java.lang.ClassLoader]
17:17:00.830 [main] o.s.b.CachedIntrospectionResults TRACE - Found bean property 'beanExcludedFromAotProcessing' of type [boolean]
17:17:00.831 [main] o.s.b.CachedIntrospectionResults TRACE - Found bean property 'beanNameGenerator' of type [org.springframework.beans.factory.support.BeanNameGenerator]
17:17:00.831 [main] o.s.b.CachedIntrospectionResults TRACE - Found bean property 'class' of type [java.lang.Class]
17:17:00.832 [main] o.s.b.CachedIntrospectionResults TRACE - Found bean property 'environment' of type [org.springframework.core.env.Environment]
17:17:00.832 [main] o.s.b.CachedIntrospectionResults TRACE - Found bean property 'metadataReaderFactory' of type [org.springframework.core.type.classreading.MetadataReaderFactory]
17:17:00.832 [main] o.s.b.CachedIntrospectionResults TRACE - Found bean property 'order' of type [int]
17:17:00.832 [main] o.s.b.CachedIntrospectionResults TRACE - Found bean property 'problemReporter' of type [org.springframework.beans.factory.parsing.ProblemReporter]
17:17:00.832 [main] o.s.b.CachedIntrospectionResults TRACE - Found bean property 'resourceLoader' of type [org.springframework.core.io.ResourceLoader]
17:17:00.832 [main] o.s.b.CachedIntrospectionResults TRACE - Found bean property 'sourceExtractor' of type [org.springframework.beans.factory.parsing.SourceExtractor]
17:17:00.839 [main] o.s.b.f.s.DefaultListableBeanFactory TRACE - Finished creating instance of bean 'org.springframework.context.annotation.internalConfigurationAnnotationProcessor'
17:17:00.859 [main] o.s.c.a.ClassPathBeanDefinitionScanner TRACE - JSR-250 'jakarta.annotation.ManagedBean' found and supported for component scanning
17:17:00.864 [main] o.s.c.i.s.PathMatchingResourcePatternResolver TRACE - Resolved module-path location pattern [com/assignment/InternshipProject/**/*.class] to resources []
17:17:00.864 [main] o.s.c.i.s.PathMatchingResourcePatternResolver TRACE - Resolved module-path location pattern [com/assignment/InternshipProject/] to resources []
17:17:00.865 [main] o.s.c.i.s.PathMatchingResourcePatternResolver TRACE - Resolved class path location [com/assignment/InternshipProject/] to resources [file [C:\Users\ADMIN\Desktop\Assignment1Sing\InternshipProject\target\test-classes\com\assignment\InternshipProject], file [C:\Users\ADMIN\Desktop\Assignment1Sing\InternshipProject\target\classes\com\assignment\InternshipProject]]
17:17:00.867 [main] o.s.c.i.s.PathMatchingResourcePatternResolver TRACE - Searching directory [C:\Users\ADMIN\Desktop\Assignment1Sing\InternshipProject\target\test-classes\com\assignment\InternshipProject] for files matching pattern [**/*.class]
17:17:00.868 [main] o.s.c.i.s.PathMatchingResourcePatternResolver TRACE - Searching directory [C:\Users\ADMIN\Desktop\Assignment1Sing\InternshipProject\target\classes\com\assignment\InternshipProject] for files matching pattern [**/*.class]
17:17:00.871 [main] o.s.c.i.s.PathMatchingResourcePatternResolver TRACE - Resolved location pattern [classpath*:com/assignment/InternshipProject/**/*.class] to resources [file [C:\Users\ADMIN\Desktop\Assignment1Sing\InternshipProject\target\test-classes\com\assignment\InternshipProject\InternshipProjectApplicationTests.class], file [C:\Users\ADMIN\Desktop\Assignment1Sing\InternshipProject\target\classes\com\assignment\InternshipProject\configuration\FilterConfig.class], file [C:\Users\ADMIN\Desktop\Assignment1Sing\InternshipProject\target\classes\com\assignment\InternshipProject\controller\UserController.class], file [C:\Users\ADMIN\Desktop\Assignment1Sing\InternshipProject\target\classes\com\assignment\InternshipProject\filter\LoggingFilter.class], file [C:\Users\ADMIN\Desktop\Assignment1Sing\InternshipProject\target\classes\com\assignment\InternshipProject\InternshipProjectApplication.class], file [C:\Users\ADMIN\Desktop\Assignment1Sing\InternshipProject\target\classes\com\assignment\InternshipProject\model\HttpResponse.class], file [C:\Users\ADMIN\Desktop\Assignment1Sing\InternshipProject\target\classes\com\assignment\InternshipProject\model\LoginRequest.class], file [C:\Users\ADMIN\Desktop\Assignment1Sing\InternshipProject\target\classes\com\assignment\InternshipProject\model\LoginSession.class], file [C:\Users\ADMIN\Desktop\Assignment1Sing\InternshipProject\target\classes\com\assignment\InternshipProject\model\LogoutRequest.class], file [C:\Users\ADMIN\Desktop\Assignment1Sing\InternshipProject\target\classes\com\assignment\InternshipProject\model\ResponseCode.class], file [C:\Users\ADMIN\Desktop\Assignment1Sing\InternshipProject\target\classes\com\assignment\InternshipProject\model\User.class], file [C:\Users\ADMIN\Desktop\Assignment1Sing\InternshipProject\target\classes\com\assignment\InternshipProject\model\UserDto.class], file [C:\Users\ADMIN\Desktop\Assignment1Sing\InternshipProject\target\classes\com\assignment\InternshipProject\model\ValidationException.class], file [C:\Users\ADMIN\Desktop\Assignment1Sing\InternshipProject\target\classes\com\assignment\InternshipProject\repository\LoginSessionRepository.class], file [C:\Users\ADMIN\Desktop\Assignment1Sing\InternshipProject\target\classes\com\assignment\InternshipProject\repository\UserRepository.class], file [C:\Users\ADMIN\Desktop\Assignment1Sing\InternshipProject\target\classes\com\assignment\InternshipProject\service\UserService.class]]
17:17:00.871 [main] o.s.c.a.ClassPathBeanDefinitionScanner TRACE - Scanning file [C:\Users\ADMIN\Desktop\Assignment1Sing\InternshipProject\target\test-classes\com\assignment\InternshipProject\InternshipProjectApplicationTests.class]
17:17:00.873 [main] o.s.b.f.s.DefaultListableBeanFactory TRACE - Returning cached instance of singleton bean 'org.springframework.boot.test.context.filter.TestTypeExcludeFilter'
17:17:00.873 [main] o.s.c.a.ClassPathBeanDefinitionScanner TRACE - Ignored because not matching any filter: file [C:\Users\ADMIN\Desktop\Assignment1Sing\InternshipProject\target\test-classes\com\assignment\InternshipProject\InternshipProjectApplicationTests.class]
17:17:00.873 [main] o.s.c.a.ClassPathBeanDefinitionScanner TRACE - Scanning file [C:\Users\ADMIN\Desktop\Assignment1Sing\InternshipProject\target\classes\com\assignment\InternshipProject\configuration\FilterConfig.class]
17:17:00.877 [main] o.s.c.a.ClassPathBeanDefinitionScanner DEBUG - Identified candidate component class: file [C:\Users\ADMIN\Desktop\Assignment1Sing\InternshipProject\target\classes\com\assignment\InternshipProject\configuration\FilterConfig.class]
17:17:00.878 [main] o.s.c.a.ClassPathBeanDefinitionScanner TRACE - Scanning file [C:\Users\ADMIN\Desktop\Assignment1Sing\InternshipProject\target\classes\com\assignment\InternshipProject\controller\UserController.class]
17:17:00.904 [main] o.s.c.a.ClassPathBeanDefinitionScanner DEBUG - Identified candidate component class: file [C:\Users\ADMIN\Desktop\Assignment1Sing\InternshipProject\target\classes\com\assignment\InternshipProject\controller\UserController.class]
17:17:00.904 [main] o.s.c.a.ClassPathBeanDefinitionScanner TRACE - Scanning file [C:\Users\ADMIN\Desktop\Assignment1Sing\InternshipProject\target\classes\com\assignment\InternshipProject\filter\LoggingFilter.class]
17:17:00.905 [main] o.s.c.a.ClassPathBeanDefinitionScanner TRACE - Ignored because not matching any filter: file [C:\Users\ADMIN\Desktop\Assignment1Sing\InternshipProject\target\classes\com\assignment\InternshipProject\filter\LoggingFilter.class]
17:17:00.905 [main] o.s.c.a.ClassPathBeanDefinitionScanner TRACE - Scanning file [C:\Users\ADMIN\Desktop\Assignment1Sing\InternshipProject\target\classes\com\assignment\InternshipProject\InternshipProjectApplication.class]
17:17:00.907 [main] o.s.c.a.ClassPathBeanDefinitionScanner TRACE - Ignored because not matching any filter: file [C:\Users\ADMIN\Desktop\Assignment1Sing\InternshipProject\target\classes\com\assignment\InternshipProject\InternshipProjectApplication.class]
17:17:00.907 [main] o.s.c.a.ClassPathBeanDefinitionScanner TRACE - Scanning file [C:\Users\ADMIN\Desktop\Assignment1Sing\InternshipProject\target\classes\com\assignment\InternshipProject\model\HttpResponse.class]
17:17:00.910 [main] o.s.c.a.ClassPathBeanDefinitionScanner TRACE - Ignored because not matching any filter: file [C:\Users\ADMIN\Desktop\Assignment1Sing\InternshipProject\target\classes\com\assignment\InternshipProject\model\HttpResponse.class]
17:17:00.910 [main] o.s.c.a.ClassPathBeanDefinitionScanner TRACE - Scanning file [C:\Users\ADMIN\Desktop\Assignment1Sing\InternshipProject\target\classes\com\assignment\InternshipProject\model\LoginRequest.class]
17:17:00.915 [main] o.s.c.a.ClassPathBeanDefinitionScanner TRACE - Ignored because not matching any filter: file [C:\Users\ADMIN\Desktop\Assignment1Sing\InternshipProject\target\classes\com\assignment\InternshipProject\model\LoginRequest.class]
17:17:00.915 [main] o.s.c.a.ClassPathBeanDefinitionScanner TRACE - Scanning file [C:\Users\ADMIN\Desktop\Assignment1Sing\InternshipProject\target\classes\com\assignment\InternshipProject\model\LoginSession.class]
17:17:00.918 [main] o.s.c.a.ClassPathBeanDefinitionScanner DEBUG - Identified candidate component class: file [C:\Users\ADMIN\Desktop\Assignment1Sing\InternshipProject\target\classes\com\assignment\InternshipProject\model\LoginSession.class]
17:17:00.918 [main] o.s.c.a.ClassPathBeanDefinitionScanner TRACE - Scanning file [C:\Users\ADMIN\Desktop\Assignment1Sing\InternshipProject\target\classes\com\assignment\InternshipProject\model\LogoutRequest.class]
17:17:00.925 [main] o.s.c.a.ClassPathBeanDefinitionScanner TRACE - Ignored because not matching any filter: file [C:\Users\ADMIN\Desktop\Assignment1Sing\InternshipProject\target\classes\com\assignment\InternshipProject\model\LogoutRequest.class]
17:17:00.925 [main] o.s.c.a.ClassPathBeanDefinitionScanner TRACE - Scanning file [C:\Users\ADMIN\Desktop\Assignment1Sing\InternshipProject\target\classes\com\assignment\InternshipProject\model\ResponseCode.class]
17:17:00.927 [main] o.s.c.a.ClassPathBeanDefinitionScanner TRACE - Ignored because not matching any filter: file [C:\Users\ADMIN\Desktop\Assignment1Sing\InternshipProject\target\classes\com\assignment\InternshipProject\model\ResponseCode.class]
17:17:00.927 [main] o.s.c.a.ClassPathBeanDefinitionScanner TRACE - Scanning file [C:\Users\ADMIN\Desktop\Assignment1Sing\InternshipProject\target\classes\com\assignment\InternshipProject\model\User.class]
17:17:00.933 [main] o.s.c.a.ClassPathBeanDefinitionScanner DEBUG - Identified candidate component class: file [C:\Users\ADMIN\Desktop\Assignment1Sing\InternshipProject\target\classes\com\assignment\InternshipProject\model\User.class]
17:17:00.933 [main] o.s.c.a.ClassPathBeanDefinitionScanner TRACE - Scanning file [C:\Users\ADMIN\Desktop\Assignment1Sing\InternshipProject\target\classes\com\assignment\InternshipProject\model\UserDto.class]
17:17:00.935 [main] o.s.c.a.ClassPathBeanDefinitionScanner TRACE - Ignored because not matching any filter: file [C:\Users\ADMIN\Desktop\Assignment1Sing\InternshipProject\target\classes\com\assignment\InternshipProject\model\UserDto.class]
17:17:00.935 [main] o.s.c.a.ClassPathBeanDefinitionScanner TRACE - Scanning file [C:\Users\ADMIN\Desktop\Assignment1Sing\InternshipProject\target\classes\com\assignment\InternshipProject\model\ValidationException.class]
17:17:00.936 [main] o.s.c.a.ClassPathBeanDefinitionScanner TRACE - Ignored because not matching any filter: file [C:\Users\ADMIN\Desktop\Assignment1Sing\InternshipProject\target\classes\com\assignment\InternshipProject\model\ValidationException.class]
17:17:00.936 [main] o.s.c.a.ClassPathBeanDefinitionScanner TRACE - Scanning file [C:\Users\ADMIN\Desktop\Assignment1Sing\InternshipProject\target\classes\com\assignment\InternshipProject\repository\LoginSessionRepository.class]
17:17:00.939 [main] o.s.c.a.ClassPathBeanDefinitionScanner DEBUG - Identified candidate component class: file [C:\Users\ADMIN\Desktop\Assignment1Sing\InternshipProject\target\classes\com\assignment\InternshipProject\repository\LoginSessionRepository.class]
17:17:00.939 [main] o.s.c.a.ClassPathBeanDefinitionScanner TRACE - Scanning file [C:\Users\ADMIN\Desktop\Assignment1Sing\InternshipProject\target\classes\com\assignment\InternshipProject\repository\UserRepository.class]
17:17:00.941 [main] o.s.c.a.ClassPathBeanDefinitionScanner DEBUG - Identified candidate component class: file [C:\Users\ADMIN\Desktop\Assignment1Sing\InternshipProject\target\classes\com\assignment\InternshipProject\repository\UserRepository.class]
17:17:00.941 [main] o.s.c.a.ClassPathBeanDefinitionScanner TRACE - Scanning file [C:\Users\ADMIN\Desktop\Assignment1Sing\InternshipProject\target\classes\com\assignment\InternshipProject\service\UserService.class]
17:17:00.943 [main] o.s.c.a.ClassPathBeanDefinitionScanner DEBUG - Identified candidate component class: file [C:\Users\ADMIN\Desktop\Assignment1Sing\InternshipProject\target\classes\com\assignment\InternshipProject\service\UserService.class]
17:17:01.006 [main] o.s.c.i.s.SpringFactoriesLoader TRACE - Loaded [org.springframework.boot.autoconfigure.AutoConfigurationImportFilter] names: [org.springframework.boot.autoconfigure.condition.OnBeanCondition, org.springframework.boot.autoconfigure.condition.OnClassCondition, org.springframework.boot.autoconfigure.condition.OnWebApplicationCondition]
17:17:01.034 [main] o.s.b.f.s.DefaultListableBeanFactory TRACE - Returning cached instance of singleton bean 'autoConfigurationReport'
17:17:01.123 [main] o.s.b.a.c.OnClassCondition TRACE - Condition OnClassCondition on org.springframework.boot.autoconfigure.amqp.RabbitAutoConfiguration did not match due to @ConditionalOnClass did not find required class 'com.rabbitmq.client.Channel'
17:17:01.125 [main] o.s.b.a.c.OnClassCondition TRACE - Condition OnClassCondition on org.springframework.boot.autoconfigure.batch.BatchAutoConfiguration did not match due to @ConditionalOnClass did not find required class 'org.springframework.batch.core.launch.JobLauncher'
17:17:01.125 [main] o.s.b.a.c.OnClassCondition TRACE - Condition OnClassCondition on org.springframework.boot.autoconfigure.cassandra.CassandraAutoConfiguration did not match due to @ConditionalOnClass did not find required class 'com.datastax.oss.driver.api.core.CqlSession'
17:17:01.125 [main] o.s.b.a.c.OnClassCondition TRACE - Condition OnClassCondition on org.springframework.boot.autoconfigure.couchbase.CouchbaseAutoConfiguration did not match due to @ConditionalOnClass did not find required class 'com.couchbase.client.java.Cluster'
17:17:01.125 [main] o.s.b.a.c.OnClassCondition TRACE - Condition OnClassCondition on org.springframework.boot.autoconfigure.data.cassandra.CassandraDataAutoConfiguration did not match due to @ConditionalOnClass did not find required class 'com.datastax.oss.driver.api.core.CqlSession'
17:17:01.125 [main] o.s.b.a.c.OnClassCondition TRACE - Condition OnClassCondition on org.springframework.boot.autoconfigure.data.cassandra.CassandraReactiveDataAutoConfiguration did not match due to @ConditionalOnClass did not find required class 'com.datastax.oss.driver.api.core.CqlSession'
17:17:01.125 [main] o.s.b.a.c.OnClassCondition TRACE - Condition OnClassCondition on org.springframework.boot.autoconfigure.data.cassandra.CassandraReactiveRepositoriesAutoConfiguration did not match due to @ConditionalOnClass did not find required class 'org.springframework.data.cassandra.ReactiveSession'
17:17:01.125 [main] o.s.b.a.c.OnClassCondition TRACE - Condition OnClassCondition on org.springframework.boot.autoconfigure.data.cassandra.CassandraRepositoriesAutoConfiguration did not match due to @ConditionalOnClass did not find required class 'com.datastax.oss.driver.api.core.CqlSession'
17:17:01.125 [main] o.s.b.a.c.OnClassCondition TRACE - Condition OnClassCondition on org.springframework.boot.autoconfigure.data.couchbase.CouchbaseDataAutoConfiguration did not match due to @ConditionalOnClass did not find required class 'com.couchbase.client.java.Bucket'
17:17:01.125 [main] o.s.b.a.c.OnClassCondition TRACE - Condition OnClassCondition on org.springframework.boot.autoconfigure.data.couchbase.CouchbaseReactiveDataAutoConfiguration did not match due to @ConditionalOnClass did not find required class 'com.couchbase.client.java.Cluster'
17:17:01.125 [main] o.s.b.a.c.OnClassCondition TRACE - Condition OnClassCondition on org.springframework.boot.autoconfigure.data.couchbase.CouchbaseReactiveRepositoriesAutoConfiguration did not match due to @ConditionalOnClass did not find required class 'com.couchbase.client.java.Cluster'
17:17:01.125 [main] o.s.b.a.c.OnClassCondition TRACE - Condition OnClassCondition on org.springframework.boot.autoconfigure.data.couchbase.CouchbaseRepositoriesAutoConfiguration did not match due to @ConditionalOnClass did not find required class 'com.couchbase.client.java.Bucket'
17:17:01.125 [main] o.s.b.a.c.OnClassCondition TRACE - Condition OnClassCondition on org.springframework.boot.autoconfigure.data.elasticsearch.ElasticsearchDataAutoConfiguration did not match due to @ConditionalOnClass did not find required class 'org.springframework.data.elasticsearch.client.elc.ElasticsearchTemplate'
17:17:01.125 [main] o.s.b.a.c.OnClassCondition TRACE - Condition OnClassCondition on org.springframework.boot.autoconfigure.data.elasticsearch.ElasticsearchRepositoriesAutoConfiguration did not match due to @ConditionalOnClass did not find required class 'org.springframework.data.elasticsearch.repository.ElasticsearchRepository'
17:17:01.125 [main] o.s.b.a.c.OnClassCondition TRACE - Condition OnClassCondition on org.springframework.boot.autoconfigure.data.elasticsearch.ReactiveElasticsearchRepositoriesAutoConfiguration did not match due to @ConditionalOnClass did not find required class 'org.springframework.data.elasticsearch.client.elc.ReactiveElasticsearchClient'
17:17:01.125 [main] o.s.b.a.c.OnClassCondition TRACE - Condition OnClassCondition on org.springframework.boot.autoconfigure.data.jdbc.JdbcRepositoriesAutoConfiguration did not match due to @ConditionalOnClass did not find required class 'org.springframework.data.jdbc.repository.config.AbstractJdbcConfiguration'
17:17:01.125 [main] o.s.b.a.c.OnClassCondition TRACE - Condition OnClassCondition on org.springframework.boot.autoconfigure.data.jpa.JpaRepositoriesAutoConfiguration did not match due to @ConditionalOnClass did not find required class 'org.springframework.data.jpa.repository.JpaRepository'
17:17:01.126 [main] o.s.b.a.c.OnClassCondition TRACE - Condition OnClassCondition on org.springframework.boot.autoconfigure.data.ldap.LdapRepositoriesAutoConfiguration did not match due to @ConditionalOnClass did not find required class 'org.springframework.data.ldap.repository.LdapRepository'
17:17:01.126 [main] o.s.b.a.c.OnClassCondition TRACE - Condition OnClassCondition on org.springframework.boot.autoconfigure.data.mongo.MongoDataAutoConfiguration did not match due to @ConditionalOnClass did not find required class 'com.mongodb.client.MongoClient'
17:17:01.126 [main] o.s.b.a.c.OnClassCondition TRACE - Condition OnClassCondition on org.springframework.boot.autoconfigure.data.mongo.MongoReactiveDataAutoConfiguration did not match due to @ConditionalOnClass did not find required class 'com.mongodb.reactivestreams.client.MongoClient'
17:17:01.126 [main] o.s.b.a.c.OnClassCondition TRACE - Condition OnClassCondition on org.springframework.boot.autoconfigure.data.mongo.MongoReactiveRepositoriesAutoConfiguration did not match due to @ConditionalOnClass did not find required class 'com.mongodb.reactivestreams.client.MongoClient'
17:17:01.126 [main] o.s.b.a.c.OnClassCondition TRACE - Condition OnClassCondition on org.springframework.boot.autoconfigure.data.mongo.MongoRepositoriesAutoConfiguration did not match due to @ConditionalOnClass did not find required class 'com.mongodb.client.MongoClient'
17:17:01.126 [main] o.s.b.a.c.OnClassCondition TRACE - Condition OnClassCondition on org.springframework.boot.autoconfigure.data.neo4j.Neo4jDataAutoConfiguration did not match due to @ConditionalOnClass did not find required class 'org.neo4j.driver.Driver'
17:17:01.126 [main] o.s.b.a.c.OnClassCondition TRACE - Condition OnClassCondition on org.springframework.boot.autoconfigure.data.neo4j.Neo4jReactiveDataAutoConfiguration did not match due to @ConditionalOnClass did not find required class 'org.neo4j.driver.Driver'
17:17:01.127 [main] o.s.b.a.c.OnClassCondition TRACE - Condition OnClassCondition on org.springframework.boot.autoconfigure.data.neo4j.Neo4jReactiveRepositoriesAutoConfiguration did not match due to @ConditionalOnClass did not find required class 'org.neo4j.driver.Driver'
17:17:01.127 [main] o.s.b.a.c.OnClassCondition TRACE - Condition OnClassCondition on org.springframework.boot.autoconfigure.data.neo4j.Neo4jRepositoriesAutoConfiguration did not match due to @ConditionalOnClass did not find required class 'org.neo4j.driver.Driver'
17:17:01.127 [main] o.s.b.a.c.OnClassCondition TRACE - Condition OnClassCondition on org.springframework.boot.autoconfigure.data.r2dbc.R2dbcDataAutoConfiguration did not match due to @ConditionalOnClass did not find required class 'org.springframework.data.r2dbc.core.R2dbcEntityTemplate'
17:17:01.127 [main] o.s.b.a.c.OnClassCondition TRACE - Condition OnClassCondition on org.springframework.boot.autoconfigure.data.r2dbc.R2dbcRepositoriesAutoConfiguration did not match due to @ConditionalOnClass did not find required class 'io.r2dbc.spi.ConnectionFactory'
17:17:01.127 [main] o.s.b.a.c.OnClassCondition TRACE - Condition OnClassCondition on org.springframework.boot.autoconfigure.data.redis.RedisAutoConfiguration did not match due to @ConditionalOnClass did not find required class 'org.springframework.data.redis.core.RedisOperations'
17:17:01.127 [main] o.s.b.a.c.OnClassCondition TRACE - Condition OnClassCondition on org.springframework.boot.autoconfigure.data.redis.RedisReactiveAutoConfiguration did not match due to @ConditionalOnClass did not find required class 'reactor.core.publisher.Flux'
17:17:01.127 [main] o.s.b.a.c.OnClassCondition TRACE - Condition OnClassCondition on org.springframework.boot.autoconfigure.data.redis.RedisRepositoriesAutoConfiguration did not match due to @ConditionalOnClass did not find required class 'org.springframework.data.redis.repository.configuration.EnableRedisRepositories'
17:17:01.127 [main] o.s.b.a.c.OnClassCondition TRACE - Condition OnClassCondition on org.springframework.boot.autoconfigure.data.rest.RepositoryRestMvcAutoConfiguration did not match due to @ConditionalOnClass did not find required class 'org.springframework.data.rest.webmvc.config.RepositoryRestMvcConfiguration'
17:17:01.127 [main] o.s.b.a.c.OnClassCondition TRACE - Condition OnClassCondition on org.springframework.boot.autoconfigure.data.web.SpringDataWebAutoConfiguration did not match due to @ConditionalOnClass did not find required class 'org.springframework.data.web.PageableHandlerMethodArgumentResolver'
17:17:01.127 [main] o.s.b.a.c.OnClassCondition TRACE - Condition OnClassCondition on org.springframework.boot.autoconfigure.elasticsearch.ElasticsearchClientAutoConfiguration did not match due to @ConditionalOnClass did not find required class 'co.elastic.clients.elasticsearch.ElasticsearchClient'
17:17:01.127 [main] o.s.b.a.c.OnClassCondition TRACE - Condition OnClassCondition on org.springframework.boot.autoconfigure.elasticsearch.ElasticsearchRestClientAutoConfiguration did not match due to @ConditionalOnClass did not find required class 'org.elasticsearch.client.RestClientBuilder'
17:17:01.127 [main] o.s.b.a.c.OnClassCondition TRACE - Condition OnClassCondition on org.springframework.boot.autoconfigure.elasticsearch.ReactiveElasticsearchClientAutoConfiguration did not match due to @ConditionalOnClass did not find required class 'co.elastic.clients.transport.ElasticsearchTransport'
17:17:01.127 [main] o.s.b.a.c.OnClassCondition TRACE - Condition OnClassCondition on org.springframework.boot.autoconfigure.flyway.FlywayAutoConfiguration did not match due to @ConditionalOnClass did not find required class 'org.flywaydb.core.Flyway'
17:17:01.127 [main] o.s.b.a.c.OnClassCondition TRACE - Condition OnClassCondition on org.springframework.boot.autoconfigure.freemarker.FreeMarkerAutoConfiguration did not match due to @ConditionalOnClass did not find required class 'freemarker.template.Configuration'
17:17:01.127 [main] o.s.b.a.c.OnClassCondition TRACE - Condition OnClassCondition on org.springframework.boot.autoconfigure.graphql.GraphQlAutoConfiguration did not match due to @ConditionalOnClass did not find required class 'graphql.GraphQL'
17:17:01.127 [main] o.s.b.a.c.OnClassCondition TRACE - Condition OnClassCondition on org.springframework.boot.autoconfigure.graphql.data.GraphQlReactiveQueryByExampleAutoConfiguration did not match due to @ConditionalOnClass did not find required class 'graphql.GraphQL'
17:17:01.127 [main] o.s.b.a.c.OnClassCondition TRACE - Condition OnClassCondition on org.springframework.boot.autoconfigure.graphql.data.GraphQlReactiveQuerydslAutoConfiguration did not match due to @ConditionalOnClass did not find required class 'com.querydsl.core.Query'
17:17:01.127 [main] o.s.b.a.c.OnClassCondition TRACE - Condition OnClassCondition on org.springframework.boot.autoconfigure.graphql.data.GraphQlQueryByExampleAutoConfiguration did not match due to @ConditionalOnClass did not find required class 'graphql.GraphQL'
17:17:01.127 [main] o.s.b.a.c.OnClassCondition TRACE - Condition OnClassCondition on org.springframework.boot.autoconfigure.graphql.data.GraphQlQuerydslAutoConfiguration did not match due to @ConditionalOnClass did not find required class 'com.querydsl.core.Query'
17:17:01.127 [main] o.s.b.a.c.OnClassCondition TRACE - Condition OnClassCondition on org.springframework.boot.autoconfigure.graphql.reactive.GraphQlWebFluxAutoConfiguration did not match due to @ConditionalOnClass did not find required class 'graphql.GraphQL'
17:17:01.127 [main] o.s.b.a.c.OnClassCondition TRACE - Condition OnClassCondition on org.springframework.boot.autoconfigure.graphql.rsocket.GraphQlRSocketAutoConfiguration did not match due to @ConditionalOnClass did not find required class 'graphql.GraphQL'
17:17:01.127 [main] o.s.b.a.c.OnClassCondition TRACE - Condition OnClassCondition on org.springframework.boot.autoconfigure.graphql.rsocket.RSocketGraphQlClientAutoConfiguration did not match due to @ConditionalOnClass did not find required class 'graphql.GraphQL'
17:17:01.127 [main] o.s.b.a.c.OnClassCondition TRACE - Condition OnClassCondition on org.springframework.boot.autoconfigure.graphql.security.GraphQlWebFluxSecurityAutoConfiguration did not match due to @ConditionalOnClass did not find required class 'graphql.GraphQL'
17:17:01.127 [main] o.s.b.a.c.OnClassCondition TRACE - Condition OnClassCondition on org.springframework.boot.autoconfigure.graphql.security.GraphQlWebMvcSecurityAutoConfiguration did not match due to @ConditionalOnClass did not find required class 'graphql.GraphQL'
17:17:01.127 [main] o.s.b.a.c.OnClassCondition TRACE - Condition OnClassCondition on org.springframework.boot.autoconfigure.graphql.servlet.GraphQlWebMvcAutoConfiguration did not match due to @ConditionalOnClass did not find required class 'graphql.GraphQL'
17:17:01.127 [main] o.s.b.a.c.OnClassCondition TRACE - Condition OnClassCondition on org.springframework.boot.autoconfigure.groovy.template.GroovyTemplateAutoConfiguration did not match due to @ConditionalOnClass did not find required class 'groovy.text.markup.MarkupTemplateEngine'
17:17:01.127 [main] o.s.b.a.c.OnClassCondition TRACE - Condition OnClassCondition on org.springframework.boot.autoconfigure.gson.GsonAutoConfiguration did not match due to @ConditionalOnClass did not find required class 'com.google.gson.Gson'
17:17:01.127 [main] o.s.b.a.c.OnClassCondition TRACE - Condition OnClassCondition on org.springframework.boot.autoconfigure.h2.H2ConsoleAutoConfiguration did not match due to @ConditionalOnClass did not find required class 'org.h2.server.web.JakartaWebServlet'
17:17:01.127 [main] o.s.b.a.c.OnClassCondition TRACE - Condition OnClassCondition on org.springframework.boot.autoconfigure.hateoas.HypermediaAutoConfiguration did not match due to @ConditionalOnClass did not find required class 'org.springframework.hateoas.EntityModel'
17:17:01.127 [main] o.s.b.a.c.OnClassCondition TRACE - Condition OnClassCondition on org.springframework.boot.autoconfigure.hazelcast.HazelcastAutoConfiguration did not match due to @ConditionalOnClass did not find required class 'com.hazelcast.core.HazelcastInstance'
17:17:01.127 [main] o.s.b.a.c.OnClassCondition TRACE - Condition OnClassCondition on org.springframework.boot.autoconfigure.hazelcast.HazelcastJpaDependencyAutoConfiguration did not match due to @ConditionalOnClass did not find required class 'com.hazelcast.core.HazelcastInstance'
17:17:01.127 [main] o.s.b.a.c.OnClassCondition TRACE - Condition OnClassCondition on org.springframework.boot.autoconfigure.http.codec.CodecsAutoConfiguration did not match due to @ConditionalOnClass did not find required class 'org.springframework.web.reactive.function.client.WebClient'
17:17:01.127 [main] o.s.b.a.c.OnClassCondition TRACE - Condition OnClassCondition on org.springframework.boot.autoconfigure.influx.InfluxDbAutoConfiguration did not match due to @ConditionalOnClass did not find required class 'org.influxdb.InfluxDB'
17:17:01.129 [main] o.s.b.a.c.OnClassCondition TRACE - Condition OnClassCondition on org.springframework.boot.autoconfigure.integration.IntegrationAutoConfiguration did not match due to @ConditionalOnClass did not find required class 'org.springframework.integration.config.EnableIntegration'
17:17:01.129 [main] o.s.b.a.c.OnClassCondition TRACE - Condition OnClassCondition on org.springframework.boot.autoconfigure.jdbc.XADataSourceAutoConfiguration did not match due to @ConditionalOnClass did not find required class 'jakarta.transaction.TransactionManager'
17:17:01.129 [main] o.s.b.a.c.OnClassCondition TRACE - Condition OnClassCondition on org.springframework.boot.autoconfigure.jersey.JerseyAutoConfiguration did not match due to @ConditionalOnClass did not find required class 'org.glassfish.jersey.server.spring.SpringComponentProvider'
17:17:01.129 [main] o.s.b.a.c.OnClassCondition TRACE - Condition OnClassCondition on org.springframework.boot.autoconfigure.jms.JmsAutoConfiguration did not match due to @ConditionalOnClass did not find required class 'jakarta.jms.Message'
17:17:01.129 [main] o.s.b.a.c.OnClassCondition TRACE - Condition OnClassCondition on org.springframework.boot.autoconfigure.jms.JndiConnectionFactoryAutoConfiguration did not match due to @ConditionalOnClass did not find required class 'org.springframework.jms.core.JmsTemplate'
17:17:01.129 [main] o.s.b.a.c.OnClassCondition TRACE - Condition OnClassCondition on org.springframework.boot.autoconfigure.jms.activemq.ActiveMQAutoConfiguration did not match due to @ConditionalOnClass did not find required class 'jakarta.jms.ConnectionFactory'
17:17:01.129 [main] o.s.b.a.c.OnClassCondition TRACE - Condition OnClassCondition on org.springframework.boot.autoconfigure.jms.artemis.ArtemisAutoConfiguration did not match due to @ConditionalOnClass did not find required class 'jakarta.jms.ConnectionFactory'
17:17:01.129 [main] o.s.b.a.c.OnClassCondition TRACE - Condition OnClassCondition on org.springframework.boot.autoconfigure.jooq.JooqAutoConfiguration did not match due to @ConditionalOnClass did not find required class 'org.jooq.DSLContext'
17:17:01.129 [main] o.s.b.a.c.OnClassCondition TRACE - Condition OnClassCondition on org.springframework.boot.autoconfigure.jsonb.JsonbAutoConfiguration did not match due to @ConditionalOnClass did not find required class 'jakarta.json.bind.Jsonb'
17:17:01.129 [main] o.s.b.a.c.OnClassCondition TRACE - Condition OnClassCondition on org.springframework.boot.autoconfigure.kafka.KafkaAutoConfiguration did not match due to @ConditionalOnClass did not find required class 'org.springframework.kafka.core.KafkaTemplate'
17:17:01.129 [main] o.s.b.a.c.OnClassCondition TRACE - Condition OnClassCondition on org.springframework.boot.autoconfigure.ldap.embedded.EmbeddedLdapAutoConfiguration did not match due to @ConditionalOnClass did not find required class 'com.unboundid.ldap.listener.InMemoryDirectoryServer'
17:17:01.129 [main] o.s.b.a.c.OnClassCondition TRACE - Condition OnClassCondition on org.springframework.boot.autoconfigure.ldap.LdapAutoConfiguration did not match due to @ConditionalOnClass did not find required class 'org.springframework.ldap.core.ContextSource'
17:17:01.129 [main] o.s.b.a.c.OnClassCondition TRACE - Condition OnClassCondition on org.springframework.boot.autoconfigure.liquibase.LiquibaseAutoConfiguration did not match due to @ConditionalOnClass did not find required class 'liquibase.change.DatabaseChange'
17:17:01.129 [main] o.s.b.a.c.OnClassCondition TRACE - Condition OnClassCondition on org.springframework.boot.autoconfigure.mail.MailSenderAutoConfiguration did not match due to @ConditionalOnClass did not find required class 'jakarta.mail.internet.MimeMessage'
17:17:01.129 [main] o.s.b.a.c.OnClassCondition TRACE - Condition OnClassCondition on org.springframework.boot.autoconfigure.mongo.MongoAutoConfiguration did not match due to @ConditionalOnClass did not find required class 'com.mongodb.client.MongoClient'
17:17:01.129 [main] o.s.b.a.c.OnClassCondition TRACE - Condition OnClassCondition on org.springframework.boot.autoconfigure.mongo.MongoReactiveAutoConfiguration did not match due to @ConditionalOnClass did not find required class 'com.mongodb.reactivestreams.client.MongoClient'
17:17:01.129 [main] o.s.b.a.c.OnClassCondition TRACE - Condition OnClassCondition on org.springframework.boot.autoconfigure.mustache.MustacheAutoConfiguration did not match due to @ConditionalOnClass did not find required class 'com.samskivert.mustache.Mustache'
17:17:01.129 [main] o.s.b.a.c.OnClassCondition TRACE - Condition OnClassCondition on org.springframework.boot.autoconfigure.neo4j.Neo4jAutoConfiguration did not match due to @ConditionalOnClass did not find required class 'org.neo4j.driver.Driver'
17:17:01.129 [main] o.s.b.a.c.OnClassCondition TRACE - Condition OnClassCondition on org.springframework.boot.autoconfigure.netty.NettyAutoConfiguration did not match due to @ConditionalOnClass did not find required class 'io.netty.util.NettyRuntime'
17:17:01.129 [main] o.s.b.a.c.OnClassCondition TRACE - Condition OnClassCondition on org.springframework.boot.autoconfigure.orm.jpa.HibernateJpaAutoConfiguration did not match due to @ConditionalOnClass did not find required class 'jakarta.persistence.EntityManager'
17:17:01.129 [main] o.s.b.a.c.OnClassCondition TRACE - Condition OnClassCondition on org.springframework.boot.autoconfigure.pulsar.PulsarAutoConfiguration did not match due to @ConditionalOnClass did not find required class 'org.apache.pulsar.client.api.PulsarClient'
17:17:01.129 [main] o.s.b.a.c.OnClassCondition TRACE - Condition OnClassCondition on org.springframework.boot.autoconfigure.pulsar.PulsarReactiveAutoConfiguration did not match due to @ConditionalOnClass did not find required class 'org.apache.pulsar.client.api.PulsarClient'
17:17:01.130 [main] o.s.b.a.c.OnClassCondition TRACE - Condition OnClassCondition on org.springframework.boot.autoconfigure.quartz.QuartzAutoConfiguration did not match due to @ConditionalOnClass did not find required class 'org.quartz.Scheduler'
17:17:01.130 [main] o.s.b.a.c.OnClassCondition TRACE - Condition OnClassCondition on org.springframework.boot.autoconfigure.r2dbc.R2dbcAutoConfiguration did not match due to @ConditionalOnClass did not find required class 'io.r2dbc.spi.ConnectionFactory'
17:17:01.130 [main] o.s.b.a.c.OnClassCondition TRACE - Condition OnClassCondition on org.springframework.boot.autoconfigure.r2dbc.R2dbcTransactionManagerAutoConfiguration did not match due to @ConditionalOnClass did not find required class 'org.springframework.r2dbc.connection.R2dbcTransactionManager'
17:17:01.130 [main] o.s.b.a.c.OnClassCondition TRACE - Condition OnClassCondition on org.springframework.boot.autoconfigure.reactor.ReactorAutoConfiguration did not match due to @ConditionalOnClass did not find required class 'reactor.core.publisher.Hooks'
17:17:01.130 [main] o.s.b.a.c.OnClassCondition TRACE - Condition OnClassCondition on org.springframework.boot.autoconfigure.rsocket.RSocketMessagingAutoConfiguration did not match due to @ConditionalOnClass did not find required class 'io.rsocket.RSocket'
17:17:01.130 [main] o.s.b.a.c.OnClassCondition TRACE - Condition OnClassCondition on org.springframework.boot.autoconfigure.rsocket.RSocketRequesterAutoConfiguration did not match due to @ConditionalOnClass did not find required class 'io.rsocket.RSocket'
17:17:01.130 [main] o.s.b.a.c.OnClassCondition TRACE - Condition OnClassCondition on org.springframework.boot.autoconfigure.rsocket.RSocketServerAutoConfiguration did not match due to @ConditionalOnClass did not find required class 'io.rsocket.core.RSocketServer'
17:17:01.130 [main] o.s.b.a.c.OnClassCondition TRACE - Condition OnClassCondition on org.springframework.boot.autoconfigure.rsocket.RSocketStrategiesAutoConfiguration did not match due to @ConditionalOnClass did not find required class 'io.netty.buffer.PooledByteBufAllocator'
17:17:01.130 [main] o.s.b.a.c.OnClassCondition TRACE - Condition OnClassCondition on org.springframework.boot.autoconfigure.security.reactive.ReactiveSecurityAutoConfiguration did not match due to @ConditionalOnClass did not find required class 'reactor.core.publisher.Flux'
17:17:01.130 [main] o.s.b.a.c.OnClassCondition TRACE - Condition OnClassCondition on org.springframework.boot.autoconfigure.security.rsocket.RSocketSecurityAutoConfiguration did not match due to @ConditionalOnClass did not find required class 'org.springframework.security.rsocket.core.SecuritySocketAcceptorInterceptor'
17:17:01.130 [main] o.s.b.a.c.OnClassCondition TRACE - Condition OnClassCondition on org.springframework.boot.autoconfigure.security.saml2.Saml2RelyingPartyAutoConfiguration did not match due to @ConditionalOnClass did not find required class 'org.springframework.security.saml2.provider.service.registration.RelyingPartyRegistrationRepository'
17:17:01.130 [main] o.s.b.a.c.OnClassCondition TRACE - Condition OnClassCondition on org.springframework.boot.autoconfigure.sendgrid.SendGridAutoConfiguration did not match due to @ConditionalOnClass did not find required class 'com.sendgrid.SendGrid'
17:17:01.130 [main] o.s.b.a.c.OnClassCondition TRACE - Condition OnClassCondition on org.springframework.boot.autoconfigure.session.SessionAutoConfiguration did not match due to @ConditionalOnClass did not find required class 'org.springframework.session.Session'
17:17:01.130 [main] o.s.b.a.c.OnClassCondition TRACE - Condition OnClassCondition on org.springframework.boot.autoconfigure.security.oauth2.client.servlet.OAuth2ClientAutoConfiguration did not match due to @ConditionalOnClass did not find required class 'org.springframework.security.oauth2.client.registration.ClientRegistration'
17:17:01.131 [main] o.s.b.a.c.OnClassCondition TRACE - Condition OnClassCondition on org.springframework.boot.autoconfigure.security.oauth2.client.reactive.ReactiveOAuth2ClientAutoConfiguration did not match due to @ConditionalOnClass did not find required class 'reactor.core.publisher.Flux'
17:17:01.131 [main] o.s.b.a.c.OnClassCondition TRACE - Condition OnClassCondition on org.springframework.boot.autoconfigure.security.oauth2.resource.servlet.OAuth2ResourceServerAutoConfiguration did not match due to @ConditionalOnClass did not find required class 'org.springframework.security.oauth2.server.resource.authentication.BearerTokenAuthenticationToken'
17:17:01.131 [main] o.s.b.a.c.OnClassCondition TRACE - Condition OnClassCondition on org.springframework.boot.autoconfigure.security.oauth2.server.servlet.OAuth2AuthorizationServerAutoConfiguration did not match due to @ConditionalOnClass did not find required class 'org.springframework.security.oauth2.server.authorization.OAuth2Authorization'
17:17:01.131 [main] o.s.b.a.c.OnClassCondition TRACE - Condition OnClassCondition on org.springframework.boot.autoconfigure.security.oauth2.server.servlet.OAuth2AuthorizationServerJwtAutoConfiguration did not match due to @ConditionalOnClass did not find required class 'org.springframework.security.oauth2.server.authorization.OAuth2Authorization'
17:17:01.131 [main] o.s.b.a.c.OnClassCondition TRACE - Condition OnClassCondition on org.springframework.boot.autoconfigure.thymeleaf.ThymeleafAutoConfiguration did not match due to @ConditionalOnClass did not find required class 'org.thymeleaf.spring6.SpringTemplateEngine'
17:17:01.131 [main] o.s.b.a.c.OnClassCondition TRACE - Condition OnClassCondition on org.springframework.boot.autoconfigure.transaction.jta.JtaAutoConfiguration did not match due to @ConditionalOnClass did not find required class 'jakarta.transaction.Transaction'
17:17:01.131 [main] o.s.b.a.c.OnClassCondition TRACE - Condition OnClassCondition on org.springframework.boot.autoconfigure.validation.ValidationAutoConfiguration did not match due to @ConditionalOnClass did not find required class 'jakarta.validation.executable.ExecutableValidator'
17:17:01.131 [main] o.s.b.a.c.OnClassCondition TRACE - Condition OnClassCondition on org.springframework.boot.autoconfigure.web.reactive.HttpHandlerAutoConfiguration did not match due to @ConditionalOnClass did not find required class 'org.springframework.web.reactive.DispatcherHandler'
17:17:01.131 [main] o.s.b.a.c.OnClassCondition TRACE - Condition OnClassCondition on org.springframework.boot.autoconfigure.web.reactive.ReactiveMultipartAutoConfiguration did not match due to @ConditionalOnClass did not find required class 'org.springframework.web.reactive.config.WebFluxConfigurer'
17:17:01.131 [main] o.s.b.a.c.OnClassCondition TRACE - Condition OnClassCondition on org.springframework.boot.autoconfigure.web.reactive.WebFluxAutoConfiguration did not match due to @ConditionalOnClass did not find required class 'org.springframework.web.reactive.config.WebFluxConfigurer'
17:17:01.131 [main] o.s.b.a.c.OnClassCondition TRACE - Condition OnClassCondition on org.springframework.boot.autoconfigure.web.reactive.WebSessionIdResolverAutoConfiguration did not match due to @ConditionalOnClass did not find required class 'reactor.core.publisher.Mono'
17:17:01.131 [main] o.s.b.a.c.OnClassCondition TRACE - Condition OnClassCondition on org.springframework.boot.autoconfigure.web.reactive.error.ErrorWebFluxAutoConfiguration did not match due to @ConditionalOnClass did not find required class 'org.springframework.web.reactive.config.WebFluxConfigurer'
17:17:01.131 [main] o.s.b.a.c.OnClassCondition TRACE - Condition OnClassCondition on org.springframework.boot.autoconfigure.web.reactive.function.client.ClientHttpConnectorAutoConfiguration did not match due to @ConditionalOnClass did not find required class 'org.springframework.web.reactive.function.client.WebClient'
17:17:01.131 [main] o.s.b.a.c.OnClassCondition TRACE - Condition OnClassCondition on org.springframework.boot.autoconfigure.web.reactive.function.client.WebClientAutoConfiguration did not match due to @ConditionalOnClass did not find required class 'org.springframework.web.reactive.function.client.WebClient'
17:17:01.131 [main] o.s.b.a.c.OnClassCondition TRACE - Condition OnClassCondition on org.springframework.boot.autoconfigure.websocket.servlet.WebSocketMessagingAutoConfiguration did not match due to @ConditionalOnClass did not find required class 'org.springframework.web.socket.config.annotation.WebSocketMessageBrokerConfigurer'
17:17:01.131 [main] o.s.b.a.c.OnClassCondition TRACE - Condition OnClassCondition on org.springframework.boot.autoconfigure.webservices.WebServicesAutoConfiguration did not match due to @ConditionalOnClass did not find required class 'org.springframework.ws.transport.http.MessageDispatcherServlet'
17:17:01.131 [main] o.s.b.a.c.OnClassCondition TRACE - Condition OnClassCondition on org.springframework.boot.autoconfigure.webservices.client.WebServiceTemplateAutoConfiguration did not match due to @ConditionalOnClass did not find required class 'org.springframework.oxm.Marshaller'
17:17:01.131 [main] o.s.b.f.s.DefaultListableBeanFactory TRACE - Returning cached instance of singleton bean 'autoConfigurationReport'
17:17:01.133 [main] o.s.b.a.c.OnWebApplicationCondition TRACE - Condition OnWebApplicationCondition on org.springframework.boot.autoconfigure.security.oauth2.resource.reactive.ReactiveOAuth2ResourceServerAutoConfiguration did not match due to @ConditionalOnWebApplication did not find reactive web application classes
17:17:01.134 [main] o.s.b.a.c.OnWebApplicationCondition TRACE - Condition OnWebApplicationCondition on org.springframework.boot.autoconfigure.web.reactive.ReactiveWebServerFactoryAutoConfiguration did not match due to @ConditionalOnWebApplication did not find reactive web application classes
17:17:01.134 [main] o.s.b.a.c.OnWebApplicationCondition TRACE - Condition OnWebApplicationCondition on org.springframework.boot.autoconfigure.websocket.reactive.WebSocketReactiveAutoConfiguration did not match due to @ConditionalOnWebApplication did not find reactive web application classes
17:17:01.134 [main] o.s.b.f.s.DefaultListableBeanFactory TRACE - Returning cached instance of singleton bean 'autoConfigurationReport'
17:17:01.140 [main] o.s.b.a.c.OnBeanCondition TRACE - Condition OnBeanCondition on org.springframework.boot.autoconfigure.mail.MailSenderValidatorAutoConfiguration did not match due to @ConditionalOnSingleCandidate did not find required type 'org.springframework.mail.javamail.JavaMailSenderImpl'
17:17:01.145 [main] o.s.b.a.AutoConfigurationImportSelector TRACE - Filtered 114 auto configuration class in 106 ms
17:17:01.146 [main] o.s.c.i.s.SpringFactoriesLoader TRACE - Loaded [org.springframework.boot.autoconfigure.AutoConfigurationImportListener] names: [org.springframework.boot.autoconfigure.condition.ConditionEvaluationReportAutoConfigurationImportListener]
17:17:01.147 [main] o.s.b.f.s.DefaultListableBeanFactory TRACE - Returning cached instance of singleton bean 'autoConfigurationReport'
17:17:01.158 [main] o.s.b.f.s.DefaultListableBeanFactory TRACE - Returning cached instance of singleton bean 'org.springframework.boot.autoconfigure.internalCachingMetadataReaderFactory'
17:17:01.170 [main] o.s.b.f.s.DefaultListableBeanFactory TRACE - Returning cached instance of singleton bean 'autoConfigurationReport'
17:17:01.170 [main] o.s.b.f.s.DefaultListableBeanFactory TRACE - Returning cached instance of singleton bean 'autoConfigurationReport'
17:17:01.170 [main] o.s.b.f.s.DefaultListableBeanFactory TRACE - Returning cached instance of singleton bean 'autoConfigurationReport'
17:17:01.170 [main] o.s.b.f.s.DefaultListableBeanFactory TRACE - Returning cached instance of singleton bean 'autoConfigurationReport'
17:17:01.170 [main] o.s.b.f.s.DefaultListableBeanFactory TRACE - Returning cached instance of singleton bean 'autoConfigurationReport'
17:17:01.170 [main] o.s.b.f.s.DefaultListableBeanFactory TRACE - Returning cached instance of singleton bean 'autoConfigurationReport'
17:17:01.191 [main] o.s.c.i.s.PathMatchingResourcePatternResolver TRACE - Resolved module-path location pattern [messages.properties] to resources []
17:17:01.192 [main] o.s.c.i.s.PathMatchingResourcePatternResolver TRACE - Resolved class path location [messages.properties] to resources []
17:17:01.192 [main] o.s.b.a.c.MessageSourceAutoConfiguration$ResourceBundleCondition TRACE - Condition MessageSourceAutoConfiguration.ResourceBundleCondition on org.springframework.boot.autoconfigure.context.MessageSourceAutoConfiguration did not match due to ResourceBundle did not find bundle with basename messages
17:17:01.192 [main] o.s.b.f.s.DefaultListableBeanFactory TRACE - Returning cached instance of singleton bean 'autoConfigurationReport'
17:17:01.192 [main] o.s.b.f.s.DefaultListableBeanFactory TRACE - Returning cached instance of singleton bean 'autoConfigurationReport'
17:17:01.192 [main] o.s.b.f.s.DefaultListableBeanFactory TRACE - Returning cached instance of singleton bean 'autoConfigurationReport'
17:17:01.192 [main] o.s.b.f.s.DefaultListableBeanFactory TRACE - Returning cached instance of singleton bean 'autoConfigurationReport'
17:17:01.192 [main] o.s.b.f.s.DefaultListableBeanFactory TRACE - Returning cached instance of singleton bean 'autoConfigurationReport'
17:17:01.192 [main] o.s.b.f.s.DefaultListableBeanFactory TRACE - Returning cached instance of singleton bean 'autoConfigurationReport'
17:17:01.192 [main] o.s.b.f.s.DefaultListableBeanFactory TRACE - Returning cached instance of singleton bean 'autoConfigurationReport'
17:17:01.193 [main] o.s.b.f.s.DefaultListableBeanFactory TRACE - Returning cached instance of singleton bean 'autoConfigurationReport'
17:17:01.194 [main] o.s.b.f.s.DefaultListableBeanFactory TRACE - Returning cached instance of singleton bean 'autoConfigurationReport'
17:17:01.194 [main] o.s.b.f.s.DefaultListableBeanFactory TRACE - Returning cached instance of singleton bean 'autoConfigurationReport'
17:17:01.197 [main] o.s.b.f.s.DefaultListableBeanFactory TRACE - Returning cached instance of singleton bean 'autoConfigurationReport'
17:17:01.197 [main] o.s.b.f.s.DefaultListableBeanFactory TRACE - Returning cached instance of singleton bean 'autoConfigurationReport'
17:17:01.197 [main] o.s.b.f.s.DefaultListableBeanFactory TRACE - Returning cached instance of singleton bean 'autoConfigurationReport'
17:17:01.197 [main] o.s.b.f.s.DefaultListableBeanFactory TRACE - Returning cached instance of singleton bean 'autoConfigurationReport'
17:17:01.197 [main] o.s.b.f.s.DefaultListableBeanFactory TRACE - Returning cached instance of singleton bean 'autoConfigurationReport'
17:17:01.197 [main] o.s.b.f.s.DefaultListableBeanFactory TRACE - Returning cached instance of singleton bean 'autoConfigurationReport'
17:17:01.199 [main] o.s.b.f.s.DefaultListableBeanFactory TRACE - Returning cached instance of singleton bean 'autoConfigurationReport'
17:17:01.199 [main] o.s.b.f.s.DefaultListableBeanFactory TRACE - Returning cached instance of singleton bean 'autoConfigurationReport'
17:17:01.199 [main] o.s.b.f.s.DefaultListableBeanFactory TRACE - Returning cached instance of singleton bean 'autoConfigurationReport'
17:17:01.204 [main] o.s.b.f.s.DefaultListableBeanFactory TRACE - Returning cached instance of singleton bean 'autoConfigurationReport'
17:17:01.204 [main] o.s.b.f.s.DefaultListableBeanFactory TRACE - Returning cached instance of singleton bean 'autoConfigurationReport'
17:17:01.204 [main] o.s.b.f.s.DefaultListableBeanFactory TRACE - Returning cached instance of singleton bean 'autoConfigurationReport'
17:17:01.204 [main] o.s.b.f.s.DefaultListableBeanFactory TRACE - Returning cached instance of singleton bean 'autoConfigurationReport'
17:17:01.204 [main] o.s.b.f.s.DefaultListableBeanFactory TRACE - Returning cached instance of singleton bean 'autoConfigurationReport'
17:17:01.204 [main] o.s.b.f.s.DefaultListableBeanFactory TRACE - Returning cached instance of singleton bean 'autoConfigurationReport'
17:17:01.208 [main] o.s.b.a.c.OnClassCondition TRACE - Condition OnClassCondition on org.springframework.boot.autoconfigure.websocket.servlet.WebSocketServletAutoConfiguration matched due to @ConditionalOnClass found required classes 'jakarta.servlet.Servlet', 'jakarta.websocket.server.ServerContainer'
17:17:01.208 [main] o.s.b.f.s.DefaultListableBeanFactory TRACE - Returning cached instance of singleton bean 'autoConfigurationReport'
17:17:01.209 [main] o.s.b.a.c.OnWebApplicationCondition TRACE - Condition OnWebApplicationCondition on org.springframework.boot.autoconfigure.websocket.servlet.WebSocketServletAutoConfiguration matched due to found 'session' scope
17:17:01.209 [main] o.s.b.f.s.DefaultListableBeanFactory TRACE - Returning cached instance of singleton bean 'autoConfigurationReport'
17:17:01.209 [main] o.s.b.f.s.DefaultListableBeanFactory TRACE - Returning cached instance of singleton bean 'autoConfigurationReport'
17:17:01.209 [main] o.s.b.f.s.DefaultListableBeanFactory TRACE - Returning cached instance of singleton bean 'autoConfigurationReport'
17:17:01.209 [main] o.s.b.f.s.DefaultListableBeanFactory TRACE - Returning cached instance of singleton bean 'autoConfigurationReport'
17:17:01.215 [main] o.s.b.a.c.OnClassCondition TRACE - Condition OnClassCondition on org.springframework.boot.autoconfigure.websocket.servlet.WebSocketServletAutoConfiguration$UndertowWebSocketConfiguration did not match due to @ConditionalOnClass did not find required class 'io.undertow.websockets.jsr.Bootstrap'
17:17:01.215 [main] o.s.b.f.s.DefaultListableBeanFactory TRACE - Returning cached instance of singleton bean 'autoConfigurationReport'
17:17:01.216 [main] o.s.b.a.c.OnClassCondition TRACE - Condition OnClassCondition on org.springframework.boot.autoconfigure.websocket.servlet.WebSocketServletAutoConfiguration$JettyWebSocketConfiguration did not match due to @ConditionalOnClass did not find required class 'org.eclipse.jetty.ee10.websocket.jakarta.server.config.JakartaWebSocketServletContainerInitializer'
17:17:01.216 [main] o.s.b.f.s.DefaultListableBeanFactory TRACE - Returning cached instance of singleton bean 'autoConfigurationReport'
17:17:01.221 [main] o.s.b.a.c.OnClassCondition TRACE - Condition OnClassCondition on org.springframework.boot.autoconfigure.websocket.servlet.WebSocketServletAutoConfiguration$TomcatWebSocketConfiguration matched due to @ConditionalOnClass found required classes 'org.apache.catalina.startup.Tomcat', 'org.apache.tomcat.websocket.server.WsSci'
17:17:01.221 [main] o.s.b.f.s.DefaultListableBeanFactory TRACE - Returning cached instance of singleton bean 'autoConfigurationReport'
17:17:01.221 [main] o.s.b.f.s.DefaultListableBeanFactory TRACE - Returning cached instance of singleton bean 'autoConfigurationReport'
17:17:01.221 [main] o.s.b.f.s.DefaultListableBeanFactory TRACE - Returning cached instance of singleton bean 'autoConfigurationReport'
17:17:01.221 [main] o.s.b.f.s.DefaultListableBeanFactory TRACE - Returning cached instance of singleton bean 'autoConfigurationReport'
17:17:01.224 [main] o.s.b.f.s.DefaultListableBeanFactory TRACE - Returning cached instance of singleton bean 'autoConfigurationReport'
17:17:01.224 [main] o.s.b.f.s.DefaultListableBeanFactory TRACE - Returning cached instance of singleton bean 'autoConfigurationReport'
17:17:01.224 [main] o.s.b.f.s.DefaultListableBeanFactory TRACE - Returning cached instance of singleton bean 'autoConfigurationReport'
17:17:01.225 [main] o.s.b.f.s.DefaultListableBeanFactory TRACE - Returning cached instance of singleton bean 'autoConfigurationReport'
17:17:01.225 [main] o.s.b.f.s.DefaultListableBeanFactory TRACE - Returning cached instance of singleton bean 'autoConfigurationReport'
17:17:01.225 [main] o.s.b.f.s.DefaultListableBeanFactory TRACE - Returning cached instance of singleton bean 'autoConfigurationReport'
17:17:01.228 [main] o.s.b.a.c.OnClassCondition TRACE - Condition OnClassCondition on org.springframework.boot.autoconfigure.web.servlet.ServletWebServerFactoryAutoConfiguration matched due to @ConditionalOnClass found required class 'jakarta.servlet.ServletRequest'
17:17:01.228 [main] o.s.b.f.s.DefaultListableBeanFactory TRACE - Returning cached instance of singleton bean 'autoConfigurationReport'
17:17:01.228 [main] o.s.b.a.c.OnWebApplicationCondition TRACE - Condition OnWebApplicationCondition on org.springframework.boot.autoconfigure.web.servlet.ServletWebServerFactoryAutoConfiguration matched due to found 'session' scope
17:17:01.228 [main] o.s.b.f.s.DefaultListableBeanFactory TRACE - Returning cached instance of singleton bean 'autoConfigurationReport'
17:17:01.228 [main] o.s.b.f.s.DefaultListableBeanFactory TRACE - Returning cached instance of singleton bean 'autoConfigurationReport'
17:17:01.228 [main] o.s.b.f.s.DefaultListableBeanFactory TRACE - Returning cached instance of singleton bean 'autoConfigurationReport'
17:17:01.228 [main] o.s.b.f.s.DefaultListableBeanFactory TRACE - Returning cached instance of singleton bean 'autoConfigurationReport'
17:17:01.243 [main] o.s.b.a.c.OnPropertyCondition TRACE - Condition OnPropertyCondition on org.springframework.boot.autoconfigure.web.servlet.ServletWebServerFactoryAutoConfiguration$ForwardedHeaderFilterConfiguration did not match due to @ConditionalOnProperty (server.forward-headers-strategy=framework) did not find property 'server.forward-headers-strategy'
17:17:01.243 [main] o.s.b.f.s.DefaultListableBeanFactory TRACE - Returning cached instance of singleton bean 'autoConfigurationReport'
17:17:01.265 [main] o.s.b.a.c.OnClassCondition TRACE - Condition OnClassCondition on org.springframework.boot.autoconfigure.web.servlet.ServletWebServerFactoryConfiguration$EmbeddedTomcat matched due to @ConditionalOnClass found required classes 'jakarta.servlet.Servlet', 'org.apache.catalina.startup.Tomcat', 'org.apache.coyote.UpgradeProtocol'
17:17:01.265 [main] o.s.b.f.s.DefaultListableBeanFactory TRACE - Returning cached instance of singleton bean 'autoConfigurationReport'
17:17:01.265 [main] o.s.b.f.s.DefaultListableBeanFactory TRACE - Returning cached instance of singleton bean 'autoConfigurationReport'
17:17:01.265 [main] o.s.b.f.s.DefaultListableBeanFactory TRACE - Returning cached instance of singleton bean 'autoConfigurationReport'
17:17:01.265 [main] o.s.b.f.s.DefaultListableBeanFactory TRACE - Returning cached instance of singleton bean 'autoConfigurationReport'
17:17:01.268 [main] o.s.b.a.c.OnClassCondition TRACE - Condition OnClassCondition on org.springframework.boot.autoconfigure.web.servlet.ServletWebServerFactoryConfiguration$EmbeddedJetty did not match due to @ConditionalOnClass did not find required classes 'org.eclipse.jetty.server.Server', 'org.eclipse.jetty.util.Loader', 'org.eclipse.jetty.ee10.webapp.WebAppContext'
17:17:01.268 [main] o.s.b.f.s.DefaultListableBeanFactory TRACE - Returning cached instance of singleton bean 'autoConfigurationReport'
17:17:01.269 [main] o.s.b.a.c.OnClassCondition TRACE - Condition OnClassCondition on org.springframework.boot.autoconfigure.web.servlet.ServletWebServerFactoryConfiguration$EmbeddedUndertow did not match due to @ConditionalOnClass did not find required classes 'io.undertow.Undertow', 'org.xnio.SslClientAuthMode'
17:17:01.270 [main] o.s.b.f.s.DefaultListableBeanFactory TRACE - Returning cached instance of singleton bean 'autoConfigurationReport'
17:17:01.270 [main] o.s.b.f.s.DefaultListableBeanFactory TRACE - Returning cached instance of singleton bean 'autoConfigurationReport'
17:17:01.270 [main] o.s.b.f.s.DefaultListableBeanFactory TRACE - Returning cached instance of singleton bean 'autoConfigurationReport'
17:17:01.270 [main] o.s.b.f.s.DefaultListableBeanFactory TRACE - Returning cached instance of singleton bean 'autoConfigurationReport'
17:17:01.270 [main] o.s.b.f.s.DefaultListableBeanFactory TRACE - Returning cached instance of singleton bean 'autoConfigurationReport'
17:17:01.270 [main] o.s.b.f.s.DefaultListableBeanFactory TRACE - Returning cached instance of singleton bean 'autoConfigurationReport'
17:17:01.270 [main] o.s.b.f.s.DefaultListableBeanFactory TRACE - Returning cached instance of singleton bean 'autoConfigurationReport'
17:17:01.273 [main] o.s.b.a.c.OnClassCondition TRACE - Condition OnClassCondition on org.springframework.boot.autoconfigure.web.servlet.DispatcherServletAutoConfiguration matched due to @ConditionalOnClass found required class 'org.springframework.web.servlet.DispatcherServlet'
17:17:01.273 [main] o.s.b.f.s.DefaultListableBeanFactory TRACE - Returning cached instance of singleton bean 'autoConfigurationReport'
17:17:01.273 [main] o.s.b.a.c.OnWebApplicationCondition TRACE - Condition OnWebApplicationCondition on org.springframework.boot.autoconfigure.web.servlet.DispatcherServletAutoConfiguration matched due to found 'session' scope
17:17:01.273 [main] o.s.b.f.s.DefaultListableBeanFactory TRACE - Returning cached instance of singleton bean 'autoConfigurationReport'
17:17:01.273 [main] o.s.b.f.s.DefaultListableBeanFactory TRACE - Returning cached instance of singleton bean 'autoConfigurationReport'
17:17:01.273 [main] o.s.b.f.s.DefaultListableBeanFactory TRACE - Returning cached instance of singleton bean 'autoConfigurationReport'
17:17:01.273 [main] o.s.b.f.s.DefaultListableBeanFactory TRACE - Returning cached instance of singleton bean 'autoConfigurationReport'
17:17:01.282 [main] o.s.b.a.c.OnClassCondition TRACE - Condition OnClassCondition on org.springframework.boot.autoconfigure.web.servlet.DispatcherServletAutoConfiguration$DispatcherServletRegistrationConfiguration matched due to @ConditionalOnClass found required class 'jakarta.servlet.ServletRegistration'
17:17:01.282 [main] o.s.b.f.s.DefaultListableBeanFactory TRACE - Returning cached instance of singleton bean 'autoConfigurationReport'
17:17:01.320 [main] o.s.b.a.w.s.DispatcherServletAutoConfiguration$DispatcherServletRegistrationCondition TRACE - Condition DispatcherServletAutoConfiguration.DispatcherServletRegistrationCondition on org.springframework.boot.autoconfigure.web.servlet.DispatcherServletAutoConfiguration$DispatcherServletRegistrationConfiguration matched due to DispatcherServlet Registration did not find servlet registration bean
17:17:01.321 [main] o.s.b.f.s.DefaultListableBeanFactory TRACE - Returning cached instance of singleton bean 'autoConfigurationReport'
17:17:01.321 [main] o.s.b.f.s.DefaultListableBeanFactory TRACE - Returning cached instance of singleton bean 'autoConfigurationReport'
17:17:01.321 [main] o.s.b.f.s.DefaultListableBeanFactory TRACE - Returning cached instance of singleton bean 'autoConfigurationReport'
17:17:01.321 [main] o.s.b.f.s.DefaultListableBeanFactory TRACE - Returning cached instance of singleton bean 'autoConfigurationReport'
17:17:01.329 [main] o.s.b.a.c.OnClassCondition TRACE - Condition OnClassCondition on org.springframework.boot.autoconfigure.web.servlet.DispatcherServletAutoConfiguration$DispatcherServletConfiguration matched due to @ConditionalOnClass found required class 'jakarta.servlet.ServletRegistration'
17:17:01.329 [main] o.s.b.f.s.DefaultListableBeanFactory TRACE - Returning cached instance of singleton bean 'autoConfigurationReport'
17:17:01.331 [main] o.s.b.a.w.s.DispatcherServletAutoConfiguration$DefaultDispatcherServletCondition TRACE - Condition DispatcherServletAutoConfiguration.DefaultDispatcherServletCondition on org.springframework.boot.autoconfigure.web.servlet.DispatcherServletAutoConfiguration$DispatcherServletConfiguration matched due to Default DispatcherServlet did not find dispatcher servlet beans
17:17:01.331 [main] o.s.b.f.s.DefaultListableBeanFactory TRACE - Returning cached instance of singleton bean 'autoConfigurationReport'
17:17:01.332 [main] o.s.b.f.s.DefaultListableBeanFactory TRACE - Returning cached instance of singleton bean 'autoConfigurationReport'
17:17:01.332 [main] o.s.b.f.s.DefaultListableBeanFactory TRACE - Returning cached instance of singleton bean 'autoConfigurationReport'
17:17:01.332 [main] o.s.b.f.s.DefaultListableBeanFactory TRACE - Returning cached instance of singleton bean 'autoConfigurationReport'
17:17:01.333 [main] o.s.b.a.c.OnClassCondition TRACE - Condition OnClassCondition on org.springframework.boot.autoconfigure.web.servlet.DispatcherServletAutoConfiguration$DispatcherServletConfiguration matched due to @ConditionalOnClass found required class 'jakarta.servlet.ServletRegistration'
17:17:01.333 [main] o.s.b.f.s.DefaultListableBeanFactory TRACE - Returning cached instance of singleton bean 'autoConfigurationReport'
17:17:01.334 [main] o.s.b.a.w.s.DispatcherServletAutoConfiguration$DefaultDispatcherServletCondition TRACE - Condition DispatcherServletAutoConfiguration.DefaultDispatcherServletCondition on org.springframework.boot.autoconfigure.web.servlet.DispatcherServletAutoConfiguration$DispatcherServletConfiguration matched due to Default DispatcherServlet did not find dispatcher servlet beans
17:17:01.334 [main] o.s.b.f.s.DefaultListableBeanFactory TRACE - Returning cached instance of singleton bean 'autoConfigurationReport'
17:17:01.335 [main] o.s.b.f.s.DefaultListableBeanFactory TRACE - Returning cached instance of singleton bean 'autoConfigurationReport'
17:17:01.335 [main] o.s.b.f.s.DefaultListableBeanFactory TRACE - Returning cached instance of singleton bean 'autoConfigurationReport'
17:17:01.335 [main] o.s.b.f.s.DefaultListableBeanFactory TRACE - Returning cached instance of singleton bean 'autoConfigurationReport'
17:17:01.335 [main] o.s.b.f.s.DefaultListableBeanFactory TRACE - Returning cached instance of singleton bean 'autoConfigurationReport'
17:17:01.335 [main] o.s.b.f.s.DefaultListableBeanFactory TRACE - Returning cached instance of singleton bean 'autoConfigurationReport'
17:17:01.335 [main] o.s.b.f.s.DefaultListableBeanFactory TRACE - Returning cached instance of singleton bean 'autoConfigurationReport'
17:17:01.336 [main] o.s.b.a.c.OnClassCondition TRACE - Condition OnClassCondition on org.springframework.boot.autoconfigure.task.TaskExecutionAutoConfiguration matched due to @ConditionalOnClass found required class 'org.springframework.scheduling.concurrent.ThreadPoolTaskExecutor'
17:17:01.336 [main] o.s.b.f.s.DefaultListableBeanFactory TRACE - Returning cached instance of singleton bean 'autoConfigurationReport'
17:17:01.336 [main] o.s.b.f.s.DefaultListableBeanFactory TRACE - Returning cached instance of singleton bean 'autoConfigurationReport'
17:17:01.336 [main] o.s.b.f.s.DefaultListableBeanFactory TRACE - Returning cached instance of singleton bean 'autoConfigurationReport'
17:17:01.336 [main] o.s.b.f.s.DefaultListableBeanFactory TRACE - Returning cached instance of singleton bean 'autoConfigurationReport'
17:17:01.350 [main] o.s.b.f.s.DefaultListableBeanFactory TRACE - Returning cached instance of singleton bean 'autoConfigurationReport'
17:17:01.350 [main] o.s.b.f.s.DefaultListableBeanFactory TRACE - Returning cached instance of singleton bean 'autoConfigurationReport'
17:17:01.350 [main] o.s.b.f.s.DefaultListableBeanFactory TRACE - Returning cached instance of singleton bean 'autoConfigurationReport'
17:17:01.350 [main] o.s.b.f.s.DefaultListableBeanFactory TRACE - Returning cached instance of singleton bean 'autoConfigurationReport'
17:17:01.350 [main] o.s.b.f.s.DefaultListableBeanFactory TRACE - Returning cached instance of singleton bean 'autoConfigurationReport'
17:17:01.350 [main] o.s.b.f.s.DefaultListableBeanFactory TRACE - Returning cached instance of singleton bean 'autoConfigurationReport'
17:17:01.351 [main] o.s.b.f.s.DefaultListableBeanFactory TRACE - Returning cached instance of singleton bean 'autoConfigurationReport'
17:17:01.351 [main] o.s.b.f.s.DefaultListableBeanFactory TRACE - Returning cached instance of singleton bean 'autoConfigurationReport'
17:17:01.351 [main] o.s.b.f.s.DefaultListableBeanFactory TRACE - Returning cached instance of singleton bean 'autoConfigurationReport'
17:17:01.351 [main] o.s.b.f.s.DefaultListableBeanFactory TRACE - Returning cached instance of singleton bean 'autoConfigurationReport'
17:17:01.351 [main] o.s.b.f.s.DefaultListableBeanFactory TRACE - Returning cached instance of singleton bean 'autoConfigurationReport'
17:17:01.351 [main] o.s.b.f.s.DefaultListableBeanFactory TRACE - Returning cached instance of singleton bean 'autoConfigurationReport'
17:17:01.351 [main] o.s.b.f.s.DefaultListableBeanFactory TRACE - Returning cached instance of singleton bean 'autoConfigurationReport'
17:17:01.351 [main] o.s.b.f.s.DefaultListableBeanFactory TRACE - Returning cached instance of singleton bean 'autoConfigurationReport'
17:17:01.351 [main] o.s.b.f.s.DefaultListableBeanFactory TRACE - Returning cached instance of singleton bean 'autoConfigurationReport'
17:17:01.352 [main] o.s.b.f.s.DefaultListableBeanFactory TRACE - Returning cached instance of singleton bean 'autoConfigurationReport'
17:17:01.352 [main] o.s.b.f.s.DefaultListableBeanFactory TRACE - Returning cached instance of singleton bean 'autoConfigurationReport'
17:17:01.352 [main] o.s.b.f.s.DefaultListableBeanFactory TRACE - Returning cached instance of singleton bean 'autoConfigurationReport'
17:17:01.353 [main] o.s.b.a.c.OnClassCondition TRACE - Condition OnClassCondition on org.springframework.boot.autoconfigure.web.servlet.error.ErrorMvcAutoConfiguration matched due to @ConditionalOnClass found required classes 'jakarta.servlet.Servlet', 'org.springframework.web.servlet.DispatcherServlet'
17:17:01.353 [main] o.s.b.f.s.DefaultListableBeanFactory TRACE - Returning cached instance of singleton bean 'autoConfigurationReport'
17:17:01.353 [main] o.s.b.a.c.OnWebApplicationCondition TRACE - Condition OnWebApplicationCondition on org.springframework.boot.autoconfigure.web.servlet.error.ErrorMvcAutoConfiguration matched due to found 'session' scope
17:17:01.353 [main] o.s.b.f.s.DefaultListableBeanFactory TRACE - Returning cached instance of singleton bean 'autoConfigurationReport'
17:17:01.353 [main] o.s.b.f.s.DefaultListableBeanFactory TRACE - Returning cached instance of singleton bean 'autoConfigurationReport'
17:17:01.353 [main] o.s.b.f.s.DefaultListableBeanFactory TRACE - Returning cached instance of singleton bean 'autoConfigurationReport'
17:17:01.353 [main] o.s.b.f.s.DefaultListableBeanFactory TRACE - Returning cached instance of singleton bean 'autoConfigurationReport'
17:17:01.359 [main] o.s.b.a.c.OnPropertyCondition TRACE - Condition OnPropertyCondition on org.springframework.boot.autoconfigure.web.servlet.error.ErrorMvcAutoConfiguration$WhitelabelErrorViewConfiguration matched due to @ConditionalOnProperty (server.error.whitelabel.enabled) matched
17:17:01.359 [main] o.s.b.f.s.DefaultListableBeanFactory TRACE - Returning cached instance of singleton bean 'autoConfigurationReport'
17:17:01.361 [main] o.s.c.i.s.SpringFactoriesLoader TRACE - Loaded [org.springframework.boot.autoconfigure.template.TemplateAvailabilityProvider] names: [org.springframework.boot.autoconfigure.freemarker.FreeMarkerTemplateAvailabilityProvider, org.springframework.boot.autoconfigure.mustache.MustacheTemplateAvailabilityProvider, org.springframework.boot.autoconfigure.groovy.template.GroovyTemplateAvailabilityProvider, org.springframework.boot.autoconfigure.thymeleaf.ThymeleafTemplateAvailabilityProvider, org.springframework.boot.autoconfigure.web.servlet.JspTemplateAvailabilityProvider]
17:17:01.368 [main] o.s.b.a.w.s.e.ErrorMvcAutoConfiguration$ErrorTemplateMissingCondition TRACE - Condition ErrorMvcAutoConfiguration.ErrorTemplateMissingCondition on org.springframework.boot.autoconfigure.web.servlet.error.ErrorMvcAutoConfiguration$WhitelabelErrorViewConfiguration matched due to ErrorTemplate Missing did not find error template view
17:17:01.368 [main] o.s.b.f.s.DefaultListableBeanFactory TRACE - Returning cached instance of singleton bean 'autoConfigurationReport'
17:17:01.368 [main] o.s.b.f.s.DefaultListableBeanFactory TRACE - Returning cached instance of singleton bean 'autoConfigurationReport'
17:17:01.368 [main] o.s.b.f.s.DefaultListableBeanFactory TRACE - Returning cached instance of singleton bean 'autoConfigurationReport'
17:17:01.368 [main] o.s.b.f.s.DefaultListableBeanFactory TRACE - Returning cached instance of singleton bean 'autoConfigurationReport'
17:17:01.369 [main] o.s.b.f.s.DefaultListableBeanFactory TRACE - Returning cached instance of singleton bean 'autoConfigurationReport'
17:17:01.369 [main] o.s.b.f.s.DefaultListableBeanFactory TRACE - Returning cached instance of singleton bean 'autoConfigurationReport'
17:17:01.369 [main] o.s.b.f.s.DefaultListableBeanFactory TRACE - Returning cached instance of singleton bean 'autoConfigurationReport'
17:17:01.370 [main] o.s.b.f.s.DefaultListableBeanFactory TRACE - Returning cached instance of singleton bean 'autoConfigurationReport'
17:17:01.370 [main] o.s.b.f.s.DefaultListableBeanFactory TRACE - Returning cached instance of singleton bean 'autoConfigurationReport'
17:17:01.370 [main] o.s.b.f.s.DefaultListableBeanFactory TRACE - Returning cached instance of singleton bean 'autoConfigurationReport'
17:17:01.370 [main] o.s.b.f.s.DefaultListableBeanFactory TRACE - Returning cached instance of singleton bean 'autoConfigurationReport'
17:17:01.370 [main] o.s.b.f.s.DefaultListableBeanFactory TRACE - Returning cached instance of singleton bean 'autoConfigurationReport'
17:17:01.370 [main] o.s.b.f.s.DefaultListableBeanFactory TRACE - Returning cached instance of singleton bean 'autoConfigurationReport'
17:17:01.379 [main] o.s.b.a.c.OnClassCondition TRACE - Condition OnClassCondition on org.springframework.boot.autoconfigure.web.servlet.WebMvcAutoConfiguration matched due to @ConditionalOnClass found required classes 'jakarta.servlet.Servlet', 'org.springframework.web.servlet.DispatcherServlet', 'org.springframework.web.servlet.config.annotation.WebMvcConfigurer'
17:17:01.379 [main] o.s.b.f.s.DefaultListableBeanFactory TRACE - Returning cached instance of singleton bean 'autoConfigurationReport'
17:17:01.379 [main] o.s.b.a.c.OnWebApplicationCondition TRACE - Condition OnWebApplicationCondition on org.springframework.boot.autoconfigure.web.servlet.WebMvcAutoConfiguration matched due to found 'session' scope
17:17:01.379 [main] o.s.b.f.s.DefaultListableBeanFactory TRACE - Returning cached instance of singleton bean 'autoConfigurationReport'
17:17:01.379 [main] o.s.b.f.s.DefaultListableBeanFactory TRACE - Returning cached instance of singleton bean 'autoConfigurationReport'
17:17:01.379 [main] o.s.b.f.s.DefaultListableBeanFactory TRACE - Returning cached instance of singleton bean 'autoConfigurationReport'
17:17:01.379 [main] o.s.b.f.s.DefaultListableBeanFactory TRACE - Returning cached instance of singleton bean 'autoConfigurationReport'
17:17:01.386 [main] o.s.b.f.s.DefaultListableBeanFactory TRACE - Returning cached instance of singleton bean 'autoConfigurationReport'
17:17:01.386 [main] o.s.b.f.s.DefaultListableBeanFactory TRACE - Returning cached instance of singleton bean 'autoConfigurationReport'
17:17:01.386 [main] o.s.b.f.s.DefaultListableBeanFactory TRACE - Returning cached instance of singleton bean 'autoConfigurationReport'
17:17:01.402 [main] o.s.b.f.s.DefaultListableBeanFactory TRACE - Returning cached instance of singleton bean 'autoConfigurationReport'
17:17:01.403 [main] o.s.b.f.s.DefaultListableBeanFactory TRACE - Returning cached instance of singleton bean 'autoConfigurationReport'
17:17:01.403 [main] o.s.b.f.s.DefaultListableBeanFactory TRACE - Returning cached instance of singleton bean 'autoConfigurationReport'
17:17:01.405 [main] o.s.b.a.c.OnPropertyCondition TRACE - Condition OnPropertyCondition on org.springframework.boot.autoconfigure.web.servlet.WebMvcAutoConfiguration$ProblemDetailsErrorHandlingConfiguration did not match due to @ConditionalOnProperty (spring.mvc.problemdetails.enabled=true) did not find property 'enabled'
17:17:01.405 [main] o.s.b.f.s.DefaultListableBeanFactory TRACE - Returning cached instance of singleton bean 'autoConfigurationReport'
17:17:01.409 [main] o.s.b.a.w.OnEnabledResourceChainCondition TRACE - Condition OnEnabledResourceChainCondition on org.springframework.boot.autoconfigure.web.servlet.WebMvcAutoConfiguration$ResourceChainCustomizerConfiguration did not match due to @ConditionalOnEnabledResourceChain did not find class org.webjars.WebJarAssetLocator
17:17:01.409 [main] o.s.b.f.s.DefaultListableBeanFactory TRACE - Returning cached instance of singleton bean 'autoConfigurationReport'
17:17:01.410 [main] o.s.b.f.s.DefaultListableBeanFactory TRACE - Returning cached instance of singleton bean 'autoConfigurationReport'
17:17:01.410 [main] o.s.b.f.s.DefaultListableBeanFactory TRACE - Returning cached instance of singleton bean 'autoConfigurationReport'
17:17:01.410 [main] o.s.b.f.s.DefaultListableBeanFactory TRACE - Returning cached instance of singleton bean 'autoConfigurationReport'
17:17:01.410 [main] o.s.b.f.s.DefaultListableBeanFactory TRACE - Returning cached instance of singleton bean 'autoConfigurationReport'
17:17:01.411 [main] o.s.b.f.s.DefaultListableBeanFactory TRACE - Returning cached instance of singleton bean 'autoConfigurationReport'
17:17:01.411 [main] o.s.b.f.s.DefaultListableBeanFactory TRACE - Returning cached instance of singleton bean 'autoConfigurationReport'
17:17:01.412 [main] o.s.b.a.c.OnClassCondition TRACE - Condition OnClassCondition on org.springframework.boot.autoconfigure.jmx.JmxAutoConfiguration matched due to @ConditionalOnClass found required class 'org.springframework.jmx.export.MBeanExporter'
17:17:01.412 [main] o.s.b.f.s.DefaultListableBeanFactory TRACE - Returning cached instance of singleton bean 'autoConfigurationReport'
17:17:01.413 [main] o.s.b.a.c.OnPropertyCondition TRACE - Condition OnPropertyCondition on org.springframework.boot.autoconfigure.jmx.JmxAutoConfiguration did not match due to @ConditionalOnProperty (spring.jmx.enabled=true) found different value in property 'enabled'
17:17:01.413 [main] o.s.b.f.s.DefaultListableBeanFactory TRACE - Returning cached instance of singleton bean 'autoConfigurationReport'
17:17:01.413 [main] o.s.b.f.s.DefaultListableBeanFactory TRACE - Returning cached instance of singleton bean 'autoConfigurationReport'
17:17:01.413 [main] o.s.b.f.s.DefaultListableBeanFactory TRACE - Returning cached instance of singleton bean 'autoConfigurationReport'
17:17:01.413 [main] o.s.b.f.s.DefaultListableBeanFactory TRACE - Returning cached instance of singleton bean 'autoConfigurationReport'
17:17:01.413 [main] o.s.b.f.s.DefaultListableBeanFactory TRACE - Returning cached instance of singleton bean 'autoConfigurationReport'
17:17:01.413 [main] o.s.b.f.s.DefaultListableBeanFactory TRACE - Returning cached instance of singleton bean 'autoConfigurationReport'
17:17:01.413 [main] o.s.b.f.s.DefaultListableBeanFactory TRACE - Returning cached instance of singleton bean 'autoConfigurationReport'
17:17:01.414 [main] o.s.b.a.c.OnPropertyCondition TRACE - Condition OnPropertyCondition on org.springframework.boot.autoconfigure.admin.SpringApplicationAdminJmxAutoConfiguration did not match due to @ConditionalOnProperty (spring.application.admin.enabled=true) did not find property 'enabled'
17:17:01.414 [main] o.s.b.f.s.DefaultListableBeanFactory TRACE - Returning cached instance of singleton bean 'autoConfigurationReport'
17:17:01.414 [main] o.s.b.f.s.DefaultListableBeanFactory TRACE - Returning cached instance of singleton bean 'autoConfigurationReport'
17:17:01.414 [main] o.s.b.f.s.DefaultListableBeanFactory TRACE - Returning cached instance of singleton bean 'autoConfigurationReport'
17:17:01.414 [main] o.s.b.f.s.DefaultListableBeanFactory TRACE - Returning cached instance of singleton bean 'autoConfigurationReport'
17:17:01.414 [main] o.s.b.f.s.DefaultListableBeanFactory TRACE - Returning cached instance of singleton bean 'autoConfigurationReport'
17:17:01.414 [main] o.s.b.f.s.DefaultListableBeanFactory TRACE - Returning cached instance of singleton bean 'autoConfigurationReport'
17:17:01.414 [main] o.s.b.f.s.DefaultListableBeanFactory TRACE - Returning cached instance of singleton bean 'autoConfigurationReport'
17:17:01.415 [main] o.s.b.a.c.OnPropertyCondition TRACE - Condition OnPropertyCondition on org.springframework.boot.autoconfigure.aop.AopAutoConfiguration matched due to @ConditionalOnProperty (spring.aop.auto=true) matched
17:17:01.415 [main] o.s.b.f.s.DefaultListableBeanFactory TRACE - Returning cached instance of singleton bean 'autoConfigurationReport'
17:17:01.415 [main] o.s.b.f.s.DefaultListableBeanFactory TRACE - Returning cached instance of singleton bean 'autoConfigurationReport'
17:17:01.415 [main] o.s.b.f.s.DefaultListableBeanFactory TRACE - Returning cached instance of singleton bean 'autoConfigurationReport'
17:17:01.415 [main] o.s.b.f.s.DefaultListableBeanFactory TRACE - Returning cached instance of singleton bean 'autoConfigurationReport'
17:17:01.417 [main] o.s.b.a.c.OnClassCondition TRACE - Condition OnClassCondition on org.springframework.boot.autoconfigure.aop.AopAutoConfiguration$ClassProxyingConfiguration matched due to @ConditionalOnMissingClass did not find unwanted class 'org.aspectj.weaver.Advice'
17:17:01.417 [main] o.s.b.f.s.DefaultListableBeanFactory TRACE - Returning cached instance of singleton bean 'autoConfigurationReport'
17:17:01.418 [main] o.s.b.a.c.OnPropertyCondition TRACE - Condition OnPropertyCondition on org.springframework.boot.autoconfigure.aop.AopAutoConfiguration$ClassProxyingConfiguration matched due to @ConditionalOnProperty (spring.aop.proxy-target-class=true) matched
17:17:01.418 [main] o.s.b.f.s.DefaultListableBeanFactory TRACE - Returning cached instance of singleton bean 'autoConfigurationReport'
17:17:01.418 [main] o.s.b.f.s.DefaultListableBeanFactory TRACE - Returning cached instance of singleton bean 'autoConfigurationReport'
17:17:01.418 [main] o.s.b.f.s.DefaultListableBeanFactory TRACE - Returning cached instance of singleton bean 'autoConfigurationReport'
17:17:01.418 [main] o.s.b.f.s.DefaultListableBeanFactory TRACE - Returning cached instance of singleton bean 'autoConfigurationReport'
17:17:01.419 [main] o.s.b.a.c.OnClassCondition TRACE - Condition OnClassCondition on org.springframework.boot.autoconfigure.aop.AopAutoConfiguration$AspectJAutoProxyingConfiguration did not match due to @ConditionalOnClass did not find required class 'org.aspectj.weaver.Advice'
17:17:01.419 [main] o.s.b.f.s.DefaultListableBeanFactory TRACE - Returning cached instance of singleton bean 'autoConfigurationReport'
17:17:01.420 [main] o.s.b.f.s.DefaultListableBeanFactory TRACE - Returning cached instance of singleton bean 'autoConfigurationReport'
17:17:01.420 [main] o.s.b.f.s.DefaultListableBeanFactory TRACE - Returning cached instance of singleton bean 'autoConfigurationReport'
17:17:01.420 [main] o.s.b.f.s.DefaultListableBeanFactory TRACE - Returning cached instance of singleton bean 'autoConfigurationReport'
17:17:01.420 [main] o.s.b.f.s.DefaultListableBeanFactory TRACE - Returning cached instance of singleton bean 'autoConfigurationReport'
17:17:01.420 [main] o.s.b.f.s.DefaultListableBeanFactory TRACE - Returning cached instance of singleton bean 'autoConfigurationReport'
17:17:01.420 [main] o.s.b.f.s.DefaultListableBeanFactory TRACE - Returning cached instance of singleton bean 'autoConfigurationReport'
17:17:01.420 [main] o.s.b.f.s.DefaultListableBeanFactory TRACE - Returning cached instance of singleton bean 'autoConfigurationReport'
17:17:01.420 [main] o.s.b.f.s.DefaultListableBeanFactory TRACE - Returning cached instance of singleton bean 'autoConfigurationReport'
17:17:01.420 [main] o.s.b.f.s.DefaultListableBeanFactory TRACE - Returning cached instance of singleton bean 'autoConfigurationReport'
17:17:01.421 [main] o.s.b.f.s.DefaultListableBeanFactory TRACE - Returning cached instance of singleton bean 'autoConfigurationReport'
17:17:01.421 [main] o.s.b.f.s.DefaultListableBeanFactory TRACE - Returning cached instance of singleton bean 'autoConfigurationReport'
17:17:01.421 [main] o.s.b.f.s.DefaultListableBeanFactory TRACE - Returning cached instance of singleton bean 'autoConfigurationReport'
17:17:01.421 [main] o.s.b.f.s.DefaultListableBeanFactory TRACE - Returning cached instance of singleton bean 'autoConfigurationReport'
17:17:01.421 [main] o.s.b.f.s.DefaultListableBeanFactory TRACE - Returning cached instance of singleton bean 'autoConfigurationReport'
17:17:01.421 [main] o.s.b.f.s.DefaultListableBeanFactory TRACE - Returning cached instance of singleton bean 'autoConfigurationReport'
17:17:01.423 [main] o.s.b.a.c.OnClassCondition TRACE - Condition OnClassCondition on org.springframework.boot.autoconfigure.jackson.JacksonAutoConfiguration matched due to @ConditionalOnClass found required class 'com.fasterxml.jackson.databind.ObjectMapper'
17:17:01.423 [main] o.s.b.f.s.DefaultListableBeanFactory TRACE - Returning cached instance of singleton bean 'autoConfigurationReport'
17:17:01.423 [main] o.s.b.f.s.DefaultListableBeanFactory TRACE - Returning cached instance of singleton bean 'autoConfigurationReport'
17:17:01.423 [main] o.s.b.f.s.DefaultListableBeanFactory TRACE - Returning cached instance of singleton bean 'autoConfigurationReport'
17:17:01.423 [main] o.s.b.f.s.DefaultListableBeanFactory TRACE - Returning cached instance of singleton bean 'autoConfigurationReport'
17:17:01.429 [main] o.s.b.a.c.OnClassCondition TRACE - Condition OnClassCondition on org.springframework.boot.autoconfigure.jackson.JacksonAutoConfiguration$Jackson2ObjectMapperBuilderCustomizerConfiguration matched due to @ConditionalOnClass found required class 'org.springframework.http.converter.json.Jackson2ObjectMapperBuilder'
17:17:01.429 [main] o.s.b.f.s.DefaultListableBeanFactory TRACE - Returning cached instance of singleton bean 'autoConfigurationReport'
17:17:01.429 [main] o.s.b.f.s.DefaultListableBeanFactory TRACE - Returning cached instance of singleton bean 'autoConfigurationReport'
17:17:01.429 [main] o.s.b.f.s.DefaultListableBeanFactory TRACE - Returning cached instance of singleton bean 'autoConfigurationReport'
17:17:01.429 [main] o.s.b.f.s.DefaultListableBeanFactory TRACE - Returning cached instance of singleton bean 'autoConfigurationReport'
17:17:01.430 [main] o.s.b.a.c.OnClassCondition TRACE - Condition OnClassCondition on org.springframework.boot.autoconfigure.jackson.JacksonAutoConfiguration$JacksonObjectMapperBuilderConfiguration matched due to @ConditionalOnClass found required class 'org.springframework.http.converter.json.Jackson2ObjectMapperBuilder'
17:17:01.430 [main] o.s.b.f.s.DefaultListableBeanFactory TRACE - Returning cached instance of singleton bean 'autoConfigurationReport'
17:17:01.430 [main] o.s.b.f.s.DefaultListableBeanFactory TRACE - Returning cached instance of singleton bean 'autoConfigurationReport'
17:17:01.430 [main] o.s.b.f.s.DefaultListableBeanFactory TRACE - Returning cached instance of singleton bean 'autoConfigurationReport'
17:17:01.430 [main] o.s.b.f.s.DefaultListableBeanFactory TRACE - Returning cached instance of singleton bean 'autoConfigurationReport'
17:17:01.431 [main] o.s.b.a.c.OnClassCondition TRACE - Condition OnClassCondition on org.springframework.boot.autoconfigure.jackson.JacksonAutoConfiguration$ParameterNamesModuleConfiguration matched due to @ConditionalOnClass found required class 'com.fasterxml.jackson.module.paramnames.ParameterNamesModule'
17:17:01.431 [main] o.s.b.f.s.DefaultListableBeanFactory TRACE - Returning cached instance of singleton bean 'autoConfigurationReport'
17:17:01.431 [main] o.s.b.f.s.DefaultListableBeanFactory TRACE - Returning cached instance of singleton bean 'autoConfigurationReport'
17:17:01.431 [main] o.s.b.f.s.DefaultListableBeanFactory TRACE - Returning cached instance of singleton bean 'autoConfigurationReport'
17:17:01.431 [main] o.s.b.f.s.DefaultListableBeanFactory TRACE - Returning cached instance of singleton bean 'autoConfigurationReport'
17:17:01.431 [main] o.s.b.a.c.OnClassCondition TRACE - Condition OnClassCondition on org.springframework.boot.autoconfigure.jackson.JacksonAutoConfiguration$JacksonObjectMapperConfiguration matched due to @ConditionalOnClass found required class 'org.springframework.http.converter.json.Jackson2ObjectMapperBuilder'
17:17:01.431 [main] o.s.b.f.s.DefaultListableBeanFactory TRACE - Returning cached instance of singleton bean 'autoConfigurationReport'
17:17:01.431 [main] o.s.b.f.s.DefaultListableBeanFactory TRACE - Returning cached instance of singleton bean 'autoConfigurationReport'
17:17:01.431 [main] o.s.b.f.s.DefaultListableBeanFactory TRACE - Returning cached instance of singleton bean 'autoConfigurationReport'
17:17:01.431 [main] o.s.b.f.s.DefaultListableBeanFactory TRACE - Returning cached instance of singleton bean 'autoConfigurationReport'
17:17:01.432 [main] o.s.b.f.s.DefaultListableBeanFactory TRACE - Returning cached instance of singleton bean 'autoConfigurationReport'
17:17:01.432 [main] o.s.b.f.s.DefaultListableBeanFactory TRACE - Returning cached instance of singleton bean 'autoConfigurationReport'
17:17:01.432 [main] o.s.b.f.s.DefaultListableBeanFactory TRACE - Returning cached instance of singleton bean 'autoConfigurationReport'
17:17:01.432 [main] o.s.b.f.s.DefaultListableBeanFactory TRACE - Returning cached instance of singleton bean 'autoConfigurationReport'
17:17:01.432 [main] o.s.b.f.s.DefaultListableBeanFactory TRACE - Returning cached instance of singleton bean 'autoConfigurationReport'
17:17:01.432 [main] o.s.b.f.s.DefaultListableBeanFactory TRACE - Returning cached instance of singleton bean 'autoConfigurationReport'
17:17:01.432 [main] o.s.b.f.s.DefaultListableBeanFactory TRACE - Returning cached instance of singleton bean 'autoConfigurationReport'
17:17:01.432 [main] o.s.b.f.s.DefaultListableBeanFactory TRACE - Returning cached instance of singleton bean 'autoConfigurationReport'
17:17:01.432 [main] o.s.b.f.s.DefaultListableBeanFactory TRACE - Returning cached instance of singleton bean 'autoConfigurationReport'
17:17:01.433 [main] o.s.b.a.c.OnClassCondition TRACE - Condition OnClassCondition on org.springframework.boot.autoconfigure.jdbc.JndiDataSourceAutoConfiguration matched due to @ConditionalOnClass found required classes 'javax.sql.DataSource', 'org.springframework.jdbc.datasource.embedded.EmbeddedDatabaseType'
17:17:01.433 [main] o.s.b.f.s.DefaultListableBeanFactory TRACE - Returning cached instance of singleton bean 'autoConfigurationReport'
17:17:01.433 [main] o.s.b.a.c.OnPropertyCondition TRACE - Condition OnPropertyCondition on org.springframework.boot.autoconfigure.jdbc.JndiDataSourceAutoConfiguration did not match due to @ConditionalOnProperty (spring.datasource.jndi-name) did not find property 'jndi-name'
17:17:01.433 [main] o.s.b.f.s.DefaultListableBeanFactory TRACE - Returning cached instance of singleton bean 'autoConfigurationReport'
17:17:01.434 [main] o.s.b.f.s.DefaultListableBeanFactory TRACE - Returning cached instance of singleton bean 'autoConfigurationReport'
17:17:01.434 [main] o.s.b.f.s.DefaultListableBeanFactory TRACE - Returning cached instance of singleton bean 'autoConfigurationReport'
17:17:01.434 [main] o.s.b.f.s.DefaultListableBeanFactory TRACE - Returning cached instance of singleton bean 'autoConfigurationReport'
17:17:01.434 [main] o.s.b.f.s.DefaultListableBeanFactory TRACE - Returning cached instance of singleton bean 'autoConfigurationReport'
17:17:01.434 [main] o.s.b.f.s.DefaultListableBeanFactory TRACE - Returning cached instance of singleton bean 'autoConfigurationReport'
17:17:01.434 [main] o.s.b.f.s.DefaultListableBeanFactory TRACE - Returning cached instance of singleton bean 'autoConfigurationReport'
17:17:01.435 [main] o.s.b.a.c.OnClassCondition TRACE - Condition OnClassCondition on org.springframework.boot.autoconfigure.jdbc.DataSourceAutoConfiguration matched due to @ConditionalOnClass found required classes 'javax.sql.DataSource', 'org.springframework.jdbc.datasource.embedded.EmbeddedDatabaseType'
17:17:01.435 [main] o.s.b.f.s.DefaultListableBeanFactory TRACE - Returning cached instance of singleton bean 'autoConfigurationReport'
17:17:01.435 [main] o.s.b.f.s.DefaultListableBeanFactory TRACE - Returning cached instance of singleton bean 'autoConfigurationReport'
17:17:01.435 [main] o.s.b.f.s.DefaultListableBeanFactory TRACE - Returning cached instance of singleton bean 'autoConfigurationReport'
17:17:01.435 [main] o.s.b.f.s.DefaultListableBeanFactory TRACE - Returning cached instance of singleton bean 'autoConfigurationReport'
17:17:01.466 [main] o.s.b.a.j.DataSourceAutoConfiguration$PooledDataSourceCondition TRACE - Condition DataSourceAutoConfiguration.PooledDataSourceCondition on org.springframework.boot.autoconfigure.jdbc.DataSourceAutoConfiguration$PooledDataSourceConfiguration matched due to AnyNestedCondition 1 matched 1 did not; NestedCondition on DataSourceAutoConfiguration.PooledDataSourceCondition.PooledDataSourceAvailable PooledDataSource found supported DataSource; NestedCondition on DataSourceAutoConfiguration.PooledDataSourceCondition.ExplicitType @ConditionalOnProperty (spring.datasource.type) did not find property 'type'
17:17:01.466 [main] o.s.b.f.s.DefaultListableBeanFactory TRACE - Returning cached instance of singleton bean 'autoConfigurationReport'
17:17:01.467 [main] o.s.b.f.s.DefaultListableBeanFactory TRACE - Returning cached instance of singleton bean 'autoConfigurationReport'
17:17:01.467 [main] o.s.b.f.s.DefaultListableBeanFactory TRACE - Returning cached instance of singleton bean 'autoConfigurationReport'
17:17:01.467 [main] o.s.b.f.s.DefaultListableBeanFactory TRACE - Returning cached instance of singleton bean 'autoConfigurationReport'
17:17:01.471 [main] o.s.b.a.c.OnClassCondition TRACE - Condition OnClassCondition on org.springframework.boot.autoconfigure.jdbc.DataSourceConfiguration$Hikari matched due to @ConditionalOnClass found required class 'com.zaxxer.hikari.HikariDataSource'
17:17:01.471 [main] o.s.b.f.s.DefaultListableBeanFactory TRACE - Returning cached instance of singleton bean 'autoConfigurationReport'
17:17:01.471 [main] o.s.b.a.c.OnPropertyCondition TRACE - Condition OnPropertyCondition on org.springframework.boot.autoconfigure.jdbc.DataSourceConfiguration$Hikari matched due to @ConditionalOnProperty (spring.datasource.type=com.zaxxer.hikari.HikariDataSource) matched
17:17:01.471 [main] o.s.b.f.s.DefaultListableBeanFactory TRACE - Returning cached instance of singleton bean 'autoConfigurationReport'
17:17:01.472 [main] o.s.b.f.s.DefaultListableBeanFactory TRACE - Returning cached instance of singleton bean 'autoConfigurationReport'
17:17:01.472 [main] o.s.b.f.s.DefaultListableBeanFactory TRACE - Returning cached instance of singleton bean 'autoConfigurationReport'
17:17:01.472 [main] o.s.b.f.s.DefaultListableBeanFactory TRACE - Returning cached instance of singleton bean 'autoConfigurationReport'
17:17:01.473 [main] o.s.b.a.c.OnClassCondition TRACE - Condition OnClassCondition on org.springframework.boot.autoconfigure.jdbc.DataSourceConfiguration$Tomcat did not match due to @ConditionalOnClass did not find required class 'org.apache.tomcat.jdbc.pool.DataSource'
17:17:01.473 [main] o.s.b.f.s.DefaultListableBeanFactory TRACE - Returning cached instance of singleton bean 'autoConfigurationReport'
17:17:01.484 [main] o.s.b.a.c.OnClassCondition TRACE - Condition OnClassCondition on org.springframework.boot.autoconfigure.jdbc.DataSourceConfiguration$Dbcp2 did not match due to @ConditionalOnClass did not find required class 'org.apache.commons.dbcp2.BasicDataSource'
17:17:01.484 [main] o.s.b.f.s.DefaultListableBeanFactory TRACE - Returning cached instance of singleton bean 'autoConfigurationReport'
17:17:01.485 [main] o.s.b.a.c.OnClassCondition TRACE - Condition OnClassCondition on org.springframework.boot.autoconfigure.jdbc.DataSourceConfiguration$OracleUcp did not match due to @ConditionalOnClass did not find required classes 'oracle.ucp.jdbc.PoolDataSourceImpl', 'oracle.jdbc.OracleConnection'
17:17:01.485 [main] o.s.b.f.s.DefaultListableBeanFactory TRACE - Returning cached instance of singleton bean 'autoConfigurationReport'
17:17:01.486 [main] o.s.b.a.c.OnPropertyCondition TRACE - Condition OnPropertyCondition on org.springframework.boot.autoconfigure.jdbc.DataSourceConfiguration$Generic did not match due to @ConditionalOnProperty (spring.datasource.type) did not find property 'spring.datasource.type'
17:17:01.486 [main] o.s.b.f.s.DefaultListableBeanFactory TRACE - Returning cached instance of singleton bean 'autoConfigurationReport'
17:17:01.492 [main] o.s.b.a.c.OnPropertyCondition TRACE - Condition OnPropertyCondition on org.springframework.boot.autoconfigure.jdbc.DataSourceJmxConfiguration did not match due to @ConditionalOnProperty (spring.jmx.enabled=true) found different value in property 'enabled'
17:17:01.492 [main] o.s.b.f.s.DefaultListableBeanFactory TRACE - Returning cached instance of singleton bean 'autoConfigurationReport'
17:17:01.522 [main] o.s.b.a.j.DataSourceAutoConfiguration$EmbeddedDatabaseCondition TRACE - Condition DataSourceAutoConfiguration.EmbeddedDatabaseCondition on org.springframework.boot.autoconfigure.jdbc.DataSourceAutoConfiguration$EmbeddedDatabaseConfiguration did not match due to EmbeddedDataSource spring.datasource.url is set
17:17:01.523 [main] o.s.b.f.s.DefaultListableBeanFactory TRACE - Returning cached instance of singleton bean 'autoConfigurationReport'
17:17:01.530 [main] o.s.b.f.s.DefaultListableBeanFactory TRACE - Returning cached instance of singleton bean 'autoConfigurationReport'
17:17:01.530 [main] o.s.b.f.s.DefaultListableBeanFactory TRACE - Returning cached instance of singleton bean 'autoConfigurationReport'
17:17:01.530 [main] o.s.b.f.s.DefaultListableBeanFactory TRACE - Returning cached instance of singleton bean 'autoConfigurationReport'
17:17:01.532 [main] o.s.b.a.c.OnClassCondition TRACE - Condition OnClassCondition on org.springframework.boot.autoconfigure.jdbc.metadata.DataSourcePoolMetadataProvidersConfiguration$OracleUcpPoolDataSourceMetadataProviderConfiguration did not match due to @ConditionalOnClass did not find required classes 'oracle.ucp.jdbc.PoolDataSource', 'oracle.jdbc.OracleConnection'
17:17:01.532 [main] o.s.b.f.s.DefaultListableBeanFactory TRACE - Returning cached instance of singleton bean 'autoConfigurationReport'
17:17:01.533 [main] o.s.b.a.c.OnClassCondition TRACE - Condition OnClassCondition on org.springframework.boot.autoconfigure.jdbc.metadata.DataSourcePoolMetadataProvidersConfiguration$CommonsDbcp2PoolDataSourceMetadataProviderConfiguration did not match due to @ConditionalOnClass did not find required class 'org.apache.commons.dbcp2.BasicDataSource'
17:17:01.533 [main] o.s.b.f.s.DefaultListableBeanFactory TRACE - Returning cached instance of singleton bean 'autoConfigurationReport'
17:17:01.533 [main] o.s.b.a.c.OnClassCondition TRACE - Condition OnClassCondition on org.springframework.boot.autoconfigure.jdbc.metadata.DataSourcePoolMetadataProvidersConfiguration$HikariPoolDataSourceMetadataProviderConfiguration matched due to @ConditionalOnClass found required class 'com.zaxxer.hikari.HikariDataSource'
17:17:01.533 [main] o.s.b.f.s.DefaultListableBeanFactory TRACE - Returning cached instance of singleton bean 'autoConfigurationReport'
17:17:01.533 [main] o.s.b.f.s.DefaultListableBeanFactory TRACE - Returning cached instance of singleton bean 'autoConfigurationReport'
17:17:01.533 [main] o.s.b.f.s.DefaultListableBeanFactory TRACE - Returning cached instance of singleton bean 'autoConfigurationReport'
17:17:01.533 [main] o.s.b.f.s.DefaultListableBeanFactory TRACE - Returning cached instance of singleton bean 'autoConfigurationReport'
17:17:01.534 [main] o.s.b.a.c.OnClassCondition TRACE - Condition OnClassCondition on org.springframework.boot.autoconfigure.jdbc.metadata.DataSourcePoolMetadataProvidersConfiguration$TomcatDataSourcePoolMetadataProviderConfiguration did not match due to @ConditionalOnClass did not find required class 'org.apache.tomcat.jdbc.pool.DataSource'
17:17:01.534 [main] o.s.b.f.s.DefaultListableBeanFactory TRACE - Returning cached instance of singleton bean 'autoConfigurationReport'
17:17:01.534 [main] o.s.b.a.c.OnClassCondition TRACE - Condition OnClassCondition on org.springframework.boot.autoconfigure.jdbc.DataSourceCheckpointRestoreConfiguration did not match due to @ConditionalOnClass did not find required class 'org.crac.Resource'
17:17:01.534 [main] o.s.b.f.s.DefaultListableBeanFactory TRACE - Returning cached instance of singleton bean 'autoConfigurationReport'
17:17:01.534 [main] o.s.b.f.s.DefaultListableBeanFactory TRACE - Returning cached instance of singleton bean 'autoConfigurationReport'
17:17:01.534 [main] o.s.b.f.s.DefaultListableBeanFactory TRACE - Returning cached instance of singleton bean 'autoConfigurationReport'
17:17:01.534 [main] o.s.b.f.s.DefaultListableBeanFactory TRACE - Returning cached instance of singleton bean 'autoConfigurationReport'
17:17:01.534 [main] o.s.b.f.s.DefaultListableBeanFactory TRACE - Returning cached instance of singleton bean 'autoConfigurationReport'
17:17:01.534 [main] o.s.b.f.s.DefaultListableBeanFactory TRACE - Returning cached instance of singleton bean 'autoConfigurationReport'
17:17:01.534 [main] o.s.b.f.s.DefaultListableBeanFactory TRACE - Returning cached instance of singleton bean 'autoConfigurationReport'
17:17:01.535 [main] o.s.b.a.c.OnClassCondition TRACE - Condition OnClassCondition on org.springframework.boot.autoconfigure.transaction.TransactionManagerCustomizationAutoConfiguration matched due to @ConditionalOnClass found required class 'org.springframework.transaction.PlatformTransactionManager'
17:17:01.535 [main] o.s.b.f.s.DefaultListableBeanFactory TRACE - Returning cached instance of singleton bean 'autoConfigurationReport'
17:17:01.535 [main] o.s.b.f.s.DefaultListableBeanFactory TRACE - Returning cached instance of singleton bean 'autoConfigurationReport'
17:17:01.535 [main] o.s.b.f.s.DefaultListableBeanFactory TRACE - Returning cached instance of singleton bean 'autoConfigurationReport'
17:17:01.535 [main] o.s.b.f.s.DefaultListableBeanFactory TRACE - Returning cached instance of singleton bean 'autoConfigurationReport'
17:17:01.536 [main] o.s.b.f.s.DefaultListableBeanFactory TRACE - Returning cached instance of singleton bean 'autoConfigurationReport'
17:17:01.536 [main] o.s.b.f.s.DefaultListableBeanFactory TRACE - Returning cached instance of singleton bean 'autoConfigurationReport'
17:17:01.536 [main] o.s.b.f.s.DefaultListableBeanFactory TRACE - Returning cached instance of singleton bean 'autoConfigurationReport'
17:17:01.536 [main] o.s.b.f.s.DefaultListableBeanFactory TRACE - Returning cached instance of singleton bean 'autoConfigurationReport'
17:17:01.536 [main] o.s.b.f.s.DefaultListableBeanFactory TRACE - Returning cached instance of singleton bean 'autoConfigurationReport'
17:17:01.536 [main] o.s.b.f.s.DefaultListableBeanFactory TRACE - Returning cached instance of singleton bean 'autoConfigurationReport'
17:17:01.537 [main] o.s.b.a.c.OnClassCondition TRACE - Condition OnClassCondition on org.springframework.boot.autoconfigure.cache.CacheAutoConfiguration matched due to @ConditionalOnClass found required class 'org.springframework.cache.CacheManager'
17:17:01.537 [main] o.s.b.f.s.DefaultListableBeanFactory TRACE - Returning cached instance of singleton bean 'autoConfigurationReport'
17:17:01.537 [main] o.s.b.f.s.DefaultListableBeanFactory TRACE - Returning cached instance of singleton bean 'autoConfigurationReport'
17:17:01.537 [main] o.s.b.f.s.DefaultListableBeanFactory TRACE - Returning cached instance of singleton bean 'autoConfigurationReport'
17:17:01.537 [main] o.s.b.f.s.DefaultListableBeanFactory TRACE - Returning cached instance of singleton bean 'autoConfigurationReport'
17:17:01.548 [main] o.s.b.f.s.DefaultListableBeanFactory TRACE - Returning cached instance of singleton bean 'autoConfigurationReport'
17:17:01.549 [main] o.s.b.f.s.DefaultListableBeanFactory TRACE - Returning cached instance of singleton bean 'autoConfigurationReport'
17:17:01.549 [main] o.s.b.f.s.DefaultListableBeanFactory TRACE - Returning cached instance of singleton bean 'autoConfigurationReport'
17:17:01.550 [main] o.s.b.f.s.DefaultListableBeanFactory TRACE - Returning cached instance of singleton bean 'autoConfigurationReport'
17:17:01.550 [main] o.s.b.a.c.OnClassCondition TRACE - Condition OnClassCondition on org.springframework.boot.autoconfigure.cache.JCacheCacheConfiguration did not match due to @ConditionalOnClass did not find required class 'javax.cache.Caching'
17:17:01.550 [main] o.s.b.f.s.DefaultListableBeanFactory TRACE - Returning cached instance of singleton bean 'autoConfigurationReport'
17:17:01.551 [main] o.s.b.f.s.DefaultListableBeanFactory TRACE - Returning cached instance of singleton bean 'autoConfigurationReport'
17:17:01.551 [main] o.s.b.a.AutoConfigurationImportSelector TRACE - Filtered 1 auto configuration class in 0 ms
17:17:01.551 [main] o.s.b.f.s.DefaultListableBeanFactory TRACE - Returning cached instance of singleton bean 'autoConfigurationReport'
17:17:01.551 [main] o.s.b.a.c.OnClassCondition TRACE - Condition OnClassCondition on org.springframework.boot.autoconfigure.cache.HazelcastCacheConfiguration did not match due to @ConditionalOnClass did not find required class 'com.hazelcast.core.HazelcastInstance'
17:17:01.551 [main] o.s.b.f.s.DefaultListableBeanFactory TRACE - Returning cached instance of singleton bean 'autoConfigurationReport'
17:17:01.551 [main] o.s.b.f.s.DefaultListableBeanFactory TRACE - Returning cached instance of singleton bean 'autoConfigurationReport'
17:17:01.551 [main] o.s.b.a.AutoConfigurationImportSelector TRACE - Filtered 1 auto configuration class in 0 ms
17:17:01.551 [main] o.s.b.f.s.DefaultListableBeanFactory TRACE - Returning cached instance of singleton bean 'autoConfigurationReport'
17:17:01.551 [main] o.s.b.a.c.OnClassCondition TRACE - Condition OnClassCondition on org.springframework.boot.autoconfigure.cache.CouchbaseCacheConfiguration did not match due to @ConditionalOnClass did not find required class 'com.couchbase.client.java.Cluster'
17:17:01.551 [main] o.s.b.f.s.DefaultListableBeanFactory TRACE - Returning cached instance of singleton bean 'autoConfigurationReport'
17:17:01.551 [main] o.s.b.f.s.DefaultListableBeanFactory TRACE - Returning cached instance of singleton bean 'autoConfigurationReport'
17:17:01.551 [main] o.s.b.a.AutoConfigurationImportSelector TRACE - Filtered 1 auto configuration class in 0 ms
17:17:01.551 [main] o.s.b.f.s.DefaultListableBeanFactory TRACE - Returning cached instance of singleton bean 'autoConfigurationReport'
17:17:01.551 [main] o.s.b.a.c.OnClassCondition TRACE - Condition OnClassCondition on org.springframework.boot.autoconfigure.cache.InfinispanCacheConfiguration did not match due to @ConditionalOnClass did not find required class 'org.infinispan.spring.embedded.provider.SpringEmbeddedCacheManager'
17:17:01.551 [main] o.s.b.f.s.DefaultListableBeanFactory TRACE - Returning cached instance of singleton bean 'autoConfigurationReport'
17:17:01.551 [main] o.s.b.f.s.DefaultListableBeanFactory TRACE - Returning cached instance of singleton bean 'autoConfigurationReport'
17:17:01.551 [main] o.s.b.a.AutoConfigurationImportSelector TRACE - Filtered 1 auto configuration class in 0 ms
17:17:01.551 [main] o.s.b.f.s.DefaultListableBeanFactory TRACE - Returning cached instance of singleton bean 'autoConfigurationReport'
17:17:01.552 [main] o.s.b.a.c.OnClassCondition TRACE - Condition OnClassCondition on org.springframework.boot.autoconfigure.cache.RedisCacheConfiguration did not match due to @ConditionalOnClass did not find required class 'org.springframework.data.redis.connection.RedisConnectionFactory'
17:17:01.552 [main] o.s.b.f.s.DefaultListableBeanFactory TRACE - Returning cached instance of singleton bean 'autoConfigurationReport'
17:17:01.552 [main] o.s.b.f.s.DefaultListableBeanFactory TRACE - Returning cached instance of singleton bean 'autoConfigurationReport'
17:17:01.552 [main] o.s.b.a.AutoConfigurationImportSelector TRACE - Filtered 1 auto configuration class in 0 ms
17:17:01.552 [main] o.s.b.f.s.DefaultListableBeanFactory TRACE - Returning cached instance of singleton bean 'autoConfigurationReport'
17:17:01.552 [main] o.s.b.a.c.OnClassCondition TRACE - Condition OnClassCondition on org.springframework.boot.autoconfigure.cache.Cache2kCacheConfiguration did not match due to @ConditionalOnClass did not find required class 'org.cache2k.Cache2kBuilder'
17:17:01.552 [main] o.s.b.f.s.DefaultListableBeanFactory TRACE - Returning cached instance of singleton bean 'autoConfigurationReport'
17:17:01.552 [main] o.s.b.f.s.DefaultListableBeanFactory TRACE - Returning cached instance of singleton bean 'autoConfigurationReport'
17:17:01.552 [main] o.s.b.a.AutoConfigurationImportSelector TRACE - Filtered 1 auto configuration class in 0 ms
17:17:01.552 [main] o.s.b.f.s.DefaultListableBeanFactory TRACE - Returning cached instance of singleton bean 'autoConfigurationReport'
17:17:01.555 [main] o.s.b.a.c.OnClassCondition TRACE - Condition OnClassCondition on org.springframework.boot.autoconfigure.cache.CaffeineCacheConfiguration did not match due to @ConditionalOnClass did not find required class 'org.springframework.cache.caffeine.CaffeineCacheManager'
17:17:01.555 [main] o.s.b.f.s.DefaultListableBeanFactory TRACE - Returning cached instance of singleton bean 'autoConfigurationReport'
17:17:01.555 [main] o.s.b.f.s.DefaultListableBeanFactory TRACE - Returning cached instance of singleton bean 'autoConfigurationReport'
17:17:01.555 [main] o.s.b.a.AutoConfigurationImportSelector TRACE - Filtered 1 auto configuration class in 3 ms
17:17:01.555 [main] o.s.b.f.s.DefaultListableBeanFactory TRACE - Returning cached instance of singleton bean 'autoConfigurationReport'
17:17:01.555 [main] o.s.b.f.s.DefaultListableBeanFactory TRACE - Returning cached instance of singleton bean 'autoConfigurationReport'
17:17:01.555 [main] o.s.b.f.s.DefaultListableBeanFactory TRACE - Returning cached instance of singleton bean 'autoConfigurationReport'
17:17:01.556 [main] o.s.b.f.s.DefaultListableBeanFactory TRACE - Returning cached instance of singleton bean 'autoConfigurationReport'
17:17:01.556 [main] o.s.b.f.s.DefaultListableBeanFactory TRACE - Returning cached instance of singleton bean 'autoConfigurationReport'
17:17:01.556 [main] o.s.b.f.s.DefaultListableBeanFactory TRACE - Returning cached instance of singleton bean 'autoConfigurationReport'
17:17:01.559 [main] o.s.b.a.c.CacheCondition TRACE - Condition CacheCondition on org.springframework.boot.autoconfigure.cache.GenericCacheConfiguration matched due to Cache org.springframework.boot.autoconfigure.cache.GenericCacheConfiguration automatic cache type
17:17:01.559 [main] o.s.b.f.s.DefaultListableBeanFactory TRACE - Returning cached instance of singleton bean 'autoConfigurationReport'
17:17:01.559 [main] o.s.b.f.s.DefaultListableBeanFactory TRACE - Returning cached instance of singleton bean 'autoConfigurationReport'
17:17:01.559 [main] o.s.b.f.s.DefaultListableBeanFactory TRACE - Returning cached instance of singleton bean 'autoConfigurationReport'
17:17:01.559 [main] o.s.b.f.s.DefaultListableBeanFactory TRACE - Returning cached instance of singleton bean 'autoConfigurationReport'
17:17:01.560 [main] o.s.b.f.s.DefaultListableBeanFactory TRACE - Returning cached instance of singleton bean 'autoConfigurationReport'
17:17:01.560 [main] o.s.b.f.s.DefaultListableBeanFactory TRACE - Returning cached instance of singleton bean 'autoConfigurationReport'
17:17:01.560 [main] o.s.b.f.s.DefaultListableBeanFactory TRACE - Returning cached instance of singleton bean 'autoConfigurationReport'
17:17:01.562 [main] o.s.b.a.c.CacheCondition TRACE - Condition CacheCondition on org.springframework.boot.autoconfigure.cache.SimpleCacheConfiguration matched due to Cache org.springframework.boot.autoconfigure.cache.SimpleCacheConfiguration automatic cache type
17:17:01.562 [main] o.s.b.f.s.DefaultListableBeanFactory TRACE - Returning cached instance of singleton bean 'autoConfigurationReport'
17:17:01.562 [main] o.s.b.f.s.DefaultListableBeanFactory TRACE - Returning cached instance of singleton bean 'autoConfigurationReport'
17:17:01.562 [main] o.s.b.f.s.DefaultListableBeanFactory TRACE - Returning cached instance of singleton bean 'autoConfigurationReport'
17:17:01.562 [main] o.s.b.f.s.DefaultListableBeanFactory TRACE - Returning cached instance of singleton bean 'autoConfigurationReport'
17:17:01.563 [main] o.s.b.a.c.CacheCondition TRACE - Condition CacheCondition on org.springframework.boot.autoconfigure.cache.NoOpCacheConfiguration matched due to Cache org.springframework.boot.autoconfigure.cache.NoOpCacheConfiguration automatic cache type
17:17:01.563 [main] o.s.b.f.s.DefaultListableBeanFactory TRACE - Returning cached instance of singleton bean 'autoConfigurationReport'
17:17:01.563 [main] o.s.b.f.s.DefaultListableBeanFactory TRACE - Returning cached instance of singleton bean 'autoConfigurationReport'
17:17:01.564 [main] o.s.b.f.s.DefaultListableBeanFactory TRACE - Returning cached instance of singleton bean 'autoConfigurationReport'
17:17:01.564 [main] o.s.b.f.s.DefaultListableBeanFactory TRACE - Returning cached instance of singleton bean 'autoConfigurationReport'
17:17:01.567 [main] o.s.b.a.c.OnClassCondition TRACE - Condition OnClassCondition on org.springframework.boot.autoconfigure.cache.CacheAutoConfiguration$CacheManagerEntityManagerFactoryDependsOnPostProcessor did not match due to @ConditionalOnClass did not find required class 'org.springframework.orm.jpa.LocalContainerEntityManagerFactoryBean'
17:17:01.567 [main] o.s.b.f.s.DefaultListableBeanFactory TRACE - Returning cached instance of singleton bean 'autoConfigurationReport'
17:17:01.568 [main] o.s.b.f.s.DefaultListableBeanFactory TRACE - Returning cached instance of singleton bean 'autoConfigurationReport'
17:17:01.568 [main] o.s.b.f.s.DefaultListableBeanFactory TRACE - Returning cached instance of singleton bean 'autoConfigurationReport'
17:17:01.568 [main] o.s.b.f.s.DefaultListableBeanFactory TRACE - Returning cached instance of singleton bean 'autoConfigurationReport'
17:17:01.568 [main] o.s.b.f.s.DefaultListableBeanFactory TRACE - Returning cached instance of singleton bean 'autoConfigurationReport'
17:17:01.568 [main] o.s.b.f.s.DefaultListableBeanFactory TRACE - Returning cached instance of singleton bean 'autoConfigurationReport'
17:17:01.568 [main] o.s.b.f.s.DefaultListableBeanFactory TRACE - Returning cached instance of singleton bean 'autoConfigurationReport'
17:17:01.569 [main] o.s.b.f.s.DefaultListableBeanFactory TRACE - Returning cached instance of singleton bean 'autoConfigurationReport'
17:17:01.569 [main] o.s.b.f.s.DefaultListableBeanFactory TRACE - Returning cached instance of singleton bean 'autoConfigurationReport'
17:17:01.569 [main] o.s.b.f.s.DefaultListableBeanFactory TRACE - Returning cached instance of singleton bean 'autoConfigurationReport'
17:17:01.570 [main] o.s.b.f.s.DefaultListableBeanFactory TRACE - Returning cached instance of singleton bean 'autoConfigurationReport'
17:17:01.570 [main] o.s.b.f.s.DefaultListableBeanFactory TRACE - Returning cached instance of singleton bean 'autoConfigurationReport'
17:17:01.570 [main] o.s.b.f.s.DefaultListableBeanFactory TRACE - Returning cached instance of singleton bean 'autoConfigurationReport'
17:17:01.570 [main] o.s.b.f.s.DefaultListableBeanFactory TRACE - Returning cached instance of singleton bean 'autoConfigurationReport'
17:17:01.570 [main] o.s.b.f.s.DefaultListableBeanFactory TRACE - Returning cached instance of singleton bean 'autoConfigurationReport'
17:17:01.570 [main] o.s.b.f.s.DefaultListableBeanFactory TRACE - Returning cached instance of singleton bean 'autoConfigurationReport'
17:17:01.571 [main] o.s.b.f.s.DefaultListableBeanFactory TRACE - Returning cached instance of singleton bean 'autoConfigurationReport'
17:17:01.571 [main] o.s.b.f.s.DefaultListableBeanFactory TRACE - Returning cached instance of singleton bean 'autoConfigurationReport'
17:17:01.571 [main] o.s.b.f.s.DefaultListableBeanFactory TRACE - Returning cached instance of singleton bean 'autoConfigurationReport'
17:17:01.571 [main] o.s.b.f.s.DefaultListableBeanFactory TRACE - Returning cached instance of singleton bean 'autoConfigurationReport'
17:17:01.571 [main] o.s.b.f.s.DefaultListableBeanFactory TRACE - Returning cached instance of singleton bean 'autoConfigurationReport'
17:17:01.571 [main] o.s.b.f.s.DefaultListableBeanFactory TRACE - Returning cached instance of singleton bean 'autoConfigurationReport'
17:17:01.572 [main] o.s.b.f.s.DefaultListableBeanFactory TRACE - Returning cached instance of singleton bean 'autoConfigurationReport'
17:17:01.572 [main] o.s.b.f.s.DefaultListableBeanFactory TRACE - Returning cached instance of singleton bean 'autoConfigurationReport'
17:17:01.572 [main] o.s.b.f.s.DefaultListableBeanFactory TRACE - Returning cached instance of singleton bean 'autoConfigurationReport'
17:17:01.573 [main] o.s.b.a.c.OnClassCondition TRACE - Condition OnClassCondition on org.springframework.boot.autoconfigure.dao.PersistenceExceptionTranslationAutoConfiguration matched due to @ConditionalOnClass found required class 'org.springframework.dao.annotation.PersistenceExceptionTranslationPostProcessor'
17:17:01.573 [main] o.s.b.f.s.DefaultListableBeanFactory TRACE - Returning cached instance of singleton bean 'autoConfigurationReport'
17:17:01.573 [main] o.s.b.f.s.DefaultListableBeanFactory TRACE - Returning cached instance of singleton bean 'autoConfigurationReport'
17:17:01.573 [main] o.s.b.f.s.DefaultListableBeanFactory TRACE - Returning cached instance of singleton bean 'autoConfigurationReport'
17:17:01.573 [main] o.s.b.f.s.DefaultListableBeanFactory TRACE - Returning cached instance of singleton bean 'autoConfigurationReport'
17:17:01.574 [main] o.s.b.f.s.DefaultListableBeanFactory TRACE - Returning cached instance of singleton bean 'autoConfigurationReport'
17:17:01.574 [main] o.s.b.f.s.DefaultListableBeanFactory TRACE - Returning cached instance of singleton bean 'autoConfigurationReport'
17:17:01.574 [main] o.s.b.f.s.DefaultListableBeanFactory TRACE - Returning cached instance of singleton bean 'autoConfigurationReport'
17:17:01.574 [main] o.s.b.f.s.DefaultListableBeanFactory TRACE - Returning cached instance of singleton bean 'autoConfigurationReport'
17:17:01.574 [main] o.s.b.f.s.DefaultListableBeanFactory TRACE - Returning cached instance of singleton bean 'autoConfigurationReport'
17:17:01.574 [main] o.s.b.f.s.DefaultListableBeanFactory TRACE - Returning cached instance of singleton bean 'autoConfigurationReport'
17:17:01.576 [main] o.s.b.a.c.OnClassCondition TRACE - Condition OnClassCondition on org.springframework.boot.autoconfigure.http.HttpMessageConvertersAutoConfiguration matched due to @ConditionalOnClass found required class 'org.springframework.http.converter.HttpMessageConverter'
17:17:01.576 [main] o.s.b.f.s.DefaultListableBeanFactory TRACE - Returning cached instance of singleton bean 'autoConfigurationReport'
17:17:01.581 [main] o.s.b.a.h.HttpMessageConvertersAutoConfiguration$NotReactiveWebApplicationCondition TRACE - Condition HttpMessageConvertersAutoConfiguration.NotReactiveWebApplicationCondition on org.springframework.boot.autoconfigure.http.HttpMessageConvertersAutoConfiguration matched due to NoneNestedConditions 0 matched 1 did not; NestedCondition on HttpMessageConvertersAutoConfiguration.NotReactiveWebApplicationCondition.ReactiveWebApplication did not find reactive web application classes
17:17:01.581 [main] o.s.b.f.s.DefaultListableBeanFactory TRACE - Returning cached instance of singleton bean 'autoConfigurationReport'
17:17:01.581 [main] o.s.b.f.s.DefaultListableBeanFactory TRACE - Returning cached instance of singleton bean 'autoConfigurationReport'
17:17:01.581 [main] o.s.b.f.s.DefaultListableBeanFactory TRACE - Returning cached instance of singleton bean 'autoConfigurationReport'
17:17:01.581 [main] o.s.b.f.s.DefaultListableBeanFactory TRACE - Returning cached instance of singleton bean 'autoConfigurationReport'
17:17:01.583 [main] o.s.b.a.c.OnClassCondition TRACE - Condition OnClassCondition on org.springframework.boot.autoconfigure.http.HttpMessageConvertersAutoConfiguration$StringHttpMessageConverterConfiguration matched due to @ConditionalOnClass found required class 'org.springframework.http.converter.StringHttpMessageConverter'
17:17:01.583 [main] o.s.b.f.s.DefaultListableBeanFactory TRACE - Returning cached instance of singleton bean 'autoConfigurationReport'
17:17:01.583 [main] o.s.b.f.s.DefaultListableBeanFactory TRACE - Returning cached instance of singleton bean 'autoConfigurationReport'
17:17:01.583 [main] o.s.b.f.s.DefaultListableBeanFactory TRACE - Returning cached instance of singleton bean 'autoConfigurationReport'
17:17:01.583 [main] o.s.b.f.s.DefaultListableBeanFactory TRACE - Returning cached instance of singleton bean 'autoConfigurationReport'
17:17:01.586 [main] o.s.b.f.s.DefaultListableBeanFactory TRACE - Returning cached instance of singleton bean 'autoConfigurationReport'
17:17:01.586 [main] o.s.b.f.s.DefaultListableBeanFactory TRACE - Returning cached instance of singleton bean 'autoConfigurationReport'
17:17:01.586 [main] o.s.b.f.s.DefaultListableBeanFactory TRACE - Returning cached instance of singleton bean 'autoConfigurationReport'
17:17:01.589 [main] o.s.b.a.c.OnClassCondition TRACE - Condition OnClassCondition on org.springframework.boot.autoconfigure.http.JacksonHttpMessageConvertersConfiguration$MappingJackson2XmlHttpMessageConverterConfiguration did not match due to @ConditionalOnClass did not find required class 'com.fasterxml.jackson.dataformat.xml.XmlMapper'
17:17:01.589 [main] o.s.b.f.s.DefaultListableBeanFactory TRACE - Returning cached instance of singleton bean 'autoConfigurationReport'
17:17:01.589 [main] o.s.b.a.c.OnClassCondition TRACE - Condition OnClassCondition on org.springframework.boot.autoconfigure.http.JacksonHttpMessageConvertersConfiguration$MappingJackson2HttpMessageConverterConfiguration matched due to @ConditionalOnClass found required class 'com.fasterxml.jackson.databind.ObjectMapper'
17:17:01.589 [main] o.s.b.f.s.DefaultListableBeanFactory TRACE - Returning cached instance of singleton bean 'autoConfigurationReport'
17:17:01.589 [main] o.s.b.a.c.OnPropertyCondition TRACE - Condition OnPropertyCondition on org.springframework.boot.autoconfigure.http.JacksonHttpMessageConvertersConfiguration$MappingJackson2HttpMessageConverterConfiguration matched due to @ConditionalOnProperty (spring.mvc.converters.preferred-json-mapper=jackson) matched
17:17:01.589 [main] o.s.b.f.s.DefaultListableBeanFactory TRACE - Returning cached instance of singleton bean 'autoConfigurationReport'
17:17:01.589 [main] o.s.b.f.s.DefaultListableBeanFactory TRACE - Returning cached instance of singleton bean 'autoConfigurationReport'
17:17:01.590 [main] o.s.b.f.s.DefaultListableBeanFactory TRACE - Returning cached instance of singleton bean 'autoConfigurationReport'
17:17:01.590 [main] o.s.b.f.s.DefaultListableBeanFactory TRACE - Returning cached instance of singleton bean 'autoConfigurationReport'
17:17:01.590 [main] o.s.b.a.c.OnClassCondition TRACE - Condition OnClassCondition on org.springframework.boot.autoconfigure.http.GsonHttpMessageConvertersConfiguration did not match due to @ConditionalOnClass did not find required class 'com.google.gson.Gson'
17:17:01.590 [main] o.s.b.f.s.DefaultListableBeanFactory TRACE - Returning cached instance of singleton bean 'autoConfigurationReport'
17:17:01.591 [main] o.s.b.a.c.OnClassCondition TRACE - Condition OnClassCondition on org.springframework.boot.autoconfigure.http.JsonbHttpMessageConvertersConfiguration did not match due to @ConditionalOnClass did not find required class 'jakarta.json.bind.Jsonb'
17:17:01.591 [main] o.s.b.f.s.DefaultListableBeanFactory TRACE - Returning cached instance of singleton bean 'autoConfigurationReport'
17:17:01.591 [main] o.s.b.f.s.DefaultListableBeanFactory TRACE - Returning cached instance of singleton bean 'autoConfigurationReport'
17:17:01.591 [main] o.s.b.f.s.DefaultListableBeanFactory TRACE - Returning cached instance of singleton bean 'autoConfigurationReport'
17:17:01.591 [main] o.s.b.f.s.DefaultListableBeanFactory TRACE - Returning cached instance of singleton bean 'autoConfigurationReport'
17:17:01.591 [main] o.s.b.f.s.DefaultListableBeanFactory TRACE - Returning cached instance of singleton bean 'autoConfigurationReport'
17:17:01.591 [main] o.s.b.f.s.DefaultListableBeanFactory TRACE - Returning cached instance of singleton bean 'autoConfigurationReport'
17:17:01.591 [main] o.s.b.f.s.DefaultListableBeanFactory TRACE - Returning cached instance of singleton bean 'autoConfigurationReport'
17:17:01.594 [main] o.s.b.f.s.DefaultListableBeanFactory TRACE - Returning cached instance of singleton bean 'autoConfigurationReport'
17:17:01.594 [main] o.s.b.f.s.DefaultListableBeanFactory TRACE - Returning cached instance of singleton bean 'autoConfigurationReport'
17:17:01.594 [main] o.s.b.f.s.DefaultListableBeanFactory TRACE - Returning cached instance of singleton bean 'autoConfigurationReport'
17:17:01.597 [main] o.s.b.f.s.DefaultListableBeanFactory TRACE - Returning cached instance of singleton bean 'autoConfigurationReport'
17:17:01.597 [main] o.s.b.f.s.DefaultListableBeanFactory TRACE - Returning cached instance of singleton bean 'autoConfigurationReport'
17:17:01.597 [main] o.s.b.f.s.DefaultListableBeanFactory TRACE - Returning cached instance of singleton bean 'autoConfigurationReport'
17:17:01.597 [main] o.s.b.f.s.DefaultListableBeanFactory TRACE - Returning cached instance of singleton bean 'autoConfigurationReport'
17:17:01.597 [main] o.s.b.f.s.DefaultListableBeanFactory TRACE - Returning cached instance of singleton bean 'autoConfigurationReport'
17:17:01.597 [main] o.s.b.f.s.DefaultListableBeanFactory TRACE - Returning cached instance of singleton bean 'autoConfigurationReport'
17:17:01.599 [main] o.s.b.a.c.OnClassCondition TRACE - Condition OnClassCondition on org.springframework.boot.autoconfigure.jdbc.JdbcTemplateAutoConfiguration matched due to @ConditionalOnClass found required classes 'javax.sql.DataSource', 'org.springframework.jdbc.core.JdbcTemplate'
17:17:01.599 [main] o.s.b.f.s.DefaultListableBeanFactory TRACE - Returning cached instance of singleton bean 'autoConfigurationReport'
17:17:01.599 [main] o.s.b.f.s.DefaultListableBeanFactory TRACE - Returning cached instance of singleton bean 'autoConfigurationReport'
17:17:01.599 [main] o.s.b.f.s.DefaultListableBeanFactory TRACE - Returning cached instance of singleton bean 'autoConfigurationReport'
17:17:01.599 [main] o.s.b.f.s.DefaultListableBeanFactory TRACE - Returning cached instance of singleton bean 'autoConfigurationReport'
17:17:01.602 [main] o.s.b.f.s.DefaultListableBeanFactory TRACE - Returning cached instance of singleton bean 'autoConfigurationReport'
17:17:01.602 [main] o.s.b.f.s.DefaultListableBeanFactory TRACE - Returning cached instance of singleton bean 'autoConfigurationReport'
17:17:01.602 [main] o.s.b.f.s.DefaultListableBeanFactory TRACE - Returning cached instance of singleton bean 'autoConfigurationReport'
17:17:01.603 [main] o.s.b.f.s.DefaultListableBeanFactory TRACE - Returning cached instance of singleton bean 'autoConfigurationReport'
17:17:01.603 [main] o.s.b.f.s.DefaultListableBeanFactory TRACE - Returning cached instance of singleton bean 'autoConfigurationReport'
17:17:01.603 [main] o.s.b.f.s.DefaultListableBeanFactory TRACE - Returning cached instance of singleton bean 'autoConfigurationReport'
17:17:01.603 [main] o.s.b.f.s.DefaultListableBeanFactory TRACE - Returning cached instance of singleton bean 'autoConfigurationReport'
17:17:01.603 [main] o.s.b.f.s.DefaultListableBeanFactory TRACE - Returning cached instance of singleton bean 'autoConfigurationReport'
17:17:01.603 [main] o.s.b.f.s.DefaultListableBeanFactory TRACE - Returning cached instance of singleton bean 'autoConfigurationReport'
17:17:01.603 [main] o.s.b.f.s.DefaultListableBeanFactory TRACE - Returning cached instance of singleton bean 'autoConfigurationReport'
17:17:01.603 [main] o.s.b.f.s.DefaultListableBeanFactory TRACE - Returning cached instance of singleton bean 'autoConfigurationReport'
17:17:01.603 [main] o.s.b.f.s.DefaultListableBeanFactory TRACE - Returning cached instance of singleton bean 'autoConfigurationReport'
17:17:01.604 [main] o.s.b.f.s.DefaultListableBeanFactory TRACE - Returning cached instance of singleton bean 'autoConfigurationReport'
17:17:01.604 [main] o.s.b.f.s.DefaultListableBeanFactory TRACE - Returning cached instance of singleton bean 'autoConfigurationReport'
17:17:01.604 [main] o.s.b.f.s.DefaultListableBeanFactory TRACE - Returning cached instance of singleton bean 'autoConfigurationReport'
17:17:01.604 [main] o.s.b.f.s.DefaultListableBeanFactory TRACE - Returning cached instance of singleton bean 'autoConfigurationReport'
17:17:01.604 [main] o.s.b.f.s.DefaultListableBeanFactory TRACE - Returning cached instance of singleton bean 'autoConfigurationReport'
17:17:01.604 [main] o.s.b.f.s.DefaultListableBeanFactory TRACE - Returning cached instance of singleton bean 'autoConfigurationReport'
17:17:01.604 [main] o.s.b.f.s.DefaultListableBeanFactory TRACE - Returning cached instance of singleton bean 'autoConfigurationReport'
17:17:01.604 [main] o.s.b.f.s.DefaultListableBeanFactory TRACE - Returning cached instance of singleton bean 'autoConfigurationReport'
17:17:01.604 [main] o.s.b.f.s.DefaultListableBeanFactory TRACE - Returning cached instance of singleton bean 'autoConfigurationReport'
17:17:01.607 [main] o.s.b.a.c.OnClassCondition TRACE - Condition OnClassCondition on org.springframework.boot.autoconfigure.security.reactive.ReactiveUserDetailsServiceAutoConfiguration matched due to @ConditionalOnClass found required class 'org.springframework.security.authentication.ReactiveAuthenticationManager'
17:17:01.607 [main] o.s.b.f.s.DefaultListableBeanFactory TRACE - Returning cached instance of singleton bean 'autoConfigurationReport'
17:17:01.610 [main] o.s.b.a.s.r.ReactiveUserDetailsServiceAutoConfiguration$MissingAlternativeOrUserPropertiesConfigured TRACE - Condition ReactiveUserDetailsServiceAutoConfiguration.MissingAlternativeOrUserPropertiesConfigured on org.springframework.boot.autoconfigure.security.reactive.ReactiveUserDetailsServiceAutoConfiguration matched due to AnyNestedCondition 1 matched 2 did not; NestedCondition on ReactiveUserDetailsServiceAutoConfiguration.MissingAlternativeOrUserPropertiesConfigured.PasswordConfigured @ConditionalOnProperty (spring.security.user.password) did not find property 'password'; NestedCondition on ReactiveUserDetailsServiceAutoConfiguration.MissingAlternativeOrUserPropertiesConfigured.NameConfigured @ConditionalOnProperty (spring.security.user.name) did not find property 'name'; NestedCondition on ReactiveUserDetailsServiceAutoConfiguration.MissingAlternativeOrUserPropertiesConfigured.MissingAlternative @ConditionalOnMissingClass did not find unwanted classes 'org.springframework.security.oauth2.client.registration.ClientRegistrationRepository', 'org.springframework.security.oauth2.server.resource.introspection.ReactiveOpaqueTokenIntrospector'
17:17:01.610 [main] o.s.b.f.s.DefaultListableBeanFactory TRACE - Returning cached instance of singleton bean 'autoConfigurationReport'
17:17:01.611 [main] o.s.b.f.s.DefaultListableBeanFactory TRACE - Returning cached instance of singleton bean 'autoConfigurationReport'
17:17:01.611 [main] o.s.b.f.s.DefaultListableBeanFactory TRACE - Returning cached instance of singleton bean 'autoConfigurationReport'
17:17:01.611 [main] o.s.b.f.s.DefaultListableBeanFactory TRACE - Returning cached instance of singleton bean 'autoConfigurationReport'
17:17:01.612 [main] o.s.b.f.s.DefaultListableBeanFactory TRACE - Returning cached instance of singleton bean 'autoConfigurationReport'
17:17:01.612 [main] o.s.b.f.s.DefaultListableBeanFactory TRACE - Returning cached instance of singleton bean 'autoConfigurationReport'
17:17:01.612 [main] o.s.b.f.s.DefaultListableBeanFactory TRACE - Returning cached instance of singleton bean 'autoConfigurationReport'
17:17:01.612 [main] o.s.b.f.s.DefaultListableBeanFactory TRACE - Returning cached instance of singleton bean 'autoConfigurationReport'
17:17:01.612 [main] o.s.b.f.s.DefaultListableBeanFactory TRACE - Returning cached instance of singleton bean 'autoConfigurationReport'
17:17:01.612 [main] o.s.b.f.s.DefaultListableBeanFactory TRACE - Returning cached instance of singleton bean 'autoConfigurationReport'
17:17:01.614 [main] o.s.b.a.c.OnClassCondition TRACE - Condition OnClassCondition on org.springframework.boot.autoconfigure.security.servlet.SecurityFilterAutoConfiguration matched due to @ConditionalOnClass found required classes 'org.springframework.security.web.context.AbstractSecurityWebApplicationInitializer', 'org.springframework.security.config.http.SessionCreationPolicy'
17:17:01.614 [main] o.s.b.f.s.DefaultListableBeanFactory TRACE - Returning cached instance of singleton bean 'autoConfigurationReport'
17:17:01.614 [main] o.s.b.a.c.OnWebApplicationCondition TRACE - Condition OnWebApplicationCondition on org.springframework.boot.autoconfigure.security.servlet.SecurityFilterAutoConfiguration matched due to found 'session' scope
17:17:01.614 [main] o.s.b.f.s.DefaultListableBeanFactory TRACE - Returning cached instance of singleton bean 'autoConfigurationReport'
17:17:01.614 [main] o.s.b.f.s.DefaultListableBeanFactory TRACE - Returning cached instance of singleton bean 'autoConfigurationReport'
17:17:01.614 [main] o.s.b.f.s.DefaultListableBeanFactory TRACE - Returning cached instance of singleton bean 'autoConfigurationReport'
17:17:01.614 [main] o.s.b.f.s.DefaultListableBeanFactory TRACE - Returning cached instance of singleton bean 'autoConfigurationReport'
17:17:01.614 [main] o.s.b.f.s.DefaultListableBeanFactory TRACE - Returning cached instance of singleton bean 'autoConfigurationReport'
17:17:01.614 [main] o.s.b.f.s.DefaultListableBeanFactory TRACE - Returning cached instance of singleton bean 'autoConfigurationReport'
17:17:01.614 [main] o.s.b.f.s.DefaultListableBeanFactory TRACE - Returning cached instance of singleton bean 'autoConfigurationReport'
17:17:01.614 [main] o.s.b.f.s.DefaultListableBeanFactory TRACE - Returning cached instance of singleton bean 'autoConfigurationReport'
17:17:01.615 [main] o.s.b.f.s.DefaultListableBeanFactory TRACE - Returning cached instance of singleton bean 'autoConfigurationReport'
17:17:01.615 [main] o.s.b.f.s.DefaultListableBeanFactory TRACE - Returning cached instance of singleton bean 'autoConfigurationReport'
17:17:01.616 [main] o.s.b.a.c.OnClassCondition TRACE - Condition OnClassCondition on org.springframework.boot.autoconfigure.security.servlet.UserDetailsServiceAutoConfiguration matched due to @ConditionalOnClass found required class 'org.springframework.security.authentication.AuthenticationManager'
17:17:01.616 [main] o.s.b.f.s.DefaultListableBeanFactory TRACE - Returning cached instance of singleton bean 'autoConfigurationReport'
17:17:01.620 [main] o.s.b.a.s.s.UserDetailsServiceAutoConfiguration$MissingAlternativeOrUserPropertiesConfigured TRACE - Condition UserDetailsServiceAutoConfiguration.MissingAlternativeOrUserPropertiesConfigured on org.springframework.boot.autoconfigure.security.servlet.UserDetailsServiceAutoConfiguration matched due to AnyNestedCondition 1 matched 2 did not; NestedCondition on UserDetailsServiceAutoConfiguration.MissingAlternativeOrUserPropertiesConfigured.PasswordConfigured @ConditionalOnProperty (spring.security.user.password) did not find property 'password'; NestedCondition on UserDetailsServiceAutoConfiguration.MissingAlternativeOrUserPropertiesConfigured.NameConfigured @ConditionalOnProperty (spring.security.user.name) did not find property 'name'; NestedCondition on UserDetailsServiceAutoConfiguration.MissingAlternativeOrUserPropertiesConfigured.MissingAlternative @ConditionalOnMissingClass did not find unwanted classes 'org.springframework.security.oauth2.client.registration.ClientRegistrationRepository', 'org.springframework.security.oauth2.server.resource.introspection.OpaqueTokenIntrospector', 'org.springframework.security.saml2.provider.service.registration.RelyingPartyRegistrationRepository'
17:17:01.620 [main] o.s.b.f.s.DefaultListableBeanFactory TRACE - Returning cached instance of singleton bean 'autoConfigurationReport'
17:17:01.620 [main] o.s.b.f.s.DefaultListableBeanFactory TRACE - Returning cached instance of singleton bean 'autoConfigurationReport'
17:17:01.620 [main] o.s.b.f.s.DefaultListableBeanFactory TRACE - Returning cached instance of singleton bean 'autoConfigurationReport'
17:17:01.620 [main] o.s.b.f.s.DefaultListableBeanFactory TRACE - Returning cached instance of singleton bean 'autoConfigurationReport'
17:17:01.621 [main] o.s.b.f.s.DefaultListableBeanFactory TRACE - Returning cached instance of singleton bean 'autoConfigurationReport'
17:17:01.621 [main] o.s.b.f.s.DefaultListableBeanFactory TRACE - Returning cached instance of singleton bean 'autoConfigurationReport'
17:17:01.621 [main] o.s.b.f.s.DefaultListableBeanFactory TRACE - Returning cached instance of singleton bean 'autoConfigurationReport'
17:17:01.621 [main] o.s.b.f.s.DefaultListableBeanFactory TRACE - Returning cached instance of singleton bean 'autoConfigurationReport'
17:17:01.621 [main] o.s.b.f.s.DefaultListableBeanFactory TRACE - Returning cached instance of singleton bean 'autoConfigurationReport'
17:17:01.621 [main] o.s.b.f.s.DefaultListableBeanFactory TRACE - Returning cached instance of singleton bean 'autoConfigurationReport'
17:17:01.623 [main] o.s.b.a.c.OnPropertyCondition TRACE - Condition OnPropertyCondition on org.springframework.boot.autoconfigure.sql.init.SqlInitializationAutoConfiguration matched due to @ConditionalOnProperty (spring.sql.init.enabled) matched
17:17:01.623 [main] o.s.b.f.s.DefaultListableBeanFactory TRACE - Returning cached instance of singleton bean 'autoConfigurationReport'
17:17:01.624 [main] o.s.b.a.s.i.SqlInitializationAutoConfiguration$SqlInitializationModeCondition TRACE - Condition SqlInitializationAutoConfiguration.SqlInitializationModeCondition on org.springframework.boot.autoconfigure.sql.init.SqlInitializationAutoConfiguration matched due to NoneNestedConditions 0 matched 1 did not; NestedCondition on SqlInitializationAutoConfiguration.SqlInitializationModeCondition.ModeIsNever @ConditionalOnProperty (spring.sql.init.mode=never) did not find property 'mode'
17:17:01.624 [main] o.s.b.f.s.DefaultListableBeanFactory TRACE - Returning cached instance of singleton bean 'autoConfigurationReport'
17:17:01.624 [main] o.s.b.f.s.DefaultListableBeanFactory TRACE - Returning cached instance of singleton bean 'autoConfigurationReport'
17:17:01.624 [main] o.s.b.f.s.DefaultListableBeanFactory TRACE - Returning cached instance of singleton bean 'autoConfigurationReport'
17:17:01.624 [main] o.s.b.f.s.DefaultListableBeanFactory TRACE - Returning cached instance of singleton bean 'autoConfigurationReport'
17:17:01.627 [main] o.s.b.a.c.OnClassCondition TRACE - Condition OnClassCondition on org.springframework.boot.autoconfigure.sql.init.R2dbcInitializationConfiguration did not match due to @ConditionalOnClass did not find required classes 'io.r2dbc.spi.ConnectionFactory', 'org.springframework.r2dbc.connection.init.DatabasePopulator'
17:17:01.627 [main] o.s.b.f.s.DefaultListableBeanFactory TRACE - Returning cached instance of singleton bean 'autoConfigurationReport'
17:17:01.629 [main] o.s.b.a.c.OnClassCondition TRACE - Condition OnClassCondition on org.springframework.boot.autoconfigure.sql.init.DataSourceInitializationConfiguration matched due to @ConditionalOnClass found required class 'org.springframework.jdbc.datasource.init.DatabasePopulator'
17:17:01.629 [main] o.s.b.f.s.DefaultListableBeanFactory TRACE - Returning cached instance of singleton bean 'autoConfigurationReport'
17:17:01.629 [main] o.s.b.f.s.DefaultListableBeanFactory TRACE - Returning cached instance of singleton bean 'autoConfigurationReport'
17:17:01.629 [main] o.s.b.f.s.DefaultListableBeanFactory TRACE - Returning cached instance of singleton bean 'autoConfigurationReport'
17:17:01.629 [main] o.s.b.f.s.DefaultListableBeanFactory TRACE - Returning cached instance of singleton bean 'autoConfigurationReport'
17:17:01.630 [main] o.s.b.f.s.DefaultListableBeanFactory TRACE - Returning cached instance of singleton bean 'autoConfigurationReport'
17:17:01.630 [main] o.s.b.f.s.DefaultListableBeanFactory TRACE - Returning cached instance of singleton bean 'autoConfigurationReport'
17:17:01.630 [main] o.s.b.f.s.DefaultListableBeanFactory TRACE - Returning cached instance of singleton bean 'autoConfigurationReport'
17:17:01.630 [main] o.s.b.f.s.DefaultListableBeanFactory TRACE - Returning cached instance of singleton bean 'autoConfigurationReport'
17:17:01.630 [main] o.s.b.f.s.DefaultListableBeanFactory TRACE - Returning cached instance of singleton bean 'autoConfigurationReport'
17:17:01.630 [main] o.s.b.f.s.DefaultListableBeanFactory TRACE - Returning cached instance of singleton bean 'autoConfigurationReport'
17:17:01.631 [main] o.s.b.a.c.OnClassCondition TRACE - Condition OnClassCondition on org.springframework.boot.autoconfigure.task.TaskSchedulingAutoConfiguration matched due to @ConditionalOnClass found required class 'org.springframework.scheduling.concurrent.ThreadPoolTaskScheduler'
17:17:01.631 [main] o.s.b.f.s.DefaultListableBeanFactory TRACE - Returning cached instance of singleton bean 'autoConfigurationReport'
17:17:01.631 [main] o.s.b.f.s.DefaultListableBeanFactory TRACE - Returning cached instance of singleton bean 'autoConfigurationReport'
17:17:01.631 [main] o.s.b.f.s.DefaultListableBeanFactory TRACE - Returning cached instance of singleton bean 'autoConfigurationReport'
17:17:01.631 [main] o.s.b.f.s.DefaultListableBeanFactory TRACE - Returning cached instance of singleton bean 'autoConfigurationReport'
17:17:01.633 [main] o.s.b.f.s.DefaultListableBeanFactory TRACE - Returning cached instance of singleton bean 'autoConfigurationReport'
17:17:01.633 [main] o.s.b.f.s.DefaultListableBeanFactory TRACE - Returning cached instance of singleton bean 'autoConfigurationReport'
17:17:01.633 [main] o.s.b.f.s.DefaultListableBeanFactory TRACE - Returning cached instance of singleton bean 'autoConfigurationReport'
17:17:01.634 [main] o.s.b.f.s.DefaultListableBeanFactory TRACE - Returning cached instance of singleton bean 'autoConfigurationReport'
17:17:01.634 [main] o.s.b.f.s.DefaultListableBeanFactory TRACE - Returning cached instance of singleton bean 'autoConfigurationReport'
17:17:01.634 [main] o.s.b.f.s.DefaultListableBeanFactory TRACE - Returning cached instance of singleton bean 'autoConfigurationReport'
17:17:01.634 [main] o.s.b.f.s.DefaultListableBeanFactory TRACE - Returning cached instance of singleton bean 'autoConfigurationReport'
17:17:01.634 [main] o.s.b.f.s.DefaultListableBeanFactory TRACE - Returning cached instance of singleton bean 'autoConfigurationReport'
17:17:01.634 [main] o.s.b.f.s.DefaultListableBeanFactory TRACE - Returning cached instance of singleton bean 'autoConfigurationReport'
17:17:01.634 [main] o.s.b.f.s.DefaultListableBeanFactory TRACE - Returning cached instance of singleton bean 'autoConfigurationReport'
17:17:01.634 [main] o.s.b.f.s.DefaultListableBeanFactory TRACE - Returning cached instance of singleton bean 'autoConfigurationReport'
17:17:01.634 [main] o.s.b.f.s.DefaultListableBeanFactory TRACE - Returning cached instance of singleton bean 'autoConfigurationReport'
17:17:01.634 [main] o.s.b.f.s.DefaultListableBeanFactory TRACE - Returning cached instance of singleton bean 'autoConfigurationReport'
17:17:01.634 [main] o.s.b.f.s.DefaultListableBeanFactory TRACE - Returning cached instance of singleton bean 'autoConfigurationReport'
17:17:01.634 [main] o.s.b.f.s.DefaultListableBeanFactory TRACE - Returning cached instance of singleton bean 'autoConfigurationReport'
17:17:01.634 [main] o.s.b.f.s.DefaultListableBeanFactory TRACE - Returning cached instance of singleton bean 'autoConfigurationReport'
17:17:01.634 [main] o.s.b.f.s.DefaultListableBeanFactory TRACE - Returning cached instance of singleton bean 'autoConfigurationReport'
17:17:01.634 [main] o.s.b.f.s.DefaultListableBeanFactory TRACE - Returning cached instance of singleton bean 'autoConfigurationReport'
17:17:01.645 [main] o.s.b.a.c.OnClassCondition TRACE - Condition OnClassCondition on org.springframework.boot.autoconfigure.jdbc.DataSourceTransactionManagerAutoConfiguration matched due to @ConditionalOnClass found required classes 'org.springframework.jdbc.core.JdbcTemplate', 'org.springframework.transaction.TransactionManager'
17:17:01.645 [main] o.s.b.f.s.DefaultListableBeanFactory TRACE - Returning cached instance of singleton bean 'autoConfigurationReport'
17:17:01.646 [main] o.s.b.f.s.DefaultListableBeanFactory TRACE - Returning cached instance of singleton bean 'autoConfigurationReport'
17:17:01.646 [main] o.s.b.f.s.DefaultListableBeanFactory TRACE - Returning cached instance of singleton bean 'autoConfigurationReport'
17:17:01.646 [main] o.s.b.f.s.DefaultListableBeanFactory TRACE - Returning cached instance of singleton bean 'autoConfigurationReport'
17:17:01.647 [main] o.s.b.f.s.DefaultListableBeanFactory TRACE - Returning cached instance of singleton bean 'autoConfigurationReport'
17:17:01.647 [main] o.s.b.f.s.DefaultListableBeanFactory TRACE - Returning cached instance of singleton bean 'autoConfigurationReport'
17:17:01.647 [main] o.s.b.f.s.DefaultListableBeanFactory TRACE - Returning cached instance of singleton bean 'autoConfigurationReport'
17:17:01.648 [main] o.s.b.f.s.DefaultListableBeanFactory TRACE - Returning cached instance of singleton bean 'autoConfigurationReport'
17:17:01.648 [main] o.s.b.f.s.DefaultListableBeanFactory TRACE - Returning cached instance of singleton bean 'autoConfigurationReport'
17:17:01.648 [main] o.s.b.f.s.DefaultListableBeanFactory TRACE - Returning cached instance of singleton bean 'autoConfigurationReport'
17:17:01.648 [main] o.s.b.f.s.DefaultListableBeanFactory TRACE - Returning cached instance of singleton bean 'autoConfigurationReport'
17:17:01.648 [main] o.s.b.f.s.DefaultListableBeanFactory TRACE - Returning cached instance of singleton bean 'autoConfigurationReport'
17:17:01.648 [main] o.s.b.f.s.DefaultListableBeanFactory TRACE - Returning cached instance of singleton bean 'autoConfigurationReport'
17:17:01.649 [main] o.s.b.a.c.OnClassCondition TRACE - Condition OnClassCondition on org.springframework.boot.autoconfigure.transaction.TransactionAutoConfiguration matched due to @ConditionalOnClass found required class 'org.springframework.transaction.PlatformTransactionManager'
17:17:01.649 [main] o.s.b.f.s.DefaultListableBeanFactory TRACE - Returning cached instance of singleton bean 'autoConfigurationReport'
17:17:01.649 [main] o.s.b.f.s.DefaultListableBeanFactory TRACE - Returning cached instance of singleton bean 'autoConfigurationReport'
17:17:01.649 [main] o.s.b.f.s.DefaultListableBeanFactory TRACE - Returning cached instance of singleton bean 'autoConfigurationReport'
17:17:01.649 [main] o.s.b.f.s.DefaultListableBeanFactory TRACE - Returning cached instance of singleton bean 'autoConfigurationReport'
17:17:01.650 [main] o.s.b.f.s.DefaultListableBeanFactory TRACE - Returning cached instance of singleton bean 'autoConfigurationReport'
17:17:01.650 [main] o.s.b.f.s.DefaultListableBeanFactory TRACE - Returning cached instance of singleton bean 'autoConfigurationReport'
17:17:01.650 [main] o.s.b.f.s.DefaultListableBeanFactory TRACE - Returning cached instance of singleton bean 'autoConfigurationReport'
17:17:01.651 [main] o.s.b.a.c.OnBeanCondition TRACE - Condition OnBeanCondition on org.springframework.boot.autoconfigure.transaction.TransactionAutoConfiguration$AspectJTransactionManagementConfiguration did not match due to @ConditionalOnBean did not find required type 'org.springframework.transaction.aspectj.AbstractTransactionAspect'
17:17:01.651 [main] o.s.b.a.AutoConfigurationImportSelector TRACE - Filtered 1 auto configuration class in 0 ms
17:17:01.651 [main] o.s.b.f.s.DefaultListableBeanFactory TRACE - Returning cached instance of singleton bean 'autoConfigurationReport'
17:17:01.651 [main] o.s.b.f.s.DefaultListableBeanFactory TRACE - Returning cached instance of singleton bean 'autoConfigurationReport'
17:17:01.651 [main] o.s.b.f.s.DefaultListableBeanFactory TRACE - Returning cached instance of singleton bean 'autoConfigurationReport'
17:17:01.655 [main] o.s.b.a.c.OnPropertyCondition TRACE - Condition OnPropertyCondition on org.springframework.boot.autoconfigure.transaction.TransactionAutoConfiguration$EnableTransactionManagementConfiguration$CglibAutoProxyConfiguration matched due to @ConditionalOnProperty (spring.aop.proxy-target-class=true) matched
17:17:01.655 [main] o.s.b.f.s.DefaultListableBeanFactory TRACE - Returning cached instance of singleton bean 'autoConfigurationReport'
17:17:01.656 [main] o.s.b.f.s.DefaultListableBeanFactory TRACE - Returning cached instance of singleton bean 'autoConfigurationReport'
17:17:01.656 [main] o.s.b.f.s.DefaultListableBeanFactory TRACE - Returning cached instance of singleton bean 'autoConfigurationReport'
17:17:01.656 [main] o.s.b.f.s.DefaultListableBeanFactory TRACE - Returning cached instance of singleton bean 'autoConfigurationReport'
17:17:01.661 [main] o.s.b.f.s.DefaultListableBeanFactory TRACE - Returning cached instance of singleton bean 'autoConfigurationReport'
17:17:01.661 [main] o.s.b.f.s.DefaultListableBeanFactory TRACE - Returning cached instance of singleton bean 'autoConfigurationReport'
17:17:01.661 [main] o.s.b.f.s.DefaultListableBeanFactory TRACE - Returning cached instance of singleton bean 'autoConfigurationReport'
17:17:01.662 [main] o.s.b.f.s.DefaultListableBeanFactory TRACE - Returning cached instance of singleton bean 'autoConfigurationReport'
17:17:01.662 [main] o.s.b.f.s.DefaultListableBeanFactory TRACE - Returning cached instance of singleton bean 'autoConfigurationReport'
17:17:01.662 [main] o.s.b.f.s.DefaultListableBeanFactory TRACE - Returning cached instance of singleton bean 'autoConfigurationReport'
17:17:01.664 [main] o.s.b.f.s.DefaultListableBeanFactory TRACE - Returning cached instance of singleton bean 'autoConfigurationReport'
17:17:01.664 [main] o.s.b.f.s.DefaultListableBeanFactory TRACE - Returning cached instance of singleton bean 'autoConfigurationReport'
17:17:01.664 [main] o.s.b.f.s.DefaultListableBeanFactory TRACE - Returning cached instance of singleton bean 'autoConfigurationReport'
17:17:01.666 [main] o.s.b.a.c.OnPropertyCondition TRACE - Condition OnPropertyCondition on org.springframework.boot.autoconfigure.transaction.TransactionAutoConfiguration$EnableTransactionManagementConfiguration$JdkDynamicAutoProxyConfiguration did not match due to @ConditionalOnProperty (spring.aop.proxy-target-class=false) did not find property 'proxy-target-class'
17:17:01.666 [main] o.s.b.f.s.DefaultListableBeanFactory TRACE - Returning cached instance of singleton bean 'autoConfigurationReport'
17:17:01.667 [main] o.s.b.f.s.DefaultListableBeanFactory TRACE - Returning cached instance of singleton bean 'autoConfigurationReport'
17:17:01.667 [main] o.s.b.f.s.DefaultListableBeanFactory TRACE - Returning cached instance of singleton bean 'autoConfigurationReport'
17:17:01.667 [main] o.s.b.f.s.DefaultListableBeanFactory TRACE - Returning cached instance of singleton bean 'autoConfigurationReport'
17:17:01.667 [main] o.s.b.f.s.DefaultListableBeanFactory TRACE - Returning cached instance of singleton bean 'autoConfigurationReport'
17:17:01.667 [main] o.s.b.f.s.DefaultListableBeanFactory TRACE - Returning cached instance of singleton bean 'autoConfigurationReport'
17:17:01.667 [main] o.s.b.f.s.DefaultListableBeanFactory TRACE - Returning cached instance of singleton bean 'autoConfigurationReport'
17:17:01.667 [main] o.s.b.f.s.DefaultListableBeanFactory TRACE - Returning cached instance of singleton bean 'autoConfigurationReport'
17:17:01.667 [main] o.s.b.f.s.DefaultListableBeanFactory TRACE - Returning cached instance of singleton bean 'autoConfigurationReport'
17:17:01.667 [main] o.s.b.f.s.DefaultListableBeanFactory TRACE - Returning cached instance of singleton bean 'autoConfigurationReport'
17:17:01.669 [main] o.s.b.a.c.OnClassCondition TRACE - Condition OnClassCondition on org.springframework.boot.autoconfigure.web.client.RestClientAutoConfiguration matched due to @ConditionalOnClass found required class 'org.springframework.web.client.RestClient'
17:17:01.669 [main] o.s.b.f.s.DefaultListableBeanFactory TRACE - Returning cached instance of singleton bean 'autoConfigurationReport'
17:17:01.670 [main] o.s.b.a.w.c.NotReactiveWebApplicationCondition TRACE - Condition NotReactiveWebApplicationCondition on org.springframework.boot.autoconfigure.web.client.RestClientAutoConfiguration matched due to NoneNestedConditions 0 matched 1 did not; NestedCondition on NotReactiveWebApplicationCondition.ReactiveWebApplication did not find reactive web application classes
17:17:01.670 [main] o.s.b.f.s.DefaultListableBeanFactory TRACE - Returning cached instance of singleton bean 'autoConfigurationReport'
17:17:01.670 [main] o.s.b.f.s.DefaultListableBeanFactory TRACE - Returning cached instance of singleton bean 'autoConfigurationReport'
17:17:01.670 [main] o.s.b.f.s.DefaultListableBeanFactory TRACE - Returning cached instance of singleton bean 'autoConfigurationReport'
17:17:01.670 [main] o.s.b.f.s.DefaultListableBeanFactory TRACE - Returning cached instance of singleton bean 'autoConfigurationReport'
17:17:01.671 [main] o.s.b.f.s.DefaultListableBeanFactory TRACE - Returning cached instance of singleton bean 'autoConfigurationReport'
17:17:01.671 [main] o.s.b.f.s.DefaultListableBeanFactory TRACE - Returning cached instance of singleton bean 'autoConfigurationReport'
17:17:01.671 [main] o.s.b.f.s.DefaultListableBeanFactory TRACE - Returning cached instance of singleton bean 'autoConfigurationReport'
17:17:01.671 [main] o.s.b.f.s.DefaultListableBeanFactory TRACE - Returning cached instance of singleton bean 'autoConfigurationReport'
17:17:01.671 [main] o.s.b.f.s.DefaultListableBeanFactory TRACE - Returning cached instance of singleton bean 'autoConfigurationReport'
17:17:01.671 [main] o.s.b.f.s.DefaultListableBeanFactory TRACE - Returning cached instance of singleton bean 'autoConfigurationReport'
17:17:01.672 [main] o.s.b.a.c.OnClassCondition TRACE - Condition OnClassCondition on org.springframework.boot.autoconfigure.web.client.RestTemplateAutoConfiguration matched due to @ConditionalOnClass found required class 'org.springframework.web.client.RestTemplate'
17:17:01.672 [main] o.s.b.f.s.DefaultListableBeanFactory TRACE - Returning cached instance of singleton bean 'autoConfigurationReport'
17:17:01.673 [main] o.s.b.a.w.c.NotReactiveWebApplicationCondition TRACE - Condition NotReactiveWebApplicationCondition on org.springframework.boot.autoconfigure.web.client.RestTemplateAutoConfiguration matched due to NoneNestedConditions 0 matched 1 did not; NestedCondition on NotReactiveWebApplicationCondition.ReactiveWebApplication did not find reactive web application classes
17:17:01.673 [main] o.s.b.f.s.DefaultListableBeanFactory TRACE - Returning cached instance of singleton bean 'autoConfigurationReport'
17:17:01.673 [main] o.s.b.f.s.DefaultListableBeanFactory TRACE - Returning cached instance of singleton bean 'autoConfigurationReport'
17:17:01.673 [main] o.s.b.f.s.DefaultListableBeanFactory TRACE - Returning cached instance of singleton bean 'autoConfigurationReport'
17:17:01.673 [main] o.s.b.f.s.DefaultListableBeanFactory TRACE - Returning cached instance of singleton bean 'autoConfigurationReport'
17:17:01.674 [main] o.s.b.f.s.DefaultListableBeanFactory TRACE - Returning cached instance of singleton bean 'autoConfigurationReport'
17:17:01.674 [main] o.s.b.f.s.DefaultListableBeanFactory TRACE - Returning cached instance of singleton bean 'autoConfigurationReport'
17:17:01.674 [main] o.s.b.f.s.DefaultListableBeanFactory TRACE - Returning cached instance of singleton bean 'autoConfigurationReport'
17:17:01.674 [main] o.s.b.f.s.DefaultListableBeanFactory TRACE - Returning cached instance of singleton bean 'autoConfigurationReport'
17:17:01.674 [main] o.s.b.f.s.DefaultListableBeanFactory TRACE - Returning cached instance of singleton bean 'autoConfigurationReport'
17:17:01.674 [main] o.s.b.f.s.DefaultListableBeanFactory TRACE - Returning cached instance of singleton bean 'autoConfigurationReport'
17:17:01.676 [main] o.s.b.a.c.OnWebApplicationCondition TRACE - Condition OnWebApplicationCondition on org.springframework.boot.autoconfigure.web.embedded.EmbeddedWebServerFactoryCustomizerAutoConfiguration matched due to @ConditionalOnWebApplication (required) found 'session' scope
17:17:01.676 [main] o.s.b.f.s.DefaultListableBeanFactory TRACE - Returning cached instance of singleton bean 'autoConfigurationReport'
17:17:01.677 [main] o.s.b.a.c.OnWarDeploymentCondition TRACE - Condition OnWarDeploymentCondition on org.springframework.boot.autoconfigure.web.embedded.EmbeddedWebServerFactoryCustomizerAutoConfiguration did not match due to Application is deployed as a WAR file.
17:17:01.677 [main] o.s.b.f.s.DefaultListableBeanFactory TRACE - Returning cached instance of singleton bean 'autoConfigurationReport'
17:17:01.677 [main] o.s.b.f.s.DefaultListableBeanFactory TRACE - Returning cached instance of singleton bean 'autoConfigurationReport'
17:17:01.677 [main] o.s.b.f.s.DefaultListableBeanFactory TRACE - Returning cached instance of singleton bean 'autoConfigurationReport'
17:17:01.677 [main] o.s.b.f.s.DefaultListableBeanFactory TRACE - Returning cached instance of singleton bean 'autoConfigurationReport'
17:17:01.677 [main] o.s.b.f.s.DefaultListableBeanFactory TRACE - Returning cached instance of singleton bean 'autoConfigurationReport'
17:17:01.677 [main] o.s.b.f.s.DefaultListableBeanFactory TRACE - Returning cached instance of singleton bean 'autoConfigurationReport'
17:17:01.677 [main] o.s.b.f.s.DefaultListableBeanFactory TRACE - Returning cached instance of singleton bean 'autoConfigurationReport'
17:17:01.679 [main] o.s.b.a.c.OnClassCondition TRACE - Condition OnClassCondition on org.springframework.boot.autoconfigure.web.servlet.HttpEncodingAutoConfiguration matched due to @ConditionalOnClass found required class 'org.springframework.web.filter.CharacterEncodingFilter'
17:17:01.679 [main] o.s.b.f.s.DefaultListableBeanFactory TRACE - Returning cached instance of singleton bean 'autoConfigurationReport'
17:17:01.679 [main] o.s.b.a.c.OnWebApplicationCondition TRACE - Condition OnWebApplicationCondition on org.springframework.boot.autoconfigure.web.servlet.HttpEncodingAutoConfiguration matched due to found 'session' scope
17:17:01.679 [main] o.s.b.f.s.DefaultListableBeanFactory TRACE - Returning cached instance of singleton bean 'autoConfigurationReport'
17:17:01.679 [main] o.s.b.a.c.OnPropertyCondition TRACE - Condition OnPropertyCondition on org.springframework.boot.autoconfigure.web.servlet.HttpEncodingAutoConfiguration matched due to @ConditionalOnProperty (server.servlet.encoding.enabled) matched
17:17:01.679 [main] o.s.b.f.s.DefaultListableBeanFactory TRACE - Returning cached instance of singleton bean 'autoConfigurationReport'
17:17:01.679 [main] o.s.b.f.s.DefaultListableBeanFactory TRACE - Returning cached instance of singleton bean 'autoConfigurationReport'
17:17:01.679 [main] o.s.b.f.s.DefaultListableBeanFactory TRACE - Returning cached instance of singleton bean 'autoConfigurationReport'
17:17:01.679 [main] o.s.b.f.s.DefaultListableBeanFactory TRACE - Returning cached instance of singleton bean 'autoConfigurationReport'
17:17:01.680 [main] o.s.b.f.s.DefaultListableBeanFactory TRACE - Returning cached instance of singleton bean 'autoConfigurationReport'
17:17:01.680 [main] o.s.b.f.s.DefaultListableBeanFactory TRACE - Returning cached instance of singleton bean 'autoConfigurationReport'
17:17:01.680 [main] o.s.b.f.s.DefaultListableBeanFactory TRACE - Returning cached instance of singleton bean 'autoConfigurationReport'
17:17:01.680 [main] o.s.b.f.s.DefaultListableBeanFactory TRACE - Returning cached instance of singleton bean 'autoConfigurationReport'
17:17:01.680 [main] o.s.b.f.s.DefaultListableBeanFactory TRACE - Returning cached instance of singleton bean 'autoConfigurationReport'
17:17:01.680 [main] o.s.b.f.s.DefaultListableBeanFactory TRACE - Returning cached instance of singleton bean 'autoConfigurationReport'
17:17:01.681 [main] o.s.b.a.c.OnClassCondition TRACE - Condition OnClassCondition on org.springframework.boot.autoconfigure.web.servlet.MultipartAutoConfiguration matched due to @ConditionalOnClass found required classes 'jakarta.servlet.Servlet', 'org.springframework.web.multipart.support.StandardServletMultipartResolver', 'jakarta.servlet.MultipartConfigElement'
17:17:01.681 [main] o.s.b.f.s.DefaultListableBeanFactory TRACE - Returning cached instance of singleton bean 'autoConfigurationReport'
17:17:01.681 [main] o.s.b.a.c.OnWebApplicationCondition TRACE - Condition OnWebApplicationCondition on org.springframework.boot.autoconfigure.web.servlet.MultipartAutoConfiguration matched due to found 'session' scope
17:17:01.681 [main] o.s.b.f.s.DefaultListableBeanFactory TRACE - Returning cached instance of singleton bean 'autoConfigurationReport'
17:17:01.681 [main] o.s.b.a.c.OnPropertyCondition TRACE - Condition OnPropertyCondition on org.springframework.boot.autoconfigure.web.servlet.MultipartAutoConfiguration matched due to @ConditionalOnProperty (spring.servlet.multipart.enabled) matched
17:17:01.681 [main] o.s.b.f.s.DefaultListableBeanFactory TRACE - Returning cached instance of singleton bean 'autoConfigurationReport'
17:17:01.681 [main] o.s.b.f.s.DefaultListableBeanFactory TRACE - Returning cached instance of singleton bean 'autoConfigurationReport'
17:17:01.681 [main] o.s.b.f.s.DefaultListableBeanFactory TRACE - Returning cached instance of singleton bean 'autoConfigurationReport'
17:17:01.681 [main] o.s.b.f.s.DefaultListableBeanFactory TRACE - Returning cached instance of singleton bean 'autoConfigurationReport'
17:17:01.685 [main] o.s.c.a.ConfigurationClassBeanDefinitionReader TRACE - Registering bean definition for @Bean method com.assignment.InternshipProject.configuration.FilterConfig.loggingFilter()
17:17:01.690 [main] o.s.c.a.ConfigurationClassBeanDefinitionReader TRACE - Registered bean definition for imported class 'org.springframework.boot.autoconfigure.context.PropertyPlaceholderAutoConfiguration'
17:17:01.703 [main] o.s.b.a.c.OnBeanCondition TRACE - Condition OnBeanCondition on org.springframework.boot.autoconfigure.context.PropertyPlaceholderAutoConfiguration#propertySourcesPlaceholderConfigurer matched due to @ConditionalOnMissingBean (types: org.springframework.context.support.PropertySourcesPlaceholderConfigurer; SearchStrategy: current) did not find any beans
17:17:01.703 [main] o.s.b.f.s.DefaultListableBeanFactory TRACE - Returning cached instance of singleton bean 'autoConfigurationReport'
17:17:01.703 [main] o.s.c.a.ConfigurationClassBeanDefinitionReader TRACE - Registering bean definition for @Bean method org.springframework.boot.autoconfigure.context.PropertyPlaceholderAutoConfiguration.propertySourcesPlaceholderConfigurer()
17:17:01.704 [main] o.s.c.a.ConfigurationClassBeanDefinitionReader TRACE - Registered bean definition for imported class 'org.springframework.boot.autoconfigure.ssl.SslAutoConfiguration'
17:17:01.704 [main] o.s.c.a.ConfigurationClassBeanDefinitionReader TRACE - Registering bean definition for @Bean method org.springframework.boot.autoconfigure.ssl.SslAutoConfiguration.fileWatcher()
17:17:01.704 [main] o.s.c.a.ConfigurationClassBeanDefinitionReader TRACE - Registering bean definition for @Bean method org.springframework.boot.autoconfigure.ssl.SslAutoConfiguration.sslPropertiesSslBundleRegistrar()
17:17:01.713 [main] o.s.b.a.c.OnBeanCondition TRACE - Condition OnBeanCondition on org.springframework.boot.autoconfigure.ssl.SslAutoConfiguration#sslBundleRegistry matched due to @ConditionalOnMissingBean (types: org.springframework.boot.ssl.SslBundleRegistry,org.springframework.boot.ssl.SslBundles; SearchStrategy: all) did not find any beans
17:17:01.713 [main] o.s.b.f.s.DefaultListableBeanFactory TRACE - Returning cached instance of singleton bean 'autoConfigurationReport'
17:17:01.713 [main] o.s.c.a.ConfigurationClassBeanDefinitionReader TRACE - Registering bean definition for @Bean method org.springframework.boot.autoconfigure.ssl.SslAutoConfiguration.sslBundleRegistry()
17:17:01.729 [main] o.s.b.a.c.OnClassCondition TRACE - Condition OnClassCondition on org.springframework.boot.autoconfigure.websocket.servlet.WebSocketServletAutoConfiguration matched due to @ConditionalOnClass found required classes 'jakarta.servlet.Servlet', 'jakarta.websocket.server.ServerContainer'
17:17:01.729 [main] o.s.b.f.s.DefaultListableBeanFactory TRACE - Returning cached instance of singleton bean 'autoConfigurationReport'
17:17:01.729 [main] o.s.b.a.c.OnWebApplicationCondition TRACE - Condition OnWebApplicationCondition on org.springframework.boot.autoconfigure.websocket.servlet.WebSocketServletAutoConfiguration matched due to found 'session' scope
17:17:01.729 [main] o.s.b.f.s.DefaultListableBeanFactory TRACE - Returning cached instance of singleton bean 'autoConfigurationReport'
17:17:01.730 [main] o.s.b.a.c.OnClassCondition TRACE - Condition OnClassCondition on org.springframework.boot.autoconfigure.websocket.servlet.WebSocketServletAutoConfiguration$TomcatWebSocketConfiguration matched due to @ConditionalOnClass found required classes 'org.apache.catalina.startup.Tomcat', 'org.apache.tomcat.websocket.server.WsSci'
17:17:01.730 [main] o.s.b.f.s.DefaultListableBeanFactory TRACE - Returning cached instance of singleton bean 'autoConfigurationReport'
17:17:01.730 [main] o.s.c.a.ConfigurationClassBeanDefinitionReader TRACE - Registered bean definition for imported class 'org.springframework.boot.autoconfigure.websocket.servlet.WebSocketServletAutoConfiguration$TomcatWebSocketConfiguration'
17:17:01.731 [main] o.s.b.a.c.OnBeanCondition TRACE - Condition OnBeanCondition on org.springframework.boot.autoconfigure.websocket.servlet.WebSocketServletAutoConfiguration$TomcatWebSocketConfiguration#websocketServletWebServerCustomizer matched due to @ConditionalOnMissingBean (names: websocketServletWebServerCustomizer; SearchStrategy: all) did not find any beans
17:17:01.731 [main] o.s.b.f.s.DefaultListableBeanFactory TRACE - Returning cached instance of singleton bean 'autoConfigurationReport'
17:17:01.731 [main] o.s.c.a.ConfigurationClassBeanDefinitionReader TRACE - Registering bean definition for @Bean method org.springframework.boot.autoconfigure.websocket.servlet.WebSocketServletAutoConfiguration$TomcatWebSocketConfiguration.websocketServletWebServerCustomizer()
17:17:01.732 [main] o.s.c.a.ConfigurationClassBeanDefinitionReader TRACE - Registered bean definition for imported class 'org.springframework.boot.autoconfigure.websocket.servlet.WebSocketServletAutoConfiguration'
17:17:01.733 [main] o.s.b.a.c.OnClassCondition TRACE - Condition OnClassCondition on org.springframework.boot.autoconfigure.web.servlet.ServletWebServerFactoryAutoConfiguration matched due to @ConditionalOnClass found required class 'jakarta.servlet.ServletRequest'
17:17:01.733 [main] o.s.b.f.s.DefaultListableBeanFactory TRACE - Returning cached instance of singleton bean 'autoConfigurationReport'
17:17:01.733 [main] o.s.b.a.c.OnWebApplicationCondition TRACE - Condition OnWebApplicationCondition on org.springframework.boot.autoconfigure.web.servlet.ServletWebServerFactoryAutoConfiguration matched due to found 'session' scope
17:17:01.733 [main] o.s.b.f.s.DefaultListableBeanFactory TRACE - Returning cached instance of singleton bean 'autoConfigurationReport'
17:17:01.733 [main] o.s.b.a.c.OnClassCondition TRACE - Condition OnClassCondition on org.springframework.boot.autoconfigure.web.servlet.ServletWebServerFactoryConfiguration$EmbeddedTomcat matched due to @ConditionalOnClass found required classes 'jakarta.servlet.Servlet', 'org.apache.catalina.startup.Tomcat', 'org.apache.coyote.UpgradeProtocol'
17:17:01.733 [main] o.s.b.f.s.DefaultListableBeanFactory TRACE - Returning cached instance of singleton bean 'autoConfigurationReport'
17:17:01.737 [main] o.s.b.a.c.OnBeanCondition TRACE - Condition OnBeanCondition on org.springframework.boot.autoconfigure.web.servlet.ServletWebServerFactoryConfiguration$EmbeddedTomcat matched due to @ConditionalOnMissingBean (types: org.springframework.boot.web.servlet.server.ServletWebServerFactory; SearchStrategy: current) did not find any beans
17:17:01.737 [main] o.s.b.f.s.DefaultListableBeanFactory TRACE - Returning cached instance of singleton bean 'autoConfigurationReport'
17:17:01.738 [main] o.s.c.a.ConfigurationClassBeanDefinitionReader TRACE - Registered bean definition for imported class 'org.springframework.boot.autoconfigure.web.servlet.ServletWebServerFactoryConfiguration$EmbeddedTomcat'
17:17:01.738 [main] o.s.c.a.ConfigurationClassBeanDefinitionReader TRACE - Registering bean definition for @Bean method org.springframework.boot.autoconfigure.web.servlet.ServletWebServerFactoryConfiguration$EmbeddedTomcat.tomcatServletWebServerFactory()
17:17:01.744 [main] o.s.c.a.ConfigurationClassBeanDefinitionReader TRACE - Registered bean definition for imported class 'org.springframework.boot.autoconfigure.web.servlet.ServletWebServerFactoryAutoConfiguration'
17:17:01.744 [main] o.s.c.a.ConfigurationClassBeanDefinitionReader TRACE - Registering bean definition for @Bean method org.springframework.boot.autoconfigure.web.servlet.ServletWebServerFactoryAutoConfiguration.servletWebServerFactoryCustomizer()
17:17:01.744 [main] o.s.b.a.c.OnClassCondition TRACE - Condition OnClassCondition on org.springframework.boot.autoconfigure.web.servlet.ServletWebServerFactoryAutoConfiguration#tomcatServletWebServerFactoryCustomizer matched due to @ConditionalOnClass found required class 'org.apache.catalina.startup.Tomcat'
17:17:01.744 [main] o.s.b.f.s.DefaultListableBeanFactory TRACE - Returning cached instance of singleton bean 'autoConfigurationReport'
17:17:01.745 [main] o.s.c.a.ConfigurationClassBeanDefinitionReader TRACE - Registering bean definition for @Bean method org.springframework.boot.autoconfigure.web.servlet.ServletWebServerFactoryAutoConfiguration.tomcatServletWebServerFactoryCustomizer()
17:17:01.765 [main] o.s.b.a.c.OnClassCondition TRACE - Condition OnClassCondition on org.springframework.boot.autoconfigure.web.servlet.DispatcherServletAutoConfiguration matched due to @ConditionalOnClass found required class 'org.springframework.web.servlet.DispatcherServlet'
17:17:01.765 [main] o.s.b.f.s.DefaultListableBeanFactory TRACE - Returning cached instance of singleton bean 'autoConfigurationReport'
17:17:01.765 [main] o.s.b.a.c.OnWebApplicationCondition TRACE - Condition OnWebApplicationCondition on org.springframework.boot.autoconfigure.web.servlet.DispatcherServletAutoConfiguration matched due to found 'session' scope
17:17:01.765 [main] o.s.b.f.s.DefaultListableBeanFactory TRACE - Returning cached instance of singleton bean 'autoConfigurationReport'
17:17:01.765 [main] o.s.b.a.c.OnClassCondition TRACE - Condition OnClassCondition on org.springframework.boot.autoconfigure.web.servlet.DispatcherServletAutoConfiguration$DispatcherServletRegistrationConfiguration matched due to @ConditionalOnClass found required class 'jakarta.servlet.ServletRegistration'
17:17:01.765 [main] o.s.b.f.s.DefaultListableBeanFactory TRACE - Returning cached instance of singleton bean 'autoConfigurationReport'
17:17:01.765 [main] o.s.b.a.w.s.DispatcherServletAutoConfiguration$DispatcherServletRegistrationCondition TRACE - Condition DispatcherServletAutoConfiguration.DispatcherServletRegistrationCondition on org.springframework.boot.autoconfigure.web.servlet.DispatcherServletAutoConfiguration$DispatcherServletRegistrationConfiguration matched due to DispatcherServlet Registration did not find servlet registration bean
17:17:01.765 [main] o.s.b.f.s.DefaultListableBeanFactory TRACE - Returning cached instance of singleton bean 'autoConfigurationReport'
17:17:01.766 [main] o.s.b.a.c.OnClassCondition TRACE - Condition OnClassCondition on org.springframework.boot.autoconfigure.web.servlet.DispatcherServletAutoConfiguration$DispatcherServletConfiguration matched due to @ConditionalOnClass found required class 'jakarta.servlet.ServletRegistration'
17:17:01.766 [main] o.s.b.f.s.DefaultListableBeanFactory TRACE - Returning cached instance of singleton bean 'autoConfigurationReport'
17:17:01.766 [main] o.s.b.a.w.s.DispatcherServletAutoConfiguration$DefaultDispatcherServletCondition TRACE - Condition DispatcherServletAutoConfiguration.DefaultDispatcherServletCondition on org.springframework.boot.autoconfigure.web.servlet.DispatcherServletAutoConfiguration$DispatcherServletConfiguration matched due to Default DispatcherServlet did not find dispatcher servlet beans
17:17:01.766 [main] o.s.b.f.s.DefaultListableBeanFactory TRACE - Returning cached instance of singleton bean 'autoConfigurationReport'
17:17:01.767 [main] o.s.c.a.ConfigurationClassBeanDefinitionReader TRACE - Registered bean definition for imported class 'org.springframework.boot.autoconfigure.web.servlet.DispatcherServletAutoConfiguration$DispatcherServletConfiguration'
17:17:01.767 [main] o.s.c.a.ConfigurationClassBeanDefinitionReader TRACE - Registering bean definition for @Bean method org.springframework.boot.autoconfigure.web.servlet.DispatcherServletAutoConfiguration$DispatcherServletConfiguration.dispatcherServlet()
17:17:01.769 [main] o.s.b.a.c.OnBeanCondition TRACE - Condition OnBeanCondition on org.springframework.boot.autoconfigure.web.servlet.DispatcherServletAutoConfiguration$DispatcherServletConfiguration#multipartResolver did not match due to @ConditionalOnBean (types: org.springframework.web.multipart.MultipartResolver; SearchStrategy: all) did not find any beans of type org.springframework.web.multipart.MultipartResolver
17:17:01.769 [main] o.s.b.f.s.DefaultListableBeanFactory TRACE - Returning cached instance of singleton bean 'autoConfigurationReport'
17:17:01.773 [main] o.s.c.a.ConfigurationClassBeanDefinitionReader TRACE - Registered bean definition for imported class 'org.springframework.boot.autoconfigure.web.servlet.DispatcherServletAutoConfiguration$DispatcherServletRegistrationConfiguration'
17:17:01.774 [main] o.s.b.a.c.OnBeanCondition TRACE - Condition OnBeanCondition on org.springframework.boot.autoconfigure.web.servlet.DispatcherServletAutoConfiguration$DispatcherServletRegistrationConfiguration#dispatcherServletRegistration matched due to @ConditionalOnBean (names: dispatcherServlet types: org.springframework.web.servlet.DispatcherServlet; SearchStrategy: all) found bean 'dispatcherServlet'
17:17:01.774 [main] o.s.b.f.s.DefaultListableBeanFactory TRACE - Returning cached instance of singleton bean 'autoConfigurationReport'
17:17:01.775 [main] o.s.c.a.ConfigurationClassBeanDefinitionReader TRACE - Registering bean definition for @Bean method org.springframework.boot.autoconfigure.web.servlet.DispatcherServletAutoConfiguration$DispatcherServletRegistrationConfiguration.dispatcherServletRegistration()
17:17:01.775 [main] o.s.c.a.ConfigurationClassBeanDefinitionReader TRACE - Registered bean definition for imported class 'org.springframework.boot.autoconfigure.web.servlet.DispatcherServletAutoConfiguration'
17:17:01.775 [main] o.s.b.a.c.OnClassCondition TRACE - Condition OnClassCondition on org.springframework.boot.autoconfigure.task.TaskExecutionAutoConfiguration matched due to @ConditionalOnClass found required class 'org.springframework.scheduling.concurrent.ThreadPoolTaskExecutor'
17:17:01.775 [main] o.s.b.f.s.DefaultListableBeanFactory TRACE - Returning cached instance of singleton bean 'autoConfigurationReport'
17:17:01.776 [main] o.s.c.a.ConfigurationClassBeanDefinitionReader TRACE - Registered bean definition for imported class 'org.springframework.boot.autoconfigure.task.TaskExecutorConfigurations$ThreadPoolTaskExecutorBuilderConfiguration'
17:17:01.782 [main] o.s.b.a.c.OnBeanCondition TRACE - Condition OnBeanCondition on org.springframework.boot.autoconfigure.task.TaskExecutorConfigurations$ThreadPoolTaskExecutorBuilderConfiguration#threadPoolTaskExecutorBuilder matched due to @ConditionalOnMissingBean (types: org.springframework.boot.task.TaskExecutorBuilder,org.springframework.boot.task.ThreadPoolTaskExecutorBuilder; SearchStrategy: all) did not find any beans
17:17:01.782 [main] o.s.b.f.s.DefaultListableBeanFactory TRACE - Returning cached instance of singleton bean 'autoConfigurationReport'
17:17:01.783 [main] o.s.c.a.ConfigurationClassBeanDefinitionReader TRACE - Registering bean definition for @Bean method org.springframework.boot.autoconfigure.task.TaskExecutorConfigurations$ThreadPoolTaskExecutorBuilderConfiguration.threadPoolTaskExecutorBuilder()
17:17:01.783 [main] o.s.c.a.ConfigurationClassBeanDefinitionReader TRACE - Registered bean definition for imported class 'org.springframework.boot.autoconfigure.task.TaskExecutorConfigurations$TaskExecutorBuilderConfiguration'
17:17:01.786 [main] o.s.b.a.c.OnBeanCondition TRACE - Condition OnBeanCondition on org.springframework.boot.autoconfigure.task.TaskExecutorConfigurations$TaskExecutorBuilderConfiguration#taskExecutorBuilder matched due to @ConditionalOnMissingBean (types: org.springframework.boot.task.TaskExecutorBuilder; SearchStrategy: all) did not find any beans
17:17:01.786 [main] o.s.b.f.s.DefaultListableBeanFactory TRACE - Returning cached instance of singleton bean 'autoConfigurationReport'
17:17:01.786 [main] o.s.c.a.ConfigurationClassBeanDefinitionReader TRACE - Registering bean definition for @Bean method org.springframework.boot.autoconfigure.task.TaskExecutorConfigurations$TaskExecutorBuilderConfiguration.taskExecutorBuilder()
17:17:01.786 [main] o.s.c.a.ConfigurationClassBeanDefinitionReader TRACE - Registered bean definition for imported class 'org.springframework.boot.autoconfigure.task.TaskExecutorConfigurations$SimpleAsyncTaskExecutorBuilderConfiguration'
17:17:01.788 [main] o.s.b.a.c.OnBeanCondition TRACE - Condition OnBeanCondition on org.springframework.boot.autoconfigure.task.TaskExecutorConfigurations$SimpleAsyncTaskExecutorBuilderConfiguration#simpleAsyncTaskExecutorBuilder matched due to @ConditionalOnMissingBean (types: org.springframework.boot.task.SimpleAsyncTaskExecutorBuilder; SearchStrategy: all) did not find any beans
17:17:01.788 [main] o.s.b.f.s.DefaultListableBeanFactory TRACE - Returning cached instance of singleton bean 'autoConfigurationReport'
17:17:01.789 [main] o.s.b.a.c.OnThreadingCondition TRACE - Condition OnThreadingCondition on org.springframework.boot.autoconfigure.task.TaskExecutorConfigurations$SimpleAsyncTaskExecutorBuilderConfiguration#simpleAsyncTaskExecutorBuilder matched due to @ConditionalOnThreading found PLATFORM
17:17:01.789 [main] o.s.b.f.s.DefaultListableBeanFactory TRACE - Returning cached instance of singleton bean 'autoConfigurationReport'
17:17:01.789 [main] o.s.c.a.ConfigurationClassBeanDefinitionReader TRACE - Registering bean definition for @Bean method org.springframework.boot.autoconfigure.task.TaskExecutorConfigurations$SimpleAsyncTaskExecutorBuilderConfiguration.simpleAsyncTaskExecutorBuilder()
17:17:01.792 [main] o.s.b.a.c.OnBeanCondition TRACE - Condition OnBeanCondition on org.springframework.boot.autoconfigure.task.TaskExecutorConfigurations$SimpleAsyncTaskExecutorBuilderConfiguration#simpleAsyncTaskExecutorBuilderVirtualThreads did not match due to @ConditionalOnMissingBean (types: org.springframework.boot.task.SimpleAsyncTaskExecutorBuilder; SearchStrategy: all) found beans of type 'org.springframework.boot.task.SimpleAsyncTaskExecutorBuilder' simpleAsyncTaskExecutorBuilder
17:17:01.792 [main] o.s.b.f.s.DefaultListableBeanFactory TRACE - Returning cached instance of singleton bean 'autoConfigurationReport'
17:17:01.792 [main] o.s.b.a.c.OnBeanCondition TRACE - Condition OnBeanCondition on org.springframework.boot.autoconfigure.task.TaskExecutorConfigurations$TaskExecutorConfiguration matched due to @ConditionalOnMissingBean (types: java.util.concurrent.Executor; SearchStrategy: all) did not find any beans
17:17:01.792 [main] o.s.b.f.s.DefaultListableBeanFactory TRACE - Returning cached instance of singleton bean 'autoConfigurationReport'
17:17:01.793 [main] o.s.c.a.ConfigurationClassBeanDefinitionReader TRACE - Registered bean definition for imported class 'org.springframework.boot.autoconfigure.task.TaskExecutorConfigurations$TaskExecutorConfiguration'
17:17:01.793 [main] o.s.b.a.c.OnThreadingCondition TRACE - Condition OnThreadingCondition on org.springframework.boot.autoconfigure.task.TaskExecutorConfigurations$TaskExecutorConfiguration#applicationTaskExecutorVirtualThreads did not match due to @ConditionalOnThreading did not find VIRTUAL
17:17:01.793 [main] o.s.b.f.s.DefaultListableBeanFactory TRACE - Returning cached instance of singleton bean 'autoConfigurationReport'
17:17:01.793 [main] o.s.b.a.c.OnThreadingCondition TRACE - Condition OnThreadingCondition on org.springframework.boot.autoconfigure.task.TaskExecutorConfigurations$TaskExecutorConfiguration#applicationTaskExecutor matched due to @ConditionalOnThreading found PLATFORM
17:17:01.793 [main] o.s.b.f.s.DefaultListableBeanFactory TRACE - Returning cached instance of singleton bean 'autoConfigurationReport'
17:17:01.794 [main] o.s.b.f.s.DefaultListableBeanFactory TRACE - Alias definition 'taskExecutor' registered for name 'applicationTaskExecutor'
17:17:01.794 [main] o.s.c.a.ConfigurationClassBeanDefinitionReader TRACE - Registering bean definition for @Bean method org.springframework.boot.autoconfigure.task.TaskExecutorConfigurations$TaskExecutorConfiguration.applicationTaskExecutor()
17:17:01.795 [main] o.s.c.a.ConfigurationClassBeanDefinitionReader TRACE - Registered bean definition for imported class 'org.springframework.boot.autoconfigure.task.TaskExecutionAutoConfiguration'
17:17:01.797 [main] o.s.b.a.c.OnClassCondition TRACE - Condition OnClassCondition on org.springframework.boot.autoconfigure.web.servlet.error.ErrorMvcAutoConfiguration matched due to @ConditionalOnClass found required classes 'jakarta.servlet.Servlet', 'org.springframework.web.servlet.DispatcherServlet'
17:17:01.797 [main] o.s.b.f.s.DefaultListableBeanFactory TRACE - Returning cached instance of singleton bean 'autoConfigurationReport'
17:17:01.797 [main] o.s.b.a.c.OnWebApplicationCondition TRACE - Condition OnWebApplicationCondition on org.springframework.boot.autoconfigure.web.servlet.error.ErrorMvcAutoConfiguration matched due to found 'session' scope
17:17:01.797 [main] o.s.b.f.s.DefaultListableBeanFactory TRACE - Returning cached instance of singleton bean 'autoConfigurationReport'
17:17:01.797 [main] o.s.b.a.c.OnPropertyCondition TRACE - Condition OnPropertyCondition on org.springframework.boot.autoconfigure.web.servlet.error.ErrorMvcAutoConfiguration$WhitelabelErrorViewConfiguration matched due to @ConditionalOnProperty (server.error.whitelabel.enabled) matched
17:17:01.797 [main] o.s.b.f.s.DefaultListableBeanFactory TRACE - Returning cached instance of singleton bean 'autoConfigurationReport'
17:17:01.797 [main] o.s.c.i.s.SpringFactoriesLoader TRACE - Loaded [org.springframework.boot.autoconfigure.template.TemplateAvailabilityProvider] names: [org.springframework.boot.autoconfigure.freemarker.FreeMarkerTemplateAvailabilityProvider, org.springframework.boot.autoconfigure.mustache.MustacheTemplateAvailabilityProvider, org.springframework.boot.autoconfigure.groovy.template.GroovyTemplateAvailabilityProvider, org.springframework.boot.autoconfigure.thymeleaf.ThymeleafTemplateAvailabilityProvider, org.springframework.boot.autoconfigure.web.servlet.JspTemplateAvailabilityProvider]
17:17:01.798 [main] o.s.b.a.w.s.e.ErrorMvcAutoConfiguration$ErrorTemplateMissingCondition TRACE - Condition ErrorMvcAutoConfiguration.ErrorTemplateMissingCondition on org.springframework.boot.autoconfigure.web.servlet.error.ErrorMvcAutoConfiguration$WhitelabelErrorViewConfiguration matched due to ErrorTemplate Missing did not find error template view
17:17:01.798 [main] o.s.b.f.s.DefaultListableBeanFactory TRACE - Returning cached instance of singleton bean 'autoConfigurationReport'
17:17:01.799 [main] o.s.c.a.ConfigurationClassBeanDefinitionReader TRACE - Registered bean definition for imported class 'org.springframework.boot.autoconfigure.web.servlet.error.ErrorMvcAutoConfiguration$WhitelabelErrorViewConfiguration'
17:17:01.799 [main] o.s.b.a.c.OnBeanCondition TRACE - Condition OnBeanCondition on org.springframework.boot.autoconfigure.web.servlet.error.ErrorMvcAutoConfiguration$WhitelabelErrorViewConfiguration#defaultErrorView matched due to @ConditionalOnMissingBean (names: error; SearchStrategy: all) did not find any beans
17:17:01.799 [main] o.s.b.f.s.DefaultListableBeanFactory TRACE - Returning cached instance of singleton bean 'autoConfigurationReport'
17:17:01.799 [main] o.s.c.a.ConfigurationClassBeanDefinitionReader TRACE - Registering bean definition for @Bean method org.springframework.boot.autoconfigure.web.servlet.error.ErrorMvcAutoConfiguration$WhitelabelErrorViewConfiguration.error()
17:17:01.804 [main] o.s.b.a.c.OnBeanCondition TRACE - Condition OnBeanCondition on org.springframework.boot.autoconfigure.web.servlet.error.ErrorMvcAutoConfiguration$WhitelabelErrorViewConfiguration#beanNameViewResolver matched due to @ConditionalOnMissingBean (types: org.springframework.web.servlet.view.BeanNameViewResolver; SearchStrategy: all) did not find any beans
17:17:01.804 [main] o.s.b.f.s.DefaultListableBeanFactory TRACE - Returning cached instance of singleton bean 'autoConfigurationReport'
17:17:01.804 [main] o.s.c.a.ConfigurationClassBeanDefinitionReader TRACE - Registering bean definition for @Bean method org.springframework.boot.autoconfigure.web.servlet.error.ErrorMvcAutoConfiguration$WhitelabelErrorViewConfiguration.beanNameViewResolver()
17:17:01.804 [main] o.s.c.a.ConfigurationClassBeanDefinitionReader TRACE - Registered bean definition for imported class 'org.springframework.boot.autoconfigure.web.servlet.error.ErrorMvcAutoConfiguration$DefaultErrorViewResolverConfiguration'
17:17:01.806 [main] o.s.b.a.c.OnBeanCondition TRACE - Condition OnBeanCondition on org.springframework.boot.autoconfigure.web.servlet.error.ErrorMvcAutoConfiguration$DefaultErrorViewResolverConfiguration#conventionErrorViewResolver matched due to @ConditionalOnBean (types: org.springframework.web.servlet.DispatcherServlet; SearchStrategy: all) found bean 'dispatcherServlet'; @ConditionalOnMissingBean (types: org.springframework.boot.autoconfigure.web.servlet.error.ErrorViewResolver; SearchStrategy: all) did not find any beans
17:17:01.806 [main] o.s.b.f.s.DefaultListableBeanFactory TRACE - Returning cached instance of singleton bean 'autoConfigurationReport'
17:17:01.807 [main] o.s.b.a.c.OnBeanCondition TRACE - Condition OnBeanCondition on org.springframework.boot.autoconfigure.web.servlet.error.ErrorMvcAutoConfiguration$DefaultErrorViewResolverConfiguration#conventionErrorViewResolver matched due to @ConditionalOnBean (types: org.springframework.web.servlet.DispatcherServlet; SearchStrategy: all) found bean 'dispatcherServlet'; @ConditionalOnMissingBean (types: org.springframework.boot.autoconfigure.web.servlet.error.ErrorViewResolver; SearchStrategy: all) did not find any beans
17:17:01.807 [main] o.s.b.f.s.DefaultListableBeanFactory TRACE - Returning cached instance of singleton bean 'autoConfigurationReport'
17:17:01.807 [main] o.s.c.a.ConfigurationClassBeanDefinitionReader TRACE - Registering bean definition for @Bean method org.springframework.boot.autoconfigure.web.servlet.error.ErrorMvcAutoConfiguration$DefaultErrorViewResolverConfiguration.conventionErrorViewResolver()
17:17:01.808 [main] o.s.c.a.ConfigurationClassBeanDefinitionReader TRACE - Registered bean definition for imported class 'org.springframework.boot.autoconfigure.web.servlet.error.ErrorMvcAutoConfiguration'
17:17:01.811 [main] o.s.b.a.c.OnBeanCondition TRACE - Condition OnBeanCondition on org.springframework.boot.autoconfigure.web.servlet.error.ErrorMvcAutoConfiguration#errorAttributes matched due to @ConditionalOnMissingBean (types: org.springframework.boot.web.servlet.error.ErrorAttributes; SearchStrategy: current) did not find any beans
17:17:01.811 [main] o.s.b.f.s.DefaultListableBeanFactory TRACE - Returning cached instance of singleton bean 'autoConfigurationReport'
17:17:01.811 [main] o.s.c.a.ConfigurationClassBeanDefinitionReader TRACE - Registering bean definition for @Bean method org.springframework.boot.autoconfigure.web.servlet.error.ErrorMvcAutoConfiguration.errorAttributes()
17:17:01.816 [main] o.s.b.a.c.OnBeanCondition TRACE - Condition OnBeanCondition on org.springframework.boot.autoconfigure.web.servlet.error.ErrorMvcAutoConfiguration#basicErrorController matched due to @ConditionalOnMissingBean (types: org.springframework.boot.web.servlet.error.ErrorController; SearchStrategy: current) did not find any beans
17:17:01.816 [main] o.s.b.f.s.DefaultListableBeanFactory TRACE - Returning cached instance of singleton bean 'autoConfigurationReport'
17:17:01.816 [main] o.s.c.a.ConfigurationClassBeanDefinitionReader TRACE - Registering bean definition for @Bean method org.springframework.boot.autoconfigure.web.servlet.error.ErrorMvcAutoConfiguration.basicErrorController()
17:17:01.816 [main] o.s.c.a.ConfigurationClassBeanDefinitionReader TRACE - Registering bean definition for @Bean method org.springframework.boot.autoconfigure.web.servlet.error.ErrorMvcAutoConfiguration.errorPageCustomizer()
17:17:01.816 [main] o.s.c.a.ConfigurationClassBeanDefinitionReader TRACE - Registering bean definition for @Bean method org.springframework.boot.autoconfigure.web.servlet.error.ErrorMvcAutoConfiguration.preserveErrorControllerTargetClassPostProcessor()
17:17:01.817 [main] o.s.b.a.c.OnClassCondition TRACE - Condition OnClassCondition on org.springframework.boot.autoconfigure.web.servlet.WebMvcAutoConfiguration matched due to @ConditionalOnClass found required classes 'jakarta.servlet.Servlet', 'org.springframework.web.servlet.DispatcherServlet', 'org.springframework.web.servlet.config.annotation.WebMvcConfigurer'
17:17:01.817 [main] o.s.b.f.s.DefaultListableBeanFactory TRACE - Returning cached instance of singleton bean 'autoConfigurationReport'
17:17:01.817 [main] o.s.b.a.c.OnWebApplicationCondition TRACE - Condition OnWebApplicationCondition on org.springframework.boot.autoconfigure.web.servlet.WebMvcAutoConfiguration matched due to found 'session' scope
17:17:01.817 [main] o.s.b.f.s.DefaultListableBeanFactory TRACE - Returning cached instance of singleton bean 'autoConfigurationReport'
17:17:01.819 [main] o.s.b.a.c.OnBeanCondition TRACE - Condition OnBeanCondition on org.springframework.boot.autoconfigure.web.servlet.WebMvcAutoConfiguration matched due to @ConditionalOnMissingBean (types: org.springframework.web.servlet.config.annotation.WebMvcConfigurationSupport; SearchStrategy: all) did not find any beans
17:17:01.819 [main] o.s.b.f.s.DefaultListableBeanFactory TRACE - Returning cached instance of singleton bean 'autoConfigurationReport'
17:17:01.819 [main] o.s.c.a.ConfigurationClassBeanDefinitionReader TRACE - Registered bean definition for imported class 'org.springframework.boot.autoconfigure.web.servlet.WebMvcAutoConfiguration$EnableWebMvcConfiguration'
17:17:01.820 [main] o.s.c.a.ConfigurationClassBeanDefinitionReader TRACE - Registering bean definition for @Bean method org.springframework.boot.autoconfigure.web.servlet.WebMvcAutoConfiguration$EnableWebMvcConfiguration.welcomePageHandlerMapping()
17:17:01.820 [main] o.s.c.a.ConfigurationClassBeanDefinitionReader TRACE - Registering bean definition for @Bean method org.springframework.boot.autoconfigure.web.servlet.WebMvcAutoConfiguration$EnableWebMvcConfiguration.welcomePageNotAcceptableHandlerMapping()
17:17:01.820 [main] o.s.b.a.c.OnBeanCondition TRACE - Condition OnBeanCondition on org.springframework.boot.autoconfigure.web.servlet.WebMvcAutoConfiguration$EnableWebMvcConfiguration#localeResolver matched due to @ConditionalOnMissingBean (names: localeResolver; SearchStrategy: all) did not find any beans
17:17:01.820 [main] o.s.b.f.s.DefaultListableBeanFactory TRACE - Returning cached instance of singleton bean 'autoConfigurationReport'
17:17:01.820 [main] o.s.c.a.ConfigurationClassBeanDefinitionReader TRACE - Registering bean definition for @Bean method org.springframework.boot.autoconfigure.web.servlet.WebMvcAutoConfiguration$EnableWebMvcConfiguration.localeResolver()
17:17:01.820 [main] o.s.b.a.c.OnBeanCondition TRACE - Condition OnBeanCondition on org.springframework.boot.autoconfigure.web.servlet.WebMvcAutoConfiguration$EnableWebMvcConfiguration#themeResolver matched due to @ConditionalOnMissingBean (names: themeResolver; SearchStrategy: all) did not find any beans
17:17:01.820 [main] o.s.b.f.s.DefaultListableBeanFactory TRACE - Returning cached instance of singleton bean 'autoConfigurationReport'
17:17:01.820 [main] o.s.c.a.ConfigurationClassBeanDefinitionReader TRACE - Registering bean definition for @Bean method org.springframework.boot.autoconfigure.web.servlet.WebMvcAutoConfiguration$EnableWebMvcConfiguration.themeResolver()
17:17:01.820 [main] o.s.b.a.c.OnBeanCondition TRACE - Condition OnBeanCondition on org.springframework.boot.autoconfigure.web.servlet.WebMvcAutoConfiguration$EnableWebMvcConfiguration#flashMapManager matched due to @ConditionalOnMissingBean (names: flashMapManager; SearchStrategy: all) did not find any beans
17:17:01.820 [main] o.s.b.f.s.DefaultListableBeanFactory TRACE - Returning cached instance of singleton bean 'autoConfigurationReport'
17:17:01.820 [main] o.s.c.a.ConfigurationClassBeanDefinitionReader TRACE - Registering bean definition for @Bean method org.springframework.boot.autoconfigure.web.servlet.WebMvcAutoConfiguration$EnableWebMvcConfiguration.flashMapManager()
17:17:01.821 [main] o.s.c.a.ConfigurationClassBeanDefinitionReader TRACE - Registering bean definition for @Bean method org.springframework.boot.autoconfigure.web.servlet.WebMvcAutoConfiguration$EnableWebMvcConfiguration.mvcConversionService()
17:17:01.821 [main] o.s.c.a.ConfigurationClassBeanDefinitionReader TRACE - Registering bean definition for @Bean method org.springframework.boot.autoconfigure.web.servlet.WebMvcAutoConfiguration$EnableWebMvcConfiguration.mvcValidator()
17:17:01.821 [main] o.s.c.a.ConfigurationClassBeanDefinitionReader TRACE - Registering bean definition for @Bean method org.springframework.boot.autoconfigure.web.servlet.WebMvcAutoConfiguration$EnableWebMvcConfiguration.mvcContentNegotiationManager()
17:17:01.821 [main] o.s.c.a.ConfigurationClassBeanDefinitionReader TRACE - Registering bean definition for @Bean method org.springframework.boot.autoconfigure.web.servlet.WebMvcAutoConfiguration$EnableWebMvcConfiguration.requestMappingHandlerMapping()
17:17:01.821 [main] o.s.c.a.ConfigurationClassBeanDefinitionReader TRACE - Registering bean definition for @Bean method org.springframework.boot.autoconfigure.web.servlet.WebMvcAutoConfiguration$EnableWebMvcConfiguration.mvcPatternParser()
17:17:01.821 [main] o.s.c.a.ConfigurationClassBeanDefinitionReader TRACE - Registering bean definition for @Bean method org.springframework.boot.autoconfigure.web.servlet.WebMvcAutoConfiguration$EnableWebMvcConfiguration.mvcUrlPathHelper()
17:17:01.821 [main] o.s.c.a.ConfigurationClassBeanDefinitionReader TRACE - Registering bean definition for @Bean method org.springframework.boot.autoconfigure.web.servlet.WebMvcAutoConfiguration$EnableWebMvcConfiguration.mvcPathMatcher()
17:17:01.822 [main] o.s.c.a.ConfigurationClassBeanDefinitionReader TRACE - Registering bean definition for @Bean method org.springframework.boot.autoconfigure.web.servlet.WebMvcAutoConfiguration$EnableWebMvcConfiguration.viewControllerHandlerMapping()
17:17:01.822 [main] o.s.c.a.ConfigurationClassBeanDefinitionReader TRACE - Registering bean definition for @Bean method org.springframework.boot.autoconfigure.web.servlet.WebMvcAutoConfiguration$EnableWebMvcConfiguration.beanNameHandlerMapping()
17:17:01.822 [main] o.s.c.a.ConfigurationClassBeanDefinitionReader TRACE - Registering bean definition for @Bean method org.springframework.boot.autoconfigure.web.servlet.WebMvcAutoConfiguration$EnableWebMvcConfiguration.routerFunctionMapping()
17:17:01.822 [main] o.s.c.a.ConfigurationClassBeanDefinitionReader TRACE - Registering bean definition for @Bean method org.springframework.boot.autoconfigure.web.servlet.WebMvcAutoConfiguration$EnableWebMvcConfiguration.resourceHandlerMapping()
17:17:01.822 [main] o.s.c.a.ConfigurationClassBeanDefinitionReader TRACE - Registering bean definition for @Bean method org.springframework.boot.autoconfigure.web.servlet.WebMvcAutoConfiguration$EnableWebMvcConfiguration.mvcResourceUrlProvider()
17:17:01.822 [main] o.s.c.a.ConfigurationClassBeanDefinitionReader TRACE - Registering bean definition for @Bean method org.springframework.boot.autoconfigure.web.servlet.WebMvcAutoConfiguration$EnableWebMvcConfiguration.defaultServletHandlerMapping()
17:17:01.822 [main] o.s.c.a.ConfigurationClassBeanDefinitionReader TRACE - Registering bean definition for @Bean method org.springframework.boot.autoconfigure.web.servlet.WebMvcAutoConfiguration$EnableWebMvcConfiguration.requestMappingHandlerAdapter()
17:17:01.823 [main] o.s.c.a.ConfigurationClassBeanDefinitionReader TRACE - Registering bean definition for @Bean method org.springframework.boot.autoconfigure.web.servlet.WebMvcAutoConfiguration$EnableWebMvcConfiguration.handlerFunctionAdapter()
17:17:01.823 [main] o.s.c.a.ConfigurationClassBeanDefinitionReader TRACE - Registering bean definition for @Bean method org.springframework.boot.autoconfigure.web.servlet.WebMvcAutoConfiguration$EnableWebMvcConfiguration.mvcUriComponentsContributor()
17:17:01.823 [main] o.s.c.a.ConfigurationClassBeanDefinitionReader TRACE - Registering bean definition for @Bean method org.springframework.boot.autoconfigure.web.servlet.WebMvcAutoConfiguration$EnableWebMvcConfiguration.httpRequestHandlerAdapter()
17:17:01.823 [main] o.s.c.a.ConfigurationClassBeanDefinitionReader TRACE - Registering bean definition for @Bean method org.springframework.boot.autoconfigure.web.servlet.WebMvcAutoConfiguration$EnableWebMvcConfiguration.simpleControllerHandlerAdapter()
17:17:01.823 [main] o.s.c.a.ConfigurationClassBeanDefinitionReader TRACE - Registering bean definition for @Bean method org.springframework.boot.autoconfigure.web.servlet.WebMvcAutoConfiguration$EnableWebMvcConfiguration.handlerExceptionResolver()
17:17:01.823 [main] o.s.c.a.ConfigurationClassBeanDefinitionReader TRACE - Registering bean definition for @Bean method org.springframework.boot.autoconfigure.web.servlet.WebMvcAutoConfiguration$EnableWebMvcConfiguration.mvcViewResolver()
17:17:01.823 [main] o.s.c.a.ConfigurationClassBeanDefinitionReader TRACE - Registering bean definition for @Bean method org.springframework.boot.autoconfigure.web.servlet.WebMvcAutoConfiguration$EnableWebMvcConfiguration.mvcHandlerMappingIntrospector()
17:17:01.823 [main] o.s.c.a.ConfigurationClassBeanDefinitionReader TRACE - Registering bean definition for @Bean method org.springframework.boot.autoconfigure.web.servlet.WebMvcAutoConfiguration$EnableWebMvcConfiguration.viewNameTranslator()
17:17:01.826 [main] o.s.c.a.ConfigurationClassBeanDefinitionReader TRACE - Registered bean definition for imported class 'org.springframework.boot.autoconfigure.web.servlet.WebMvcAutoConfiguration$WebMvcAutoConfigurationAdapter'
17:17:01.869 [main] o.s.b.a.c.OnBeanCondition TRACE - Condition OnBeanCondition on org.springframework.boot.autoconfigure.web.servlet.WebMvcAutoConfiguration$WebMvcAutoConfigurationAdapter#defaultViewResolver matched due to @ConditionalOnMissingBean (types: org.springframework.web.servlet.view.InternalResourceViewResolver; SearchStrategy: all) did not find any beans
17:17:01.869 [main] o.s.b.f.s.DefaultListableBeanFactory TRACE - Returning cached instance of singleton bean 'autoConfigurationReport'
17:17:01.869 [main] o.s.c.a.ConfigurationClassBeanDefinitionReader TRACE - Registering bean definition for @Bean method org.springframework.boot.autoconfigure.web.servlet.WebMvcAutoConfiguration$WebMvcAutoConfigurationAdapter.defaultViewResolver()
17:17:01.873 [main] o.s.b.a.c.OnBeanCondition TRACE - Condition OnBeanCondition on org.springframework.boot.autoconfigure.web.servlet.WebMvcAutoConfiguration$WebMvcAutoConfigurationAdapter#beanNameViewResolver did not match due to @ConditionalOnMissingBean (types: org.springframework.web.servlet.view.BeanNameViewResolver; SearchStrategy: all) found beans of type 'org.springframework.web.servlet.view.BeanNameViewResolver' beanNameViewResolver
17:17:01.873 [main] o.s.b.f.s.DefaultListableBeanFactory TRACE - Returning cached instance of singleton bean 'autoConfigurationReport'
17:17:01.874 [main] o.s.b.a.c.OnBeanCondition TRACE - Condition OnBeanCondition on org.springframework.boot.autoconfigure.web.servlet.WebMvcAutoConfiguration$WebMvcAutoConfigurationAdapter#viewResolver matched due to @ConditionalOnBean (types: org.springframework.web.servlet.ViewResolver; SearchStrategy: all) found beans 'defaultViewResolver', 'beanNameViewResolver', 'mvcViewResolver'; @ConditionalOnMissingBean (names: viewResolver types: org.springframework.web.servlet.view.ContentNegotiatingViewResolver; SearchStrategy: all) did not find any beans
17:17:01.874 [main] o.s.b.f.s.DefaultListableBeanFactory TRACE - Returning cached instance of singleton bean 'autoConfigurationReport'
17:17:01.875 [main] o.s.b.a.c.OnBeanCondition TRACE - Condition OnBeanCondition on org.springframework.boot.autoconfigure.web.servlet.WebMvcAutoConfiguration$WebMvcAutoConfigurationAdapter#viewResolver matched due to @ConditionalOnBean (types: org.springframework.web.servlet.ViewResolver; SearchStrategy: all) found beans 'defaultViewResolver', 'beanNameViewResolver', 'mvcViewResolver'; @ConditionalOnMissingBean (names: viewResolver types: org.springframework.web.servlet.view.ContentNegotiatingViewResolver; SearchStrategy: all) did not find any beans
17:17:01.875 [main] o.s.b.f.s.DefaultListableBeanFactory TRACE - Returning cached instance of singleton bean 'autoConfigurationReport'
17:17:01.875 [main] o.s.c.a.ConfigurationClassBeanDefinitionReader TRACE - Registering bean definition for @Bean method org.springframework.boot.autoconfigure.web.servlet.WebMvcAutoConfiguration$WebMvcAutoConfigurationAdapter.viewResolver()
17:17:01.882 [main] o.s.b.a.c.OnBeanCondition TRACE - Condition OnBeanCondition on org.springframework.boot.autoconfigure.web.servlet.WebMvcAutoConfiguration$WebMvcAutoConfigurationAdapter#requestContextFilter matched due to @ConditionalOnMissingBean (types: org.springframework.web.context.request.RequestContextListener,org.springframework.web.filter.RequestContextFilter; SearchStrategy: all) did not find any beans
17:17:01.882 [main] o.s.b.f.s.DefaultListableBeanFactory TRACE - Returning cached instance of singleton bean 'autoConfigurationReport'
17:17:01.884 [main] o.s.b.a.c.OnBeanCondition TRACE - Condition OnBeanCondition on org.springframework.boot.autoconfigure.web.servlet.WebMvcAutoConfiguration$WebMvcAutoConfigurationAdapter#requestContextFilter matched due to @ConditionalOnMissingBean (types: org.springframework.web.context.request.RequestContextListener,org.springframework.web.filter.RequestContextFilter; SearchStrategy: all) did not find any beans
17:17:01.884 [main] o.s.b.f.s.DefaultListableBeanFactory TRACE - Returning cached instance of singleton bean 'autoConfigurationReport'
17:17:01.884 [main] o.s.c.a.ConfigurationClassBeanDefinitionReader TRACE - Registering bean definition for @Bean method org.springframework.boot.autoconfigure.web.servlet.WebMvcAutoConfiguration$WebMvcAutoConfigurationAdapter.requestContextFilter()
17:17:01.887 [main] o.s.c.a.ConfigurationClassBeanDefinitionReader TRACE - Registered bean definition for imported class 'org.springframework.boot.autoconfigure.web.servlet.WebMvcAutoConfiguration'
17:17:01.887 [main] o.s.b.a.c.OnPropertyCondition TRACE - Condition OnPropertyCondition on org.springframework.boot.autoconfigure.web.servlet.WebMvcAutoConfiguration#hiddenHttpMethodFilter did not match due to @ConditionalOnProperty (spring.mvc.hiddenmethod.filter.enabled) did not find property 'enabled'
17:17:01.887 [main] o.s.b.f.s.DefaultListableBeanFactory TRACE - Returning cached instance of singleton bean 'autoConfigurationReport'
17:17:01.887 [main] o.s.b.a.c.OnPropertyCondition TRACE - Condition OnPropertyCondition on org.springframework.boot.autoconfigure.web.servlet.WebMvcAutoConfiguration#formContentFilter matched due to @ConditionalOnProperty (spring.mvc.formcontent.filter.enabled) matched
17:17:01.887 [main] o.s.b.f.s.DefaultListableBeanFactory TRACE - Returning cached instance of singleton bean 'autoConfigurationReport'
17:17:01.891 [main] o.s.b.a.c.OnBeanCondition TRACE - Condition OnBeanCondition on org.springframework.boot.autoconfigure.web.servlet.WebMvcAutoConfiguration#formContentFilter matched due to @ConditionalOnMissingBean (types: org.springframework.web.filter.FormContentFilter; SearchStrategy: all) did not find any beans
17:17:01.891 [main] o.s.b.f.s.DefaultListableBeanFactory TRACE - Returning cached instance of singleton bean 'autoConfigurationReport'
17:17:01.891 [main] o.s.c.a.ConfigurationClassBeanDefinitionReader TRACE - Registering bean definition for @Bean method org.springframework.boot.autoconfigure.web.servlet.WebMvcAutoConfiguration.formContentFilter()
17:17:01.891 [main] o.s.b.a.c.OnPropertyCondition TRACE - Condition OnPropertyCondition on org.springframework.boot.autoconfigure.aop.AopAutoConfiguration matched due to @ConditionalOnProperty (spring.aop.auto=true) matched
17:17:01.891 [main] o.s.b.f.s.DefaultListableBeanFactory TRACE - Returning cached instance of singleton bean 'autoConfigurationReport'
17:17:01.892 [main] o.s.b.a.c.OnClassCondition TRACE - Condition OnClassCondition on org.springframework.boot.autoconfigure.aop.AopAutoConfiguration$ClassProxyingConfiguration matched due to @ConditionalOnMissingClass did not find unwanted class 'org.aspectj.weaver.Advice'
17:17:01.892 [main] o.s.b.f.s.DefaultListableBeanFactory TRACE - Returning cached instance of singleton bean 'autoConfigurationReport'
17:17:01.893 [main] o.s.b.a.c.OnPropertyCondition TRACE - Condition OnPropertyCondition on org.springframework.boot.autoconfigure.aop.AopAutoConfiguration$ClassProxyingConfiguration matched due to @ConditionalOnProperty (spring.aop.proxy-target-class=true) matched
17:17:01.893 [main] o.s.b.f.s.DefaultListableBeanFactory TRACE - Returning cached instance of singleton bean 'autoConfigurationReport'
17:17:01.893 [main] o.s.c.a.ConfigurationClassBeanDefinitionReader TRACE - Registered bean definition for imported class 'org.springframework.boot.autoconfigure.aop.AopAutoConfiguration$ClassProxyingConfiguration'
17:17:01.893 [main] o.s.c.a.ConfigurationClassBeanDefinitionReader TRACE - Registering bean definition for @Bean method org.springframework.boot.autoconfigure.aop.AopAutoConfiguration$ClassProxyingConfiguration.forceAutoProxyCreatorToUseClassProxying()
17:17:01.893 [main] o.s.c.a.ConfigurationClassBeanDefinitionReader TRACE - Registered bean definition for imported class 'org.springframework.boot.autoconfigure.aop.AopAutoConfiguration'
17:17:01.893 [main] o.s.c.a.ConfigurationClassBeanDefinitionReader TRACE - Registered bean definition for imported class 'org.springframework.boot.autoconfigure.availability.ApplicationAvailabilityAutoConfiguration'
17:17:01.899 [main] o.s.b.a.c.OnBeanCondition TRACE - Condition OnBeanCondition on org.springframework.boot.autoconfigure.availability.ApplicationAvailabilityAutoConfiguration#applicationAvailability matched due to @ConditionalOnMissingBean (types: org.springframework.boot.availability.ApplicationAvailability; SearchStrategy: all) did not find any beans
17:17:01.899 [main] o.s.b.f.s.DefaultListableBeanFactory TRACE - Returning cached instance of singleton bean 'autoConfigurationReport'
17:17:01.900 [main] o.s.c.a.ConfigurationClassBeanDefinitionReader TRACE - Registering bean definition for @Bean method org.springframework.boot.autoconfigure.availability.ApplicationAvailabilityAutoConfiguration.applicationAvailability()
17:17:01.900 [main] o.s.b.a.c.OnClassCondition TRACE - Condition OnClassCondition on org.springframework.boot.autoconfigure.jackson.JacksonAutoConfiguration matched due to @ConditionalOnClass found required class 'com.fasterxml.jackson.databind.ObjectMapper'
17:17:01.900 [main] o.s.b.f.s.DefaultListableBeanFactory TRACE - Returning cached instance of singleton bean 'autoConfigurationReport'
17:17:01.901 [main] o.s.b.a.c.OnClassCondition TRACE - Condition OnClassCondition on org.springframework.boot.autoconfigure.jackson.JacksonAutoConfiguration$Jackson2ObjectMapperBuilderCustomizerConfiguration matched due to @ConditionalOnClass found required class 'org.springframework.http.converter.json.Jackson2ObjectMapperBuilder'
17:17:01.901 [main] o.s.b.f.s.DefaultListableBeanFactory TRACE - Returning cached instance of singleton bean 'autoConfigurationReport'
17:17:01.903 [main] o.s.c.a.ConfigurationClassBeanDefinitionReader TRACE - Registered bean definition for imported class 'org.springframework.boot.autoconfigure.jackson.JacksonAutoConfiguration$Jackson2ObjectMapperBuilderCustomizerConfiguration'
17:17:01.903 [main] o.s.c.a.ConfigurationClassBeanDefinitionReader TRACE - Registering bean definition for @Bean method org.springframework.boot.autoconfigure.jackson.JacksonAutoConfiguration$Jackson2ObjectMapperBuilderCustomizerConfiguration.standardJacksonObjectMapperBuilderCustomizer()
17:17:01.905 [main] o.s.b.a.c.OnClassCondition TRACE - Condition OnClassCondition on org.springframework.boot.autoconfigure.jackson.JacksonAutoConfiguration$JacksonObjectMapperBuilderConfiguration matched due to @ConditionalOnClass found required class 'org.springframework.http.converter.json.Jackson2ObjectMapperBuilder'
17:17:01.905 [main] o.s.b.f.s.DefaultListableBeanFactory TRACE - Returning cached instance of singleton bean 'autoConfigurationReport'
17:17:01.905 [main] o.s.c.a.ConfigurationClassBeanDefinitionReader TRACE - Registered bean definition for imported class 'org.springframework.boot.autoconfigure.jackson.JacksonAutoConfiguration$JacksonObjectMapperBuilderConfiguration'
17:17:01.909 [main] o.s.b.a.c.OnBeanCondition TRACE - Condition OnBeanCondition on org.springframework.boot.autoconfigure.jackson.JacksonAutoConfiguration$JacksonObjectMapperBuilderConfiguration#jacksonObjectMapperBuilder matched due to @ConditionalOnMissingBean (types: org.springframework.http.converter.json.Jackson2ObjectMapperBuilder; SearchStrategy: all) did not find any beans
17:17:01.909 [main] o.s.b.f.s.DefaultListableBeanFactory TRACE - Returning cached instance of singleton bean 'autoConfigurationReport'
17:17:01.909 [main] o.s.c.a.ConfigurationClassBeanDefinitionReader TRACE - Registering bean definition for @Bean method org.springframework.boot.autoconfigure.jackson.JacksonAutoConfiguration$JacksonObjectMapperBuilderConfiguration.jacksonObjectMapperBuilder()
17:17:01.909 [main] o.s.b.a.c.OnClassCondition TRACE - Condition OnClassCondition on org.springframework.boot.autoconfigure.jackson.JacksonAutoConfiguration$ParameterNamesModuleConfiguration matched due to @ConditionalOnClass found required class 'com.fasterxml.jackson.module.paramnames.ParameterNamesModule'
17:17:01.909 [main] o.s.b.f.s.DefaultListableBeanFactory TRACE - Returning cached instance of singleton bean 'autoConfigurationReport'
17:17:01.909 [main] o.s.c.a.ConfigurationClassBeanDefinitionReader TRACE - Registered bean definition for imported class 'org.springframework.boot.autoconfigure.jackson.JacksonAutoConfiguration$ParameterNamesModuleConfiguration'
17:17:01.912 [main] o.s.b.a.c.OnBeanCondition TRACE - Condition OnBeanCondition on org.springframework.boot.autoconfigure.jackson.JacksonAutoConfiguration$ParameterNamesModuleConfiguration#parameterNamesModule matched due to @ConditionalOnMissingBean (types: com.fasterxml.jackson.module.paramnames.ParameterNamesModule; SearchStrategy: all) did not find any beans
17:17:01.912 [main] o.s.b.f.s.DefaultListableBeanFactory TRACE - Returning cached instance of singleton bean 'autoConfigurationReport'
17:17:01.912 [main] o.s.c.a.ConfigurationClassBeanDefinitionReader TRACE - Registering bean definition for @Bean method org.springframework.boot.autoconfigure.jackson.JacksonAutoConfiguration$ParameterNamesModuleConfiguration.parameterNamesModule()
17:17:01.912 [main] o.s.b.a.c.OnClassCondition TRACE - Condition OnClassCondition on org.springframework.boot.autoconfigure.jackson.JacksonAutoConfiguration$JacksonObjectMapperConfiguration matched due to @ConditionalOnClass found required class 'org.springframework.http.converter.json.Jackson2ObjectMapperBuilder'
17:17:01.912 [main] o.s.b.f.s.DefaultListableBeanFactory TRACE - Returning cached instance of singleton bean 'autoConfigurationReport'
17:17:01.913 [main] o.s.c.a.ConfigurationClassBeanDefinitionReader TRACE - Registered bean definition for imported class 'org.springframework.boot.autoconfigure.jackson.JacksonAutoConfiguration$JacksonObjectMapperConfiguration'
17:17:01.914 [main] o.s.b.a.c.OnBeanCondition TRACE - Condition OnBeanCondition on org.springframework.boot.autoconfigure.jackson.JacksonAutoConfiguration$JacksonObjectMapperConfiguration#jacksonObjectMapper matched due to @ConditionalOnMissingBean (types: com.fasterxml.jackson.databind.ObjectMapper; SearchStrategy: all) did not find any beans
17:17:01.914 [main] o.s.b.f.s.DefaultListableBeanFactory TRACE - Returning cached instance of singleton bean 'autoConfigurationReport'
17:17:01.914 [main] o.s.c.a.ConfigurationClassBeanDefinitionReader TRACE - Registering bean definition for @Bean method org.springframework.boot.autoconfigure.jackson.JacksonAutoConfiguration$JacksonObjectMapperConfiguration.jacksonObjectMapper()
17:17:01.914 [main] o.s.c.a.ConfigurationClassBeanDefinitionReader TRACE - Registered bean definition for imported class 'org.springframework.boot.autoconfigure.jackson.JacksonAutoConfiguration$JacksonMixinConfiguration'
17:17:01.914 [main] o.s.c.a.ConfigurationClassBeanDefinitionReader TRACE - Registering bean definition for @Bean method org.springframework.boot.autoconfigure.jackson.JacksonAutoConfiguration$JacksonMixinConfiguration.jsonMixinModuleEntries()
17:17:01.914 [main] o.s.c.a.ConfigurationClassBeanDefinitionReader TRACE - Registering bean definition for @Bean method org.springframework.boot.autoconfigure.jackson.JacksonAutoConfiguration$JacksonMixinConfiguration.jsonMixinModule()
17:17:01.915 [main] o.s.c.a.ConfigurationClassBeanDefinitionReader TRACE - Registered bean definition for imported class 'org.springframework.boot.autoconfigure.jackson.JacksonAutoConfiguration'
17:17:01.915 [main] o.s.c.a.ConfigurationClassBeanDefinitionReader TRACE - Registering bean definition for @Bean method org.springframework.boot.autoconfigure.jackson.JacksonAutoConfiguration.jsonComponentModule()
17:17:01.915 [main] o.s.b.a.c.OnClassCondition TRACE - Condition OnClassCondition on org.springframework.boot.autoconfigure.jdbc.DataSourceAutoConfiguration matched due to @ConditionalOnClass found required classes 'javax.sql.DataSource', 'org.springframework.jdbc.datasource.embedded.EmbeddedDatabaseType'
17:17:01.915 [main] o.s.b.f.s.DefaultListableBeanFactory TRACE - Returning cached instance of singleton bean 'autoConfigurationReport'
17:17:01.916 [main] o.s.b.a.c.OnBeanCondition TRACE - Condition OnBeanCondition on org.springframework.boot.autoconfigure.jdbc.DataSourceAutoConfiguration matched due to @ConditionalOnMissingBean (types: io.r2dbc.spi.ConnectionFactory; SearchStrategy: all) did not find any beans
17:17:01.916 [main] o.s.b.f.s.DefaultListableBeanFactory TRACE - Returning cached instance of singleton bean 'autoConfigurationReport'
17:17:01.922 [main] o.s.b.a.c.OnBeanCondition TRACE - Condition OnBeanCondition on org.springframework.boot.autoconfigure.jdbc.DataSourceAutoConfiguration$PooledDataSourceConfiguration matched due to @ConditionalOnMissingBean (types: javax.sql.DataSource,javax.sql.XADataSource; SearchStrategy: all) did not find any beans
17:17:01.922 [main] o.s.b.f.s.DefaultListableBeanFactory TRACE - Returning cached instance of singleton bean 'autoConfigurationReport'
17:17:01.922 [main] o.s.b.a.c.OnClassCondition TRACE - Condition OnClassCondition on org.springframework.boot.autoconfigure.jdbc.DataSourceConfiguration$Hikari matched due to @ConditionalOnClass found required class 'com.zaxxer.hikari.HikariDataSource'
17:17:01.922 [main] o.s.b.f.s.DefaultListableBeanFactory TRACE - Returning cached instance of singleton bean 'autoConfigurationReport'
17:17:01.922 [main] o.s.b.a.c.OnPropertyCondition TRACE - Condition OnPropertyCondition on org.springframework.boot.autoconfigure.jdbc.DataSourceConfiguration$Hikari matched due to @ConditionalOnProperty (spring.datasource.type=com.zaxxer.hikari.HikariDataSource) matched
17:17:01.922 [main] o.s.b.f.s.DefaultListableBeanFactory TRACE - Returning cached instance of singleton bean 'autoConfigurationReport'
17:17:01.923 [main] o.s.b.a.c.OnBeanCondition TRACE - Condition OnBeanCondition on org.springframework.boot.autoconfigure.jdbc.DataSourceConfiguration$Hikari matched due to @ConditionalOnMissingBean (types: javax.sql.DataSource; SearchStrategy: all) did not find any beans
17:17:01.923 [main] o.s.b.f.s.DefaultListableBeanFactory TRACE - Returning cached instance of singleton bean 'autoConfigurationReport'
17:17:01.923 [main] o.s.c.a.ConfigurationClassBeanDefinitionReader TRACE - Registered bean definition for imported class 'org.springframework.boot.autoconfigure.jdbc.DataSourceConfiguration$Hikari'
17:17:01.923 [main] o.s.c.a.ConfigurationClassBeanDefinitionReader TRACE - Registering bean definition for @Bean method org.springframework.boot.autoconfigure.jdbc.DataSourceConfiguration$Hikari.jdbcConnectionDetailsHikariBeanPostProcessor()
17:17:01.923 [main] o.s.c.a.ConfigurationClassBeanDefinitionReader TRACE - Registering bean definition for @Bean method org.springframework.boot.autoconfigure.jdbc.DataSourceConfiguration$Hikari.dataSource()
17:17:01.926 [main] o.s.c.a.ConfigurationClassBeanDefinitionReader TRACE - Registered bean definition for imported class 'org.springframework.boot.autoconfigure.jdbc.DataSourceAutoConfiguration$PooledDataSourceConfiguration'
17:17:01.930 [main] o.s.b.a.c.OnBeanCondition TRACE - Condition OnBeanCondition on org.springframework.boot.autoconfigure.jdbc.DataSourceAutoConfiguration$PooledDataSourceConfiguration#jdbcConnectionDetails matched due to @ConditionalOnMissingBean (types: org.springframework.boot.autoconfigure.jdbc.JdbcConnectionDetails; SearchStrategy: all) did not find any beans
17:17:01.930 [main] o.s.b.f.s.DefaultListableBeanFactory TRACE - Returning cached instance of singleton bean 'autoConfigurationReport'
17:17:01.931 [main] o.s.c.a.ConfigurationClassBeanDefinitionReader TRACE - Registering bean definition for @Bean method org.springframework.boot.autoconfigure.jdbc.DataSourceAutoConfiguration$PooledDataSourceConfiguration.jdbcConnectionDetails()
17:17:01.931 [main] o.s.b.a.c.OnClassCondition TRACE - Condition OnClassCondition on org.springframework.boot.autoconfigure.jdbc.metadata.DataSourcePoolMetadataProvidersConfiguration$HikariPoolDataSourceMetadataProviderConfiguration matched due to @ConditionalOnClass found required class 'com.zaxxer.hikari.HikariDataSource'
17:17:01.931 [main] o.s.b.f.s.DefaultListableBeanFactory TRACE - Returning cached instance of singleton bean 'autoConfigurationReport'
17:17:01.931 [main] o.s.c.a.ConfigurationClassBeanDefinitionReader TRACE - Registered bean definition for imported class 'org.springframework.boot.autoconfigure.jdbc.metadata.DataSourcePoolMetadataProvidersConfiguration$HikariPoolDataSourceMetadataProviderConfiguration'
17:17:01.931 [main] o.s.c.a.ConfigurationClassBeanDefinitionReader TRACE - Registering bean definition for @Bean method org.springframework.boot.autoconfigure.jdbc.metadata.DataSourcePoolMetadataProvidersConfiguration$HikariPoolDataSourceMetadataProviderConfiguration.hikariPoolDataSourceMetadataProvider()
17:17:01.931 [main] o.s.c.a.ConfigurationClassBeanDefinitionReader TRACE - Registered bean definition for imported class 'org.springframework.boot.autoconfigure.jdbc.metadata.DataSourcePoolMetadataProvidersConfiguration'
17:17:01.933 [main] o.s.c.a.ConfigurationClassBeanDefinitionReader TRACE - Registered bean definition for imported class 'org.springframework.boot.autoconfigure.jdbc.DataSourceAutoConfiguration'
17:17:01.934 [main] o.s.b.a.c.OnClassCondition TRACE - Condition OnClassCondition on org.springframework.boot.autoconfigure.transaction.TransactionManagerCustomizationAutoConfiguration matched due to @ConditionalOnClass found required class 'org.springframework.transaction.PlatformTransactionManager'
17:17:01.935 [main] o.s.b.f.s.DefaultListableBeanFactory TRACE - Returning cached instance of singleton bean 'autoConfigurationReport'
17:17:01.935 [main] o.s.c.a.ConfigurationClassBeanDefinitionReader TRACE - Registered bean definition for imported class 'org.springframework.boot.autoconfigure.transaction.TransactionManagerCustomizationAutoConfiguration'
17:17:01.939 [main] o.s.b.a.c.OnBeanCondition TRACE - Condition OnBeanCondition on org.springframework.boot.autoconfigure.transaction.TransactionManagerCustomizationAutoConfiguration#platformTransactionManagerCustomizers matched due to @ConditionalOnMissingBean (types: org.springframework.boot.autoconfigure.transaction.TransactionManagerCustomizers; SearchStrategy: all) did not find any beans
17:17:01.939 [main] o.s.b.f.s.DefaultListableBeanFactory TRACE - Returning cached instance of singleton bean 'autoConfigurationReport'
17:17:01.940 [main] o.s.c.a.ConfigurationClassBeanDefinitionReader TRACE - Registering bean definition for @Bean method org.springframework.boot.autoconfigure.transaction.TransactionManagerCustomizationAutoConfiguration.platformTransactionManagerCustomizers()
17:17:01.940 [main] o.s.c.a.ConfigurationClassBeanDefinitionReader TRACE - Registering bean definition for @Bean method org.springframework.boot.autoconfigure.transaction.TransactionManagerCustomizationAutoConfiguration.transactionExecutionListeners()
17:17:01.941 [main] o.s.b.a.c.OnClassCondition TRACE - Condition OnClassCondition on org.springframework.boot.autoconfigure.cache.CacheAutoConfiguration matched due to @ConditionalOnClass found required class 'org.springframework.cache.CacheManager'
17:17:01.941 [main] o.s.b.f.s.DefaultListableBeanFactory TRACE - Returning cached instance of singleton bean 'autoConfigurationReport'
17:17:01.943 [main] o.s.b.a.c.OnBeanCondition TRACE - Condition OnBeanCondition on org.springframework.boot.autoconfigure.cache.CacheAutoConfiguration did not match due to @ConditionalOnBean (types: org.springframework.cache.interceptor.CacheAspectSupport; SearchStrategy: all) did not find any beans of type org.springframework.cache.interceptor.CacheAspectSupport
17:17:01.943 [main] o.s.b.f.s.DefaultListableBeanFactory TRACE - Returning cached instance of singleton bean 'autoConfigurationReport'
17:17:01.943 [main] o.s.c.a.ConfigurationClassBeanDefinitionReader TRACE - Registered bean definition for imported class 'org.springframework.boot.autoconfigure.context.ConfigurationPropertiesAutoConfiguration'
17:17:01.944 [main] o.s.c.a.ConfigurationClassBeanDefinitionReader TRACE - Registered bean definition for imported class 'org.springframework.boot.autoconfigure.context.LifecycleAutoConfiguration'
17:17:01.944 [main] o.s.b.a.c.OnBeanCondition TRACE - Condition OnBeanCondition on org.springframework.boot.autoconfigure.context.LifecycleAutoConfiguration#defaultLifecycleProcessor matched due to @ConditionalOnMissingBean (names: lifecycleProcessor; SearchStrategy: current) did not find any beans
17:17:01.944 [main] o.s.b.f.s.DefaultListableBeanFactory TRACE - Returning cached instance of singleton bean 'autoConfigurationReport'
17:17:01.944 [main] o.s.c.a.ConfigurationClassBeanDefinitionReader TRACE - Registering bean definition for @Bean method org.springframework.boot.autoconfigure.context.LifecycleAutoConfiguration.lifecycleProcessor()
17:17:01.945 [main] o.s.b.a.c.OnClassCondition TRACE - Condition OnClassCondition on org.springframework.boot.autoconfigure.dao.PersistenceExceptionTranslationAutoConfiguration matched due to @ConditionalOnClass found required class 'org.springframework.dao.annotation.PersistenceExceptionTranslationPostProcessor'
17:17:01.945 [main] o.s.b.f.s.DefaultListableBeanFactory TRACE - Returning cached instance of singleton bean 'autoConfigurationReport'
17:17:01.945 [main] o.s.c.a.ConfigurationClassBeanDefinitionReader TRACE - Registered bean definition for imported class 'org.springframework.boot.autoconfigure.dao.PersistenceExceptionTranslationAutoConfiguration'
17:17:01.945 [main] o.s.b.a.c.OnPropertyCondition TRACE - Condition OnPropertyCondition on org.springframework.boot.autoconfigure.dao.PersistenceExceptionTranslationAutoConfiguration#persistenceExceptionTranslationPostProcessor matched due to @ConditionalOnProperty (spring.dao.exceptiontranslation.enabled) matched
17:17:01.945 [main] o.s.b.f.s.DefaultListableBeanFactory TRACE - Returning cached instance of singleton bean 'autoConfigurationReport'
17:17:01.949 [main] o.s.b.a.c.OnBeanCondition TRACE - Condition OnBeanCondition on org.springframework.boot.autoconfigure.dao.PersistenceExceptionTranslationAutoConfiguration#persistenceExceptionTranslationPostProcessor matched due to @ConditionalOnMissingBean (types: org.springframework.dao.annotation.PersistenceExceptionTranslationPostProcessor; SearchStrategy: all) did not find any beans
17:17:01.949 [main] o.s.b.f.s.DefaultListableBeanFactory TRACE - Returning cached instance of singleton bean 'autoConfigurationReport'
17:17:01.949 [main] o.s.c.a.ConfigurationClassBeanDefinitionReader TRACE - Registering bean definition for @Bean method org.springframework.boot.autoconfigure.dao.PersistenceExceptionTranslationAutoConfiguration.persistenceExceptionTranslationPostProcessor()
17:17:01.949 [main] o.s.b.a.c.OnClassCondition TRACE - Condition OnClassCondition on org.springframework.boot.autoconfigure.http.HttpMessageConvertersAutoConfiguration matched due to @ConditionalOnClass found required class 'org.springframework.http.converter.HttpMessageConverter'
17:17:01.949 [main] o.s.b.f.s.DefaultListableBeanFactory TRACE - Returning cached instance of singleton bean 'autoConfigurationReport'
17:17:01.950 [main] o.s.b.a.c.OnClassCondition TRACE - Condition OnClassCondition on org.springframework.boot.autoconfigure.http.HttpMessageConvertersAutoConfiguration$StringHttpMessageConverterConfiguration matched due to @ConditionalOnClass found required class 'org.springframework.http.converter.StringHttpMessageConverter'
17:17:01.950 [main] o.s.b.f.s.DefaultListableBeanFactory TRACE - Returning cached instance of singleton bean 'autoConfigurationReport'
17:17:01.950 [main] o.s.c.a.ConfigurationClassBeanDefinitionReader TRACE - Registered bean definition for imported class 'org.springframework.boot.autoconfigure.http.HttpMessageConvertersAutoConfiguration$StringHttpMessageConverterConfiguration'
17:17:01.952 [main] o.s.b.a.c.OnBeanCondition TRACE - Condition OnBeanCondition on org.springframework.boot.autoconfigure.http.HttpMessageConvertersAutoConfiguration$StringHttpMessageConverterConfiguration#stringHttpMessageConverter matched due to @ConditionalOnMissingBean (types: org.springframework.http.converter.StringHttpMessageConverter; SearchStrategy: all) did not find any beans
17:17:01.952 [main] o.s.b.f.s.DefaultListableBeanFactory TRACE - Returning cached instance of singleton bean 'autoConfigurationReport'
17:17:01.952 [main] o.s.c.a.ConfigurationClassBeanDefinitionReader TRACE - Registering bean definition for @Bean method org.springframework.boot.autoconfigure.http.HttpMessageConvertersAutoConfiguration$StringHttpMessageConverterConfiguration.stringHttpMessageConverter()
17:17:01.952 [main] o.s.b.a.c.OnClassCondition TRACE - Condition OnClassCondition on org.springframework.boot.autoconfigure.http.JacksonHttpMessageConvertersConfiguration$MappingJackson2HttpMessageConverterConfiguration matched due to @ConditionalOnClass found required class 'com.fasterxml.jackson.databind.ObjectMapper'
17:17:01.952 [main] o.s.b.f.s.DefaultListableBeanFactory TRACE - Returning cached instance of singleton bean 'autoConfigurationReport'
17:17:01.952 [main] o.s.b.a.c.OnPropertyCondition TRACE - Condition OnPropertyCondition on org.springframework.boot.autoconfigure.http.JacksonHttpMessageConvertersConfiguration$MappingJackson2HttpMessageConverterConfiguration matched due to @ConditionalOnProperty (spring.mvc.converters.preferred-json-mapper=jackson) matched
17:17:01.952 [main] o.s.b.f.s.DefaultListableBeanFactory TRACE - Returning cached instance of singleton bean 'autoConfigurationReport'
17:17:01.953 [main] o.s.b.a.c.OnBeanCondition TRACE - Condition OnBeanCondition on org.springframework.boot.autoconfigure.http.JacksonHttpMessageConvertersConfiguration$MappingJackson2HttpMessageConverterConfiguration matched due to @ConditionalOnBean (types: com.fasterxml.jackson.databind.ObjectMapper; SearchStrategy: all) found bean 'jacksonObjectMapper'
17:17:01.953 [main] o.s.b.f.s.DefaultListableBeanFactory TRACE - Returning cached instance of singleton bean 'autoConfigurationReport'
17:17:01.955 [main] o.s.c.a.ConfigurationClassBeanDefinitionReader TRACE - Registered bean definition for imported class 'org.springframework.boot.autoconfigure.http.JacksonHttpMessageConvertersConfiguration$MappingJackson2HttpMessageConverterConfiguration'
17:17:01.956 [main] o.s.b.a.c.OnBeanCondition TRACE - Condition OnBeanCondition on org.springframework.boot.autoconfigure.http.JacksonHttpMessageConvertersConfiguration$MappingJackson2HttpMessageConverterConfiguration#mappingJackson2HttpMessageConverter matched due to @ConditionalOnMissingBean (types: org.springframework.http.converter.json.MappingJackson2HttpMessageConverter ignored: org.springframework.hateoas.server.mvc.TypeConstrainedMappingJackson2HttpMessageConverter,org.springframework.data.rest.webmvc.alps.AlpsJsonHttpMessageConverter; SearchStrategy: all) did not find any beans
17:17:01.956 [main] o.s.b.f.s.DefaultListableBeanFactory TRACE - Returning cached instance of singleton bean 'autoConfigurationReport'
17:17:01.957 [main] o.s.c.a.ConfigurationClassBeanDefinitionReader TRACE - Registering bean definition for @Bean method org.springframework.boot.autoconfigure.http.JacksonHttpMessageConvertersConfiguration$MappingJackson2HttpMessageConverterConfiguration.mappingJackson2HttpMessageConverter()
17:17:01.957 [main] o.s.c.a.ConfigurationClassBeanDefinitionReader TRACE - Registered bean definition for imported class 'org.springframework.boot.autoconfigure.http.JacksonHttpMessageConvertersConfiguration'
17:17:01.960 [main] o.s.c.a.ConfigurationClassBeanDefinitionReader TRACE - Registered bean definition for imported class 'org.springframework.boot.autoconfigure.http.HttpMessageConvertersAutoConfiguration'
17:17:01.969 [main] o.s.b.a.c.OnBeanCondition TRACE - Condition OnBeanCondition on org.springframework.boot.autoconfigure.http.HttpMessageConvertersAutoConfiguration#messageConverters matched due to @ConditionalOnMissingBean (types: org.springframework.boot.autoconfigure.http.HttpMessageConverters; SearchStrategy: all) did not find any beans
17:17:01.969 [main] o.s.b.f.s.DefaultListableBeanFactory TRACE - Returning cached instance of singleton bean 'autoConfigurationReport'
17:17:01.969 [main] o.s.c.a.ConfigurationClassBeanDefinitionReader TRACE - Registering bean definition for @Bean method org.springframework.boot.autoconfigure.http.HttpMessageConvertersAutoConfiguration.messageConverters()
17:17:01.970 [main] o.s.c.a.ConfigurationClassBeanDefinitionReader TRACE - Registered bean definition for imported class 'org.springframework.boot.autoconfigure.info.ProjectInfoAutoConfiguration'
17:17:01.972 [main] o.s.b.a.i.ProjectInfoAutoConfiguration$GitResourceAvailableCondition TRACE - Condition ProjectInfoAutoConfiguration.GitResourceAvailableCondition on org.springframework.boot.autoconfigure.info.ProjectInfoAutoConfiguration#gitProperties did not match due to GitResource did not find git info at classpath:git.properties
17:17:01.972 [main] o.s.b.f.s.DefaultListableBeanFactory TRACE - Returning cached instance of singleton bean 'autoConfigurationReport'
17:17:01.973 [main] o.s.b.c.p.s.ConfigurationPropertySourcesPropertyResolver$DefaultResolver TRACE - Searching for key 'spring.info.build.location:classpath:META-INF/build-info.properties' in PropertySource 'configurationProperties'
17:17:01.973 [main] o.s.b.c.p.s.ConfigurationPropertySourcesPropertyResolver$DefaultResolver TRACE - Searching for key 'spring.info.build.location:classpath:META-INF/build-info.properties' in PropertySource 'test'
17:17:01.973 [main] o.s.b.c.p.s.ConfigurationPropertySourcesPropertyResolver$DefaultResolver TRACE - Searching for key 'spring.info.build.location:classpath:META-INF/build-info.properties' in PropertySource 'Inlined Test Properties'
17:17:01.973 [main] o.s.b.c.p.s.ConfigurationPropertySourcesPropertyResolver$DefaultResolver TRACE - Searching for key 'spring.info.build.location:classpath:META-INF/build-info.properties' in PropertySource 'servletConfigInitParams'
17:17:01.973 [main] o.s.b.c.p.s.ConfigurationPropertySourcesPropertyResolver$DefaultResolver TRACE - Searching for key 'spring.info.build.location:classpath:META-INF/build-info.properties' in PropertySource 'servletContextInitParams'
17:17:01.973 [main] o.s.b.c.p.s.ConfigurationPropertySourcesPropertyResolver$DefaultResolver TRACE - Searching for key 'spring.info.build.location:classpath:META-INF/build-info.properties' in PropertySource 'systemProperties'
17:17:01.973 [main] o.s.b.c.p.s.ConfigurationPropertySourcesPropertyResolver$DefaultResolver TRACE - Searching for key 'spring.info.build.location:classpath:META-INF/build-info.properties' in PropertySource 'systemEnvironment'
17:17:01.973 [main] o.s.b.c.p.s.ConfigurationPropertySourcesPropertyResolver$DefaultResolver TRACE - Searching for key 'spring.info.build.location:classpath:META-INF/build-info.properties' in PropertySource 'random'
17:17:01.973 [main] o.s.b.c.p.s.ConfigurationPropertySourcesPropertyResolver$DefaultResolver TRACE - Searching for key 'spring.info.build.location:classpath:META-INF/build-info.properties' in PropertySource 'Config resource 'class path resource [application.yml]' via location 'optional:classpath:/''
17:17:01.974 [main] o.s.b.c.p.s.ConfigurationPropertySourcesPropertyResolver$DefaultResolver TRACE - Could not find key 'spring.info.build.location:classpath:META-INF/build-info.properties' in any property source
17:17:01.974 [main] o.s.u.PropertyPlaceholderHelper TRACE - Resolved placeholder 'spring.info.build.location:classpath:META-INF/build-info.properties'
17:17:01.975 [main] o.s.b.a.c.OnResourceCondition TRACE - Condition OnResourceCondition on org.springframework.boot.autoconfigure.info.ProjectInfoAutoConfiguration#buildProperties did not match due to @ConditionalOnResource did not find resource '${spring.info.build.location:classpath:META-INF/build-info.properties}'
17:17:01.975 [main] o.s.b.f.s.DefaultListableBeanFactory TRACE - Returning cached instance of singleton bean 'autoConfigurationReport'
17:17:01.977 [main] o.s.b.a.c.OnClassCondition TRACE - Condition OnClassCondition on org.springframework.boot.autoconfigure.jdbc.JdbcTemplateAutoConfiguration matched due to @ConditionalOnClass found required classes 'javax.sql.DataSource', 'org.springframework.jdbc.core.JdbcTemplate'
17:17:01.977 [main] o.s.b.f.s.DefaultListableBeanFactory TRACE - Returning cached instance of singleton bean 'autoConfigurationReport'
17:17:01.979 [main] o.s.b.a.c.OnBeanCondition TRACE - Condition OnBeanCondition on org.springframework.boot.autoconfigure.jdbc.JdbcTemplateAutoConfiguration matched due to @ConditionalOnSingleCandidate (types: javax.sql.DataSource; SearchStrategy: all) found a single bean 'dataSource'
17:17:01.979 [main] o.s.b.f.s.DefaultListableBeanFactory TRACE - Returning cached instance of singleton bean 'autoConfigurationReport'
17:17:01.980 [main] o.s.b.a.c.OnBeanCondition TRACE - Condition OnBeanCondition on org.springframework.boot.autoconfigure.jdbc.JdbcTemplateConfiguration matched due to @ConditionalOnMissingBean (types: org.springframework.jdbc.core.JdbcOperations; SearchStrategy: all) did not find any beans
17:17:01.980 [main] o.s.b.f.s.DefaultListableBeanFactory TRACE - Returning cached instance of singleton bean 'autoConfigurationReport'
17:17:01.980 [main] o.s.c.a.ConfigurationClassBeanDefinitionReader TRACE - Registered bean definition for imported class 'org.springframework.boot.autoconfigure.jdbc.JdbcTemplateConfiguration'
17:17:01.980 [main] o.s.c.a.ConfigurationClassBeanDefinitionReader TRACE - Registering bean definition for @Bean method org.springframework.boot.autoconfigure.jdbc.JdbcTemplateConfiguration.jdbcTemplate()
17:17:01.983 [main] o.s.b.a.c.OnBeanCondition TRACE - Condition OnBeanCondition on org.springframework.boot.autoconfigure.jdbc.NamedParameterJdbcTemplateConfiguration matched due to @ConditionalOnSingleCandidate (types: org.springframework.jdbc.core.JdbcTemplate; SearchStrategy: all) found a single bean 'jdbcTemplate'; @ConditionalOnMissingBean (types: org.springframework.jdbc.core.namedparam.NamedParameterJdbcOperations; SearchStrategy: all) did not find any beans
17:17:01.983 [main] o.s.b.f.s.DefaultListableBeanFactory TRACE - Returning cached instance of singleton bean 'autoConfigurationReport'
17:17:01.984 [main] o.s.b.a.c.OnBeanCondition TRACE - Condition OnBeanCondition on org.springframework.boot.autoconfigure.jdbc.NamedParameterJdbcTemplateConfiguration matched due to @ConditionalOnSingleCandidate (types: org.springframework.jdbc.core.JdbcTemplate; SearchStrategy: all) found a single bean 'jdbcTemplate'; @ConditionalOnMissingBean (types: org.springframework.jdbc.core.namedparam.NamedParameterJdbcOperations; SearchStrategy: all) did not find any beans
17:17:01.984 [main] o.s.b.f.s.DefaultListableBeanFactory TRACE - Returning cached instance of singleton bean 'autoConfigurationReport'
17:17:01.985 [main] o.s.c.a.ConfigurationClassBeanDefinitionReader TRACE - Registered bean definition for imported class 'org.springframework.boot.autoconfigure.jdbc.NamedParameterJdbcTemplateConfiguration'
17:17:01.985 [main] o.s.c.a.ConfigurationClassBeanDefinitionReader TRACE - Registering bean definition for @Bean method org.springframework.boot.autoconfigure.jdbc.NamedParameterJdbcTemplateConfiguration.namedParameterJdbcTemplate()
17:17:01.986 [main] o.s.c.a.ConfigurationClassBeanDefinitionReader TRACE - Registered bean definition for imported class 'org.springframework.boot.autoconfigure.jdbc.JdbcTemplateAutoConfiguration'
17:17:01.990 [main] o.s.b.a.c.OnBeanCondition TRACE - Condition OnBeanCondition on org.springframework.boot.autoconfigure.jdbc.JdbcClientAutoConfiguration matched due to @ConditionalOnSingleCandidate (types: org.springframework.jdbc.core.namedparam.NamedParameterJdbcTemplate; SearchStrategy: all) found a single bean 'namedParameterJdbcTemplate'; @ConditionalOnMissingBean (types: org.springframework.jdbc.core.simple.JdbcClient; SearchStrategy: all) did not find any beans
17:17:01.990 [main] o.s.b.f.s.DefaultListableBeanFactory TRACE - Returning cached instance of singleton bean 'autoConfigurationReport'
17:17:01.991 [main] o.s.b.a.c.OnBeanCondition TRACE - Condition OnBeanCondition on org.springframework.boot.autoconfigure.jdbc.JdbcClientAutoConfiguration matched due to @ConditionalOnSingleCandidate (types: org.springframework.jdbc.core.namedparam.NamedParameterJdbcTemplate; SearchStrategy: all) found a single bean 'namedParameterJdbcTemplate'; @ConditionalOnMissingBean (types: org.springframework.jdbc.core.simple.JdbcClient; SearchStrategy: all) did not find any beans
17:17:01.991 [main] o.s.b.f.s.DefaultListableBeanFactory TRACE - Returning cached instance of singleton bean 'autoConfigurationReport'
17:17:01.991 [main] o.s.c.a.ConfigurationClassBeanDefinitionReader TRACE - Registered bean definition for imported class 'org.springframework.boot.autoconfigure.jdbc.JdbcClientAutoConfiguration'
17:17:01.991 [main] o.s.c.a.ConfigurationClassBeanDefinitionReader TRACE - Registering bean definition for @Bean method org.springframework.boot.autoconfigure.jdbc.JdbcClientAutoConfiguration.jdbcClient()
17:17:01.992 [main] o.s.b.a.c.OnClassCondition TRACE - Condition OnClassCondition on org.springframework.boot.autoconfigure.security.reactive.ReactiveUserDetailsServiceAutoConfiguration matched due to @ConditionalOnClass found required class 'org.springframework.security.authentication.ReactiveAuthenticationManager'
17:17:01.992 [main] o.s.b.f.s.DefaultListableBeanFactory TRACE - Returning cached instance of singleton bean 'autoConfigurationReport'
17:17:01.994 [main] o.s.b.a.s.r.ReactiveUserDetailsServiceAutoConfiguration$RSocketEnabledOrReactiveWebApplication TRACE - Condition ReactiveUserDetailsServiceAutoConfiguration.RSocketEnabledOrReactiveWebApplication on org.springframework.boot.autoconfigure.security.reactive.ReactiveUserDetailsServiceAutoConfiguration did not match due to AnyNestedCondition 0 matched 2 did not; NestedCondition on ReactiveUserDetailsServiceAutoConfiguration.RSocketEnabledOrReactiveWebApplication.ReactiveWebApplicationCondition did not find reactive web application classes; NestedCondition on ReactiveUserDetailsServiceAutoConfiguration.RSocketEnabledOrReactiveWebApplication.RSocketSecurityEnabledCondition @ConditionalOnBean (types: org.springframework.messaging.rsocket.annotation.support.RSocketMessageHandler; SearchStrategy: all) did not find any beans of type org.springframework.messaging.rsocket.annotation.support.RSocketMessageHandler
17:17:01.994 [main] o.s.b.f.s.DefaultListableBeanFactory TRACE - Returning cached instance of singleton bean 'autoConfigurationReport'
17:17:01.994 [main] o.s.b.a.c.OnClassCondition TRACE - Condition OnClassCondition on org.springframework.boot.autoconfigure.security.servlet.SecurityFilterAutoConfiguration matched due to @ConditionalOnClass found required classes 'org.springframework.security.web.context.AbstractSecurityWebApplicationInitializer', 'org.springframework.security.config.http.SessionCreationPolicy'
17:17:01.994 [main] o.s.b.f.s.DefaultListableBeanFactory TRACE - Returning cached instance of singleton bean 'autoConfigurationReport'
17:17:01.994 [main] o.s.b.a.c.OnWebApplicationCondition TRACE - Condition OnWebApplicationCondition on org.springframework.boot.autoconfigure.security.servlet.SecurityFilterAutoConfiguration matched due to found 'session' scope
17:17:01.994 [main] o.s.b.f.s.DefaultListableBeanFactory TRACE - Returning cached instance of singleton bean 'autoConfigurationReport'
17:17:01.995 [main] o.s.c.a.ConfigurationClassBeanDefinitionReader TRACE - Registered bean definition for imported class 'org.springframework.boot.autoconfigure.security.servlet.SecurityFilterAutoConfiguration'
17:17:01.996 [main] o.s.b.a.c.OnBeanCondition TRACE - Condition OnBeanCondition on org.springframework.boot.autoconfigure.security.servlet.SecurityFilterAutoConfiguration#securityFilterChainRegistration did not match due to @ConditionalOnBean (names: springSecurityFilterChain; SearchStrategy: all) did not find any beans named springSecurityFilterChain
17:17:01.996 [main] o.s.b.f.s.DefaultListableBeanFactory TRACE - Returning cached instance of singleton bean 'autoConfigurationReport'
17:17:01.997 [main] o.s.b.a.c.OnClassCondition TRACE - Condition OnClassCondition on org.springframework.boot.autoconfigure.security.servlet.UserDetailsServiceAutoConfiguration matched due to @ConditionalOnClass found required class 'org.springframework.security.authentication.AuthenticationManager'
17:17:01.997 [main] o.s.b.f.s.DefaultListableBeanFactory TRACE - Returning cached instance of singleton bean 'autoConfigurationReport'
17:17:01.999 [main] o.s.b.a.c.OnBeanCondition TRACE - Condition OnBeanCondition on org.springframework.boot.autoconfigure.security.servlet.UserDetailsServiceAutoConfiguration did not match due to @ConditionalOnBean (types: org.springframework.security.config.annotation.ObjectPostProcessor; SearchStrategy: all) did not find any beans of type org.springframework.security.config.annotation.ObjectPostProcessor
17:17:01.999 [main] o.s.b.f.s.DefaultListableBeanFactory TRACE - Returning cached instance of singleton bean 'autoConfigurationReport'
17:17:01.999 [main] o.s.b.a.c.OnPropertyCondition TRACE - Condition OnPropertyCondition on org.springframework.boot.autoconfigure.sql.init.SqlInitializationAutoConfiguration matched due to @ConditionalOnProperty (spring.sql.init.enabled) matched
17:17:01.999 [main] o.s.b.f.s.DefaultListableBeanFactory TRACE - Returning cached instance of singleton bean 'autoConfigurationReport'
17:17:01.999 [main] o.s.b.a.c.OnClassCondition TRACE - Condition OnClassCondition on org.springframework.boot.autoconfigure.sql.init.DataSourceInitializationConfiguration matched due to @ConditionalOnClass found required class 'org.springframework.jdbc.datasource.init.DatabasePopulator'
17:17:01.999 [main] o.s.b.f.s.DefaultListableBeanFactory TRACE - Returning cached instance of singleton bean 'autoConfigurationReport'
17:17:02.003 [main] o.s.b.a.c.OnBeanCondition TRACE - Condition OnBeanCondition on org.springframework.boot.autoconfigure.sql.init.DataSourceInitializationConfiguration matched due to @ConditionalOnSingleCandidate (types: javax.sql.DataSource; SearchStrategy: all) found a single bean 'dataSource'; @ConditionalOnMissingBean (types: org.springframework.boot.autoconfigure.sql.init.SqlDataSourceScriptDatabaseInitializer,org.springframework.boot.autoconfigure.sql.init.SqlR2dbcScriptDatabaseInitializer; SearchStrategy: all) did not find any beans
17:17:02.003 [main] o.s.b.f.s.DefaultListableBeanFactory TRACE - Returning cached instance of singleton bean 'autoConfigurationReport'
17:17:02.004 [main] o.s.b.a.c.OnBeanCondition TRACE - Condition OnBeanCondition on org.springframework.boot.autoconfigure.sql.init.DataSourceInitializationConfiguration matched due to @ConditionalOnSingleCandidate (types: javax.sql.DataSource; SearchStrategy: all) found a single bean 'dataSource'; @ConditionalOnMissingBean (types: org.springframework.boot.autoconfigure.sql.init.SqlDataSourceScriptDatabaseInitializer,org.springframework.boot.autoconfigure.sql.init.SqlR2dbcScriptDatabaseInitializer; SearchStrategy: all) did not find any beans
17:17:02.004 [main] o.s.b.f.s.DefaultListableBeanFactory TRACE - Returning cached instance of singleton bean 'autoConfigurationReport'
17:17:02.006 [main] o.s.c.a.ConfigurationClassBeanDefinitionReader TRACE - Registered bean definition for imported class 'org.springframework.boot.autoconfigure.sql.init.DataSourceInitializationConfiguration'
17:17:02.006 [main] o.s.c.a.ConfigurationClassBeanDefinitionReader TRACE - Registering bean definition for @Bean method org.springframework.boot.autoconfigure.sql.init.DataSourceInitializationConfiguration.dataSourceScriptDatabaseInitializer()
17:17:02.009 [main] o.s.c.a.ConfigurationClassBeanDefinitionReader TRACE - Registered bean definition for imported class 'org.springframework.boot.autoconfigure.sql.init.SqlInitializationAutoConfiguration'
17:17:02.010 [main] o.s.b.a.c.OnClassCondition TRACE - Condition OnClassCondition on org.springframework.boot.autoconfigure.task.TaskSchedulingAutoConfiguration matched due to @ConditionalOnClass found required class 'org.springframework.scheduling.concurrent.ThreadPoolTaskScheduler'
17:17:02.010 [main] o.s.b.f.s.DefaultListableBeanFactory TRACE - Returning cached instance of singleton bean 'autoConfigurationReport'
17:17:02.010 [main] o.s.c.a.ConfigurationClassBeanDefinitionReader TRACE - Registered bean definition for imported class 'org.springframework.boot.autoconfigure.task.TaskSchedulingConfigurations$ThreadPoolTaskSchedulerBuilderConfiguration'
17:17:02.014 [main] o.s.b.a.c.OnBeanCondition TRACE - Condition OnBeanCondition on org.springframework.boot.autoconfigure.task.TaskSchedulingConfigurations$ThreadPoolTaskSchedulerBuilderConfiguration#threadPoolTaskSchedulerBuilder matched due to @ConditionalOnMissingBean (types: org.springframework.boot.task.TaskSchedulerBuilder,org.springframework.boot.task.ThreadPoolTaskSchedulerBuilder; SearchStrategy: all) did not find any beans
17:17:02.014 [main] o.s.b.f.s.DefaultListableBeanFactory TRACE - Returning cached instance of singleton bean 'autoConfigurationReport'
17:17:02.015 [main] o.s.c.a.ConfigurationClassBeanDefinitionReader TRACE - Registering bean definition for @Bean method org.springframework.boot.autoconfigure.task.TaskSchedulingConfigurations$ThreadPoolTaskSchedulerBuilderConfiguration.threadPoolTaskSchedulerBuilder()
17:17:02.015 [main] o.s.c.a.ConfigurationClassBeanDefinitionReader TRACE - Registered bean definition for imported class 'org.springframework.boot.autoconfigure.task.TaskSchedulingConfigurations$TaskSchedulerBuilderConfiguration'
17:17:02.018 [main] o.s.b.a.c.OnBeanCondition TRACE - Condition OnBeanCondition on org.springframework.boot.autoconfigure.task.TaskSchedulingConfigurations$TaskSchedulerBuilderConfiguration#taskSchedulerBuilder matched due to @ConditionalOnMissingBean (types: org.springframework.boot.task.TaskSchedulerBuilder; SearchStrategy: all) did not find any beans
17:17:02.018 [main] o.s.b.f.s.DefaultListableBeanFactory TRACE - Returning cached instance of singleton bean 'autoConfigurationReport'
17:17:02.018 [main] o.s.c.a.ConfigurationClassBeanDefinitionReader TRACE - Registering bean definition for @Bean method org.springframework.boot.autoconfigure.task.TaskSchedulingConfigurations$TaskSchedulerBuilderConfiguration.taskSchedulerBuilder()
17:17:02.018 [main] o.s.c.a.ConfigurationClassBeanDefinitionReader TRACE - Registered bean definition for imported class 'org.springframework.boot.autoconfigure.task.TaskSchedulingConfigurations$SimpleAsyncTaskSchedulerBuilderConfiguration'
17:17:02.021 [main] o.s.b.a.c.OnBeanCondition TRACE - Condition OnBeanCondition on org.springframework.boot.autoconfigure.task.TaskSchedulingConfigurations$SimpleAsyncTaskSchedulerBuilderConfiguration#simpleAsyncTaskSchedulerBuilder matched due to @ConditionalOnMissingBean (types: org.springframework.boot.task.SimpleAsyncTaskSchedulerBuilder; SearchStrategy: all) did not find any beans
17:17:02.021 [main] o.s.b.f.s.DefaultListableBeanFactory TRACE - Returning cached instance of singleton bean 'autoConfigurationReport'
17:17:02.021 [main] o.s.b.a.c.OnThreadingCondition TRACE - Condition OnThreadingCondition on org.springframework.boot.autoconfigure.task.TaskSchedulingConfigurations$SimpleAsyncTaskSchedulerBuilderConfiguration#simpleAsyncTaskSchedulerBuilder matched due to @ConditionalOnThreading found PLATFORM
17:17:02.021 [main] o.s.b.f.s.DefaultListableBeanFactory TRACE - Returning cached instance of singleton bean 'autoConfigurationReport'
17:17:02.022 [main] o.s.c.a.ConfigurationClassBeanDefinitionReader TRACE - Registering bean definition for @Bean method org.springframework.boot.autoconfigure.task.TaskSchedulingConfigurations$SimpleAsyncTaskSchedulerBuilderConfiguration.simpleAsyncTaskSchedulerBuilder()
17:17:02.023 [main] o.s.b.a.c.OnBeanCondition TRACE - Condition OnBeanCondition on org.springframework.boot.autoconfigure.task.TaskSchedulingConfigurations$SimpleAsyncTaskSchedulerBuilderConfiguration#simpleAsyncTaskSchedulerBuilderVirtualThreads did not match due to @ConditionalOnMissingBean (types: org.springframework.boot.task.SimpleAsyncTaskSchedulerBuilder; SearchStrategy: all) found beans of type 'org.springframework.boot.task.SimpleAsyncTaskSchedulerBuilder' simpleAsyncTaskSchedulerBuilder
17:17:02.023 [main] o.s.b.f.s.DefaultListableBeanFactory TRACE - Returning cached instance of singleton bean 'autoConfigurationReport'
17:17:02.024 [main] o.s.b.a.c.OnBeanCondition TRACE - Condition OnBeanCondition on org.springframework.boot.autoconfigure.task.TaskSchedulingConfigurations$TaskSchedulerConfiguration did not match due to @ConditionalOnBean (names: org.springframework.context.annotation.internalScheduledAnnotationProcessor; SearchStrategy: all) did not find any beans named org.springframework.context.annotation.internalScheduledAnnotationProcessor
17:17:02.024 [main] o.s.b.f.s.DefaultListableBeanFactory TRACE - Returning cached instance of singleton bean 'autoConfigurationReport'
17:17:02.025 [main] o.s.c.a.ConfigurationClassBeanDefinitionReader TRACE - Registered bean definition for imported class 'org.springframework.boot.autoconfigure.task.TaskSchedulingAutoConfiguration'
17:17:02.025 [main] o.s.b.a.c.OnBeanCondition TRACE - Condition OnBeanCondition on org.springframework.boot.autoconfigure.task.TaskSchedulingAutoConfiguration#scheduledBeanLazyInitializationExcludeFilter did not match due to @ConditionalOnBean (names: org.springframework.context.annotation.internalScheduledAnnotationProcessor; SearchStrategy: all) did not find any beans named org.springframework.context.annotation.internalScheduledAnnotationProcessor
17:17:02.025 [main] o.s.b.f.s.DefaultListableBeanFactory TRACE - Returning cached instance of singleton bean 'autoConfigurationReport'
17:17:02.027 [main] o.s.b.a.c.OnClassCondition TRACE - Condition OnClassCondition on org.springframework.boot.autoconfigure.jdbc.DataSourceTransactionManagerAutoConfiguration matched due to @ConditionalOnClass found required classes 'org.springframework.jdbc.core.JdbcTemplate', 'org.springframework.transaction.TransactionManager'
17:17:02.027 [main] o.s.b.f.s.DefaultListableBeanFactory TRACE - Returning cached instance of singleton bean 'autoConfigurationReport'
17:17:02.029 [main] o.s.b.a.c.OnBeanCondition TRACE - Condition OnBeanCondition on org.springframework.boot.autoconfigure.jdbc.DataSourceTransactionManagerAutoConfiguration$JdbcTransactionManagerConfiguration matched due to @ConditionalOnSingleCandidate (types: javax.sql.DataSource; SearchStrategy: all) found a single bean 'dataSource'
17:17:02.029 [main] o.s.b.f.s.DefaultListableBeanFactory TRACE - Returning cached instance of singleton bean 'autoConfigurationReport'
17:17:02.029 [main] o.s.c.a.ConfigurationClassBeanDefinitionReader TRACE - Registered bean definition for imported class 'org.springframework.boot.autoconfigure.jdbc.DataSourceTransactionManagerAutoConfiguration$JdbcTransactionManagerConfiguration'
17:17:02.031 [main] o.s.b.a.c.OnBeanCondition TRACE - Condition OnBeanCondition on org.springframework.boot.autoconfigure.jdbc.DataSourceTransactionManagerAutoConfiguration$JdbcTransactionManagerConfiguration#transactionManager matched due to @ConditionalOnMissingBean (types: org.springframework.transaction.TransactionManager; SearchStrategy: all) did not find any beans
17:17:02.031 [main] o.s.b.f.s.DefaultListableBeanFactory TRACE - Returning cached instance of singleton bean 'autoConfigurationReport'
17:17:02.031 [main] o.s.c.a.ConfigurationClassBeanDefinitionReader TRACE - Registering bean definition for @Bean method org.springframework.boot.autoconfigure.jdbc.DataSourceTransactionManagerAutoConfiguration$JdbcTransactionManagerConfiguration.transactionManager()
17:17:02.031 [main] o.s.c.a.ConfigurationClassBeanDefinitionReader TRACE - Registered bean definition for imported class 'org.springframework.boot.autoconfigure.jdbc.DataSourceTransactionManagerAutoConfiguration'
17:17:02.032 [main] o.s.b.a.c.OnClassCondition TRACE - Condition OnClassCondition on org.springframework.boot.autoconfigure.transaction.TransactionAutoConfiguration matched due to @ConditionalOnClass found required class 'org.springframework.transaction.PlatformTransactionManager'
17:17:02.032 [main] o.s.b.f.s.DefaultListableBeanFactory TRACE - Returning cached instance of singleton bean 'autoConfigurationReport'
17:17:02.032 [main] o.s.b.a.c.OnBeanCondition TRACE - Condition OnBeanCondition on org.springframework.boot.autoconfigure.transaction.TransactionAutoConfiguration$AspectJTransactionManagementConfiguration did not match due to @ConditionalOnBean (types: org.springframework.transaction.aspectj.AbstractTransactionAspect; SearchStrategy: all) did not find any beans of type org.springframework.transaction.aspectj.AbstractTransactionAspect
17:17:02.032 [main] o.s.b.f.s.DefaultListableBeanFactory TRACE - Returning cached instance of singleton bean 'autoConfigurationReport'
17:17:02.042 [main] o.s.b.a.c.OnBeanCondition TRACE - Condition OnBeanCondition on org.springframework.boot.autoconfigure.transaction.TransactionAutoConfiguration$EnableTransactionManagementConfiguration matched due to @ConditionalOnBean (types: org.springframework.transaction.TransactionManager; SearchStrategy: all) found bean 'transactionManager'; @ConditionalOnMissingBean (types: org.springframework.transaction.annotation.AbstractTransactionManagementConfiguration; SearchStrategy: all) did not find any beans
17:17:02.042 [main] o.s.b.f.s.DefaultListableBeanFactory TRACE - Returning cached instance of singleton bean 'autoConfigurationReport'
17:17:02.044 [main] o.s.b.a.c.OnBeanCondition TRACE - Condition OnBeanCondition on org.springframework.boot.autoconfigure.transaction.TransactionAutoConfiguration$EnableTransactionManagementConfiguration matched due to @ConditionalOnBean (types: org.springframework.transaction.TransactionManager; SearchStrategy: all) found bean 'transactionManager'; @ConditionalOnMissingBean (types: org.springframework.transaction.annotation.AbstractTransactionManagementConfiguration; SearchStrategy: all) did not find any beans
17:17:02.044 [main] o.s.b.f.s.DefaultListableBeanFactory TRACE - Returning cached instance of singleton bean 'autoConfigurationReport'
17:17:02.044 [main] o.s.b.a.c.OnPropertyCondition TRACE - Condition OnPropertyCondition on org.springframework.boot.autoconfigure.transaction.TransactionAutoConfiguration$EnableTransactionManagementConfiguration$CglibAutoProxyConfiguration matched due to @ConditionalOnProperty (spring.aop.proxy-target-class=true) matched
17:17:02.044 [main] o.s.b.f.s.DefaultListableBeanFactory TRACE - Returning cached instance of singleton bean 'autoConfigurationReport'
17:17:02.046 [main] o.s.c.a.ConfigurationClassBeanDefinitionReader TRACE - Registered bean definition for imported class 'org.springframework.transaction.annotation.ProxyTransactionManagementConfiguration'
17:17:02.046 [main] o.s.c.a.ConfigurationClassBeanDefinitionReader TRACE - Registering bean definition for @Bean method org.springframework.transaction.annotation.ProxyTransactionManagementConfiguration.org.springframework.transaction.config.internalTransactionAdvisor()
17:17:02.046 [main] o.s.c.a.ConfigurationClassBeanDefinitionReader TRACE - Registering bean definition for @Bean method org.springframework.transaction.annotation.ProxyTransactionManagementConfiguration.transactionAttributeSource()
17:17:02.046 [main] o.s.c.a.ConfigurationClassBeanDefinitionReader TRACE - Registering bean definition for @Bean method org.springframework.transaction.annotation.ProxyTransactionManagementConfiguration.transactionInterceptor()
17:17:02.046 [main] o.s.c.a.ConfigurationClassBeanDefinitionReader TRACE - Registering bean definition for @Bean method org.springframework.transaction.annotation.ProxyTransactionManagementConfiguration.org.springframework.transaction.config.internalTransactionalEventListenerFactory()
17:17:02.047 [main] o.s.c.a.ConfigurationClassBeanDefinitionReader TRACE - Registered bean definition for imported class 'org.springframework.boot.autoconfigure.transaction.TransactionAutoConfiguration$EnableTransactionManagementConfiguration$CglibAutoProxyConfiguration'
17:17:02.056 [main] o.s.c.a.ConfigurationClassBeanDefinitionReader TRACE - Registered bean definition for imported class 'org.springframework.boot.autoconfigure.transaction.TransactionAutoConfiguration$EnableTransactionManagementConfiguration'
17:17:02.068 [main] o.s.b.a.c.OnBeanCondition TRACE - Condition OnBeanCondition on org.springframework.boot.autoconfigure.transaction.TransactionAutoConfiguration$TransactionTemplateConfiguration matched due to @ConditionalOnSingleCandidate (types: org.springframework.transaction.PlatformTransactionManager; SearchStrategy: all) found a single bean 'transactionManager'
17:17:02.068 [main] o.s.b.f.s.DefaultListableBeanFactory TRACE - Returning cached instance of singleton bean 'autoConfigurationReport'
17:17:02.068 [main] o.s.c.a.ConfigurationClassBeanDefinitionReader TRACE - Registered bean definition for imported class 'org.springframework.boot.autoconfigure.transaction.TransactionAutoConfiguration$TransactionTemplateConfiguration'
17:17:02.069 [main] o.s.b.a.c.OnBeanCondition TRACE - Condition OnBeanCondition on org.springframework.boot.autoconfigure.transaction.TransactionAutoConfiguration$TransactionTemplateConfiguration#transactionTemplate matched due to @ConditionalOnMissingBean (types: org.springframework.transaction.support.TransactionOperations; SearchStrategy: all) did not find any beans
17:17:02.069 [main] o.s.b.f.s.DefaultListableBeanFactory TRACE - Returning cached instance of singleton bean 'autoConfigurationReport'
17:17:02.069 [main] o.s.c.a.ConfigurationClassBeanDefinitionReader TRACE - Registering bean definition for @Bean method org.springframework.boot.autoconfigure.transaction.TransactionAutoConfiguration$TransactionTemplateConfiguration.transactionTemplate()
17:17:02.069 [main] o.s.c.a.ConfigurationClassBeanDefinitionReader TRACE - Registered bean definition for imported class 'org.springframework.boot.autoconfigure.transaction.TransactionAutoConfiguration'
17:17:02.071 [main] o.s.b.a.c.OnBeanCondition TRACE - Condition OnBeanCondition on org.springframework.boot.autoconfigure.transaction.TransactionAutoConfiguration#transactionalOperator did not match due to @ConditionalOnSingleCandidate (types: org.springframework.transaction.ReactiveTransactionManager; SearchStrategy: all) did not find any beans
17:17:02.071 [main] o.s.b.f.s.DefaultListableBeanFactory TRACE - Returning cached instance of singleton bean 'autoConfigurationReport'
17:17:02.071 [main] o.s.b.a.c.OnClassCondition TRACE - Condition OnClassCondition on org.springframework.boot.autoconfigure.web.client.RestClientAutoConfiguration matched due to @ConditionalOnClass found required class 'org.springframework.web.client.RestClient'
17:17:02.071 [main] o.s.b.f.s.DefaultListableBeanFactory TRACE - Returning cached instance of singleton bean 'autoConfigurationReport'
17:17:02.072 [main] o.s.c.a.ConfigurationClassBeanDefinitionReader TRACE - Registered bean definition for imported class 'org.springframework.boot.autoconfigure.web.client.RestClientAutoConfiguration'
17:17:02.073 [main] o.s.b.a.c.OnBeanCondition TRACE - Condition OnBeanCondition on org.springframework.boot.autoconfigure.web.client.RestClientAutoConfiguration#httpMessageConvertersRestClientCustomizer matched due to @ConditionalOnMissingBean (types: org.springframework.boot.autoconfigure.web.client.HttpMessageConvertersRestClientCustomizer; SearchStrategy: all) did not find any beans
17:17:02.073 [main] o.s.b.f.s.DefaultListableBeanFactory TRACE - Returning cached instance of singleton bean 'autoConfigurationReport'
17:17:02.073 [main] o.s.c.a.ConfigurationClassBeanDefinitionReader TRACE - Registering bean definition for @Bean method org.springframework.boot.autoconfigure.web.client.RestClientAutoConfiguration.httpMessageConvertersRestClientCustomizer()
17:17:02.076 [main] o.s.b.a.c.OnBeanCondition TRACE - Condition OnBeanCondition on org.springframework.boot.autoconfigure.web.client.RestClientAutoConfiguration#restClientSsl matched due to @ConditionalOnBean (types: org.springframework.boot.ssl.SslBundles; SearchStrategy: all) found bean 'sslBundleRegistry'; @ConditionalOnMissingBean (types: org.springframework.boot.autoconfigure.web.client.RestClientSsl; SearchStrategy: all) did not find any beans
17:17:02.076 [main] o.s.b.f.s.DefaultListableBeanFactory TRACE - Returning cached instance of singleton bean 'autoConfigurationReport'
17:17:02.077 [main] o.s.b.a.c.OnBeanCondition TRACE - Condition OnBeanCondition on org.springframework.boot.autoconfigure.web.client.RestClientAutoConfiguration#restClientSsl matched due to @ConditionalOnBean (types: org.springframework.boot.ssl.SslBundles; SearchStrategy: all) found bean 'sslBundleRegistry'; @ConditionalOnMissingBean (types: org.springframework.boot.autoconfigure.web.client.RestClientSsl; SearchStrategy: all) did not find any beans
17:17:02.077 [main] o.s.b.f.s.DefaultListableBeanFactory TRACE - Returning cached instance of singleton bean 'autoConfigurationReport'
17:17:02.077 [main] o.s.c.a.ConfigurationClassBeanDefinitionReader TRACE - Registering bean definition for @Bean method org.springframework.boot.autoconfigure.web.client.RestClientAutoConfiguration.restClientSsl()
17:17:02.080 [main] o.s.b.a.c.OnBeanCondition TRACE - Condition OnBeanCondition on org.springframework.boot.autoconfigure.web.client.RestClientAutoConfiguration#restClientBuilderConfigurer matched due to @ConditionalOnMissingBean (types: org.springframework.boot.autoconfigure.web.client.RestClientBuilderConfigurer; SearchStrategy: all) did not find any beans
17:17:02.080 [main] o.s.b.f.s.DefaultListableBeanFactory TRACE - Returning cached instance of singleton bean 'autoConfigurationReport'
17:17:02.080 [main] o.s.c.a.ConfigurationClassBeanDefinitionReader TRACE - Registering bean definition for @Bean method org.springframework.boot.autoconfigure.web.client.RestClientAutoConfiguration.restClientBuilderConfigurer()
17:17:02.082 [main] o.s.b.a.c.OnBeanCondition TRACE - Condition OnBeanCondition on org.springframework.boot.autoconfigure.web.client.RestClientAutoConfiguration#restClientBuilder matched due to @ConditionalOnMissingBean (types: org.springframework.web.client.RestClient$Builder; SearchStrategy: all) did not find any beans
17:17:02.082 [main] o.s.b.f.s.DefaultListableBeanFactory TRACE - Returning cached instance of singleton bean 'autoConfigurationReport'
17:17:02.082 [main] o.s.c.a.ConfigurationClassBeanDefinitionReader TRACE - Registering bean definition for @Bean method org.springframework.boot.autoconfigure.web.client.RestClientAutoConfiguration.restClientBuilder()
17:17:02.082 [main] o.s.b.a.c.OnClassCondition TRACE - Condition OnClassCondition on org.springframework.boot.autoconfigure.web.client.RestTemplateAutoConfiguration matched due to @ConditionalOnClass found required class 'org.springframework.web.client.RestTemplate'
17:17:02.082 [main] o.s.b.f.s.DefaultListableBeanFactory TRACE - Returning cached instance of singleton bean 'autoConfigurationReport'
17:17:02.082 [main] o.s.c.a.ConfigurationClassBeanDefinitionReader TRACE - Registered bean definition for imported class 'org.springframework.boot.autoconfigure.web.client.RestTemplateAutoConfiguration'
17:17:02.083 [main] o.s.c.a.ConfigurationClassBeanDefinitionReader TRACE - Registering bean definition for @Bean method org.springframework.boot.autoconfigure.web.client.RestTemplateAutoConfiguration.restTemplateBuilderConfigurer()
17:17:02.086 [main] o.s.b.a.c.OnBeanCondition TRACE - Condition OnBeanCondition on org.springframework.boot.autoconfigure.web.client.RestTemplateAutoConfiguration#restTemplateBuilder matched due to @ConditionalOnMissingBean (types: org.springframework.boot.web.client.RestTemplateBuilder; SearchStrategy: all) did not find any beans
17:17:02.086 [main] o.s.b.f.s.DefaultListableBeanFactory TRACE - Returning cached instance of singleton bean 'autoConfigurationReport'
17:17:02.086 [main] o.s.c.a.ConfigurationClassBeanDefinitionReader TRACE - Registering bean definition for @Bean method org.springframework.boot.autoconfigure.web.client.RestTemplateAutoConfiguration.restTemplateBuilder()
17:17:02.086 [main] o.s.b.a.c.OnClassCondition TRACE - Condition OnClassCondition on org.springframework.boot.autoconfigure.web.servlet.HttpEncodingAutoConfiguration matched due to @ConditionalOnClass found required class 'org.springframework.web.filter.CharacterEncodingFilter'
17:17:02.086 [main] o.s.b.f.s.DefaultListableBeanFactory TRACE - Returning cached instance of singleton bean 'autoConfigurationReport'
17:17:02.087 [main] o.s.b.a.c.OnWebApplicationCondition TRACE - Condition OnWebApplicationCondition on org.springframework.boot.autoconfigure.web.servlet.HttpEncodingAutoConfiguration matched due to found 'session' scope
17:17:02.087 [main] o.s.b.f.s.DefaultListableBeanFactory TRACE - Returning cached instance of singleton bean 'autoConfigurationReport'
17:17:02.087 [main] o.s.b.a.c.OnPropertyCondition TRACE - Condition OnPropertyCondition on org.springframework.boot.autoconfigure.web.servlet.HttpEncodingAutoConfiguration matched due to @ConditionalOnProperty (server.servlet.encoding.enabled) matched
17:17:02.087 [main] o.s.b.f.s.DefaultListableBeanFactory TRACE - Returning cached instance of singleton bean 'autoConfigurationReport'
17:17:02.087 [main] o.s.c.a.ConfigurationClassBeanDefinitionReader TRACE - Registered bean definition for imported class 'org.springframework.boot.autoconfigure.web.servlet.HttpEncodingAutoConfiguration'
17:17:02.089 [main] o.s.b.a.c.OnBeanCondition TRACE - Condition OnBeanCondition on org.springframework.boot.autoconfigure.web.servlet.HttpEncodingAutoConfiguration#characterEncodingFilter matched due to @ConditionalOnMissingBean (types: org.springframework.web.filter.CharacterEncodingFilter; SearchStrategy: all) did not find any beans
17:17:02.089 [main] o.s.b.f.s.DefaultListableBeanFactory TRACE - Returning cached instance of singleton bean 'autoConfigurationReport'
17:17:02.089 [main] o.s.c.a.ConfigurationClassBeanDefinitionReader TRACE - Registering bean definition for @Bean method org.springframework.boot.autoconfigure.web.servlet.HttpEncodingAutoConfiguration.characterEncodingFilter()
17:17:02.089 [main] o.s.c.a.ConfigurationClassBeanDefinitionReader TRACE - Registering bean definition for @Bean method org.springframework.boot.autoconfigure.web.servlet.HttpEncodingAutoConfiguration.localeCharsetMappingsCustomizer()
17:17:02.090 [main] o.s.b.a.c.OnClassCondition TRACE - Condition OnClassCondition on org.springframework.boot.autoconfigure.web.servlet.MultipartAutoConfiguration matched due to @ConditionalOnClass found required classes 'jakarta.servlet.Servlet', 'org.springframework.web.multipart.support.StandardServletMultipartResolver', 'jakarta.servlet.MultipartConfigElement'
17:17:02.090 [main] o.s.b.f.s.DefaultListableBeanFactory TRACE - Returning cached instance of singleton bean 'autoConfigurationReport'
17:17:02.090 [main] o.s.b.a.c.OnWebApplicationCondition TRACE - Condition OnWebApplicationCondition on org.springframework.boot.autoconfigure.web.servlet.MultipartAutoConfiguration matched due to found 'session' scope
17:17:02.090 [main] o.s.b.f.s.DefaultListableBeanFactory TRACE - Returning cached instance of singleton bean 'autoConfigurationReport'
17:17:02.090 [main] o.s.b.a.c.OnPropertyCondition TRACE - Condition OnPropertyCondition on org.springframework.boot.autoconfigure.web.servlet.MultipartAutoConfiguration matched due to @ConditionalOnProperty (spring.servlet.multipart.enabled) matched
17:17:02.090 [main] o.s.b.f.s.DefaultListableBeanFactory TRACE - Returning cached instance of singleton bean 'autoConfigurationReport'
17:17:02.092 [main] o.s.c.a.ConfigurationClassBeanDefinitionReader TRACE - Registered bean definition for imported class 'org.springframework.boot.autoconfigure.web.servlet.MultipartAutoConfiguration'
17:17:02.095 [main] o.s.b.a.c.OnBeanCondition TRACE - Condition OnBeanCondition on org.springframework.boot.autoconfigure.web.servlet.MultipartAutoConfiguration#multipartConfigElement matched due to @ConditionalOnMissingBean (types: jakarta.servlet.MultipartConfigElement; SearchStrategy: all) did not find any beans
17:17:02.095 [main] o.s.b.f.s.DefaultListableBeanFactory TRACE - Returning cached instance of singleton bean 'autoConfigurationReport'
17:17:02.095 [main] o.s.c.a.ConfigurationClassBeanDefinitionReader TRACE - Registering bean definition for @Bean method org.springframework.boot.autoconfigure.web.servlet.MultipartAutoConfiguration.multipartConfigElement()
17:17:02.097 [main] o.s.b.a.c.OnBeanCondition TRACE - Condition OnBeanCondition on org.springframework.boot.autoconfigure.web.servlet.MultipartAutoConfiguration#multipartResolver matched due to @ConditionalOnMissingBean (types: org.springframework.web.multipart.MultipartResolver; SearchStrategy: all) did not find any beans
17:17:02.097 [main] o.s.b.f.s.DefaultListableBeanFactory TRACE - Returning cached instance of singleton bean 'autoConfigurationReport'
17:17:02.097 [main] o.s.c.a.ConfigurationClassBeanDefinitionReader TRACE - Registering bean definition for @Bean method org.springframework.boot.autoconfigure.web.servlet.MultipartAutoConfiguration.multipartResolver()
17:17:02.206 [main] o.s.c.a.ConfigurationClassEnhancer TRACE - Successfully enhanced com.assignment.InternshipProject.InternshipProjectApplication; enhanced class name is: com.assignment.InternshipProject.InternshipProjectApplication$$SpringCGLIB$$0
17:17:02.206 [main] o.s.c.a.ConfigurationClassPostProcessor TRACE - Replacing bean definition 'internshipProjectApplication' existing class 'com.assignment.InternshipProject.InternshipProjectApplication' with enhanced class 'com.assignment.InternshipProject.InternshipProjectApplication$$SpringCGLIB$$0'
17:17:02.227 [main] o.s.c.a.ConfigurationClassEnhancer TRACE - Successfully enhanced com.assignment.InternshipProject.configuration.FilterConfig; enhanced class name is: com.assignment.InternshipProject.configuration.FilterConfig$$SpringCGLIB$$0
17:17:02.227 [main] o.s.c.a.ConfigurationClassPostProcessor TRACE - Replacing bean definition 'filterConfig' existing class 'com.assignment.InternshipProject.configuration.FilterConfig' with enhanced class 'com.assignment.InternshipProject.configuration.FilterConfig$$SpringCGLIB$$0'
17:17:02.229 [main] o.s.b.f.s.DefaultListableBeanFactory DEBUG - Creating shared instance of singleton bean 'propertySourcesPlaceholderConfigurer'
17:17:02.229 [main] o.s.b.f.s.DefaultListableBeanFactory TRACE - Creating instance of bean 'propertySourcesPlaceholderConfigurer'
17:17:02.237 [main] o.s.b.f.s.DefaultListableBeanFactory TRACE - Finished creating instance of bean 'propertySourcesPlaceholderConfigurer'
17:17:02.241 [main] o.s.b.f.s.DefaultListableBeanFactory DEBUG - Creating shared instance of singleton bean 'org.springframework.boot.test.mock.mockito.MockitoPostProcessor'
17:17:02.241 [main] o.s.b.f.s.DefaultListableBeanFactory TRACE - Creating instance of bean 'org.springframework.boot.test.mock.mockito.MockitoPostProcessor'
17:17:02.250 [main] o.s.b.f.s.DefaultListableBeanFactory TRACE - Finished creating instance of bean 'org.springframework.boot.test.mock.mockito.MockitoPostProcessor'
17:17:02.250 [main] o.s.b.f.s.DefaultListableBeanFactory DEBUG - Creating shared instance of singleton bean 'org.springframework.boot.sql.init.dependency.DatabaseInitializationDependencyConfigurer$DependsOnDatabaseInitializationPostProcessor'
17:17:02.251 [main] o.s.b.f.s.DefaultListableBeanFactory TRACE - Creating instance of bean 'org.springframework.boot.sql.init.dependency.DatabaseInitializationDependencyConfigurer$DependsOnDatabaseInitializationPostProcessor'
17:17:02.251 [main] o.s.b.f.s.DefaultListableBeanFactory TRACE - Finished creating instance of bean 'org.springframework.boot.sql.init.dependency.DatabaseInitializationDependencyConfigurer$DependsOnDatabaseInitializationPostProcessor'
17:17:02.251 [main] o.s.c.i.s.SpringFactoriesLoader TRACE - Loaded [org.springframework.boot.sql.init.dependency.DatabaseInitializerDetector] names: [org.springframework.boot.flyway.FlywayDatabaseInitializerDetector, org.springframework.boot.jdbc.init.DataSourceScriptDatabaseInitializerDetector, org.springframework.boot.liquibase.LiquibaseDatabaseInitializerDetector, org.springframework.boot.orm.jpa.JpaDatabaseInitializerDetector, org.springframework.boot.r2dbc.init.R2dbcScriptDatabaseInitializerDetector, org.springframework.boot.autoconfigure.flyway.FlywayMigrationInitializerDatabaseInitializerDetector]
17:17:02.260 [main] o.s.c.i.s.SpringFactoriesLoader TRACE - Loaded [org.springframework.boot.sql.init.dependency.DependsOnDatabaseInitializationDetector] names: [org.springframework.boot.sql.init.dependency.AnnotationDependsOnDatabaseInitializationDetector, org.springframework.boot.jdbc.SpringJdbcDependsOnDatabaseInitializationDetector, org.springframework.boot.jooq.JooqDependsOnDatabaseInitializationDetector, org.springframework.boot.orm.jpa.JpaDependsOnDatabaseInitializationDetector, org.springframework.boot.autoconfigure.batch.JobRepositoryDependsOnDatabaseInitializationDetector, org.springframework.boot.autoconfigure.quartz.SchedulerDependsOnDatabaseInitializationDetector, org.springframework.boot.autoconfigure.session.JdbcIndexedSessionRepositoryDependsOnDatabaseInitializationDetector]
17:17:02.315 [main] o.s.b.f.s.DefaultListableBeanFactory DEBUG - Creating shared instance of singleton bean 'org.springframework.context.event.internalEventListenerProcessor'
17:17:02.315 [main] o.s.b.f.s.DefaultListableBeanFactory TRACE - Creating instance of bean 'org.springframework.context.event.internalEventListenerProcessor'
17:17:02.317 [main] o.s.b.f.s.DefaultListableBeanFactory TRACE - Finished creating instance of bean 'org.springframework.context.event.internalEventListenerProcessor'
17:17:02.317 [main] o.s.b.f.s.DefaultListableBeanFactory DEBUG - Creating shared instance of singleton bean 'preserveErrorControllerTargetClassPostProcessor'
17:17:02.317 [main] o.s.b.f.s.DefaultListableBeanFactory TRACE - Creating instance of bean 'preserveErrorControllerTargetClassPostProcessor'
17:17:02.318 [main] o.s.b.f.s.DefaultListableBeanFactory TRACE - Finished creating instance of bean 'preserveErrorControllerTargetClassPostProcessor'
17:17:02.318 [main] o.s.b.f.s.DefaultListableBeanFactory DEBUG - Creating shared instance of singleton bean 'forceAutoProxyCreatorToUseClassProxying'
17:17:02.318 [main] o.s.b.f.s.DefaultListableBeanFactory TRACE - Creating instance of bean 'forceAutoProxyCreatorToUseClassProxying'
17:17:02.319 [main] o.s.b.f.s.DefaultListableBeanFactory TRACE - Finished creating instance of bean 'forceAutoProxyCreatorToUseClassProxying'
17:17:02.319 [main] o.s.b.f.s.DefaultListableBeanFactory DEBUG - Creating shared instance of singleton bean 'org.springframework.context.event.internalEventListenerFactory'
17:17:02.319 [main] o.s.b.f.s.DefaultListableBeanFactory TRACE - Creating instance of bean 'org.springframework.context.event.internalEventListenerFactory'
17:17:02.319 [main] o.s.b.f.s.DefaultListableBeanFactory TRACE - Finished creating instance of bean 'org.springframework.context.event.internalEventListenerFactory'
17:17:02.319 [main] o.s.b.f.s.DefaultListableBeanFactory DEBUG - Creating shared instance of singleton bean 'org.springframework.transaction.config.internalTransactionalEventListenerFactory'
17:17:02.319 [main] o.s.b.f.s.DefaultListableBeanFactory TRACE - Creating instance of bean 'org.springframework.transaction.config.internalTransactionalEventListenerFactory'
17:17:02.320 [main] o.s.b.f.s.DefaultListableBeanFactory TRACE - Finished creating instance of bean 'org.springframework.transaction.config.internalTransactionalEventListenerFactory'
17:17:02.324 [main] o.s.b.f.s.DefaultListableBeanFactory DEBUG - Creating shared instance of singleton bean 'org.springframework.boot.test.mock.mockito.MockitoPostProcessor$SpyPostProcessor'
17:17:02.324 [main] o.s.b.f.s.DefaultListableBeanFactory TRACE - Creating instance of bean 'org.springframework.boot.test.mock.mockito.MockitoPostProcessor$SpyPostProcessor'
17:17:02.324 [main] o.s.b.f.s.DefaultListableBeanFactory TRACE - Returning cached instance of singleton bean 'org.springframework.boot.test.mock.mockito.MockitoPostProcessor'
17:17:02.326 [main] o.s.b.f.s.DefaultListableBeanFactory TRACE - Finished creating instance of bean 'org.springframework.boot.test.mock.mockito.MockitoPostProcessor$SpyPostProcessor'
17:17:02.326 [main] o.s.b.f.s.DefaultListableBeanFactory DEBUG - Creating shared instance of singleton bean 'org.springframework.context.annotation.internalAutowiredAnnotationProcessor'
17:17:02.326 [main] o.s.b.f.s.DefaultListableBeanFactory TRACE - Creating instance of bean 'org.springframework.context.annotation.internalAutowiredAnnotationProcessor'
17:17:02.329 [main] o.s.b.f.s.DefaultListableBeanFactory TRACE - Finished creating instance of bean 'org.springframework.context.annotation.internalAutowiredAnnotationProcessor'
17:17:02.329 [main] o.s.b.f.s.DefaultListableBeanFactory DEBUG - Creating shared instance of singleton bean 'org.springframework.context.annotation.internalCommonAnnotationProcessor'
17:17:02.329 [main] o.s.b.f.s.DefaultListableBeanFactory TRACE - Creating instance of bean 'org.springframework.context.annotation.internalCommonAnnotationProcessor'
17:17:02.334 [main] o.s.b.f.s.DefaultListableBeanFactory TRACE - Finished creating instance of bean 'org.springframework.context.annotation.internalCommonAnnotationProcessor'
17:17:02.335 [main] o.s.b.f.s.DefaultListableBeanFactory DEBUG - Creating shared instance of singleton bean 'org.springframework.boot.context.properties.ConfigurationPropertiesBindingPostProcessor'
17:17:02.335 [main] o.s.b.f.s.DefaultListableBeanFactory TRACE - Creating instance of bean 'org.springframework.boot.context.properties.ConfigurationPropertiesBindingPostProcessor'
17:17:02.335 [main] o.s.b.f.s.DefaultListableBeanFactory TRACE - Invoking afterPropertiesSet() on bean with name 'org.springframework.boot.context.properties.ConfigurationPropertiesBindingPostProcessor'
17:17:02.335 [main] o.s.b.f.s.DefaultListableBeanFactory DEBUG - Creating shared instance of singleton bean 'org.springframework.boot.context.internalConfigurationPropertiesBinder'
17:17:02.335 [main] o.s.b.f.s.DefaultListableBeanFactory TRACE - Creating instance of bean 'org.springframework.boot.context.internalConfigurationPropertiesBinder'
17:17:02.336 [main] o.s.b.f.s.DefaultListableBeanFactory TRACE - Returning cached instance of singleton bean 'propertySourcesPlaceholderConfigurer'
17:17:02.339 [main] o.s.b.f.s.DefaultListableBeanFactory TRACE - Finished creating instance of bean 'org.springframework.boot.context.internalConfigurationPropertiesBinder'
17:17:02.339 [main] o.s.b.f.s.DefaultListableBeanFactory TRACE - Finished creating instance of bean 'org.springframework.boot.context.properties.ConfigurationPropertiesBindingPostProcessor'
17:17:02.339 [main] o.s.b.f.s.DefaultListableBeanFactory DEBUG - Creating shared instance of singleton bean 'jdbcConnectionDetailsHikariBeanPostProcessor'
17:17:02.339 [main] o.s.b.f.s.DefaultListableBeanFactory TRACE - Creating instance of bean 'jdbcConnectionDetailsHikariBeanPostProcessor'
17:17:02.343 [main] o.s.b.f.s.DefaultListableBeanFactory TRACE - Finished creating instance of bean 'jdbcConnectionDetailsHikariBeanPostProcessor'
17:17:02.344 [main] o.s.b.f.s.DefaultListableBeanFactory TRACE - Returning cached instance of singleton bean 'org.springframework.boot.test.mock.mockito.MockitoPostProcessor'
17:17:02.344 [main] o.s.b.f.s.DefaultListableBeanFactory DEBUG - Creating shared instance of singleton bean 'persistenceExceptionTranslationPostProcessor'
17:17:02.344 [main] o.s.b.f.s.DefaultListableBeanFactory TRACE - Creating instance of bean 'persistenceExceptionTranslationPostProcessor'
17:17:02.347 [main] o.s.b.f.s.DefaultListableBeanFactory TRACE - Returning cached instance of singleton bean 'environment'
17:17:02.347 [main] o.s.b.f.s.DefaultListableBeanFactory DEBUG - Autowiring by type from bean name 'persistenceExceptionTranslationPostProcessor' via factory method to bean named 'environment'
17:17:02.357 [main] o.s.b.f.s.DefaultListableBeanFactory TRACE - Finished creating instance of bean 'persistenceExceptionTranslationPostProcessor'
17:17:02.357 [main] o.s.b.f.s.DefaultListableBeanFactory DEBUG - Creating shared instance of singleton bean 'org.springframework.aop.config.internalAutoProxyCreator'
17:17:02.357 [main] o.s.b.f.s.DefaultListableBeanFactory TRACE - Creating instance of bean 'org.springframework.aop.config.internalAutoProxyCreator'
17:17:02.365 [main] o.s.b.CachedIntrospectionResults TRACE - Getting BeanInfo for class [org.springframework.aop.framework.autoproxy.InfrastructureAdvisorAutoProxyCreator]
17:17:02.365 [main] o.s.b.CachedIntrospectionResults TRACE - Caching PropertyDescriptors for class [org.springframework.aop.framework.autoproxy.InfrastructureAdvisorAutoProxyCreator]
17:17:02.365 [main] o.s.b.CachedIntrospectionResults TRACE - Found bean property 'advisorAdapterRegistry' of type [org.springframework.aop.framework.adapter.AdvisorAdapterRegistry]
17:17:02.365 [main] o.s.b.CachedIntrospectionResults TRACE - Found bean property 'applyCommonInterceptorsFirst' of type [boolean]
17:17:02.365 [main] o.s.b.CachedIntrospectionResults TRACE - Found bean property 'beanClassLoader' of type [java.lang.ClassLoader]
17:17:02.365 [main] o.s.b.CachedIntrospectionResults TRACE - Found bean property 'beanFactory' of type [org.springframework.beans.factory.BeanFactory]
17:17:02.365 [main] o.s.b.CachedIntrospectionResults TRACE - Found bean property 'class' of type [java.lang.Class]
17:17:02.366 [main] o.s.b.CachedIntrospectionResults TRACE - Found bean property 'customTargetSourceCreators' of type [[Lorg.springframework.aop.framework.autoproxy.TargetSourceCreator;]
17:17:02.366 [main] o.s.b.CachedIntrospectionResults TRACE - Found bean property 'exposeProxy' of type [boolean]
17:17:02.366 [main] o.s.b.CachedIntrospectionResults TRACE - Found bean property 'frozen' of type [boolean]
17:17:02.366 [main] o.s.b.CachedIntrospectionResults TRACE - Found bean property 'interceptorNames' of type [[Ljava.lang.String;]
17:17:02.366 [main] o.s.b.CachedIntrospectionResults TRACE - Found bean property 'opaque' of type [boolean]
17:17:02.366 [main] o.s.b.CachedIntrospectionResults TRACE - Found bean property 'optimize' of type [boolean]
17:17:02.366 [main] o.s.b.CachedIntrospectionResults TRACE - Found bean property 'order' of type [int]
17:17:02.366 [main] o.s.b.CachedIntrospectionResults TRACE - Found bean property 'proxyClassLoader' of type [java.lang.ClassLoader]
17:17:02.366 [main] o.s.b.CachedIntrospectionResults TRACE - Found bean property 'proxyTargetClass' of type [boolean]
17:17:02.368 [main] o.s.b.f.s.DefaultListableBeanFactory TRACE - Finished creating instance of bean 'org.springframework.aop.config.internalAutoProxyCreator'
17:17:02.368 [main] o.s.b.f.s.DefaultListableBeanFactory DEBUG - Creating shared instance of singleton bean 'webServerFactoryCustomizerBeanPostProcessor'
17:17:02.368 [main] o.s.b.f.s.DefaultListableBeanFactory TRACE - Creating instance of bean 'webServerFactoryCustomizerBeanPostProcessor'
17:17:02.369 [main] o.s.b.f.s.DefaultListableBeanFactory TRACE - Finished creating instance of bean 'webServerFactoryCustomizerBeanPostProcessor'
17:17:02.369 [main] o.s.b.f.s.DefaultListableBeanFactory DEBUG - Creating shared instance of singleton bean 'errorPageRegistrarBeanPostProcessor'
17:17:02.369 [main] o.s.b.f.s.DefaultListableBeanFactory TRACE - Creating instance of bean 'errorPageRegistrarBeanPostProcessor'
17:17:02.369 [main] o.s.b.f.s.DefaultListableBeanFactory TRACE - Finished creating instance of bean 'errorPageRegistrarBeanPostProcessor'
17:17:02.369 [main] o.s.b.f.s.DefaultListableBeanFactory TRACE - Returning cached instance of singleton bean 'org.springframework.boot.test.autoconfigure.properties.PropertyMappingContextCustomizer$PropertyMappingCheckBeanPostProcessor'
17:17:02.371 [main] o.s.w.c.s.GenericWebApplicationContext TRACE - No 'messageSource' bean, using [Empty MessageSource]
17:17:02.372 [main] o.s.w.c.s.GenericWebApplicationContext TRACE - No 'applicationEventMulticaster' bean, using [SimpleApplicationEventMulticaster]
17:17:02.373 [main] o.s.u.c.s.UiApplicationContextUtils DEBUG - Unable to locate ThemeSource with name 'themeSource': using default [org.springframework.ui.context.support.ResourceBundleThemeSource@345d053b]
17:17:02.375 [main] o.s.b.f.s.DefaultListableBeanFactory TRACE - Pre-instantiating singletons in org.springframework.beans.factory.support.DefaultListableBeanFactory@29ea78b1: defining beans [org.springframework.boot.test.mock.mockito.MockitoPostProcessor$SpyPostProcessor,org.springframework.boot.test.mock.mockito.MockitoPostProcessor,org.springframework.context.annotation.internalConfigurationAnnotationProcessor,org.springframework.context.annotation.internalAutowiredAnnotationProcessor,org.springframework.context.annotation.internalCommonAnnotationProcessor,org.springframework.context.event.internalEventListenerProcessor,org.springframework.context.event.internalEventListenerFactory,internshipProjectApplication,org.springframework.boot.autoconfigure.internalCachingMetadataReaderFactory,filterConfig,userController,loginSession,user,loginSessionRepository,userRepository,userService,loggingFilter,org.springframework.boot.autoconfigure.AutoConfigurationPackages,org.springframework.boot.autoconfigure.context.PropertyPlaceholderAutoConfiguration,propertySourcesPlaceholderConfigurer,org.springframework.boot.autoconfigure.ssl.SslAutoConfiguration,fileWatcher,sslPropertiesSslBundleRegistrar,sslBundleRegistry,org.springframework.boot.context.properties.ConfigurationPropertiesBindingPostProcessor,org.springframework.boot.context.internalConfigurationPropertiesBinder,org.springframework.boot.context.properties.BoundConfigurationProperties,org.springframework.boot.context.properties.EnableConfigurationPropertiesRegistrar.methodValidationExcludeFilter,spring.ssl-org.springframework.boot.autoconfigure.ssl.SslProperties,org.springframework.boot.autoconfigure.websocket.servlet.WebSocketServletAutoConfiguration$TomcatWebSocketConfiguration,websocketServletWebServerCustomizer,org.springframework.boot.autoconfigure.websocket.servlet.WebSocketServletAutoConfiguration,org.springframework.boot.autoconfigure.web.servlet.ServletWebServerFactoryConfiguration$EmbeddedTomcat,tomcatServletWebServerFactory,org.springframework.boot.autoconfigure.web.servlet.ServletWebServerFactoryAutoConfiguration,servletWebServerFactoryCustomizer,tomcatServletWebServerFactoryCustomizer,server-org.springframework.boot.autoconfigure.web.ServerProperties,webServerFactoryCustomizerBeanPostProcessor,errorPageRegistrarBeanPostProcessor,org.springframework.boot.autoconfigure.web.servlet.DispatcherServletAutoConfiguration$DispatcherServletConfiguration,dispatcherServlet,spring.mvc-org.springframework.boot.autoconfigure.web.servlet.WebMvcProperties,org.springframework.boot.autoconfigure.web.servlet.DispatcherServletAutoConfiguration$DispatcherServletRegistrationConfiguration,dispatcherServletRegistration,org.springframework.boot.autoconfigure.web.servlet.DispatcherServletAutoConfiguration,org.springframework.boot.autoconfigure.task.TaskExecutorConfigurations$ThreadPoolTaskExecutorBuilderConfiguration,threadPoolTaskExecutorBuilder,org.springframework.boot.autoconfigure.task.TaskExecutorConfigurations$TaskExecutorBuilderConfiguration,taskExecutorBuilder,org.springframework.boot.autoconfigure.task.TaskExecutorConfigurations$SimpleAsyncTaskExecutorBuilderConfiguration,simpleAsyncTaskExecutorBuilder,org.springframework.boot.autoconfigure.task.TaskExecutorConfigurations$TaskExecutorConfiguration,applicationTaskExecutor,org.springframework.boot.autoconfigure.task.TaskExecutionAutoConfiguration,spring.task.execution-org.springframework.boot.autoconfigure.task.TaskExecutionProperties,org.springframework.boot.autoconfigure.web.servlet.error.ErrorMvcAutoConfiguration$WhitelabelErrorViewConfiguration,error,beanNameViewResolver,org.springframework.boot.autoconfigure.web.servlet.error.ErrorMvcAutoConfiguration$DefaultErrorViewResolverConfiguration,conventionErrorViewResolver,spring.web-org.springframework.boot.autoconfigure.web.WebProperties,org.springframework.boot.autoconfigure.web.servlet.error.ErrorMvcAutoConfiguration,errorAttributes,basicErrorController,errorPageCustomizer,preserveErrorControllerTargetClassPostProcessor,org.springframework.boot.autoconfigure.web.servlet.WebMvcAutoConfiguration$EnableWebMvcConfiguration,welcomePageHandlerMapping,welcomePageNotAcceptableHandlerMapping,localeResolver,themeResolver,flashMapManager,mvcConversionService,mvcValidator,mvcContentNegotiationManager,requestMappingHandlerMapping,mvcPatternParser,mvcUrlPathHelper,mvcPathMatcher,viewControllerHandlerMapping,beanNameHandlerMapping,routerFunctionMapping,resourceHandlerMapping,mvcResourceUrlProvider,defaultServletHandlerMapping,requestMappingHandlerAdapter,handlerFunctionAdapter,mvcUriComponentsContributor,httpRequestHandlerAdapter,simpleControllerHandlerAdapter,handlerExceptionResolver,mvcViewResolver,mvcHandlerMappingIntrospector,viewNameTranslator,org.springframework.boot.autoconfigure.web.servlet.WebMvcAutoConfiguration$WebMvcAutoConfigurationAdapter,defaultViewResolver,viewResolver,requestContextFilter,org.springframework.boot.autoconfigure.web.servlet.WebMvcAutoConfiguration,formContentFilter,org.springframework.boot.autoconfigure.aop.AopAutoConfiguration$ClassProxyingConfiguration,forceAutoProxyCreatorToUseClassProxying,org.springframework.boot.autoconfigure.aop.AopAutoConfiguration,org.springframework.boot.autoconfigure.availability.ApplicationAvailabilityAutoConfiguration,applicationAvailability,org.springframework.boot.autoconfigure.jackson.JacksonAutoConfiguration$Jackson2ObjectMapperBuilderCustomizerConfiguration,standardJacksonObjectMapperBuilderCustomizer,spring.jackson-org.springframework.boot.autoconfigure.jackson.JacksonProperties,org.springframework.boot.autoconfigure.jackson.JacksonAutoConfiguration$JacksonObjectMapperBuilderConfiguration,jacksonObjectMapperBuilder,org.springframework.boot.autoconfigure.jackson.JacksonAutoConfiguration$ParameterNamesModuleConfiguration,parameterNamesModule,org.springframework.boot.autoconfigure.jackson.JacksonAutoConfiguration$JacksonObjectMapperConfiguration,jacksonObjectMapper,org.springframework.boot.autoconfigure.jackson.JacksonAutoConfiguration$JacksonMixinConfiguration,jsonMixinModuleEntries,jsonMixinModule,org.springframework.boot.autoconfigure.jackson.JacksonAutoConfiguration,jsonComponentModule,org.springframework.boot.autoconfigure.jdbc.DataSourceConfiguration$Hikari,jdbcConnectionDetailsHikariBeanPostProcessor,dataSource,org.springframework.boot.autoconfigure.jdbc.DataSourceAutoConfiguration$PooledDataSourceConfiguration,jdbcConnectionDetails,org.springframework.boot.autoconfigure.jdbc.metadata.DataSourcePoolMetadataProvidersConfiguration$HikariPoolDataSourceMetadataProviderConfiguration,hikariPoolDataSourceMetadataProvider,org.springframework.boot.autoconfigure.jdbc.metadata.DataSourcePoolMetadataProvidersConfiguration,org.springframework.boot.autoconfigure.jdbc.DataSourceAutoConfiguration,spring.datasource-org.springframework.boot.autoconfigure.jdbc.DataSourceProperties,org.springframework.boot.autoconfigure.transaction.TransactionManagerCustomizationAutoConfiguration,platformTransactionManagerCustomizers,transactionExecutionListeners,spring.transaction-org.springframework.boot.autoconfigure.transaction.TransactionProperties,org.springframework.boot.autoconfigure.context.ConfigurationPropertiesAutoConfiguration,org.springframework.boot.autoconfigure.context.LifecycleAutoConfiguration,lifecycleProcessor,spring.lifecycle-org.springframework.boot.autoconfigure.context.LifecycleProperties,org.springframework.boot.autoconfigure.dao.PersistenceExceptionTranslationAutoConfiguration,persistenceExceptionTranslationPostProcessor,org.springframework.boot.autoconfigure.http.HttpMessageConvertersAutoConfiguration$StringHttpMessageConverterConfiguration,stringHttpMessageConverter,org.springframework.boot.autoconfigure.http.JacksonHttpMessageConvertersConfiguration$MappingJackson2HttpMessageConverterConfiguration,mappingJackson2HttpMessageConverter,org.springframework.boot.autoconfigure.http.JacksonHttpMessageConvertersConfiguration,org.springframework.boot.autoconfigure.http.HttpMessageConvertersAutoConfiguration,messageConverters,org.springframework.boot.autoconfigure.info.ProjectInfoAutoConfiguration,spring.info-org.springframework.boot.autoconfigure.info.ProjectInfoProperties,org.springframework.boot.autoconfigure.jdbc.JdbcTemplateConfiguration,jdbcTemplate,org.springframework.boot.autoconfigure.jdbc.NamedParameterJdbcTemplateConfiguration,namedParameterJdbcTemplate,org.springframework.boot.autoconfigure.jdbc.JdbcTemplateAutoConfiguration,spring.jdbc-org.springframework.boot.autoconfigure.jdbc.JdbcProperties,org.springframework.boot.sql.init.dependency.DatabaseInitializationDependencyConfigurer$DependsOnDatabaseInitializationPostProcessor,org.springframework.boot.autoconfigure.jdbc.JdbcClientAutoConfiguration,jdbcClient,org.springframework.boot.autoconfigure.security.servlet.SecurityFilterAutoConfiguration,spring.security-org.springframework.boot.autoconfigure.security.SecurityProperties,org.springframework.boot.autoconfigure.sql.init.DataSourceInitializationConfiguration,dataSourceScriptDatabaseInitializer,org.springframework.boot.autoconfigure.sql.init.SqlInitializationAutoConfiguration,spring.sql.init-org.springframework.boot.autoconfigure.sql.init.SqlInitializationProperties,org.springframework.boot.autoconfigure.task.TaskSchedulingConfigurations$ThreadPoolTaskSchedulerBuilderConfiguration,threadPoolTaskSchedulerBuilder,org.springframework.boot.autoconfigure.task.TaskSchedulingConfigurations$TaskSchedulerBuilderConfiguration,taskSchedulerBuilder,org.springframework.boot.autoconfigure.task.TaskSchedulingConfigurations$SimpleAsyncTaskSchedulerBuilderConfiguration,simpleAsyncTaskSchedulerBuilder,org.springframework.boot.autoconfigure.task.TaskSchedulingAutoConfiguration,spring.task.scheduling-org.springframework.boot.autoconfigure.task.TaskSchedulingProperties,org.springframework.boot.autoconfigure.jdbc.DataSourceTransactionManagerAutoConfiguration$JdbcTransactionManagerConfiguration,transactionManager,org.springframework.boot.autoconfigure.jdbc.DataSourceTransactionManagerAutoConfiguration,org.springframework.transaction.annotation.ProxyTransactionManagementConfiguration,org.springframework.transaction.config.internalTransactionAdvisor,transactionAttributeSource,transactionInterceptor,org.springframework.transaction.config.internalTransactionalEventListenerFactory,org.springframework.boot.autoconfigure.transaction.TransactionAutoConfiguration$EnableTransactionManagementConfiguration$CglibAutoProxyConfiguration,org.springframework.aop.config.internalAutoProxyCreator,org.springframework.boot.autoconfigure.transaction.TransactionAutoConfiguration$EnableTransactionManagementConfiguration,org.springframework.boot.autoconfigure.transaction.TransactionAutoConfiguration$TransactionTemplateConfiguration,transactionTemplate,org.springframework.boot.autoconfigure.transaction.TransactionAutoConfiguration,org.springframework.boot.autoconfigure.web.client.RestClientAutoConfiguration,httpMessageConvertersRestClientCustomizer,restClientSsl,restClientBuilderConfigurer,restClientBuilder,org.springframework.boot.autoconfigure.web.client.RestTemplateAutoConfiguration,restTemplateBuilderConfigurer,restTemplateBuilder,org.springframework.boot.autoconfigure.web.servlet.HttpEncodingAutoConfiguration,characterEncodingFilter,localeCharsetMappingsCustomizer,org.springframework.boot.autoconfigure.web.servlet.MultipartAutoConfiguration,multipartConfigElement,multipartResolver,spring.servlet.multipart-org.springframework.boot.autoconfigure.web.servlet.MultipartProperties]; root of factory hierarchy
17:17:02.375 [main] o.s.b.f.s.DefaultListableBeanFactory TRACE - Returning cached instance of singleton bean 'org.springframework.boot.test.mock.mockito.MockitoPostProcessor$SpyPostProcessor'
17:17:02.375 [main] o.s.b.f.s.DefaultListableBeanFactory TRACE - Returning cached instance of singleton bean 'org.springframework.boot.test.mock.mockito.MockitoPostProcessor'
17:17:02.375 [main] o.s.b.f.s.DefaultListableBeanFactory TRACE - Returning cached instance of singleton bean 'org.springframework.context.annotation.internalConfigurationAnnotationProcessor'
17:17:02.375 [main] o.s.b.f.s.DefaultListableBeanFactory TRACE - Returning cached instance of singleton bean 'org.springframework.context.annotation.internalAutowiredAnnotationProcessor'
17:17:02.375 [main] o.s.b.f.s.DefaultListableBeanFactory TRACE - Returning cached instance of singleton bean 'org.springframework.context.annotation.internalCommonAnnotationProcessor'
17:17:02.375 [main] o.s.b.f.s.DefaultListableBeanFactory TRACE - Returning cached instance of singleton bean 'org.springframework.context.event.internalEventListenerProcessor'
17:17:02.375 [main] o.s.b.f.s.DefaultListableBeanFactory TRACE - Returning cached instance of singleton bean 'org.springframework.context.event.internalEventListenerFactory'
17:17:02.375 [main] o.s.b.f.s.DefaultListableBeanFactory DEBUG - Creating shared instance of singleton bean 'internshipProjectApplication'
17:17:02.375 [main] o.s.b.f.s.DefaultListableBeanFactory TRACE - Creating instance of bean 'internshipProjectApplication'
17:17:02.380 [main] o.s.b.f.s.DefaultListableBeanFactory DEBUG - Creating shared instance of singleton bean 'org.springframework.transaction.config.internalTransactionAdvisor'
17:17:02.380 [main] o.s.b.f.s.DefaultListableBeanFactory TRACE - Creating instance of bean 'org.springframework.transaction.config.internalTransactionAdvisor'
17:17:02.380 [main] o.s.a.f.a.InfrastructureAdvisorAutoProxyCreator TRACE - Did not attempt to auto-proxy infrastructure class [org.springframework.transaction.interceptor.BeanFactoryTransactionAttributeSourceAdvisor]
17:17:02.380 [main] o.s.b.f.s.DefaultListableBeanFactory DEBUG - Creating shared instance of singleton bean 'org.springframework.transaction.annotation.ProxyTransactionManagementConfiguration'
17:17:02.380 [main] o.s.b.f.s.DefaultListableBeanFactory TRACE - Creating instance of bean 'org.springframework.transaction.annotation.ProxyTransactionManagementConfiguration'
17:17:02.381 [main] o.s.b.CachedIntrospectionResults TRACE - Getting BeanInfo for class [org.springframework.transaction.annotation.ProxyTransactionManagementConfiguration]
17:17:02.381 [main] o.s.b.CachedIntrospectionResults TRACE - Caching PropertyDescriptors for class [org.springframework.transaction.annotation.ProxyTransactionManagementConfiguration]
17:17:02.381 [main] o.s.b.CachedIntrospectionResults TRACE - Found bean property 'class' of type [java.lang.Class]
17:17:02.381 [main] o.s.b.CachedIntrospectionResults TRACE - Found bean property 'importMetadata' of type [org.springframework.core.type.AnnotationMetadata]
17:17:02.384 [main] o.s.b.f.s.DefaultListableBeanFactory TRACE - Returning cached instance of singleton bean 'org.springframework.context.annotation.ConfigurationClassPostProcessor.importRegistry'
17:17:02.385 [main] o.s.a.f.a.BeanFactoryAdvisorRetrievalHelper TRACE - Skipping currently created advisor 'org.springframework.transaction.config.internalTransactionAdvisor'
17:17:02.386 [main] o.s.b.f.s.DefaultListableBeanFactory TRACE - Finished creating instance of bean 'org.springframework.transaction.annotation.ProxyTransactionManagementConfiguration'
17:17:02.387 [main] o.s.b.f.s.DefaultListableBeanFactory DEBUG - Creating shared instance of singleton bean 'transactionAttributeSource'
17:17:02.387 [main] o.s.b.f.s.DefaultListableBeanFactory TRACE - Creating instance of bean 'transactionAttributeSource'
17:17:02.387 [main] o.s.b.f.s.DefaultListableBeanFactory TRACE - Returning cached instance of singleton bean 'org.springframework.transaction.annotation.ProxyTransactionManagementConfiguration'
17:17:02.389 [main] o.s.a.f.a.BeanFactoryAdvisorRetrievalHelper TRACE - Skipping currently created advisor 'org.springframework.transaction.config.internalTransactionAdvisor'
17:17:02.389 [main] o.s.b.f.s.DefaultListableBeanFactory TRACE - Finished creating instance of bean 'transactionAttributeSource'
17:17:02.389 [main] o.s.b.f.s.DefaultListableBeanFactory DEBUG - Creating shared instance of singleton bean 'transactionInterceptor'
17:17:02.390 [main] o.s.b.f.s.DefaultListableBeanFactory TRACE - Creating instance of bean 'transactionInterceptor'
17:17:02.390 [main] o.s.a.f.a.InfrastructureAdvisorAutoProxyCreator TRACE - Did not attempt to auto-proxy infrastructure class [org.springframework.transaction.interceptor.TransactionInterceptor]
17:17:02.390 [main] o.s.b.f.s.DefaultListableBeanFactory TRACE - Returning cached instance of singleton bean 'org.springframework.transaction.annotation.ProxyTransactionManagementConfiguration'
17:17:02.390 [main] o.s.b.f.s.DefaultListableBeanFactory TRACE - Returning cached instance of singleton bean 'transactionAttributeSource'
17:17:02.390 [main] o.s.b.f.s.DefaultListableBeanFactory DEBUG - Autowiring by type from bean name 'transactionInterceptor' via factory method to bean named 'transactionAttributeSource'
17:17:02.400 [main] o.s.b.f.s.DefaultListableBeanFactory TRACE - Invoking afterPropertiesSet() on bean with name 'transactionInterceptor'
17:17:02.400 [main] o.s.b.f.s.DefaultListableBeanFactory TRACE - Finished creating instance of bean 'transactionInterceptor'
17:17:02.401 [main] o.s.b.f.s.DefaultListableBeanFactory DEBUG - Autowiring by type from bean name 'org.springframework.transaction.config.internalTransactionAdvisor' via factory method to bean named 'transactionAttributeSource'
17:17:02.401 [main] o.s.b.f.s.DefaultListableBeanFactory DEBUG - Autowiring by type from bean name 'org.springframework.transaction.config.internalTransactionAdvisor' via factory method to bean named 'transactionInterceptor'
17:17:02.404 [main] o.s.b.f.s.DefaultListableBeanFactory TRACE - Finished creating instance of bean 'org.springframework.transaction.config.internalTransactionAdvisor'
17:17:02.405 [main] o.s.b.f.s.DefaultListableBeanFactory TRACE - Finished creating instance of bean 'internshipProjectApplication'
17:17:02.405 [main] o.s.b.f.s.DefaultListableBeanFactory TRACE - Returning cached instance of singleton bean 'org.springframework.boot.autoconfigure.internalCachingMetadataReaderFactory'
17:17:02.406 [main] o.s.b.f.s.DefaultListableBeanFactory DEBUG - Creating shared instance of singleton bean 'filterConfig'
17:17:02.406 [main] o.s.b.f.s.DefaultListableBeanFactory TRACE - Creating instance of bean 'filterConfig'
17:17:02.406 [main] o.s.b.f.s.DefaultListableBeanFactory TRACE - Returning cached instance of singleton bean 'org.springframework.transaction.config.internalTransactionAdvisor'
17:17:02.406 [main] o.s.b.f.s.DefaultListableBeanFactory TRACE - Finished creating instance of bean 'filterConfig'
17:17:02.406 [main] o.s.b.f.s.DefaultListableBeanFactory DEBUG - Creating shared instance of singleton bean 'userController'
17:17:02.406 [main] o.s.b.f.s.DefaultListableBeanFactory TRACE - Creating instance of bean 'userController'
17:17:02.413 [main] o.s.b.f.s.DefaultListableBeanFactory DEBUG - Creating shared instance of singleton bean 'userService'
17:17:02.413 [main] o.s.b.f.s.DefaultListableBeanFactory TRACE - Creating instance of bean 'userService'
17:17:02.414 [main] o.s.b.f.s.DefaultListableBeanFactory DEBUG - Creating shared instance of singleton bean 'userRepository'
17:17:02.414 [main] o.s.b.f.s.DefaultListableBeanFactory TRACE - Creating instance of bean 'userRepository'
17:17:02.415 [main] o.s.b.f.s.DefaultListableBeanFactory DEBUG - Creating shared instance of singleton bean 'dataSourceScriptDatabaseInitializer'
17:17:02.415 [main] o.s.b.f.s.DefaultListableBeanFactory TRACE - Creating instance of bean 'dataSourceScriptDatabaseInitializer'
17:17:02.415 [main] o.s.b.f.s.DefaultListableBeanFactory DEBUG - Creating shared instance of singleton bean 'org.springframework.boot.autoconfigure.sql.init.DataSourceInitializationConfiguration'
17:17:02.415 [main] o.s.b.f.s.DefaultListableBeanFactory TRACE - Creating instance of bean 'org.springframework.boot.autoconfigure.sql.init.DataSourceInitializationConfiguration'
17:17:02.416 [main] o.s.b.f.s.DefaultListableBeanFactory TRACE - Returning cached instance of singleton bean 'org.springframework.transaction.config.internalTransactionAdvisor'
17:17:02.416 [main] o.s.b.f.s.DefaultListableBeanFactory TRACE - Finished creating instance of bean 'org.springframework.boot.autoconfigure.sql.init.DataSourceInitializationConfiguration'
17:17:02.416 [main] o.s.b.f.s.DefaultListableBeanFactory DEBUG - Creating shared instance of singleton bean 'dataSource'
17:17:02.416 [main] o.s.b.f.s.DefaultListableBeanFactory TRACE - Creating instance of bean 'dataSource'
17:17:02.416 [main] o.s.b.f.s.DefaultListableBeanFactory DEBUG - Creating shared instance of singleton bean 'org.springframework.boot.autoconfigure.jdbc.DataSourceConfiguration$Hikari'
17:17:02.416 [main] o.s.b.f.s.DefaultListableBeanFactory TRACE - Creating instance of bean 'org.springframework.boot.autoconfigure.jdbc.DataSourceConfiguration$Hikari'
17:17:02.416 [main] o.s.b.f.s.DefaultListableBeanFactory TRACE - Returning cached instance of singleton bean 'org.springframework.transaction.config.internalTransactionAdvisor'
17:17:02.418 [main] o.s.b.f.s.DefaultListableBeanFactory TRACE - Finished creating instance of bean 'org.springframework.boot.autoconfigure.jdbc.DataSourceConfiguration$Hikari'
17:17:02.418 [main] o.s.b.f.s.DefaultListableBeanFactory DEBUG - Creating shared instance of singleton bean 'spring.datasource-org.springframework.boot.autoconfigure.jdbc.DataSourceProperties'
17:17:02.418 [main] o.s.b.f.s.DefaultListableBeanFactory TRACE - Creating instance of bean 'spring.datasource-org.springframework.boot.autoconfigure.jdbc.DataSourceProperties'
17:17:02.420 [main] o.s.b.f.s.DefaultListableBeanFactory DEBUG - Creating shared instance of singleton bean 'org.springframework.boot.context.properties.BoundConfigurationProperties'
17:17:02.420 [main] o.s.b.f.s.DefaultListableBeanFactory TRACE - Creating instance of bean 'org.springframework.boot.context.properties.BoundConfigurationProperties'
17:17:02.420 [main] o.s.b.f.s.DefaultListableBeanFactory TRACE - Returning cached instance of singleton bean 'org.springframework.transaction.config.internalTransactionAdvisor'
17:17:02.420 [main] o.s.b.f.s.DefaultListableBeanFactory TRACE - Finished creating instance of bean 'org.springframework.boot.context.properties.BoundConfigurationProperties'
17:17:02.446 [main] o.s.b.f.s.DefaultListableBeanFactory TRACE - Invoking afterPropertiesSet() on bean with name 'spring.datasource-org.springframework.boot.autoconfigure.jdbc.DataSourceProperties'
17:17:02.451 [main] o.s.b.f.s.DefaultListableBeanFactory TRACE - Returning cached instance of singleton bean 'org.springframework.transaction.config.internalTransactionAdvisor'
17:17:02.452 [main] o.s.b.f.s.DefaultListableBeanFactory TRACE - Finished creating instance of bean 'spring.datasource-org.springframework.boot.autoconfigure.jdbc.DataSourceProperties'
17:17:02.453 [main] o.s.b.f.s.DefaultListableBeanFactory DEBUG - Creating shared instance of singleton bean 'jdbcConnectionDetails'
17:17:02.453 [main] o.s.b.f.s.DefaultListableBeanFactory TRACE - Creating instance of bean 'jdbcConnectionDetails'
17:17:02.453 [main] o.s.b.f.s.DefaultListableBeanFactory DEBUG - Creating shared instance of singleton bean 'org.springframework.boot.autoconfigure.jdbc.DataSourceAutoConfiguration$PooledDataSourceConfiguration'
17:17:02.453 [main] o.s.b.f.s.DefaultListableBeanFactory TRACE - Creating instance of bean 'org.springframework.boot.autoconfigure.jdbc.DataSourceAutoConfiguration$PooledDataSourceConfiguration'
17:17:02.453 [main] o.s.b.f.s.DefaultListableBeanFactory TRACE - Returning cached instance of singleton bean 'org.springframework.transaction.config.internalTransactionAdvisor'
17:17:02.454 [main] o.s.b.f.s.DefaultListableBeanFactory TRACE - Finished creating instance of bean 'org.springframework.boot.autoconfigure.jdbc.DataSourceAutoConfiguration$PooledDataSourceConfiguration'
17:17:02.454 [main] o.s.b.f.s.DefaultListableBeanFactory TRACE - Returning cached instance of singleton bean 'spring.datasource-org.springframework.boot.autoconfigure.jdbc.DataSourceProperties'
17:17:02.454 [main] o.s.b.f.s.DefaultListableBeanFactory DEBUG - Autowiring by type from bean name 'jdbcConnectionDetails' via factory method to bean named 'spring.datasource-org.springframework.boot.autoconfigure.jdbc.DataSourceProperties'
17:17:02.455 [main] o.s.b.f.s.DefaultListableBeanFactory TRACE - Returning cached instance of singleton bean 'org.springframework.transaction.config.internalTransactionAdvisor'
17:17:02.455 [main] o.s.b.f.s.DefaultListableBeanFactory TRACE - Finished creating instance of bean 'jdbcConnectionDetails'
17:17:02.455 [main] o.s.b.f.s.DefaultListableBeanFactory DEBUG - Autowiring by type from bean name 'dataSource' via factory method to bean named 'spring.datasource-org.springframework.boot.autoconfigure.jdbc.DataSourceProperties'
17:17:02.455 [main] o.s.b.f.s.DefaultListableBeanFactory DEBUG - Autowiring by type from bean name 'dataSource' via factory method to bean named 'jdbcConnectionDetails'
17:17:02.461 [main] c.z.h.HikariConfig DEBUG - Driver class org.mariadb.jdbc.Driver found in Thread context class loader jdk.internal.loader.ClassLoaders$AppClassLoader@c387f44
17:17:02.471 [main] o.s.b.f.s.DefaultListableBeanFactory TRACE - Returning cached instance of singleton bean 'org.springframework.boot.context.properties.BoundConfigurationProperties'
17:17:02.488 [main] o.s.b.f.s.DefaultListableBeanFactory TRACE - Returning cached instance of singleton bean 'jdbcConnectionDetails'
17:17:02.488 [main] o.s.b.f.s.DefaultListableBeanFactory TRACE - Returning cached instance of singleton bean 'org.springframework.transaction.config.internalTransactionAdvisor'
17:17:02.493 [main] o.s.b.f.s.DefaultListableBeanFactory TRACE - Finished creating instance of bean 'dataSource'
17:17:02.495 [main] o.s.b.f.s.DefaultListableBeanFactory DEBUG - Creating shared instance of singleton bean 'spring.sql.init-org.springframework.boot.autoconfigure.sql.init.SqlInitializationProperties'
17:17:02.495 [main] o.s.b.f.s.DefaultListableBeanFactory TRACE - Creating instance of bean 'spring.sql.init-org.springframework.boot.autoconfigure.sql.init.SqlInitializationProperties'
17:17:02.496 [main] o.s.b.f.s.DefaultListableBeanFactory TRACE - Returning cached instance of singleton bean 'org.springframework.boot.context.properties.BoundConfigurationProperties'
17:17:02.500 [main] o.s.b.f.s.DefaultListableBeanFactory TRACE - Returning cached instance of singleton bean 'org.springframework.transaction.config.internalTransactionAdvisor'
17:17:02.501 [main] o.s.b.f.s.DefaultListableBeanFactory TRACE - Finished creating instance of bean 'spring.sql.init-org.springframework.boot.autoconfigure.sql.init.SqlInitializationProperties'
17:17:02.501 [main] o.s.b.f.s.DefaultListableBeanFactory DEBUG - Autowiring by type from bean name 'dataSourceScriptDatabaseInitializer' via factory method to bean named 'dataSource'
17:17:02.501 [main] o.s.b.f.s.DefaultListableBeanFactory DEBUG - Autowiring by type from bean name 'dataSourceScriptDatabaseInitializer' via factory method to bean named 'spring.sql.init-org.springframework.boot.autoconfigure.sql.init.SqlInitializationProperties'
17:17:02.508 [main] o.s.b.f.s.DefaultListableBeanFactory TRACE - Invoking afterPropertiesSet() on bean with name 'dataSourceScriptDatabaseInitializer'
17:17:02.508 [main] o.s.c.i.s.PathMatchingResourcePatternResolver TRACE - Resolved module-path location pattern [schema-all.sql] to resources []
17:17:02.509 [main] o.s.c.i.s.PathMatchingResourcePatternResolver TRACE - Resolved class path location [schema-all.sql] to resources []
17:17:02.510 [main] o.s.c.i.s.PathMatchingResourcePatternResolver TRACE - Resolved module-path location pattern [schema.sql] to resources []
17:17:02.510 [main] o.s.c.i.s.PathMatchingResourcePatternResolver TRACE - Resolved class path location [schema.sql] to resources []
17:17:02.510 [main] o.s.c.i.s.PathMatchingResourcePatternResolver TRACE - Resolved module-path location pattern [data-all.sql] to resources []
17:17:02.510 [main] o.s.c.i.s.PathMatchingResourcePatternResolver TRACE - Resolved class path location [data-all.sql] to resources []
17:17:02.511 [main] o.s.c.i.s.PathMatchingResourcePatternResolver TRACE - Resolved module-path location pattern [data.sql] to resources []
17:17:02.511 [main] o.s.c.i.s.PathMatchingResourcePatternResolver TRACE - Resolved class path location [data.sql] to resources []
17:17:02.511 [main] o.s.b.f.s.DefaultListableBeanFactory TRACE - Returning cached instance of singleton bean 'org.springframework.transaction.config.internalTransactionAdvisor'
17:17:02.513 [main] o.s.b.f.s.DefaultListableBeanFactory TRACE - Finished creating instance of bean 'dataSourceScriptDatabaseInitializer'
17:17:02.513 [main] o.s.b.f.s.DefaultListableBeanFactory DEBUG - Creating shared instance of singleton bean 'jdbcTemplate'
17:17:02.513 [main] o.s.b.f.s.DefaultListableBeanFactory TRACE - Creating instance of bean 'jdbcTemplate'
17:17:02.513 [main] o.s.b.f.s.DefaultListableBeanFactory DEBUG - Creating shared instance of singleton bean 'org.springframework.boot.autoconfigure.jdbc.JdbcTemplateConfiguration'
17:17:02.513 [main] o.s.b.f.s.DefaultListableBeanFactory TRACE - Creating instance of bean 'org.springframework.boot.autoconfigure.jdbc.JdbcTemplateConfiguration'
17:17:02.514 [main] o.s.b.f.s.DefaultListableBeanFactory TRACE - Returning cached instance of singleton bean 'org.springframework.transaction.config.internalTransactionAdvisor'
17:17:02.514 [main] o.s.b.f.s.DefaultListableBeanFactory TRACE - Finished creating instance of bean 'org.springframework.boot.autoconfigure.jdbc.JdbcTemplateConfiguration'
17:17:02.514 [main] o.s.b.f.s.DefaultListableBeanFactory TRACE - Returning cached instance of singleton bean 'dataSource'
17:17:02.515 [main] o.s.b.f.s.DefaultListableBeanFactory DEBUG - Creating shared instance of singleton bean 'spring.jdbc-org.springframework.boot.autoconfigure.jdbc.JdbcProperties'
17:17:02.515 [main] o.s.b.f.s.DefaultListableBeanFactory TRACE - Creating instance of bean 'spring.jdbc-org.springframework.boot.autoconfigure.jdbc.JdbcProperties'
17:17:02.516 [main] o.s.b.f.s.DefaultListableBeanFactory TRACE - Returning cached instance of singleton bean 'org.springframework.boot.context.properties.BoundConfigurationProperties'
17:17:02.517 [main] o.s.b.f.s.DefaultListableBeanFactory TRACE - Returning cached instance of singleton bean 'org.springframework.transaction.config.internalTransactionAdvisor'
17:17:02.517 [main] o.s.b.f.s.DefaultListableBeanFactory TRACE - Finished creating instance of bean 'spring.jdbc-org.springframework.boot.autoconfigure.jdbc.JdbcProperties'
17:17:02.517 [main] o.s.b.f.s.DefaultListableBeanFactory DEBUG - Autowiring by type from bean name 'jdbcTemplate' via factory method to bean named 'dataSource'
17:17:02.517 [main] o.s.b.f.s.DefaultListableBeanFactory DEBUG - Autowiring by type from bean name 'jdbcTemplate' via factory method to bean named 'spring.jdbc-org.springframework.boot.autoconfigure.jdbc.JdbcProperties'
17:17:02.532 [main] o.s.b.f.s.DefaultListableBeanFactory TRACE - Invoking afterPropertiesSet() on bean with name 'jdbcTemplate'
17:17:02.532 [main] o.s.b.f.s.DefaultListableBeanFactory TRACE - Returning cached instance of singleton bean 'org.springframework.transaction.config.internalTransactionAdvisor'
17:17:02.544 [main] o.s.b.f.s.DefaultListableBeanFactory TRACE - Finished creating instance of bean 'jdbcTemplate'
17:17:02.545 [main] o.s.b.f.s.DefaultListableBeanFactory DEBUG - Autowiring by type from bean name 'userRepository' via constructor to bean named 'jdbcTemplate'
17:17:02.546 [main] o.s.b.f.s.DefaultListableBeanFactory TRACE - Returning cached instance of singleton bean 'org.springframework.transaction.config.internalTransactionAdvisor'
17:17:02.557 [main] o.s.a.f.CglibAopProxy TRACE - Creating CGLIB proxy: SingletonTargetSource for target object [com.assignment.InternshipProject.repository.UserRepository@6dd36ab6]
17:17:02.568 [main] o.s.a.f.CglibAopProxy TRACE - Unable to apply any optimizations to advised method: public java.lang.String com.assignment.InternshipProject.repository.UserRepository.encode(java.lang.String)
17:17:02.568 [main] o.s.a.f.CglibAopProxy TRACE - Unable to apply any optimizations to advised method: public int com.assignment.InternshipProject.repository.UserRepository.save(com.assignment.InternshipProject.model.User) throws java.lang.RuntimeException
17:17:02.568 [main] o.s.a.f.CglibAopProxy TRACE - Unable to apply any optimizations to advised method: public java.util.List com.assignment.InternshipProject.repository.UserRepository.findAll() throws java.lang.RuntimeException
17:17:02.568 [main] o.s.a.f.CglibAopProxy TRACE - Unable to apply any optimizations to advised method: public java.util.Optional com.assignment.InternshipProject.repository.UserRepository.findUserByUserName(java.lang.String) throws java.lang.RuntimeException
17:17:02.569 [main] o.s.a.f.CglibAopProxy TRACE - Unable to apply any optimizations to advised method: public int com.assignment.InternshipProject.repository.UserRepository.updateState(com.assignment.InternshipProject.model.User,java.lang.Boolean) throws java.lang.RuntimeException
17:17:02.569 [main] o.s.a.f.CglibAopProxy TRACE - Unable to apply any optimizations to advised method: public java.util.Optional com.assignment.InternshipProject.repository.UserRepository.findUserById(java.lang.Integer) throws java.lang.RuntimeException
17:17:02.569 [main] o.s.a.f.CglibAopProxy TRACE - Found 'equals' method: public boolean java.lang.Object.equals(java.lang.Object)
17:17:02.569 [main] o.s.a.f.CglibAopProxy TRACE - Unable to apply any optimizations to advised method: public java.lang.String java.lang.Object.toString()
17:17:02.569 [main] o.s.a.f.CglibAopProxy TRACE - Found 'hashCode' method: public native int java.lang.Object.hashCode()
17:17:02.569 [main] o.s.a.f.CglibAopProxy TRACE - Unable to apply any optimizations to advised method: protected native java.lang.Object java.lang.Object.clone() throws java.lang.CloneNotSupportedException
17:17:02.569 [main] o.s.a.f.CglibAopProxy TRACE - Method is declared on Advised interface: public abstract int org.springframework.aop.framework.Advised.indexOf(org.springframework.aop.Advisor)
17:17:02.569 [main] o.s.a.f.CglibAopProxy TRACE - Method is declared on Advised interface: public abstract int org.springframework.aop.framework.Advised.indexOf(org.aopalliance.aop.Advice)
17:17:02.569 [main] o.s.a.f.CglibAopProxy TRACE - Method is declared on Advised interface: public abstract boolean org.springframework.aop.framework.Advised.isFrozen()
17:17:02.569 [main] o.s.a.f.CglibAopProxy TRACE - Method is declared on Advised interface: public abstract java.lang.String org.springframework.aop.framework.Advised.toProxyConfigString()
17:17:02.569 [main] o.s.a.f.CglibAopProxy TRACE - Method is declared on Advised interface: public abstract java.lang.Class[] org.springframework.aop.framework.Advised.getProxiedInterfaces()
17:17:02.569 [main] o.s.a.f.CglibAopProxy TRACE - Method is declared on Advised interface: public abstract org.springframework.aop.TargetSource org.springframework.aop.framework.Advised.getTargetSource()
17:17:02.569 [main] o.s.a.f.CglibAopProxy TRACE - Method is declared on Advised interface: public abstract org.springframework.aop.Advisor[] org.springframework.aop.framework.Advised.getAdvisors()
17:17:02.569 [main] o.s.a.f.CglibAopProxy TRACE - Method is declared on Advised interface: public default int org.springframework.aop.framework.Advised.getAdvisorCount()
17:17:02.569 [main] o.s.a.f.CglibAopProxy TRACE - Method is declared on Advised interface: public abstract boolean org.springframework.aop.framework.Advised.isInterfaceProxied(java.lang.Class)
17:17:02.569 [main] o.s.a.f.CglibAopProxy TRACE - Method is declared on Advised interface: public abstract boolean org.springframework.aop.framework.Advised.isExposeProxy()
17:17:02.569 [main] o.s.a.f.CglibAopProxy TRACE - Method is declared on Advised interface: public abstract void org.springframework.aop.framework.Advised.addAdvice(org.aopalliance.aop.Advice) throws org.springframework.aop.framework.AopConfigException
17:17:02.569 [main] o.s.a.f.CglibAopProxy TRACE - Method is declared on Advised interface: public abstract void org.springframework.aop.framework.Advised.addAdvice(int,org.aopalliance.aop.Advice) throws org.springframework.aop.framework.AopConfigException
17:17:02.569 [main] o.s.a.f.CglibAopProxy TRACE - Method is declared on Advised interface: public abstract void org.springframework.aop.framework.Advised.addAdvisor(int,org.springframework.aop.Advisor) throws org.springframework.aop.framework.AopConfigException
17:17:02.569 [main] o.s.a.f.CglibAopProxy TRACE - Method is declared on Advised interface: public abstract void org.springframework.aop.framework.Advised.addAdvisor(org.springframework.aop.Advisor) throws org.springframework.aop.framework.AopConfigException
17:17:02.569 [main] o.s.a.f.CglibAopProxy TRACE - Method is declared on Advised interface: public abstract boolean org.springframework.aop.framework.Advised.replaceAdvisor(org.springframework.aop.Advisor,org.springframework.aop.Advisor) throws org.springframework.aop.framework.AopConfigException
17:17:02.569 [main] o.s.a.f.CglibAopProxy TRACE - Method is declared on Advised interface: public abstract boolean org.springframework.aop.framework.Advised.isPreFiltered()
17:17:02.569 [main] o.s.a.f.CglibAopProxy TRACE - Method is declared on Advised interface: public abstract void org.springframework.aop.framework.Advised.setPreFiltered(boolean)
17:17:02.569 [main] o.s.a.f.CglibAopProxy TRACE - Method is declared on Advised interface: public abstract void org.springframework.aop.framework.Advised.setExposeProxy(boolean)
17:17:02.569 [main] o.s.a.f.CglibAopProxy TRACE - Method is declared on Advised interface: public abstract void org.springframework.aop.framework.Advised.removeAdvisor(int) throws org.springframework.aop.framework.AopConfigException
17:17:02.569 [main] o.s.a.f.CglibAopProxy TRACE - Method is declared on Advised interface: public abstract boolean org.springframework.aop.framework.Advised.removeAdvisor(org.springframework.aop.Advisor)
17:17:02.569 [main] o.s.a.f.CglibAopProxy TRACE - Method is declared on Advised interface: public abstract boolean org.springframework.aop.framework.Advised.removeAdvice(org.aopalliance.aop.Advice)
17:17:02.569 [main] o.s.a.f.CglibAopProxy TRACE - Method is declared on Advised interface: public abstract boolean org.springframework.aop.framework.Advised.isProxyTargetClass()
17:17:02.569 [main] o.s.a.f.CglibAopProxy TRACE - Method is declared on Advised interface: public abstract void org.springframework.aop.framework.Advised.setTargetSource(org.springframework.aop.TargetSource)
17:17:02.569 [main] o.s.a.f.CglibAopProxy TRACE - Method is declared on Advised interface: public abstract java.lang.Class org.springframework.aop.TargetClassAware.getTargetClass()
17:17:02.586 [main] o.s.b.f.s.DefaultListableBeanFactory TRACE - Finished creating instance of bean 'userRepository'
17:17:02.587 [main] o.s.b.f.s.DefaultListableBeanFactory DEBUG - Creating shared instance of singleton bean 'loginSessionRepository'
17:17:02.587 [main] o.s.b.f.s.DefaultListableBeanFactory TRACE - Creating instance of bean 'loginSessionRepository'
17:17:02.587 [main] o.s.b.f.s.DefaultListableBeanFactory TRACE - Returning cached instance of singleton bean 'jdbcTemplate'
17:17:02.587 [main] o.s.b.f.s.DefaultListableBeanFactory DEBUG - Autowiring by type from bean name 'loginSessionRepository' via constructor to bean named 'jdbcTemplate'
17:17:02.588 [main] o.s.b.f.s.DefaultListableBeanFactory TRACE - Returning cached instance of singleton bean 'org.springframework.transaction.config.internalTransactionAdvisor'
17:17:02.588 [main] o.s.a.f.CglibAopProxy TRACE - Creating CGLIB proxy: SingletonTargetSource for target object [com.assignment.InternshipProject.repository.LoginSessionRepository@35b17c06]
17:17:02.590 [main] o.s.a.f.CglibAopProxy TRACE - Unable to apply any optimizations to advised method: public int com.assignment.InternshipProject.repository.LoginSessionRepository.save(com.assignment.InternshipProject.model.LoginSession) throws java.lang.RuntimeException
17:17:02.591 [main] o.s.a.f.CglibAopProxy TRACE - Unable to apply any optimizations to advised method: public java.util.Optional com.assignment.InternshipProject.repository.LoginSessionRepository.findSessionById(int) throws java.lang.RuntimeException
17:17:02.591 [main] o.s.a.f.CglibAopProxy TRACE - Unable to apply any optimizations to advised method: public int com.assignment.InternshipProject.repository.LoginSessionRepository.updateLogoutTime(int) throws java.lang.RuntimeException
17:17:02.591 [main] o.s.a.f.CglibAopProxy TRACE - Unable to apply any optimizations to advised method: public java.util.Optional com.assignment.InternshipProject.repository.LoginSessionRepository.findActiveSessionsByUserId(int) throws java.lang.RuntimeException
17:17:02.591 [main] o.s.a.f.CglibAopProxy TRACE - Found 'equals' method: public boolean java.lang.Object.equals(java.lang.Object)
17:17:02.591 [main] o.s.a.f.CglibAopProxy TRACE - Unable to apply any optimizations to advised method: public java.lang.String java.lang.Object.toString()
17:17:02.591 [main] o.s.a.f.CglibAopProxy TRACE - Found 'hashCode' method: public native int java.lang.Object.hashCode()
17:17:02.591 [main] o.s.a.f.CglibAopProxy TRACE - Unable to apply any optimizations to advised method: protected native java.lang.Object java.lang.Object.clone() throws java.lang.CloneNotSupportedException
17:17:02.591 [main] o.s.a.f.CglibAopProxy TRACE - Method is declared on Advised interface: public abstract int org.springframework.aop.framework.Advised.indexOf(org.springframework.aop.Advisor)
17:17:02.591 [main] o.s.a.f.CglibAopProxy TRACE - Method is declared on Advised interface: public abstract int org.springframework.aop.framework.Advised.indexOf(org.aopalliance.aop.Advice)
17:17:02.591 [main] o.s.a.f.CglibAopProxy TRACE - Method is declared on Advised interface: public abstract boolean org.springframework.aop.framework.Advised.isFrozen()
17:17:02.591 [main] o.s.a.f.CglibAopProxy TRACE - Method is declared on Advised interface: public abstract java.lang.String org.springframework.aop.framework.Advised.toProxyConfigString()
17:17:02.591 [main] o.s.a.f.CglibAopProxy TRACE - Method is declared on Advised interface: public abstract java.lang.Class[] org.springframework.aop.framework.Advised.getProxiedInterfaces()
17:17:02.591 [main] o.s.a.f.CglibAopProxy TRACE - Method is declared on Advised interface: public abstract org.springframework.aop.TargetSource org.springframework.aop.framework.Advised.getTargetSource()
17:17:02.591 [main] o.s.a.f.CglibAopProxy TRACE - Method is declared on Advised interface: public abstract org.springframework.aop.Advisor[] org.springframework.aop.framework.Advised.getAdvisors()
17:17:02.591 [main] o.s.a.f.CglibAopProxy TRACE - Method is declared on Advised interface: public default int org.springframework.aop.framework.Advised.getAdvisorCount()
17:17:02.591 [main] o.s.a.f.CglibAopProxy TRACE - Method is declared on Advised interface: public abstract boolean org.springframework.aop.framework.Advised.isInterfaceProxied(java.lang.Class)
17:17:02.591 [main] o.s.a.f.CglibAopProxy TRACE - Method is declared on Advised interface: public abstract boolean org.springframework.aop.framework.Advised.isExposeProxy()
17:17:02.591 [main] o.s.a.f.CglibAopProxy TRACE - Method is declared on Advised interface: public abstract void org.springframework.aop.framework.Advised.addAdvice(org.aopalliance.aop.Advice) throws org.springframework.aop.framework.AopConfigException
17:17:02.591 [main] o.s.a.f.CglibAopProxy TRACE - Method is declared on Advised interface: public abstract void org.springframework.aop.framework.Advised.addAdvice(int,org.aopalliance.aop.Advice) throws org.springframework.aop.framework.AopConfigException
17:17:02.591 [main] o.s.a.f.CglibAopProxy TRACE - Method is declared on Advised interface: public abstract void org.springframework.aop.framework.Advised.addAdvisor(int,org.springframework.aop.Advisor) throws org.springframework.aop.framework.AopConfigException
17:17:02.591 [main] o.s.a.f.CglibAopProxy TRACE - Method is declared on Advised interface: public abstract void org.springframework.aop.framework.Advised.addAdvisor(org.springframework.aop.Advisor) throws org.springframework.aop.framework.AopConfigException
17:17:02.591 [main] o.s.a.f.CglibAopProxy TRACE - Method is declared on Advised interface: public abstract boolean org.springframework.aop.framework.Advised.replaceAdvisor(org.springframework.aop.Advisor,org.springframework.aop.Advisor) throws org.springframework.aop.framework.AopConfigException
17:17:02.591 [main] o.s.a.f.CglibAopProxy TRACE - Method is declared on Advised interface: public abstract boolean org.springframework.aop.framework.Advised.isPreFiltered()
17:17:02.591 [main] o.s.a.f.CglibAopProxy TRACE - Method is declared on Advised interface: public abstract void org.springframework.aop.framework.Advised.setPreFiltered(boolean)
17:17:02.591 [main] o.s.a.f.CglibAopProxy TRACE - Method is declared on Advised interface: public abstract void org.springframework.aop.framework.Advised.setExposeProxy(boolean)
17:17:02.591 [main] o.s.a.f.CglibAopProxy TRACE - Method is declared on Advised interface: public abstract void org.springframework.aop.framework.Advised.removeAdvisor(int) throws org.springframework.aop.framework.AopConfigException
17:17:02.591 [main] o.s.a.f.CglibAopProxy TRACE - Method is declared on Advised interface: public abstract boolean org.springframework.aop.framework.Advised.removeAdvisor(org.springframework.aop.Advisor)
17:17:02.591 [main] o.s.a.f.CglibAopProxy TRACE - Method is declared on Advised interface: public abstract boolean org.springframework.aop.framework.Advised.removeAdvice(org.aopalliance.aop.Advice)
17:17:02.591 [main] o.s.a.f.CglibAopProxy TRACE - Method is declared on Advised interface: public abstract boolean org.springframework.aop.framework.Advised.isProxyTargetClass()
17:17:02.591 [main] o.s.a.f.CglibAopProxy TRACE - Method is declared on Advised interface: public abstract void org.springframework.aop.framework.Advised.setTargetSource(org.springframework.aop.TargetSource)
17:17:02.591 [main] o.s.a.f.CglibAopProxy TRACE - Method is declared on Advised interface: public abstract java.lang.Class org.springframework.aop.TargetClassAware.getTargetClass()
17:17:02.599 [main] o.s.b.f.s.DefaultListableBeanFactory TRACE - Finished creating instance of bean 'loginSessionRepository'
17:17:02.599 [main] o.s.b.f.s.DefaultListableBeanFactory DEBUG - Autowiring by type from bean name 'userService' via constructor to bean named 'userRepository'
17:17:02.599 [main] o.s.b.f.s.DefaultListableBeanFactory DEBUG - Autowiring by type from bean name 'userService' via constructor to bean named 'loginSessionRepository'
17:17:02.601 [main] o.s.c.e.PropertySourcesPropertyResolver TRACE - Searching for key 'retry.maxAttempts' in PropertySource 'environmentProperties'
17:17:02.601 [main] o.s.b.c.p.s.ConfigurationPropertySourcesPropertyResolver$DefaultResolver TRACE - Searching for key 'retry.maxAttempts' in PropertySource 'configurationProperties'
17:17:02.601 [main] o.s.b.c.p.s.ConfigurationPropertySourcesPropertyResolver$DefaultResolver TRACE - Searching for key 'retry.maxAttempts' in PropertySource 'test'
17:17:02.601 [main] o.s.b.c.p.s.ConfigurationPropertySourcesPropertyResolver$DefaultResolver TRACE - Searching for key 'retry.maxAttempts' in PropertySource 'Inlined Test Properties'
17:17:02.601 [main] o.s.b.c.p.s.ConfigurationPropertySourcesPropertyResolver$DefaultResolver TRACE - Searching for key 'retry.maxAttempts' in PropertySource 'servletConfigInitParams'
17:17:02.601 [main] o.s.b.c.p.s.ConfigurationPropertySourcesPropertyResolver$DefaultResolver TRACE - Searching for key 'retry.maxAttempts' in PropertySource 'servletContextInitParams'
17:17:02.601 [main] o.s.b.c.p.s.ConfigurationPropertySourcesPropertyResolver$DefaultResolver TRACE - Searching for key 'retry.maxAttempts' in PropertySource 'systemProperties'
17:17:02.601 [main] o.s.b.c.p.s.ConfigurationPropertySourcesPropertyResolver$DefaultResolver TRACE - Searching for key 'retry.maxAttempts' in PropertySource 'systemEnvironment'
17:17:02.601 [main] o.s.b.c.p.s.ConfigurationPropertySourcesPropertyResolver$DefaultResolver TRACE - Searching for key 'retry.maxAttempts' in PropertySource 'random'
17:17:02.601 [main] o.s.b.c.p.s.ConfigurationPropertySourcesPropertyResolver$DefaultResolver TRACE - Searching for key 'retry.maxAttempts' in PropertySource 'Config resource 'class path resource [application.yml]' via location 'optional:classpath:/''
17:17:02.601 [main] o.s.b.c.p.s.ConfigurationPropertySourcesPropertyResolver$DefaultResolver DEBUG - Found key 'retry.maxAttempts' in PropertySource 'Config resource 'class path resource [application.yml]' via location 'optional:classpath:/'' with value of type Integer
17:17:02.601 [main] o.s.c.e.PropertySourcesPropertyResolver DEBUG - Found key 'retry.maxAttempts' in PropertySource 'environmentProperties' with value of type String
17:17:02.601 [main] o.s.u.PropertyPlaceholderHelper TRACE - Resolved placeholder 'retry.maxAttempts'
17:17:02.605 [main] o.s.b.f.s.DefaultListableBeanFactory TRACE - Returning cached instance of singleton bean 'org.springframework.transaction.config.internalTransactionAdvisor'
17:17:02.606 [main] o.s.b.f.s.DefaultListableBeanFactory TRACE - Finished creating instance of bean 'userService'
17:17:02.606 [main] o.s.b.f.s.DefaultListableBeanFactory DEBUG - Autowiring by type from bean name 'userController' via constructor to bean named 'userService'
17:17:02.606 [main] o.s.b.f.s.DefaultListableBeanFactory TRACE - Returning cached instance of singleton bean 'org.springframework.transaction.config.internalTransactionAdvisor'
17:17:02.608 [main] o.s.b.f.s.DefaultListableBeanFactory TRACE - Finished creating instance of bean 'userController'
17:17:02.608 [main] o.s.b.f.s.DefaultListableBeanFactory DEBUG - Creating shared instance of singleton bean 'loginSession'
17:17:02.608 [main] o.s.b.f.s.DefaultListableBeanFactory TRACE - Creating instance of bean 'loginSession'
17:17:02.608 [main] o.s.b.f.s.DefaultListableBeanFactory TRACE - Returning cached instance of singleton bean 'org.springframework.transaction.config.internalTransactionAdvisor'
17:17:02.609 [main] o.s.b.f.s.DefaultListableBeanFactory TRACE - Finished creating instance of bean 'loginSession'
17:17:02.609 [main] o.s.b.f.s.DefaultListableBeanFactory DEBUG - Creating shared instance of singleton bean 'user'
17:17:02.609 [main] o.s.b.f.s.DefaultListableBeanFactory TRACE - Creating instance of bean 'user'
17:17:02.609 [main] o.s.b.f.s.DefaultListableBeanFactory TRACE - Returning cached instance of singleton bean 'org.springframework.transaction.config.internalTransactionAdvisor'
17:17:02.610 [main] o.s.b.f.s.DefaultListableBeanFactory TRACE - Finished creating instance of bean 'user'
17:17:02.610 [main] o.s.b.f.s.DefaultListableBeanFactory TRACE - Returning cached instance of singleton bean 'loginSessionRepository'
17:17:02.610 [main] o.s.b.f.s.DefaultListableBeanFactory TRACE - Returning cached instance of singleton bean 'userRepository'
17:17:02.610 [main] o.s.b.f.s.DefaultListableBeanFactory TRACE - Returning cached instance of singleton bean 'userService'
17:17:02.610 [main] o.s.b.f.s.DefaultListableBeanFactory DEBUG - Creating shared instance of singleton bean 'loggingFilter'
17:17:02.610 [main] o.s.b.f.s.DefaultListableBeanFactory TRACE - Creating instance of bean 'loggingFilter'
17:17:02.610 [main] o.s.b.f.s.DefaultListableBeanFactory TRACE - Returning cached instance of singleton bean 'filterConfig'
17:17:02.622 [main] o.s.b.f.s.DefaultListableBeanFactory TRACE - Returning cached instance of singleton bean 'org.springframework.transaction.config.internalTransactionAdvisor'
17:17:02.624 [main] o.s.b.f.s.DefaultListableBeanFactory TRACE - Finished creating instance of bean 'loggingFilter'
17:17:02.624 [main] o.s.b.f.s.DefaultListableBeanFactory DEBUG - Creating shared instance of singleton bean 'org.springframework.boot.autoconfigure.AutoConfigurationPackages'
17:17:02.624 [main] o.s.b.f.s.DefaultListableBeanFactory TRACE - Creating instance of bean 'org.springframework.boot.autoconfigure.AutoConfigurationPackages'
17:17:02.625 [main] o.s.b.f.s.DefaultListableBeanFactory TRACE - Returning cached instance of singleton bean 'org.springframework.transaction.config.internalTransactionAdvisor'
17:17:02.626 [main] o.s.b.f.s.DefaultListableBeanFactory TRACE - Finished creating instance of bean 'org.springframework.boot.autoconfigure.AutoConfigurationPackages'
17:17:02.626 [main] o.s.b.f.s.DefaultListableBeanFactory DEBUG - Creating shared instance of singleton bean 'org.springframework.boot.autoconfigure.context.PropertyPlaceholderAutoConfiguration'
17:17:02.626 [main] o.s.b.f.s.DefaultListableBeanFactory TRACE - Creating instance of bean 'org.springframework.boot.autoconfigure.context.PropertyPlaceholderAutoConfiguration'
17:17:02.626 [main] o.s.b.f.s.DefaultListableBeanFactory TRACE - Returning cached instance of singleton bean 'org.springframework.transaction.config.internalTransactionAdvisor'
17:17:02.627 [main] o.s.b.f.s.DefaultListableBeanFactory TRACE - Finished creating instance of bean 'org.springframework.boot.autoconfigure.context.PropertyPlaceholderAutoConfiguration'
17:17:02.627 [main] o.s.b.f.s.DefaultListableBeanFactory TRACE - Returning cached instance of singleton bean 'propertySourcesPlaceholderConfigurer'
17:17:02.627 [main] o.s.b.f.s.DefaultListableBeanFactory DEBUG - Creating shared instance of singleton bean 'org.springframework.boot.autoconfigure.ssl.SslAutoConfiguration'
17:17:02.627 [main] o.s.b.f.s.DefaultListableBeanFactory TRACE - Creating instance of bean 'org.springframework.boot.autoconfigure.ssl.SslAutoConfiguration'
17:17:02.628 [main] o.s.b.f.s.DefaultListableBeanFactory DEBUG - Creating shared instance of singleton bean 'spring.ssl-org.springframework.boot.autoconfigure.ssl.SslProperties'
17:17:02.628 [main] o.s.b.f.s.DefaultListableBeanFactory TRACE - Creating instance of bean 'spring.ssl-org.springframework.boot.autoconfigure.ssl.SslProperties'
17:17:02.629 [main] o.s.b.f.s.DefaultListableBeanFactory TRACE - Returning cached instance of singleton bean 'org.springframework.boot.context.properties.BoundConfigurationProperties'
17:17:02.630 [main] o.s.b.f.s.DefaultListableBeanFactory TRACE - Returning cached instance of singleton bean 'org.springframework.transaction.config.internalTransactionAdvisor'
17:17:02.630 [main] o.s.b.f.s.DefaultListableBeanFactory TRACE - Finished creating instance of bean 'spring.ssl-org.springframework.boot.autoconfigure.ssl.SslProperties'
17:17:02.630 [main] o.s.b.f.s.DefaultListableBeanFactory DEBUG - Autowiring by type from bean name 'org.springframework.boot.autoconfigure.ssl.SslAutoConfiguration' via constructor to bean named 'spring.ssl-org.springframework.boot.autoconfigure.ssl.SslProperties'
17:17:02.631 [main] o.s.b.f.s.DefaultListableBeanFactory TRACE - Returning cached instance of singleton bean 'org.springframework.transaction.config.internalTransactionAdvisor'
17:17:02.631 [main] o.s.b.f.s.DefaultListableBeanFactory TRACE - Finished creating instance of bean 'org.springframework.boot.autoconfigure.ssl.SslAutoConfiguration'
17:17:02.631 [main] o.s.b.f.s.DefaultListableBeanFactory DEBUG - Creating shared instance of singleton bean 'fileWatcher'
17:17:02.631 [main] o.s.b.f.s.DefaultListableBeanFactory TRACE - Creating instance of bean 'fileWatcher'
17:17:02.631 [main] o.s.b.f.s.DefaultListableBeanFactory TRACE - Returning cached instance of singleton bean 'org.springframework.boot.autoconfigure.ssl.SslAutoConfiguration'
17:17:02.634 [main] o.s.b.f.s.DefaultListableBeanFactory TRACE - Returning cached instance of singleton bean 'org.springframework.transaction.config.internalTransactionAdvisor'
17:17:02.634 [main] o.s.b.f.s.DefaultListableBeanFactory TRACE - Finished creating instance of bean 'fileWatcher'
17:17:02.634 [main] o.s.b.f.s.DefaultListableBeanFactory DEBUG - Creating shared instance of singleton bean 'sslPropertiesSslBundleRegistrar'
17:17:02.634 [main] o.s.b.f.s.DefaultListableBeanFactory TRACE - Creating instance of bean 'sslPropertiesSslBundleRegistrar'
17:17:02.634 [main] o.s.b.f.s.DefaultListableBeanFactory TRACE - Returning cached instance of singleton bean 'org.springframework.boot.autoconfigure.ssl.SslAutoConfiguration'
17:17:02.635 [main] o.s.b.f.s.DefaultListableBeanFactory TRACE - Returning cached instance of singleton bean 'fileWatcher'
17:17:02.635 [main] o.s.b.f.s.DefaultListableBeanFactory DEBUG - Autowiring by type from bean name 'sslPropertiesSslBundleRegistrar' via factory method to bean named 'fileWatcher'
17:17:02.637 [main] o.s.b.f.s.DefaultListableBeanFactory TRACE - Returning cached instance of singleton bean 'org.springframework.transaction.config.internalTransactionAdvisor'
17:17:02.637 [main] o.s.b.f.s.DefaultListableBeanFactory TRACE - Finished creating instance of bean 'sslPropertiesSslBundleRegistrar'
17:17:02.637 [main] o.s.b.f.s.DefaultListableBeanFactory DEBUG - Creating shared instance of singleton bean 'sslBundleRegistry'
17:17:02.638 [main] o.s.b.f.s.DefaultListableBeanFactory TRACE - Creating instance of bean 'sslBundleRegistry'
17:17:02.638 [main] o.s.b.f.s.DefaultListableBeanFactory TRACE - Returning cached instance of singleton bean 'org.springframework.boot.autoconfigure.ssl.SslAutoConfiguration'
17:17:02.640 [main] o.s.b.f.s.DefaultListableBeanFactory TRACE - Returning cached instance of singleton bean 'sslPropertiesSslBundleRegistrar'
17:17:02.642 [main] o.s.b.f.s.DefaultListableBeanFactory TRACE - Returning cached instance of singleton bean 'sslPropertiesSslBundleRegistrar'
17:17:02.645 [main] o.s.b.f.s.DefaultListableBeanFactory TRACE - Returning cached instance of singleton bean 'org.springframework.transaction.config.internalTransactionAdvisor'
17:17:02.645 [main] o.s.b.f.s.DefaultListableBeanFactory TRACE - Finished creating instance of bean 'sslBundleRegistry'
17:17:02.645 [main] o.s.b.f.s.DefaultListableBeanFactory TRACE - Returning cached instance of singleton bean 'org.springframework.boot.context.properties.ConfigurationPropertiesBindingPostProcessor'
17:17:02.645 [main] o.s.b.f.s.DefaultListableBeanFactory TRACE - Returning cached instance of singleton bean 'org.springframework.boot.context.internalConfigurationPropertiesBinder'
17:17:02.645 [main] o.s.b.f.s.DefaultListableBeanFactory TRACE - Returning cached instance of singleton bean 'org.springframework.boot.context.properties.BoundConfigurationProperties'
17:17:02.645 [main] o.s.b.f.s.DefaultListableBeanFactory DEBUG - Creating shared instance of singleton bean 'org.springframework.boot.context.properties.EnableConfigurationPropertiesRegistrar.methodValidationExcludeFilter'
17:17:02.645 [main] o.s.b.f.s.DefaultListableBeanFactory TRACE - Creating instance of bean 'org.springframework.boot.context.properties.EnableConfigurationPropertiesRegistrar.methodValidationExcludeFilter'
17:17:02.647 [main] o.s.b.f.s.DefaultListableBeanFactory TRACE - Ignoring factory method [public static org.springframework.boot.validation.beanvalidation.MethodValidationExcludeFilter org.springframework.boot.validation.beanvalidation.MethodValidationExcludeFilter.byAnnotation(java.lang.Class,org.springframework.core.annotation.MergedAnnotations$SearchStrategy)] of bean 'org.springframework.boot.context.properties.EnableConfigurationPropertiesRegistrar.methodValidationExcludeFilter': org.springframework.beans.factory.UnsatisfiedDependencyException: Error creating bean with name 'org.springframework.boot.context.properties.EnableConfigurationPropertiesRegistrar.methodValidationExcludeFilter': Unsatisfied dependency expressed through method 'byAnnotation' parameter 1: Ambiguous argument values for parameter of type [org.springframework.core.annotation.MergedAnnotations$SearchStrategy] - did you specify the correct bean references as arguments?
17:17:02.650 [main] o.s.b.f.s.DefaultListableBeanFactory TRACE - Returning cached instance of singleton bean 'org.springframework.transaction.config.internalTransactionAdvisor'
17:17:02.650 [main] o.s.b.f.s.DefaultListableBeanFactory TRACE - Finished creating instance of bean 'org.springframework.boot.context.properties.EnableConfigurationPropertiesRegistrar.methodValidationExcludeFilter'
17:17:02.650 [main] o.s.b.f.s.DefaultListableBeanFactory TRACE - Returning cached instance of singleton bean 'spring.ssl-org.springframework.boot.autoconfigure.ssl.SslProperties'
17:17:02.650 [main] o.s.b.f.s.DefaultListableBeanFactory DEBUG - Creating shared instance of singleton bean 'org.springframework.boot.autoconfigure.websocket.servlet.WebSocketServletAutoConfiguration$TomcatWebSocketConfiguration'
17:17:02.650 [main] o.s.b.f.s.DefaultListableBeanFactory TRACE - Creating instance of bean 'org.springframework.boot.autoconfigure.websocket.servlet.WebSocketServletAutoConfiguration$TomcatWebSocketConfiguration'
17:17:02.651 [main] o.s.b.f.s.DefaultListableBeanFactory TRACE - Returning cached instance of singleton bean 'org.springframework.transaction.config.internalTransactionAdvisor'
17:17:02.651 [main] o.s.b.f.s.DefaultListableBeanFactory TRACE - Finished creating instance of bean 'org.springframework.boot.autoconfigure.websocket.servlet.WebSocketServletAutoConfiguration$TomcatWebSocketConfiguration'
17:17:02.651 [main] o.s.b.f.s.DefaultListableBeanFactory DEBUG - Creating shared instance of singleton bean 'websocketServletWebServerCustomizer'
17:17:02.651 [main] o.s.b.f.s.DefaultListableBeanFactory TRACE - Creating instance of bean 'websocketServletWebServerCustomizer'
17:17:02.651 [main] o.s.b.f.s.DefaultListableBeanFactory TRACE - Returning cached instance of singleton bean 'org.springframework.boot.autoconfigure.websocket.servlet.WebSocketServletAutoConfiguration$TomcatWebSocketConfiguration'
17:17:02.654 [main] o.s.b.f.s.DefaultListableBeanFactory TRACE - Returning cached instance of singleton bean 'org.springframework.transaction.config.internalTransactionAdvisor'
17:17:02.654 [main] o.s.b.f.s.DefaultListableBeanFactory TRACE - Finished creating instance of bean 'websocketServletWebServerCustomizer'
17:17:02.655 [main] o.s.b.f.s.DefaultListableBeanFactory DEBUG - Creating shared instance of singleton bean 'org.springframework.boot.autoconfigure.websocket.servlet.WebSocketServletAutoConfiguration'
17:17:02.655 [main] o.s.b.f.s.DefaultListableBeanFactory TRACE - Creating instance of bean 'org.springframework.boot.autoconfigure.websocket.servlet.WebSocketServletAutoConfiguration'
17:17:02.655 [main] o.s.b.f.s.DefaultListableBeanFactory TRACE - Returning cached instance of singleton bean 'org.springframework.transaction.config.internalTransactionAdvisor'
17:17:02.655 [main] o.s.b.f.s.DefaultListableBeanFactory TRACE - Finished creating instance of bean 'org.springframework.boot.autoconfigure.websocket.servlet.WebSocketServletAutoConfiguration'
17:17:02.655 [main] o.s.b.f.s.DefaultListableBeanFactory DEBUG - Creating shared instance of singleton bean 'org.springframework.boot.autoconfigure.web.servlet.ServletWebServerFactoryConfiguration$EmbeddedTomcat'
17:17:02.655 [main] o.s.b.f.s.DefaultListableBeanFactory TRACE - Creating instance of bean 'org.springframework.boot.autoconfigure.web.servlet.ServletWebServerFactoryConfiguration$EmbeddedTomcat'
17:17:02.655 [main] o.s.b.f.s.DefaultListableBeanFactory TRACE - Returning cached instance of singleton bean 'org.springframework.transaction.config.internalTransactionAdvisor'
17:17:02.656 [main] o.s.b.f.s.DefaultListableBeanFactory TRACE - Finished creating instance of bean 'org.springframework.boot.autoconfigure.web.servlet.ServletWebServerFactoryConfiguration$EmbeddedTomcat'
17:17:02.656 [main] o.s.b.f.s.DefaultListableBeanFactory DEBUG - Creating shared instance of singleton bean 'tomcatServletWebServerFactory'
17:17:02.656 [main] o.s.b.f.s.DefaultListableBeanFactory TRACE - Creating instance of bean 'tomcatServletWebServerFactory'
17:17:02.656 [main] o.s.b.f.s.DefaultListableBeanFactory TRACE - Returning cached instance of singleton bean 'org.springframework.boot.autoconfigure.web.servlet.ServletWebServerFactoryConfiguration$EmbeddedTomcat'
17:17:02.698 [main] o.a.c.c.AprLifecycleListener DEBUG - The Apache Tomcat Native library could not be found using names [tcnative-2, libtcnative-2, tcnative-1, libtcnative-1] on the java.library.path [C:\Program Files\Java\jdk-19\bin;C:\WINDOWS\Sun\Java\bin;C:\WINDOWS\system32;C:\WINDOWS;C:\Program Files\Common Files\Oracle\Java\javapath;C:\Program Files (x86)\VMware\VMware Player\bin\;C:\Users\ADMIN\AppData\Local\Programs\Python\Python312\Scripts\;C:\Users\ADMIN\AppData\Local\Programs\Python\Python312\;C:\Windows\system32;C:\Windows;C:\Windows\System32\Wbem;C:\Windows\System32\WindowsPowerShell\v1.0\;C:\Windows\System32\OpenSSH\;C:\Program Files\NVIDIA Corporation\NVIDIA NvDLISR;C:\Program Files\dotnet\;C:\WINDOWS\system32;C:\WINDOWS;C:\WINDOWS\System32\Wbem;C:\WINDOWS\System32\WindowsPowerShell\v1.0\;C:\WINDOWS\System32\OpenSSH\;C:\Program Files\Microsoft SQL Server\150\Tools\Binn\;C:\Program Files\Microsoft SQL Server\Client SDK\ODBC\170\Tools\Binn\;C:\Program Files\nodejs\;C:\Program Files\Git\cmd;C:\Program Files (x86)\Microsoft SQL Server\160\Tools\Binn\;C:\Program Files\Microsoft SQL Server\160\Tools\Binn\;C:\Program Files\Microsoft SQL Server\160\DTS\Binn\;C:\Program Files (x86)\Microsoft SQL Server\160\DTS\Binn\;C:\Program Files\MySQL\MySQL Server 8.0\bin;C:\ProgramData\chocolatey\bin;C:\Gradle\gradle-8.6\bin;C:\Users\ADMIN\AppData\Local\Android\Sdk\platform-tools;C:\Users\ADMIN\Downloads\apache-maven-3.9.6-bin\apache-maven-3.9.6\bin;C:\xampp\php;C:\ProgramData\ComposerSetup\bin;C:\xampp\php\php.exe;$JAVA_HOME$\bin;C:\Program Files\Docker\Docker\resources\bin;C:\Program Files\JetBrains\IntelliJ IDEA 2024.1.4\plugins\maven\lib\maven3\bin;C:\Program Files\Go\bin;C:\Users\ADMIN\AppData\Local\Android\Sdk\platform-tools;C:\Users\ADMIN\AppData\Local\Android\Sdk\tools;C:\Users\ADMIN\AppData\Local\Programs\Python\Launcher\;C:\Program Files\Java\jdk-17\bin;D:\VSCode\Microsoft VS Code\bin;C:\MinGW\bin;C:\Users\ADMIN\AppData\Local\Microsoft\WindowsApps;C:\Users\ADMIN\.dotnet\tools;C:\Users\ADMIN\AppData\Roaming\npm;C:\Program Files\nodejs;C:\Program Files\Azure Data Studio\bin;C:\Users\ADMIN\Downloads\apache-maven-3.9.6-bin;C:\Users\ADMIN\AppData\Roaming\Composer\vendor\bin;C:\Users\ADMIN\AppData\Local\Google\Cloud SDK\google-cloud-sdk\bin;C:\Program Files\JetBrains\IntelliJ IDEA 2024.1.4\bin;;C:\Users\ADMIN\go\bin;;.]. The errors reported were [Can't load library: C:\Users\ADMIN\Desktop\Assignment1Sing\InternshipProject\bin\tcnative-2.dll, Can't load library: C:\Users\ADMIN\Desktop\Assignment1Sing\InternshipProject\bin\libtcnative-2.dll, Can't load library: C:\Users\ADMIN\Desktop\Assignment1Sing\InternshipProject\bin\tcnative-1.dll, Can't load library: C:\Users\ADMIN\Desktop\Assignment1Sing\InternshipProject\bin\libtcnative-1.dll, no tcnative-2 in java.library.path: C:\Program Files\Java\jdk-19\bin;C:\WINDOWS\Sun\Java\bin;C:\WINDOWS\system32;C:\WINDOWS;C:\Program Files\Common Files\Oracle\Java\javapath;C:\Program Files (x86)\VMware\VMware Player\bin\;C:\Users\ADMIN\AppData\Local\Programs\Python\Python312\Scripts\;C:\Users\ADMIN\AppData\Local\Programs\Python\Python312\;C:\Windows\system32;C:\Windows;C:\Windows\System32\Wbem;C:\Windows\System32\WindowsPowerShell\v1.0\;C:\Windows\System32\OpenSSH\;C:\Program Files\NVIDIA Corporation\NVIDIA NvDLISR;C:\Program Files\dotnet\;C:\WINDOWS\system32;C:\WINDOWS;C:\WINDOWS\System32\Wbem;C:\WINDOWS\System32\WindowsPowerShell\v1.0\;C:\WINDOWS\System32\OpenSSH\;C:\Program Files\Microsoft SQL Server\150\Tools\Binn\;C:\Program Files\Microsoft SQL Server\Client SDK\ODBC\170\Tools\Binn\;C:\Program Files\nodejs\;C:\Program Files\Git\cmd;C:\Program Files (x86)\Microsoft SQL Server\160\Tools\Binn\;C:\Program Files\Microsoft SQL Server\160\Tools\Binn\;C:\Program Files\Microsoft SQL Server\160\DTS\Binn\;C:\Program Files (x86)\Microsoft SQL Server\160\DTS\Binn\;C:\Program Files\MySQL\MySQL Server 8.0\bin;C:\ProgramData\chocolatey\bin;C:\Gradle\gradle-8.6\bin;C:\Users\ADMIN\AppData\Local\Android\Sdk\platform-tools;C:\Users\ADMIN\Downloads\apache-maven-3.9.6-bin\apache-maven-3.9.6\bin;C:\xampp\php;C:\ProgramData\ComposerSetup\bin;C:\xampp\php\php.exe;$JAVA_HOME$\bin;C:\Program Files\Docker\Docker\resources\bin;C:\Program Files\JetBrains\IntelliJ IDEA 2024.1.4\plugins\maven\lib\maven3\bin;C:\Program Files\Go\bin;C:\Users\ADMIN\AppData\Local\Android\Sdk\platform-tools;C:\Users\ADMIN\AppData\Local\Android\Sdk\tools;C:\Users\ADMIN\AppData\Local\Programs\Python\Launcher\;C:\Program Files\Java\jdk-17\bin;D:\VSCode\Microsoft VS Code\bin;C:\MinGW\bin;C:\Users\ADMIN\AppData\Local\Microsoft\WindowsApps;C:\Users\ADMIN\.dotnet\tools;C:\Users\ADMIN\AppData\Roaming\npm;C:\Program Files\nodejs;C:\Program Files\Azure Data Studio\bin;C:\Users\ADMIN\Downloads\apache-maven-3.9.6-bin;C:\Users\ADMIN\AppData\Roaming\Composer\vendor\bin;C:\Users\ADMIN\AppData\Local\Google\Cloud SDK\google-cloud-sdk\bin;C:\Program Files\JetBrains\IntelliJ IDEA 2024.1.4\bin;;C:\Users\ADMIN\go\bin;;., no libtcnative-2 in java.library.path: C:\Program Files\Java\jdk-19\bin;C:\WINDOWS\Sun\Java\bin;C:\WINDOWS\system32;C:\WINDOWS;C:\Program Files\Common Files\Oracle\Java\javapath;C:\Program Files (x86)\VMware\VMware Player\bin\;C:\Users\ADMIN\AppData\Local\Programs\Python\Python312\Scripts\;C:\Users\ADMIN\AppData\Local\Programs\Python\Python312\;C:\Windows\system32;C:\Windows;C:\Windows\System32\Wbem;C:\Windows\System32\WindowsPowerShell\v1.0\;C:\Windows\System32\OpenSSH\;C:\Program Files\NVIDIA Corporation\NVIDIA NvDLISR;C:\Program Files\dotnet\;C:\WINDOWS\system32;C:\WINDOWS;C:\WINDOWS\System32\Wbem;C:\WINDOWS\System32\WindowsPowerShell\v1.0\;C:\WINDOWS\System32\OpenSSH\;C:\Program Files\Microsoft SQL Server\150\Tools\Binn\;C:\Program Files\Microsoft SQL Server\Client SDK\ODBC\170\Tools\Binn\;C:\Program Files\nodejs\;C:\Program Files\Git\cmd;C:\Program Files (x86)\Microsoft SQL Server\160\Tools\Binn\;C:\Program Files\Microsoft SQL Server\160\Tools\Binn\;C:\Program Files\Microsoft SQL Server\160\DTS\Binn\;C:\Program Files (x86)\Microsoft SQL Server\160\DTS\Binn\;C:\Program Files\MySQL\MySQL Server 8.0\bin;C:\ProgramData\chocolatey\bin;C:\Gradle\gradle-8.6\bin;C:\Users\ADMIN\AppData\Local\Android\Sdk\platform-tools;C:\Users\ADMIN\Downloads\apache-maven-3.9.6-bin\apache-maven-3.9.6\bin;C:\xampp\php;C:\ProgramData\ComposerSetup\bin;C:\xampp\php\php.exe;$JAVA_HOME$\bin;C:\Program Files\Docker\Docker\resources\bin;C:\Program Files\JetBrains\IntelliJ IDEA 2024.1.4\plugins\maven\lib\maven3\bin;C:\Program Files\Go\bin;C:\Users\ADMIN\AppData\Local\Android\Sdk\platform-tools;C:\Users\ADMIN\AppData\Local\Android\Sdk\tools;C:\Users\ADMIN\AppData\Local\Programs\Python\Launcher\;C:\Program Files\Java\jdk-17\bin;D:\VSCode\Microsoft VS Code\bin;C:\MinGW\bin;C:\Users\ADMIN\AppData\Local\Microsoft\WindowsApps;C:\Users\ADMIN\.dotnet\tools;C:\Users\ADMIN\AppData\Roaming\npm;C:\Program Files\nodejs;C:\Program Files\Azure Data Studio\bin;C:\Users\ADMIN\Downloads\apache-maven-3.9.6-bin;C:\Users\ADMIN\AppData\Roaming\Composer\vendor\bin;C:\Users\ADMIN\AppData\Local\Google\Cloud SDK\google-cloud-sdk\bin;C:\Program Files\JetBrains\IntelliJ IDEA 2024.1.4\bin;;C:\Users\ADMIN\go\bin;;., no tcnative-1 in java.library.path: C:\Program Files\Java\jdk-19\bin;C:\WINDOWS\Sun\Java\bin;C:\WINDOWS\system32;C:\WINDOWS;C:\Program Files\Common Files\Oracle\Java\javapath;C:\Program Files (x86)\VMware\VMware Player\bin\;C:\Users\ADMIN\AppData\Local\Programs\Python\Python312\Scripts\;C:\Users\ADMIN\AppData\Local\Programs\Python\Python312\;C:\Windows\system32;C:\Windows;C:\Windows\System32\Wbem;C:\Windows\System32\WindowsPowerShell\v1.0\;C:\Windows\System32\OpenSSH\;C:\Program Files\NVIDIA Corporation\NVIDIA NvDLISR;C:\Program Files\dotnet\;C:\WINDOWS\system32;C:\WINDOWS;C:\WINDOWS\System32\Wbem;C:\WINDOWS\System32\WindowsPowerShell\v1.0\;C:\WINDOWS\System32\OpenSSH\;C:\Program Files\Microsoft SQL Server\150\Tools\Binn\;C:\Program Files\Microsoft SQL Server\Client SDK\ODBC\170\Tools\Binn\;C:\Program Files\nodejs\;C:\Program Files\Git\cmd;C:\Program Files (x86)\Microsoft SQL Server\160\Tools\Binn\;C:\Program Files\Microsoft SQL Server\160\Tools\Binn\;C:\Program Files\Microsoft SQL Server\160\DTS\Binn\;C:\Program Files (x86)\Microsoft SQL Server\160\DTS\Binn\;C:\Program Files\MySQL\MySQL Server 8.0\bin;C:\ProgramData\chocolatey\bin;C:\Gradle\gradle-8.6\bin;C:\Users\ADMIN\AppData\Local\Android\Sdk\platform-tools;C:\Users\ADMIN\Downloads\apache-maven-3.9.6-bin\apache-maven-3.9.6\bin;C:\xampp\php;C:\ProgramData\ComposerSetup\bin;C:\xampp\php\php.exe;$JAVA_HOME$\bin;C:\Program Files\Docker\Docker\resources\bin;C:\Program Files\JetBrains\IntelliJ IDEA 2024.1.4\plugins\maven\lib\maven3\bin;C:\Program Files\Go\bin;C:\Users\ADMIN\AppData\Local\Android\Sdk\platform-tools;C:\Users\ADMIN\AppData\Local\Android\Sdk\tools;C:\Users\ADMIN\AppData\Local\Programs\Python\Launcher\;C:\Program Files\Java\jdk-17\bin;D:\VSCode\Microsoft VS Code\bin;C:\MinGW\bin;C:\Users\ADMIN\AppData\Local\Microsoft\WindowsApps;C:\Users\ADMIN\.dotnet\tools;C:\Users\ADMIN\AppData\Roaming\npm;C:\Program Files\nodejs;C:\Program Files\Azure Data Studio\bin;C:\Users\ADMIN\Downloads\apache-maven-3.9.6-bin;C:\Users\ADMIN\AppData\Roaming\Composer\vendor\bin;C:\Users\ADMIN\AppData\Local\Google\Cloud SDK\google-cloud-sdk\bin;C:\Program Files\JetBrains\IntelliJ IDEA 2024.1.4\bin;;C:\Users\ADMIN\go\bin;;., no libtcnative-1 in java.library.path: C:\Program Files\Java\jdk-19\bin;C:\WINDOWS\Sun\Java\bin;C:\WINDOWS\system32;C:\WINDOWS;C:\Program Files\Common Files\Oracle\Java\javapath;C:\Program Files (x86)\VMware\VMware Player\bin\;C:\Users\ADMIN\AppData\Local\Programs\Python\Python312\Scripts\;C:\Users\ADMIN\AppData\Local\Programs\Python\Python312\;C:\Windows\system32;C:\Windows;C:\Windows\System32\Wbem;C:\Windows\System32\WindowsPowerShell\v1.0\;C:\Windows\System32\OpenSSH\;C:\Program Files\NVIDIA Corporation\NVIDIA NvDLISR;C:\Program Files\dotnet\;C:\WINDOWS\system32;C:\WINDOWS;C:\WINDOWS\System32\Wbem;C:\WINDOWS\System32\WindowsPowerShell\v1.0\;C:\WINDOWS\System32\OpenSSH\;C:\Program Files\Microsoft SQL Server\150\Tools\Binn\;C:\Program Files\Microsoft SQL Server\Client SDK\ODBC\170\Tools\Binn\;C:\Program Files\nodejs\;C:\Program Files\Git\cmd;C:\Program Files (x86)\Microsoft SQL Server\160\Tools\Binn\;C:\Program Files\Microsoft SQL Server\160\Tools\Binn\;C:\Program Files\Microsoft SQL Server\160\DTS\Binn\;C:\Program Files (x86)\Microsoft SQL Server\160\DTS\Binn\;C:\Program Files\MySQL\MySQL Server 8.0\bin;C:\ProgramData\chocolatey\bin;C:\Gradle\gradle-8.6\bin;C:\Users\ADMIN\AppData\Local\Android\Sdk\platform-tools;C:\Users\ADMIN\Downloads\apache-maven-3.9.6-bin\apache-maven-3.9.6\bin;C:\xampp\php;C:\ProgramData\ComposerSetup\bin;C:\xampp\php\php.exe;$JAVA_HOME$\bin;C:\Program Files\Docker\Docker\resources\bin;C:\Program Files\JetBrains\IntelliJ IDEA 2024.1.4\plugins\maven\lib\maven3\bin;C:\Program Files\Go\bin;C:\Users\ADMIN\AppData\Local\Android\Sdk\platform-tools;C:\Users\ADMIN\AppData\Local\Android\Sdk\tools;C:\Users\ADMIN\AppData\Local\Programs\Python\Launcher\;C:\Program Files\Java\jdk-17\bin;D:\VSCode\Microsoft VS Code\bin;C:\MinGW\bin;C:\Users\ADMIN\AppData\Local\Microsoft\WindowsApps;C:\Users\ADMIN\.dotnet\tools;C:\Users\ADMIN\AppData\Roaming\npm;C:\Program Files\nodejs;C:\Program Files\Azure Data Studio\bin;C:\Users\ADMIN\Downloads\apache-maven-3.9.6-bin;C:\Users\ADMIN\AppData\Roaming\Composer\vendor\bin;C:\Users\ADMIN\AppData\Local\Google\Cloud SDK\google-cloud-sdk\bin;C:\Program Files\JetBrains\IntelliJ IDEA 2024.1.4\bin;;C:\Users\ADMIN\go\bin;;.]
org.apache.tomcat.jni.LibraryNotFoundError: Can't load library: C:\Users\ADMIN\Desktop\Assignment1Sing\InternshipProject\bin\tcnative-2.dll, Can't load library: C:\Users\ADMIN\Desktop\Assignment1Sing\InternshipProject\bin\libtcnative-2.dll, Can't load library: C:\Users\ADMIN\Desktop\Assignment1Sing\InternshipProject\bin\tcnative-1.dll, Can't load library: C:\Users\ADMIN\Desktop\Assignment1Sing\InternshipProject\bin\libtcnative-1.dll, no tcnative-2 in java.library.path: C:\Program Files\Java\jdk-19\bin;C:\WINDOWS\Sun\Java\bin;C:\WINDOWS\system32;C:\WINDOWS;C:\Program Files\Common Files\Oracle\Java\javapath;C:\Program Files (x86)\VMware\VMware Player\bin\;C:\Users\ADMIN\AppData\Local\Programs\Python\Python312\Scripts\;C:\Users\ADMIN\AppData\Local\Programs\Python\Python312\;C:\Windows\system32;C:\Windows;C:\Windows\System32\Wbem;C:\Windows\System32\WindowsPowerShell\v1.0\;C:\Windows\System32\OpenSSH\;C:\Program Files\NVIDIA Corporation\NVIDIA NvDLISR;C:\Program Files\dotnet\;C:\WINDOWS\system32;C:\WINDOWS;C:\WINDOWS\System32\Wbem;C:\WINDOWS\System32\WindowsPowerShell\v1.0\;C:\WINDOWS\System32\OpenSSH\;C:\Program Files\Microsoft SQL Server\150\Tools\Binn\;C:\Program Files\Microsoft SQL Server\Client SDK\ODBC\170\Tools\Binn\;C:\Program Files\nodejs\;C:\Program Files\Git\cmd;C:\Program Files (x86)\Microsoft SQL Server\160\Tools\Binn\;C:\Program Files\Microsoft SQL Server\160\Tools\Binn\;C:\Program Files\Microsoft SQL Server\160\DTS\Binn\;C:\Program Files (x86)\Microsoft SQL Server\160\DTS\Binn\;C:\Program Files\MySQL\MySQL Server 8.0\bin;C:\ProgramData\chocolatey\bin;C:\Gradle\gradle-8.6\bin;C:\Users\ADMIN\AppData\Local\Android\Sdk\platform-tools;C:\Users\ADMIN\Downloads\apache-maven-3.9.6-bin\apache-maven-3.9.6\bin;C:\xampp\php;C:\ProgramData\ComposerSetup\bin;C:\xampp\php\php.exe;$JAVA_HOME$\bin;C:\Program Files\Docker\Docker\resources\bin;C:\Program Files\JetBrains\IntelliJ IDEA 2024.1.4\plugins\maven\lib\maven3\bin;C:\Program Files\Go\bin;C:\Users\ADMIN\AppData\Local\Android\Sdk\platform-tools;C:\Users\ADMIN\AppData\Local\Android\Sdk\tools;C:\Users\ADMIN\AppData\Local\Programs\Python\Launcher\;C:\Program Files\Java\jdk-17\bin;D:\VSCode\Microsoft VS Code\bin;C:\MinGW\bin;C:\Users\ADMIN\AppData\Local\Microsoft\WindowsApps;C:\Users\ADMIN\.dotnet\tools;C:\Users\ADMIN\AppData\Roaming\npm;C:\Program Files\nodejs;C:\Program Files\Azure Data Studio\bin;C:\Users\ADMIN\Downloads\apache-maven-3.9.6-bin;C:\Users\ADMIN\AppData\Roaming\Composer\vendor\bin;C:\Users\ADMIN\AppData\Local\Google\Cloud SDK\google-cloud-sdk\bin;C:\Program Files\JetBrains\IntelliJ IDEA 2024.1.4\bin;;C:\Users\ADMIN\go\bin;;., no libtcnative-2 in java.library.path: C:\Program Files\Java\jdk-19\bin;C:\WINDOWS\Sun\Java\bin;C:\WINDOWS\system32;C:\WINDOWS;C:\Program Files\Common Files\Oracle\Java\javapath;C:\Program Files (x86)\VMware\VMware Player\bin\;C:\Users\ADMIN\AppData\Local\Programs\Python\Python312\Scripts\;C:\Users\ADMIN\AppData\Local\Programs\Python\Python312\;C:\Windows\system32;C:\Windows;C:\Windows\System32\Wbem;C:\Windows\System32\WindowsPowerShell\v1.0\;C:\Windows\System32\OpenSSH\;C:\Program Files\NVIDIA Corporation\NVIDIA NvDLISR;C:\Program Files\dotnet\;C:\WINDOWS\system32;C:\WINDOWS;C:\WINDOWS\System32\Wbem;C:\WINDOWS\System32\WindowsPowerShell\v1.0\;C:\WINDOWS\System32\OpenSSH\;C:\Program Files\Microsoft SQL Server\150\Tools\Binn\;C:\Program Files\Microsoft SQL Server\Client SDK\ODBC\170\Tools\Binn\;C:\Program Files\nodejs\;C:\Program Files\Git\cmd;C:\Program Files (x86)\Microsoft SQL Server\160\Tools\Binn\;C:\Program Files\Microsoft SQL Server\160\Tools\Binn\;C:\Program Files\Microsoft SQL Server\160\DTS\Binn\;C:\Program Files (x86)\Microsoft SQL Server\160\DTS\Binn\;C:\Program Files\MySQL\MySQL Server 8.0\bin;C:\ProgramData\chocolatey\bin;C:\Gradle\gradle-8.6\bin;C:\Users\ADMIN\AppData\Local\Android\Sdk\platform-tools;C:\Users\ADMIN\Downloads\apache-maven-3.9.6-bin\apache-maven-3.9.6\bin;C:\xampp\php;C:\ProgramData\ComposerSetup\bin;C:\xampp\php\php.exe;$JAVA_HOME$\bin;C:\Program Files\Docker\Docker\resources\bin;C:\Program Files\JetBrains\IntelliJ IDEA 2024.1.4\plugins\maven\lib\maven3\bin;C:\Program Files\Go\bin;C:\Users\ADMIN\AppData\Local\Android\Sdk\platform-tools;C:\Users\ADMIN\AppData\Local\Android\Sdk\tools;C:\Users\ADMIN\AppData\Local\Programs\Python\Launcher\;C:\Program Files\Java\jdk-17\bin;D:\VSCode\Microsoft VS Code\bin;C:\MinGW\bin;C:\Users\ADMIN\AppData\Local\Microsoft\WindowsApps;C:\Users\ADMIN\.dotnet\tools;C:\Users\ADMIN\AppData\Roaming\npm;C:\Program Files\nodejs;C:\Program Files\Azure Data Studio\bin;C:\Users\ADMIN\Downloads\apache-maven-3.9.6-bin;C:\Users\ADMIN\AppData\Roaming\Composer\vendor\bin;C:\Users\ADMIN\AppData\Local\Google\Cloud SDK\google-cloud-sdk\bin;C:\Program Files\JetBrains\IntelliJ IDEA 2024.1.4\bin;;C:\Users\ADMIN\go\bin;;., no tcnative-1 in java.library.path: C:\Program Files\Java\jdk-19\bin;C:\WINDOWS\Sun\Java\bin;C:\WINDOWS\system32;C:\WINDOWS;C:\Program Files\Common Files\Oracle\Java\javapath;C:\Program Files (x86)\VMware\VMware Player\bin\;C:\Users\ADMIN\AppData\Local\Programs\Python\Python312\Scripts\;C:\Users\ADMIN\AppData\Local\Programs\Python\Python312\;C:\Windows\system32;C:\Windows;C:\Windows\System32\Wbem;C:\Windows\System32\WindowsPowerShell\v1.0\;C:\Windows\System32\OpenSSH\;C:\Program Files\NVIDIA Corporation\NVIDIA NvDLISR;C:\Program Files\dotnet\;C:\WINDOWS\system32;C:\WINDOWS;C:\WINDOWS\System32\Wbem;C:\WINDOWS\System32\WindowsPowerShell\v1.0\;C:\WINDOWS\System32\OpenSSH\;C:\Program Files\Microsoft SQL Server\150\Tools\Binn\;C:\Program Files\Microsoft SQL Server\Client SDK\ODBC\170\Tools\Binn\;C:\Program Files\nodejs\;C:\Program Files\Git\cmd;C:\Program Files (x86)\Microsoft SQL Server\160\Tools\Binn\;C:\Program Files\Microsoft SQL Server\160\Tools\Binn\;C:\Program Files\Microsoft SQL Server\160\DTS\Binn\;C:\Program Files (x86)\Microsoft SQL Server\160\DTS\Binn\;C:\Program Files\MySQL\MySQL Server 8.0\bin;C:\ProgramData\chocolatey\bin;C:\Gradle\gradle-8.6\bin;C:\Users\ADMIN\AppData\Local\Android\Sdk\platform-tools;C:\Users\ADMIN\Downloads\apache-maven-3.9.6-bin\apache-maven-3.9.6\bin;C:\xampp\php;C:\ProgramData\ComposerSetup\bin;C:\xampp\php\php.exe;$JAVA_HOME$\bin;C:\Program Files\Docker\Docker\resources\bin;C:\Program Files\JetBrains\IntelliJ IDEA 2024.1.4\plugins\maven\lib\maven3\bin;C:\Program Files\Go\bin;C:\Users\ADMIN\AppData\Local\Android\Sdk\platform-tools;C:\Users\ADMIN\AppData\Local\Android\Sdk\tools;C:\Users\ADMIN\AppData\Local\Programs\Python\Launcher\;C:\Program Files\Java\jdk-17\bin;D:\VSCode\Microsoft VS Code\bin;C:\MinGW\bin;C:\Users\ADMIN\AppData\Local\Microsoft\WindowsApps;C:\Users\ADMIN\.dotnet\tools;C:\Users\ADMIN\AppData\Roaming\npm;C:\Program Files\nodejs;C:\Program Files\Azure Data Studio\bin;C:\Users\ADMIN\Downloads\apache-maven-3.9.6-bin;C:\Users\ADMIN\AppData\Roaming\Composer\vendor\bin;C:\Users\ADMIN\AppData\Local\Google\Cloud SDK\google-cloud-sdk\bin;C:\Program Files\JetBrains\IntelliJ IDEA 2024.1.4\bin;;C:\Users\ADMIN\go\bin;;., no libtcnative-1 in java.library.path: C:\Program Files\Java\jdk-19\bin;C:\WINDOWS\Sun\Java\bin;C:\WINDOWS\system32;C:\WINDOWS;C:\Program Files\Common Files\Oracle\Java\javapath;C:\Program Files (x86)\VMware\VMware Player\bin\;C:\Users\ADMIN\AppData\Local\Programs\Python\Python312\Scripts\;C:\Users\ADMIN\AppData\Local\Programs\Python\Python312\;C:\Windows\system32;C:\Windows;C:\Windows\System32\Wbem;C:\Windows\System32\WindowsPowerShell\v1.0\;C:\Windows\System32\OpenSSH\;C:\Program Files\NVIDIA Corporation\NVIDIA NvDLISR;C:\Program Files\dotnet\;C:\WINDOWS\system32;C:\WINDOWS;C:\WINDOWS\System32\Wbem;C:\WINDOWS\System32\WindowsPowerShell\v1.0\;C:\WINDOWS\System32\OpenSSH\;C:\Program Files\Microsoft SQL Server\150\Tools\Binn\;C:\Program Files\Microsoft SQL Server\Client SDK\ODBC\170\Tools\Binn\;C:\Program Files\nodejs\;C:\Program Files\Git\cmd;C:\Program Files (x86)\Microsoft SQL Server\160\Tools\Binn\;C:\Program Files\Microsoft SQL Server\160\Tools\Binn\;C:\Program Files\Microsoft SQL Server\160\DTS\Binn\;C:\Program Files (x86)\Microsoft SQL Server\160\DTS\Binn\;C:\Program Files\MySQL\MySQL Server 8.0\bin;C:\ProgramData\chocolatey\bin;C:\Gradle\gradle-8.6\bin;C:\Users\ADMIN\AppData\Local\Android\Sdk\platform-tools;C:\Users\ADMIN\Downloads\apache-maven-3.9.6-bin\apache-maven-3.9.6\bin;C:\xampp\php;C:\ProgramData\ComposerSetup\bin;C:\xampp\php\php.exe;$JAVA_HOME$\bin;C:\Program Files\Docker\Docker\resources\bin;C:\Program Files\JetBrains\IntelliJ IDEA 2024.1.4\plugins\maven\lib\maven3\bin;C:\Program Files\Go\bin;C:\Users\ADMIN\AppData\Local\Android\Sdk\platform-tools;C:\Users\ADMIN\AppData\Local\Android\Sdk\tools;C:\Users\ADMIN\AppData\Local\Programs\Python\Launcher\;C:\Program Files\Java\jdk-17\bin;D:\VSCode\Microsoft VS Code\bin;C:\MinGW\bin;C:\Users\ADMIN\AppData\Local\Microsoft\WindowsApps;C:\Users\ADMIN\.dotnet\tools;C:\Users\ADMIN\AppData\Roaming\npm;C:\Program Files\nodejs;C:\Program Files\Azure Data Studio\bin;C:\Users\ADMIN\Downloads\apache-maven-3.9.6-bin;C:\Users\ADMIN\AppData\Roaming\Composer\vendor\bin;C:\Users\ADMIN\AppData\Local\Google\Cloud SDK\google-cloud-sdk\bin;C:\Program Files\JetBrains\IntelliJ IDEA 2024.1.4\bin;;C:\Users\ADMIN\go\bin;;.
	at org.apache.tomcat.jni.Library.<init>(Library.java:91)
	at org.apache.tomcat.jni.Library.initialize(Library.java:147)
	at org.apache.catalina.core.AprLifecycleListener.init(AprLifecycleListener.java:189)
	at org.apache.catalina.core.AprLifecycleListener.isAprAvailable(AprLifecycleListener.java:106)
	at org.springframework.boot.web.embedded.tomcat.TomcatServletWebServerFactory.getDefaultServerLifecycleListeners(TomcatServletWebServerFactory.java:191)
	at org.springframework.boot.web.embedded.tomcat.TomcatServletWebServerFactory.<init>(TomcatServletWebServerFactory.java:138)
	at org.springframework.boot.autoconfigure.web.servlet.ServletWebServerFactoryConfiguration$EmbeddedTomcat.tomcatServletWebServerFactory(ServletWebServerFactoryConfiguration.java:73)
	at java.base/jdk.internal.reflect.DirectMethodHandleAccessor.invoke(DirectMethodHandleAccessor.java:104)
	at java.base/java.lang.reflect.Method.invoke(Method.java:578)
	at org.springframework.beans.factory.support.SimpleInstantiationStrategy.instantiate(SimpleInstantiationStrategy.java:140)
	at org.springframework.beans.factory.support.ConstructorResolver.instantiate(ConstructorResolver.java:644)
	at org.springframework.beans.factory.support.ConstructorResolver.instantiateUsingFactoryMethod(ConstructorResolver.java:636)
	at org.springframework.beans.factory.support.AbstractAutowireCapableBeanFactory.instantiateUsingFactoryMethod(AbstractAutowireCapableBeanFactory.java:1337)
	at org.springframework.beans.factory.support.AbstractAutowireCapableBeanFactory.createBeanInstance(AbstractAutowireCapableBeanFactory.java:1167)
	at org.springframework.beans.factory.support.AbstractAutowireCapableBeanFactory.doCreateBean(AbstractAutowireCapableBeanFactory.java:562)
	at org.springframework.beans.factory.support.AbstractAutowireCapableBeanFactory.createBean(AbstractAutowireCapableBeanFactory.java:522)
	at org.springframework.beans.factory.support.AbstractBeanFactory.lambda$doGetBean$0(AbstractBeanFactory.java:337)
	at org.springframework.beans.factory.support.DefaultSingletonBeanRegistry.getSingleton(DefaultSingletonBeanRegistry.java:234)
	at org.springframework.beans.factory.support.AbstractBeanFactory.doGetBean(AbstractBeanFactory.java:335)
	at org.springframework.beans.factory.support.AbstractBeanFactory.getBean(AbstractBeanFactory.java:200)
	at org.springframework.beans.factory.support.DefaultListableBeanFactory.preInstantiateSingletons(DefaultListableBeanFactory.java:975)
	at org.springframework.context.support.AbstractApplicationContext.finishBeanFactoryInitialization(AbstractApplicationContext.java:962)
	at org.springframework.context.support.AbstractApplicationContext.refresh(AbstractApplicationContext.java:624)
	at org.springframework.boot.SpringApplication.refresh(SpringApplication.java:754)
	at org.springframework.boot.SpringApplication.refreshContext(SpringApplication.java:456)
	at org.springframework.boot.SpringApplication.run(SpringApplication.java:335)
	at org.springframework.boot.test.context.SpringBootContextLoader.lambda$loadContext$3(SpringBootContextLoader.java:137)
	at org.springframework.util.function.ThrowingSupplier.get(ThrowingSupplier.java:58)
	at org.springframework.util.function.ThrowingSupplier.get(ThrowingSupplier.java:46)
	at org.springframework.boot.SpringApplication.withHook(SpringApplication.java:1463)
	at org.springframework.boot.test.context.SpringBootContextLoader$ContextLoaderHook.run(SpringBootContextLoader.java:553)
	at org.springframework.boot.test.context.SpringBootContextLoader.loadContext(SpringBootContextLoader.java:137)
	at org.springframework.boot.test.context.SpringBootContextLoader.loadContext(SpringBootContextLoader.java:108)
	at org.springframework.test.context.cache.DefaultCacheAwareContextLoaderDelegate.loadContextInternal(DefaultCacheAwareContextLoaderDelegate.java:225)
	at org.springframework.test.context.cache.DefaultCacheAwareContextLoaderDelegate.loadContext(DefaultCacheAwareContextLoaderDelegate.java:152)
	at org.springframework.test.context.support.DefaultTestContext.getApplicationContext(DefaultTestContext.java:130)
	at org.springframework.test.context.web.ServletTestExecutionListener.setUpRequestContextIfNecessary(ServletTestExecutionListener.java:191)
	at org.springframework.test.context.web.ServletTestExecutionListener.prepareTestInstance(ServletTestExecutionListener.java:130)
	at org.springframework.test.context.TestContextManager.prepareTestInstance(TestContextManager.java:260)
	at org.springframework.test.context.junit.jupiter.SpringExtension.postProcessTestInstance(SpringExtension.java:163)
	at org.junit.jupiter.engine.descriptor.ClassBasedTestDescriptor.lambda$invokeTestInstancePostProcessors$10(ClassBasedTestDescriptor.java:378)
	at org.junit.jupiter.engine.descriptor.ClassBasedTestDescriptor.executeAndMaskThrowable(ClassBasedTestDescriptor.java:383)
	at org.junit.jupiter.engine.descriptor.ClassBasedTestDescriptor.lambda$invokeTestInstancePostProcessors$11(ClassBasedTestDescriptor.java:378)
	at java.base/java.util.stream.ReferencePipeline$3$1.accept(ReferencePipeline.java:197)
	at java.base/java.util.stream.ReferencePipeline$2$1.accept(ReferencePipeline.java:179)
	at java.base/java.util.ArrayList$ArrayListSpliterator.forEachRemaining(ArrayList.java:1625)
	at java.base/java.util.stream.AbstractPipeline.copyInto(AbstractPipeline.java:509)
	at java.base/java.util.stream.AbstractPipeline.wrapAndCopyInto(AbstractPipeline.java:499)
	at java.base/java.util.stream.StreamSpliterators$WrappingSpliterator.forEachRemaining(StreamSpliterators.java:310)
	at java.base/java.util.stream.Streams$ConcatSpliterator.forEachRemaining(Streams.java:735)
	at java.base/java.util.stream.Streams$ConcatSpliterator.forEachRemaining(Streams.java:734)
	at java.base/java.util.stream.ReferencePipeline$Head.forEach(ReferencePipeline.java:762)
	at org.junit.jupiter.engine.descriptor.ClassBasedTestDescriptor.invokeTestInstancePostProcessors(ClassBasedTestDescriptor.java:377)
	at org.junit.jupiter.engine.descriptor.ClassBasedTestDescriptor.lambda$instantiateAndPostProcessTestInstance$6(ClassBasedTestDescriptor.java:290)
	at org.junit.platform.engine.support.hierarchical.ThrowableCollector.execute(ThrowableCollector.java:73)
	at org.junit.jupiter.engine.descriptor.ClassBasedTestDescriptor.instantiateAndPostProcessTestInstance(ClassBasedTestDescriptor.java:289)
	at org.junit.jupiter.engine.descriptor.ClassBasedTestDescriptor.lambda$testInstancesProvider$4(ClassBasedTestDescriptor.java:279)
	at java.base/java.util.Optional.orElseGet(Optional.java:364)
	at org.junit.jupiter.engine.descriptor.ClassBasedTestDescriptor.lambda$testInstancesProvider$5(ClassBasedTestDescriptor.java:278)
	at org.junit.jupiter.engine.execution.TestInstancesProvider.getTestInstances(TestInstancesProvider.java:31)
	at org.junit.jupiter.engine.descriptor.TestMethodTestDescriptor.lambda$prepare$0(TestMethodTestDescriptor.java:106)
	at org.junit.platform.engine.support.hierarchical.ThrowableCollector.execute(ThrowableCollector.java:73)
	at org.junit.jupiter.engine.descriptor.TestMethodTestDescriptor.prepare(TestMethodTestDescriptor.java:105)
	at org.junit.jupiter.engine.descriptor.TestMethodTestDescriptor.prepare(TestMethodTestDescriptor.java:69)
	at org.junit.platform.engine.support.hierarchical.NodeTestTask.lambda$prepare$2(NodeTestTask.java:123)
	at org.junit.platform.engine.support.hierarchical.ThrowableCollector.execute(ThrowableCollector.java:73)
	at org.junit.platform.engine.support.hierarchical.NodeTestTask.prepare(NodeTestTask.java:123)
	at org.junit.platform.engine.support.hierarchical.NodeTestTask.execute(NodeTestTask.java:90)
	at java.base/java.util.ArrayList.forEach(ArrayList.java:1511)
	at org.junit.platform.engine.support.hierarchical.SameThreadHierarchicalTestExecutorService.invokeAll(SameThreadHierarchicalTestExecutorService.java:41)
	at org.junit.platform.engine.support.hierarchical.NodeTestTask.lambda$executeRecursively$6(NodeTestTask.java:155)
	at org.junit.platform.engine.support.hierarchical.ThrowableCollector.execute(ThrowableCollector.java:73)
	at org.junit.platform.engine.support.hierarchical.NodeTestTask.lambda$executeRecursively$8(NodeTestTask.java:141)
	at org.junit.platform.engine.support.hierarchical.Node.around(Node.java:137)
	at org.junit.platform.engine.support.hierarchical.NodeTestTask.lambda$executeRecursively$9(NodeTestTask.java:139)
	at org.junit.platform.engine.support.hierarchical.ThrowableCollector.execute(ThrowableCollector.java:73)
	at org.junit.platform.engine.support.hierarchical.NodeTestTask.executeRecursively(NodeTestTask.java:138)
	at org.junit.platform.engine.support.hierarchical.NodeTestTask.execute(NodeTestTask.java:95)
	at java.base/java.util.ArrayList.forEach(ArrayList.java:1511)
	at org.junit.platform.engine.support.hierarchical.SameThreadHierarchicalTestExecutorService.invokeAll(SameThreadHierarchicalTestExecutorService.java:41)
	at org.junit.platform.engine.support.hierarchical.NodeTestTask.lambda$executeRecursively$6(NodeTestTask.java:155)
	at org.junit.platform.engine.support.hierarchical.ThrowableCollector.execute(ThrowableCollector.java:73)
	at org.junit.platform.engine.support.hierarchical.NodeTestTask.lambda$executeRecursively$8(NodeTestTask.java:141)
	at org.junit.platform.engine.support.hierarchical.Node.around(Node.java:137)
	at org.junit.platform.engine.support.hierarchical.NodeTestTask.lambda$executeRecursively$9(NodeTestTask.java:139)
	at org.junit.platform.engine.support.hierarchical.ThrowableCollector.execute(ThrowableCollector.java:73)
	at org.junit.platform.engine.support.hierarchical.NodeTestTask.executeRecursively(NodeTestTask.java:138)
	at org.junit.platform.engine.support.hierarchical.NodeTestTask.execute(NodeTestTask.java:95)
	at org.junit.platform.engine.support.hierarchical.SameThreadHierarchicalTestExecutorService.submit(SameThreadHierarchicalTestExecutorService.java:35)
	at org.junit.platform.engine.support.hierarchical.HierarchicalTestExecutor.execute(HierarchicalTestExecutor.java:57)
	at org.junit.platform.engine.support.hierarchical.HierarchicalTestEngine.execute(HierarchicalTestEngine.java:54)
	at org.junit.platform.launcher.core.EngineExecutionOrchestrator.execute(EngineExecutionOrchestrator.java:198)
	at org.junit.platform.launcher.core.EngineExecutionOrchestrator.execute(EngineExecutionOrchestrator.java:169)
	at org.junit.platform.launcher.core.EngineExecutionOrchestrator.execute(EngineExecutionOrchestrator.java:93)
	at org.junit.platform.launcher.core.EngineExecutionOrchestrator.lambda$execute$0(EngineExecutionOrchestrator.java:58)
	at org.junit.platform.launcher.core.EngineExecutionOrchestrator.withInterceptedStreams(EngineExecutionOrchestrator.java:141)
	at org.junit.platform.launcher.core.EngineExecutionOrchestrator.execute(EngineExecutionOrchestrator.java:57)
	at org.junit.platform.launcher.core.DefaultLauncher.execute(DefaultLauncher.java:103)
	at org.junit.platform.launcher.core.DefaultLauncher.execute(DefaultLauncher.java:85)
	at org.junit.platform.launcher.core.DelegatingLauncher.execute(DelegatingLauncher.java:47)
	at org.apache.maven.surefire.junitplatform.LazyLauncher.execute(LazyLauncher.java:56)
	at org.apache.maven.surefire.junitplatform.JUnitPlatformProvider.execute(JUnitPlatformProvider.java:184)
	at org.apache.maven.surefire.junitplatform.JUnitPlatformProvider.invokeAllTests(JUnitPlatformProvider.java:148)
	at org.apache.maven.surefire.junitplatform.JUnitPlatformProvider.invoke(JUnitPlatformProvider.java:122)
	at org.apache.maven.surefire.booter.ForkedBooter.runSuitesInProcess(ForkedBooter.java:385)
	at org.apache.maven.surefire.booter.ForkedBooter.execute(ForkedBooter.java:162)
	at org.apache.maven.surefire.booter.ForkedBooter.run(ForkedBooter.java:507)
	at org.apache.maven.surefire.booter.ForkedBooter.main(ForkedBooter.java:495)
17:17:02.732 [main] o.s.b.f.s.DefaultListableBeanFactory TRACE - Returning cached instance of singleton bean 'websocketServletWebServerCustomizer'
17:17:02.732 [main] o.s.b.f.s.DefaultListableBeanFactory DEBUG - Creating shared instance of singleton bean 'servletWebServerFactoryCustomizer'
17:17:02.732 [main] o.s.b.f.s.DefaultListableBeanFactory TRACE - Creating instance of bean 'servletWebServerFactoryCustomizer'
17:17:02.732 [main] o.s.b.f.s.DefaultListableBeanFactory DEBUG - Creating shared instance of singleton bean 'org.springframework.boot.autoconfigure.web.servlet.ServletWebServerFactoryAutoConfiguration'
17:17:02.732 [main] o.s.b.f.s.DefaultListableBeanFactory TRACE - Creating instance of bean 'org.springframework.boot.autoconfigure.web.servlet.ServletWebServerFactoryAutoConfiguration'
17:17:02.733 [main] o.s.b.f.s.DefaultListableBeanFactory TRACE - Returning cached instance of singleton bean 'org.springframework.transaction.config.internalTransactionAdvisor'
17:17:02.733 [main] o.s.b.f.s.DefaultListableBeanFactory TRACE - Finished creating instance of bean 'org.springframework.boot.autoconfigure.web.servlet.ServletWebServerFactoryAutoConfiguration'
17:17:02.735 [main] o.s.b.f.s.DefaultListableBeanFactory DEBUG - Creating shared instance of singleton bean 'server-org.springframework.boot.autoconfigure.web.ServerProperties'
17:17:02.735 [main] o.s.b.f.s.DefaultListableBeanFactory TRACE - Creating instance of bean 'server-org.springframework.boot.autoconfigure.web.ServerProperties'
17:17:02.750 [main] o.s.b.f.s.DefaultListableBeanFactory TRACE - Returning cached instance of singleton bean 'org.springframework.boot.context.properties.BoundConfigurationProperties'
17:17:02.755 [main] o.s.b.f.s.DefaultListableBeanFactory TRACE - Returning cached instance of singleton bean 'org.springframework.transaction.config.internalTransactionAdvisor'
17:17:02.755 [main] o.s.b.f.s.DefaultListableBeanFactory TRACE - Finished creating instance of bean 'server-org.springframework.boot.autoconfigure.web.ServerProperties'
17:17:02.755 [main] o.s.b.f.s.DefaultListableBeanFactory DEBUG - Autowiring by type from bean name 'servletWebServerFactoryCustomizer' via factory method to bean named 'server-org.springframework.boot.autoconfigure.web.ServerProperties'
17:17:02.760 [main] o.s.b.f.s.DefaultListableBeanFactory TRACE - Returning cached instance of singleton bean 'sslBundleRegistry'
17:17:02.761 [main] o.s.b.f.s.DefaultListableBeanFactory TRACE - Returning cached instance of singleton bean 'org.springframework.transaction.config.internalTransactionAdvisor'
17:17:02.761 [main] o.s.b.f.s.DefaultListableBeanFactory TRACE - Finished creating instance of bean 'servletWebServerFactoryCustomizer'
17:17:02.761 [main] o.s.b.f.s.DefaultListableBeanFactory DEBUG - Creating shared instance of singleton bean 'tomcatServletWebServerFactoryCustomizer'
17:17:02.761 [main] o.s.b.f.s.DefaultListableBeanFactory TRACE - Creating instance of bean 'tomcatServletWebServerFactoryCustomizer'
17:17:02.762 [main] o.s.b.f.s.DefaultListableBeanFactory TRACE - Returning cached instance of singleton bean 'org.springframework.boot.autoconfigure.web.servlet.ServletWebServerFactoryAutoConfiguration'
17:17:02.762 [main] o.s.b.f.s.DefaultListableBeanFactory TRACE - Returning cached instance of singleton bean 'server-org.springframework.boot.autoconfigure.web.ServerProperties'
17:17:02.762 [main] o.s.b.f.s.DefaultListableBeanFactory DEBUG - Autowiring by type from bean name 'tomcatServletWebServerFactoryCustomizer' via factory method to bean named 'server-org.springframework.boot.autoconfigure.web.ServerProperties'
17:17:02.763 [main] o.s.b.f.s.DefaultListableBeanFactory TRACE - Returning cached instance of singleton bean 'org.springframework.transaction.config.internalTransactionAdvisor'
17:17:02.763 [main] o.s.b.f.s.DefaultListableBeanFactory TRACE - Finished creating instance of bean 'tomcatServletWebServerFactoryCustomizer'
17:17:02.763 [main] o.s.b.f.s.DefaultListableBeanFactory DEBUG - Creating shared instance of singleton bean 'localeCharsetMappingsCustomizer'
17:17:02.763 [main] o.s.b.f.s.DefaultListableBeanFactory TRACE - Creating instance of bean 'localeCharsetMappingsCustomizer'
17:17:02.763 [main] o.s.b.f.s.DefaultListableBeanFactory DEBUG - Creating shared instance of singleton bean 'org.springframework.boot.autoconfigure.web.servlet.HttpEncodingAutoConfiguration'
17:17:02.763 [main] o.s.b.f.s.DefaultListableBeanFactory TRACE - Creating instance of bean 'org.springframework.boot.autoconfigure.web.servlet.HttpEncodingAutoConfiguration'
17:17:02.764 [main] o.s.b.f.s.DefaultListableBeanFactory TRACE - Returning cached instance of singleton bean 'server-org.springframework.boot.autoconfigure.web.ServerProperties'
17:17:02.764 [main] o.s.b.f.s.DefaultListableBeanFactory DEBUG - Autowiring by type from bean name 'org.springframework.boot.autoconfigure.web.servlet.HttpEncodingAutoConfiguration' via constructor to bean named 'server-org.springframework.boot.autoconfigure.web.ServerProperties'
17:17:02.764 [main] o.s.b.f.s.DefaultListableBeanFactory TRACE - Returning cached instance of singleton bean 'org.springframework.transaction.config.internalTransactionAdvisor'
17:17:02.764 [main] o.s.b.f.s.DefaultListableBeanFactory TRACE - Finished creating instance of bean 'org.springframework.boot.autoconfigure.web.servlet.HttpEncodingAutoConfiguration'
17:17:02.765 [main] o.s.b.f.s.DefaultListableBeanFactory TRACE - Returning cached instance of singleton bean 'org.springframework.transaction.config.internalTransactionAdvisor'
17:17:02.765 [main] o.s.b.f.s.DefaultListableBeanFactory TRACE - Finished creating instance of bean 'localeCharsetMappingsCustomizer'
17:17:02.786 [main] o.s.b.f.s.DefaultListableBeanFactory DEBUG - Creating shared instance of singleton bean 'errorPageCustomizer'
17:17:02.786 [main] o.s.b.f.s.DefaultListableBeanFactory TRACE - Creating instance of bean 'errorPageCustomizer'
17:17:02.786 [main] o.s.b.f.s.DefaultListableBeanFactory DEBUG - Creating shared instance of singleton bean 'org.springframework.boot.autoconfigure.web.servlet.error.ErrorMvcAutoConfiguration'
17:17:02.786 [main] o.s.b.f.s.DefaultListableBeanFactory TRACE - Creating instance of bean 'org.springframework.boot.autoconfigure.web.servlet.error.ErrorMvcAutoConfiguration'
17:17:02.786 [main] o.s.b.f.s.DefaultListableBeanFactory TRACE - Returning cached instance of singleton bean 'server-org.springframework.boot.autoconfigure.web.ServerProperties'
17:17:02.787 [main] o.s.b.f.s.DefaultListableBeanFactory DEBUG - Autowiring by type from bean name 'org.springframework.boot.autoconfigure.web.servlet.error.ErrorMvcAutoConfiguration' via constructor to bean named 'server-org.springframework.boot.autoconfigure.web.ServerProperties'
17:17:02.787 [main] o.s.b.f.s.DefaultListableBeanFactory TRACE - Returning cached instance of singleton bean 'org.springframework.transaction.config.internalTransactionAdvisor'
17:17:02.787 [main] o.s.b.f.s.DefaultListableBeanFactory TRACE - Finished creating instance of bean 'org.springframework.boot.autoconfigure.web.servlet.error.ErrorMvcAutoConfiguration'
17:17:02.788 [main] o.s.b.f.s.DefaultListableBeanFactory DEBUG - Creating shared instance of singleton bean 'dispatcherServletRegistration'
17:17:02.788 [main] o.s.b.f.s.DefaultListableBeanFactory TRACE - Creating instance of bean 'dispatcherServletRegistration'
17:17:02.788 [main] o.s.b.f.s.DefaultListableBeanFactory DEBUG - Creating shared instance of singleton bean 'org.springframework.boot.autoconfigure.web.servlet.DispatcherServletAutoConfiguration$DispatcherServletRegistrationConfiguration'
17:17:02.788 [main] o.s.b.f.s.DefaultListableBeanFactory TRACE - Creating instance of bean 'org.springframework.boot.autoconfigure.web.servlet.DispatcherServletAutoConfiguration$DispatcherServletRegistrationConfiguration'
17:17:02.789 [main] o.s.b.f.s.DefaultListableBeanFactory TRACE - Returning cached instance of singleton bean 'org.springframework.transaction.config.internalTransactionAdvisor'
17:17:02.789 [main] o.s.b.f.s.DefaultListableBeanFactory TRACE - Finished creating instance of bean 'org.springframework.boot.autoconfigure.web.servlet.DispatcherServletAutoConfiguration$DispatcherServletRegistrationConfiguration'
17:17:02.789 [main] o.s.b.f.s.DefaultListableBeanFactory DEBUG - Creating shared instance of singleton bean 'dispatcherServlet'
17:17:02.789 [main] o.s.b.f.s.DefaultListableBeanFactory TRACE - Creating instance of bean 'dispatcherServlet'
17:17:02.789 [main] o.s.b.f.s.DefaultListableBeanFactory DEBUG - Creating shared instance of singleton bean 'org.springframework.boot.autoconfigure.web.servlet.DispatcherServletAutoConfiguration$DispatcherServletConfiguration'
17:17:02.789 [main] o.s.b.f.s.DefaultListableBeanFactory TRACE - Creating instance of bean 'org.springframework.boot.autoconfigure.web.servlet.DispatcherServletAutoConfiguration$DispatcherServletConfiguration'
17:17:02.790 [main] o.s.b.f.s.DefaultListableBeanFactory TRACE - Returning cached instance of singleton bean 'org.springframework.transaction.config.internalTransactionAdvisor'
17:17:02.790 [main] o.s.b.f.s.DefaultListableBeanFactory TRACE - Finished creating instance of bean 'org.springframework.boot.autoconfigure.web.servlet.DispatcherServletAutoConfiguration$DispatcherServletConfiguration'
17:17:02.791 [main] o.s.b.f.s.DefaultListableBeanFactory DEBUG - Creating shared instance of singleton bean 'spring.mvc-org.springframework.boot.autoconfigure.web.servlet.WebMvcProperties'
17:17:02.791 [main] o.s.b.f.s.DefaultListableBeanFactory TRACE - Creating instance of bean 'spring.mvc-org.springframework.boot.autoconfigure.web.servlet.WebMvcProperties'
17:17:02.792 [main] o.s.b.f.s.DefaultListableBeanFactory TRACE - Returning cached instance of singleton bean 'org.springframework.boot.context.properties.BoundConfigurationProperties'
17:17:02.798 [main] o.s.b.f.s.DefaultListableBeanFactory TRACE - Returning cached instance of singleton bean 'org.springframework.transaction.config.internalTransactionAdvisor'
17:17:02.799 [main] o.s.b.f.s.DefaultListableBeanFactory TRACE - Finished creating instance of bean 'spring.mvc-org.springframework.boot.autoconfigure.web.servlet.WebMvcProperties'
17:17:02.799 [main] o.s.b.f.s.DefaultListableBeanFactory DEBUG - Autowiring by type from bean name 'dispatcherServlet' via factory method to bean named 'spring.mvc-org.springframework.boot.autoconfigure.web.servlet.WebMvcProperties'
17:17:02.814 [main] o.s.b.f.s.DefaultListableBeanFactory TRACE - Returning cached instance of singleton bean 'org.springframework.transaction.config.internalTransactionAdvisor'
17:17:02.817 [main] o.s.b.f.s.DefaultListableBeanFactory TRACE - Finished creating instance of bean 'dispatcherServlet'
17:17:02.817 [main] o.s.b.f.s.DefaultListableBeanFactory TRACE - Returning cached instance of singleton bean 'spring.mvc-org.springframework.boot.autoconfigure.web.servlet.WebMvcProperties'
17:17:02.817 [main] o.s.b.f.s.DefaultListableBeanFactory DEBUG - Autowiring by type from bean name 'dispatcherServletRegistration' via factory method to bean named 'dispatcherServlet'
17:17:02.817 [main] o.s.b.f.s.DefaultListableBeanFactory DEBUG - Autowiring by type from bean name 'dispatcherServletRegistration' via factory method to bean named 'spring.mvc-org.springframework.boot.autoconfigure.web.servlet.WebMvcProperties'
17:17:02.820 [main] o.s.b.f.s.DefaultListableBeanFactory DEBUG - Creating shared instance of singleton bean 'multipartConfigElement'
17:17:02.820 [main] o.s.b.f.s.DefaultListableBeanFactory TRACE - Creating instance of bean 'multipartConfigElement'
17:17:02.820 [main] o.s.b.f.s.DefaultListableBeanFactory DEBUG - Creating shared instance of singleton bean 'org.springframework.boot.autoconfigure.web.servlet.MultipartAutoConfiguration'
17:17:02.820 [main] o.s.b.f.s.DefaultListableBeanFactory TRACE - Creating instance of bean 'org.springframework.boot.autoconfigure.web.servlet.MultipartAutoConfiguration'
17:17:02.821 [main] o.s.b.f.s.DefaultListableBeanFactory DEBUG - Creating shared instance of singleton bean 'spring.servlet.multipart-org.springframework.boot.autoconfigure.web.servlet.MultipartProperties'
17:17:02.821 [main] o.s.b.f.s.DefaultListableBeanFactory TRACE - Creating instance of bean 'spring.servlet.multipart-org.springframework.boot.autoconfigure.web.servlet.MultipartProperties'
17:17:02.821 [main] o.s.b.f.s.DefaultListableBeanFactory TRACE - Returning cached instance of singleton bean 'org.springframework.boot.context.properties.BoundConfigurationProperties'
17:17:02.828 [main] o.s.b.f.s.DefaultListableBeanFactory TRACE - Returning cached instance of singleton bean 'org.springframework.transaction.config.internalTransactionAdvisor'
17:17:02.828 [main] o.s.b.f.s.DefaultListableBeanFactory TRACE - Finished creating instance of bean 'spring.servlet.multipart-org.springframework.boot.autoconfigure.web.servlet.MultipartProperties'
17:17:02.828 [main] o.s.b.f.s.DefaultListableBeanFactory DEBUG - Autowiring by type from bean name 'org.springframework.boot.autoconfigure.web.servlet.MultipartAutoConfiguration' via constructor to bean named 'spring.servlet.multipart-org.springframework.boot.autoconfigure.web.servlet.MultipartProperties'
17:17:02.829 [main] o.s.b.f.s.DefaultListableBeanFactory TRACE - Returning cached instance of singleton bean 'org.springframework.transaction.config.internalTransactionAdvisor'
17:17:02.829 [main] o.s.b.f.s.DefaultListableBeanFactory TRACE - Finished creating instance of bean 'org.springframework.boot.autoconfigure.web.servlet.MultipartAutoConfiguration'
17:17:02.832 [main] o.s.b.f.s.DefaultListableBeanFactory TRACE - Returning cached instance of singleton bean 'org.springframework.transaction.config.internalTransactionAdvisor'
17:17:02.832 [main] o.s.b.f.s.DefaultListableBeanFactory TRACE - Finished creating instance of bean 'multipartConfigElement'
17:17:02.833 [main] o.s.b.f.s.DefaultListableBeanFactory TRACE - Returning cached instance of singleton bean 'org.springframework.transaction.config.internalTransactionAdvisor'
17:17:02.837 [main] o.s.b.f.s.DefaultListableBeanFactory TRACE - Finished creating instance of bean 'dispatcherServletRegistration'
17:17:02.837 [main] o.s.b.f.s.DefaultListableBeanFactory DEBUG - Autowiring by type from bean name 'errorPageCustomizer' via factory method to bean named 'dispatcherServletRegistration'
17:17:02.838 [main] o.s.b.f.s.DefaultListableBeanFactory TRACE - Returning cached instance of singleton bean 'org.springframework.transaction.config.internalTransactionAdvisor'
17:17:02.838 [main] o.s.b.f.s.DefaultListableBeanFactory TRACE - Finished creating instance of bean 'errorPageCustomizer'
17:17:02.838 [main] o.s.b.f.s.DefaultListableBeanFactory TRACE - Returning cached instance of singleton bean 'org.springframework.transaction.config.internalTransactionAdvisor'
17:17:02.841 [main] o.s.b.f.s.DefaultListableBeanFactory TRACE - Finished creating instance of bean 'tomcatServletWebServerFactory'
17:17:02.841 [main] o.s.b.f.s.DefaultListableBeanFactory TRACE - Returning cached instance of singleton bean 'org.springframework.boot.autoconfigure.web.servlet.ServletWebServerFactoryAutoConfiguration'
17:17:02.841 [main] o.s.b.f.s.DefaultListableBeanFactory TRACE - Returning cached instance of singleton bean 'servletWebServerFactoryCustomizer'
17:17:02.841 [main] o.s.b.f.s.DefaultListableBeanFactory TRACE - Returning cached instance of singleton bean 'tomcatServletWebServerFactoryCustomizer'
17:17:02.841 [main] o.s.b.f.s.DefaultListableBeanFactory TRACE - Returning cached instance of singleton bean 'server-org.springframework.boot.autoconfigure.web.ServerProperties'
17:17:02.841 [main] o.s.b.f.s.DefaultListableBeanFactory TRACE - Returning cached instance of singleton bean 'webServerFactoryCustomizerBeanPostProcessor'
17:17:02.841 [main] o.s.b.f.s.DefaultListableBeanFactory TRACE - Returning cached instance of singleton bean 'errorPageRegistrarBeanPostProcessor'
17:17:02.841 [main] o.s.b.f.s.DefaultListableBeanFactory TRACE - Returning cached instance of singleton bean 'org.springframework.boot.autoconfigure.web.servlet.DispatcherServletAutoConfiguration$DispatcherServletConfiguration'
17:17:02.841 [main] o.s.b.f.s.DefaultListableBeanFactory TRACE - Returning cached instance of singleton bean 'dispatcherServlet'
17:17:02.841 [main] o.s.b.f.s.DefaultListableBeanFactory TRACE - Returning cached instance of singleton bean 'spring.mvc-org.springframework.boot.autoconfigure.web.servlet.WebMvcProperties'
17:17:02.841 [main] o.s.b.f.s.DefaultListableBeanFactory TRACE - Returning cached instance of singleton bean 'org.springframework.boot.autoconfigure.web.servlet.DispatcherServletAutoConfiguration$DispatcherServletRegistrationConfiguration'
17:17:02.841 [main] o.s.b.f.s.DefaultListableBeanFactory TRACE - Returning cached instance of singleton bean 'dispatcherServletRegistration'
17:17:02.841 [main] o.s.b.f.s.DefaultListableBeanFactory DEBUG - Creating shared instance of singleton bean 'org.springframework.boot.autoconfigure.web.servlet.DispatcherServletAutoConfiguration'
17:17:02.841 [main] o.s.b.f.s.DefaultListableBeanFactory TRACE - Creating instance of bean 'org.springframework.boot.autoconfigure.web.servlet.DispatcherServletAutoConfiguration'
17:17:02.841 [main] o.s.b.f.s.DefaultListableBeanFactory TRACE - Returning cached instance of singleton bean 'org.springframework.transaction.config.internalTransactionAdvisor'
17:17:02.842 [main] o.s.b.f.s.DefaultListableBeanFactory TRACE - Finished creating instance of bean 'org.springframework.boot.autoconfigure.web.servlet.DispatcherServletAutoConfiguration'
17:17:02.842 [main] o.s.b.f.s.DefaultListableBeanFactory DEBUG - Creating shared instance of singleton bean 'org.springframework.boot.autoconfigure.task.TaskExecutorConfigurations$ThreadPoolTaskExecutorBuilderConfiguration'
17:17:02.842 [main] o.s.b.f.s.DefaultListableBeanFactory TRACE - Creating instance of bean 'org.springframework.boot.autoconfigure.task.TaskExecutorConfigurations$ThreadPoolTaskExecutorBuilderConfiguration'
17:17:02.842 [main] o.s.b.f.s.DefaultListableBeanFactory TRACE - Returning cached instance of singleton bean 'org.springframework.transaction.config.internalTransactionAdvisor'
17:17:02.842 [main] o.s.b.f.s.DefaultListableBeanFactory TRACE - Finished creating instance of bean 'org.springframework.boot.autoconfigure.task.TaskExecutorConfigurations$ThreadPoolTaskExecutorBuilderConfiguration'
17:17:02.842 [main] o.s.b.f.s.DefaultListableBeanFactory DEBUG - Creating shared instance of singleton bean 'threadPoolTaskExecutorBuilder'
17:17:02.842 [main] o.s.b.f.s.DefaultListableBeanFactory TRACE - Creating instance of bean 'threadPoolTaskExecutorBuilder'
17:17:02.842 [main] o.s.b.f.s.DefaultListableBeanFactory TRACE - Returning cached instance of singleton bean 'org.springframework.boot.autoconfigure.task.TaskExecutorConfigurations$ThreadPoolTaskExecutorBuilderConfiguration'
17:17:02.843 [main] o.s.b.f.s.DefaultListableBeanFactory DEBUG - Creating shared instance of singleton bean 'spring.task.execution-org.springframework.boot.autoconfigure.task.TaskExecutionProperties'
17:17:02.843 [main] o.s.b.f.s.DefaultListableBeanFactory TRACE - Creating instance of bean 'spring.task.execution-org.springframework.boot.autoconfigure.task.TaskExecutionProperties'
17:17:02.845 [main] o.s.b.f.s.DefaultListableBeanFactory TRACE - Returning cached instance of singleton bean 'org.springframework.boot.context.properties.BoundConfigurationProperties'
17:17:02.847 [main] o.s.b.f.s.DefaultListableBeanFactory TRACE - Returning cached instance of singleton bean 'org.springframework.transaction.config.internalTransactionAdvisor'
17:17:02.848 [main] o.s.b.f.s.DefaultListableBeanFactory TRACE - Finished creating instance of bean 'spring.task.execution-org.springframework.boot.autoconfigure.task.TaskExecutionProperties'
17:17:02.848 [main] o.s.b.f.s.DefaultListableBeanFactory DEBUG - Autowiring by type from bean name 'threadPoolTaskExecutorBuilder' via factory method to bean named 'spring.task.execution-org.springframework.boot.autoconfigure.task.TaskExecutionProperties'
17:17:02.852 [main] o.s.b.f.s.DefaultListableBeanFactory TRACE - Returning cached instance of singleton bean 'org.springframework.transaction.config.internalTransactionAdvisor'
17:17:02.852 [main] o.s.b.f.s.DefaultListableBeanFactory TRACE - Finished creating instance of bean 'threadPoolTaskExecutorBuilder'
17:17:02.852 [main] o.s.b.f.s.DefaultListableBeanFactory DEBUG - Creating shared instance of singleton bean 'org.springframework.boot.autoconfigure.task.TaskExecutorConfigurations$TaskExecutorBuilderConfiguration'
17:17:02.852 [main] o.s.b.f.s.DefaultListableBeanFactory TRACE - Creating instance of bean 'org.springframework.boot.autoconfigure.task.TaskExecutorConfigurations$TaskExecutorBuilderConfiguration'
17:17:02.853 [main] o.s.b.f.s.DefaultListableBeanFactory TRACE - Returning cached instance of singleton bean 'org.springframework.transaction.config.internalTransactionAdvisor'
17:17:02.853 [main] o.s.b.f.s.DefaultListableBeanFactory TRACE - Finished creating instance of bean 'org.springframework.boot.autoconfigure.task.TaskExecutorConfigurations$TaskExecutorBuilderConfiguration'
17:17:02.853 [main] o.s.b.f.s.DefaultListableBeanFactory DEBUG - Creating shared instance of singleton bean 'taskExecutorBuilder'
17:17:02.853 [main] o.s.b.f.s.DefaultListableBeanFactory TRACE - Creating instance of bean 'taskExecutorBuilder'
17:17:02.853 [main] o.s.b.f.s.DefaultListableBeanFactory TRACE - Returning cached instance of singleton bean 'org.springframework.boot.autoconfigure.task.TaskExecutorConfigurations$TaskExecutorBuilderConfiguration'
17:17:02.853 [main] o.s.b.f.s.DefaultListableBeanFactory TRACE - Returning cached instance of singleton bean 'spring.task.execution-org.springframework.boot.autoconfigure.task.TaskExecutionProperties'
17:17:02.853 [main] o.s.b.f.s.DefaultListableBeanFactory DEBUG - Autowiring by type from bean name 'taskExecutorBuilder' via factory method to bean named 'spring.task.execution-org.springframework.boot.autoconfigure.task.TaskExecutionProperties'
17:17:02.856 [main] o.s.b.f.s.DefaultListableBeanFactory TRACE - Returning cached instance of singleton bean 'org.springframework.transaction.config.internalTransactionAdvisor'
17:17:02.857 [main] o.s.b.f.s.DefaultListableBeanFactory TRACE - Finished creating instance of bean 'taskExecutorBuilder'
17:17:02.857 [main] o.s.b.f.s.DefaultListableBeanFactory DEBUG - Creating shared instance of singleton bean 'org.springframework.boot.autoconfigure.task.TaskExecutorConfigurations$SimpleAsyncTaskExecutorBuilderConfiguration'
17:17:02.857 [main] o.s.b.f.s.DefaultListableBeanFactory TRACE - Creating instance of bean 'org.springframework.boot.autoconfigure.task.TaskExecutorConfigurations$SimpleAsyncTaskExecutorBuilderConfiguration'
17:17:02.858 [main] o.s.b.f.s.DefaultListableBeanFactory TRACE - Returning cached instance of singleton bean 'spring.task.execution-org.springframework.boot.autoconfigure.task.TaskExecutionProperties'
17:17:02.858 [main] o.s.b.f.s.DefaultListableBeanFactory DEBUG - Autowiring by type from bean name 'org.springframework.boot.autoconfigure.task.TaskExecutorConfigurations$SimpleAsyncTaskExecutorBuilderConfiguration' via constructor to bean named 'spring.task.execution-org.springframework.boot.autoconfigure.task.TaskExecutionProperties'
17:17:02.859 [main] o.s.b.f.s.DefaultListableBeanFactory TRACE - Returning cached instance of singleton bean 'org.springframework.transaction.config.internalTransactionAdvisor'
17:17:02.859 [main] o.s.b.f.s.DefaultListableBeanFactory TRACE - Finished creating instance of bean 'org.springframework.boot.autoconfigure.task.TaskExecutorConfigurations$SimpleAsyncTaskExecutorBuilderConfiguration'
17:17:02.859 [main] o.s.b.f.s.DefaultListableBeanFactory DEBUG - Creating shared instance of singleton bean 'simpleAsyncTaskExecutorBuilder'
17:17:02.859 [main] o.s.b.f.s.DefaultListableBeanFactory TRACE - Creating instance of bean 'simpleAsyncTaskExecutorBuilder'
17:17:02.859 [main] o.s.b.f.s.DefaultListableBeanFactory TRACE - Returning cached instance of singleton bean 'org.springframework.boot.autoconfigure.task.TaskExecutorConfigurations$SimpleAsyncTaskExecutorBuilderConfiguration'
17:17:02.863 [main] o.s.b.f.s.DefaultListableBeanFactory TRACE - Returning cached instance of singleton bean 'org.springframework.transaction.config.internalTransactionAdvisor'
17:17:02.863 [main] o.s.b.f.s.DefaultListableBeanFactory TRACE - Finished creating instance of bean 'simpleAsyncTaskExecutorBuilder'
17:17:02.863 [main] o.s.b.f.s.DefaultListableBeanFactory DEBUG - Creating shared instance of singleton bean 'org.springframework.boot.autoconfigure.task.TaskExecutorConfigurations$TaskExecutorConfiguration'
17:17:02.863 [main] o.s.b.f.s.DefaultListableBeanFactory TRACE - Creating instance of bean 'org.springframework.boot.autoconfigure.task.TaskExecutorConfigurations$TaskExecutorConfiguration'
17:17:02.864 [main] o.s.b.f.s.DefaultListableBeanFactory TRACE - Returning cached instance of singleton bean 'org.springframework.transaction.config.internalTransactionAdvisor'
17:17:02.864 [main] o.s.b.f.s.DefaultListableBeanFactory TRACE - Finished creating instance of bean 'org.springframework.boot.autoconfigure.task.TaskExecutorConfigurations$TaskExecutorConfiguration'
17:17:02.864 [main] o.s.b.f.s.DefaultListableBeanFactory DEBUG - Creating shared instance of singleton bean 'org.springframework.boot.autoconfigure.task.TaskExecutionAutoConfiguration'
17:17:02.864 [main] o.s.b.f.s.DefaultListableBeanFactory TRACE - Creating instance of bean 'org.springframework.boot.autoconfigure.task.TaskExecutionAutoConfiguration'
17:17:02.865 [main] o.s.b.f.s.DefaultListableBeanFactory TRACE - Returning cached instance of singleton bean 'org.springframework.transaction.config.internalTransactionAdvisor'
17:17:02.865 [main] o.s.b.f.s.DefaultListableBeanFactory TRACE - Finished creating instance of bean 'org.springframework.boot.autoconfigure.task.TaskExecutionAutoConfiguration'
17:17:02.865 [main] o.s.b.f.s.DefaultListableBeanFactory TRACE - Returning cached instance of singleton bean 'spring.task.execution-org.springframework.boot.autoconfigure.task.TaskExecutionProperties'
17:17:02.865 [main] o.s.b.f.s.DefaultListableBeanFactory DEBUG - Creating shared instance of singleton bean 'org.springframework.boot.autoconfigure.web.servlet.error.ErrorMvcAutoConfiguration$WhitelabelErrorViewConfiguration'
17:17:02.865 [main] o.s.b.f.s.DefaultListableBeanFactory TRACE - Creating instance of bean 'org.springframework.boot.autoconfigure.web.servlet.error.ErrorMvcAutoConfiguration$WhitelabelErrorViewConfiguration'
17:17:02.866 [main] o.s.b.f.s.DefaultListableBeanFactory TRACE - Returning cached instance of singleton bean 'org.springframework.transaction.config.internalTransactionAdvisor'
17:17:02.867 [main] o.s.b.f.s.DefaultListableBeanFactory TRACE - Finished creating instance of bean 'org.springframework.boot.autoconfigure.web.servlet.error.ErrorMvcAutoConfiguration$WhitelabelErrorViewConfiguration'
17:17:02.867 [main] o.s.b.f.s.DefaultListableBeanFactory DEBUG - Creating shared instance of singleton bean 'error'
17:17:02.867 [main] o.s.b.f.s.DefaultListableBeanFactory TRACE - Creating instance of bean 'error'
17:17:02.867 [main] o.s.b.f.s.DefaultListableBeanFactory TRACE - Returning cached instance of singleton bean 'org.springframework.boot.autoconfigure.web.servlet.error.ErrorMvcAutoConfiguration$WhitelabelErrorViewConfiguration'
17:17:02.867 [main] o.s.b.f.s.DefaultListableBeanFactory TRACE - Returning cached instance of singleton bean 'org.springframework.transaction.config.internalTransactionAdvisor'
17:17:02.868 [main] o.s.b.f.s.DefaultListableBeanFactory TRACE - Finished creating instance of bean 'error'
17:17:02.868 [main] o.s.b.f.s.DefaultListableBeanFactory DEBUG - Creating shared instance of singleton bean 'beanNameViewResolver'
17:17:02.868 [main] o.s.b.f.s.DefaultListableBeanFactory TRACE - Creating instance of bean 'beanNameViewResolver'
17:17:02.868 [main] o.s.b.f.s.DefaultListableBeanFactory TRACE - Returning cached instance of singleton bean 'org.springframework.boot.autoconfigure.web.servlet.error.ErrorMvcAutoConfiguration$WhitelabelErrorViewConfiguration'
17:17:02.869 [main] o.s.b.f.s.DefaultListableBeanFactory TRACE - Returning cached instance of singleton bean 'org.springframework.transaction.config.internalTransactionAdvisor'
17:17:02.870 [main] o.s.b.f.s.DefaultListableBeanFactory TRACE - Finished creating instance of bean 'beanNameViewResolver'
17:17:02.870 [main] o.s.b.f.s.DefaultListableBeanFactory DEBUG - Creating shared instance of singleton bean 'org.springframework.boot.autoconfigure.web.servlet.error.ErrorMvcAutoConfiguration$DefaultErrorViewResolverConfiguration'
17:17:02.870 [main] o.s.b.f.s.DefaultListableBeanFactory TRACE - Creating instance of bean 'org.springframework.boot.autoconfigure.web.servlet.error.ErrorMvcAutoConfiguration$DefaultErrorViewResolverConfiguration'
17:17:02.871 [main] o.s.b.f.s.DefaultListableBeanFactory DEBUG - Creating shared instance of singleton bean 'spring.web-org.springframework.boot.autoconfigure.web.WebProperties'
17:17:02.871 [main] o.s.b.f.s.DefaultListableBeanFactory TRACE - Creating instance of bean 'spring.web-org.springframework.boot.autoconfigure.web.WebProperties'
17:17:02.875 [main] o.s.b.f.s.DefaultListableBeanFactory TRACE - Returning cached instance of singleton bean 'org.springframework.boot.context.properties.BoundConfigurationProperties'
17:17:02.876 [main] o.s.b.f.s.DefaultListableBeanFactory TRACE - Returning cached instance of singleton bean 'org.springframework.transaction.config.internalTransactionAdvisor'
17:17:02.876 [main] o.s.b.f.s.DefaultListableBeanFactory TRACE - Finished creating instance of bean 'spring.web-org.springframework.boot.autoconfigure.web.WebProperties'
17:17:02.876 [main] o.s.b.f.s.DefaultListableBeanFactory DEBUG - Autowiring by type from bean name 'org.springframework.boot.autoconfigure.web.servlet.error.ErrorMvcAutoConfiguration$DefaultErrorViewResolverConfiguration' via constructor to bean named 'org.springframework.web.context.support.GenericWebApplicationContext@6090f3ca'
17:17:02.876 [main] o.s.b.f.s.DefaultListableBeanFactory DEBUG - Autowiring by type from bean name 'org.springframework.boot.autoconfigure.web.servlet.error.ErrorMvcAutoConfiguration$DefaultErrorViewResolverConfiguration' via constructor to bean named 'spring.web-org.springframework.boot.autoconfigure.web.WebProperties'
17:17:02.877 [main] o.s.b.f.s.DefaultListableBeanFactory TRACE - Returning cached instance of singleton bean 'org.springframework.transaction.config.internalTransactionAdvisor'
17:17:02.877 [main] o.s.b.f.s.DefaultListableBeanFactory TRACE - Finished creating instance of bean 'org.springframework.boot.autoconfigure.web.servlet.error.ErrorMvcAutoConfiguration$DefaultErrorViewResolverConfiguration'
17:17:02.877 [main] o.s.b.f.s.DefaultListableBeanFactory DEBUG - Creating shared instance of singleton bean 'conventionErrorViewResolver'
17:17:02.877 [main] o.s.b.f.s.DefaultListableBeanFactory TRACE - Creating instance of bean 'conventionErrorViewResolver'
17:17:02.877 [main] o.s.b.f.s.DefaultListableBeanFactory TRACE - Returning cached instance of singleton bean 'org.springframework.boot.autoconfigure.web.servlet.error.ErrorMvcAutoConfiguration$DefaultErrorViewResolverConfiguration'
17:17:02.880 [main] o.s.c.i.s.SpringFactoriesLoader TRACE - Loaded [org.springframework.boot.autoconfigure.template.TemplateAvailabilityProvider] names: [org.springframework.boot.autoconfigure.freemarker.FreeMarkerTemplateAvailabilityProvider, org.springframework.boot.autoconfigure.mustache.MustacheTemplateAvailabilityProvider, org.springframework.boot.autoconfigure.groovy.template.GroovyTemplateAvailabilityProvider, org.springframework.boot.autoconfigure.thymeleaf.ThymeleafTemplateAvailabilityProvider, org.springframework.boot.autoconfigure.web.servlet.JspTemplateAvailabilityProvider]
17:17:02.881 [main] o.s.b.f.s.DefaultListableBeanFactory TRACE - Returning cached instance of singleton bean 'org.springframework.transaction.config.internalTransactionAdvisor'
17:17:02.881 [main] o.s.b.f.s.DefaultListableBeanFactory TRACE - Finished creating instance of bean 'conventionErrorViewResolver'
17:17:02.881 [main] o.s.b.f.s.DefaultListableBeanFactory TRACE - Returning cached instance of singleton bean 'spring.web-org.springframework.boot.autoconfigure.web.WebProperties'
17:17:02.881 [main] o.s.b.f.s.DefaultListableBeanFactory TRACE - Returning cached instance of singleton bean 'org.springframework.boot.autoconfigure.web.servlet.error.ErrorMvcAutoConfiguration'
17:17:02.881 [main] o.s.b.f.s.DefaultListableBeanFactory DEBUG - Creating shared instance of singleton bean 'errorAttributes'
17:17:02.881 [main] o.s.b.f.s.DefaultListableBeanFactory TRACE - Creating instance of bean 'errorAttributes'
17:17:02.881 [main] o.s.b.f.s.DefaultListableBeanFactory TRACE - Returning cached instance of singleton bean 'org.springframework.boot.autoconfigure.web.servlet.error.ErrorMvcAutoConfiguration'
17:17:02.884 [main] o.s.b.f.s.DefaultListableBeanFactory TRACE - Returning cached instance of singleton bean 'org.springframework.transaction.config.internalTransactionAdvisor'
17:17:02.885 [main] o.s.b.f.s.DefaultListableBeanFactory TRACE - Finished creating instance of bean 'errorAttributes'
17:17:02.885 [main] o.s.b.f.s.DefaultListableBeanFactory DEBUG - Creating shared instance of singleton bean 'basicErrorController'
17:17:02.885 [main] o.s.b.f.s.DefaultListableBeanFactory TRACE - Creating instance of bean 'basicErrorController'
17:17:02.885 [main] o.s.b.f.s.DefaultListableBeanFactory TRACE - Returning cached instance of singleton bean 'org.springframework.boot.autoconfigure.web.servlet.error.ErrorMvcAutoConfiguration'
17:17:02.886 [main] o.s.b.f.s.DefaultListableBeanFactory TRACE - Returning cached instance of singleton bean 'errorAttributes'
17:17:02.886 [main] o.s.b.f.s.DefaultListableBeanFactory DEBUG - Autowiring by type from bean name 'basicErrorController' via factory method to bean named 'errorAttributes'
17:17:02.888 [main] o.s.b.f.s.DefaultListableBeanFactory TRACE - Returning cached instance of singleton bean 'conventionErrorViewResolver'
17:17:02.888 [main] o.s.b.f.s.DefaultListableBeanFactory TRACE - Returning cached instance of singleton bean 'conventionErrorViewResolver'
17:17:02.891 [main] o.s.b.f.s.DefaultListableBeanFactory TRACE - Returning cached instance of singleton bean 'org.springframework.transaction.config.internalTransactionAdvisor'
17:17:02.892 [main] o.s.b.f.s.DefaultListableBeanFactory TRACE - Finished creating instance of bean 'basicErrorController'
17:17:02.892 [main] o.s.b.f.s.DefaultListableBeanFactory TRACE - Returning cached instance of singleton bean 'errorPageCustomizer'
17:17:02.892 [main] o.s.b.f.s.DefaultListableBeanFactory TRACE - Returning cached instance of singleton bean 'preserveErrorControllerTargetClassPostProcessor'
17:17:02.892 [main] o.s.b.f.s.DefaultListableBeanFactory DEBUG - Creating shared instance of singleton bean 'org.springframework.boot.autoconfigure.web.servlet.WebMvcAutoConfiguration$EnableWebMvcConfiguration'
17:17:02.892 [main] o.s.b.f.s.DefaultListableBeanFactory TRACE - Creating instance of bean 'org.springframework.boot.autoconfigure.web.servlet.WebMvcAutoConfiguration$EnableWebMvcConfiguration'
17:17:02.892 [main] o.s.b.f.s.DefaultListableBeanFactory TRACE - Returning cached instance of singleton bean 'spring.mvc-org.springframework.boot.autoconfigure.web.servlet.WebMvcProperties'
17:17:02.892 [main] o.s.b.f.s.DefaultListableBeanFactory TRACE - Returning cached instance of singleton bean 'spring.web-org.springframework.boot.autoconfigure.web.WebProperties'
17:17:02.893 [main] o.s.b.f.s.DefaultListableBeanFactory DEBUG - Autowiring by type from bean name 'org.springframework.boot.autoconfigure.web.servlet.WebMvcAutoConfiguration$EnableWebMvcConfiguration' via constructor to bean named 'spring.mvc-org.springframework.boot.autoconfigure.web.servlet.WebMvcProperties'
17:17:02.893 [main] o.s.b.f.s.DefaultListableBeanFactory DEBUG - Autowiring by type from bean name 'org.springframework.boot.autoconfigure.web.servlet.WebMvcAutoConfiguration$EnableWebMvcConfiguration' via constructor to bean named 'spring.web-org.springframework.boot.autoconfigure.web.WebProperties'
17:17:02.893 [main] o.s.b.f.s.DefaultListableBeanFactory DEBUG - Autowiring by type from bean name 'org.springframework.boot.autoconfigure.web.servlet.WebMvcAutoConfiguration$EnableWebMvcConfiguration' via constructor to bean named 'org.springframework.beans.factory.support.DefaultListableBeanFactory@29ea78b1'
17:17:02.896 [main] o.s.b.CachedIntrospectionResults TRACE - Getting BeanInfo for class [org.springframework.boot.autoconfigure.web.servlet.WebMvcAutoConfiguration$EnableWebMvcConfiguration]
17:17:02.898 [main] o.s.b.CachedIntrospectionResults TRACE - Caching PropertyDescriptors for class [org.springframework.boot.autoconfigure.web.servlet.WebMvcAutoConfiguration$EnableWebMvcConfiguration]
17:17:02.898 [main] o.s.b.CachedIntrospectionResults TRACE - Found bean property 'applicationContext' of type [org.springframework.context.ApplicationContext]
17:17:02.898 [main] o.s.b.CachedIntrospectionResults TRACE - Found bean property 'class' of type [java.lang.Class]
17:17:02.898 [main] o.s.b.CachedIntrospectionResults TRACE - Found bean property 'configurers' of type [java.util.List]
17:17:02.898 [main] o.s.b.CachedIntrospectionResults TRACE - Found bean property 'resourceLoader' of type [org.springframework.core.io.ResourceLoader]
17:17:02.898 [main] o.s.b.CachedIntrospectionResults TRACE - Found bean property 'servletContext' of type [jakarta.servlet.ServletContext]
17:17:02.900 [main] o.s.b.f.s.DefaultListableBeanFactory DEBUG - Creating shared instance of singleton bean 'org.springframework.boot.autoconfigure.web.servlet.WebMvcAutoConfiguration$WebMvcAutoConfigurationAdapter'
17:17:02.900 [main] o.s.b.f.s.DefaultListableBeanFactory TRACE - Creating instance of bean 'org.springframework.boot.autoconfigure.web.servlet.WebMvcAutoConfiguration$WebMvcAutoConfigurationAdapter'
17:17:02.900 [main] o.s.b.f.s.DefaultListableBeanFactory TRACE - Returning cached instance of singleton bean 'spring.web-org.springframework.boot.autoconfigure.web.WebProperties'
17:17:02.901 [main] o.s.b.f.s.DefaultListableBeanFactory TRACE - Returning cached instance of singleton bean 'spring.mvc-org.springframework.boot.autoconfigure.web.servlet.WebMvcProperties'
17:17:02.901 [main] o.s.b.f.s.DefaultListableBeanFactory DEBUG - Autowiring by type from bean name 'org.springframework.boot.autoconfigure.web.servlet.WebMvcAutoConfiguration$WebMvcAutoConfigurationAdapter' via constructor to bean named 'spring.web-org.springframework.boot.autoconfigure.web.WebProperties'
17:17:02.901 [main] o.s.b.f.s.DefaultListableBeanFactory DEBUG - Autowiring by type from bean name 'org.springframework.boot.autoconfigure.web.servlet.WebMvcAutoConfiguration$WebMvcAutoConfigurationAdapter' via constructor to bean named 'spring.mvc-org.springframework.boot.autoconfigure.web.servlet.WebMvcProperties'
17:17:02.901 [main] o.s.b.f.s.DefaultListableBeanFactory DEBUG - Autowiring by type from bean name 'org.springframework.boot.autoconfigure.web.servlet.WebMvcAutoConfiguration$WebMvcAutoConfigurationAdapter' via constructor to bean named 'org.springframework.beans.factory.support.DefaultListableBeanFactory@29ea78b1'
17:17:02.904 [main] o.s.b.f.s.DefaultListableBeanFactory TRACE - Returning cached instance of singleton bean 'org.springframework.transaction.config.internalTransactionAdvisor'
17:17:02.905 [main] o.s.b.f.s.DefaultListableBeanFactory TRACE - Finished creating instance of bean 'org.springframework.boot.autoconfigure.web.servlet.WebMvcAutoConfiguration$WebMvcAutoConfigurationAdapter'
17:17:02.906 [main] o.s.b.f.a.AutowiredAnnotationBeanPostProcessor TRACE - Autowiring by type from bean name 'org.springframework.boot.autoconfigure.web.servlet.WebMvcAutoConfiguration$EnableWebMvcConfiguration' to bean named 'org.springframework.boot.autoconfigure.web.servlet.WebMvcAutoConfiguration$WebMvcAutoConfigurationAdapter'
17:17:02.907 [main] o.s.b.f.s.DefaultListableBeanFactory TRACE - Returning cached instance of singleton bean 'org.springframework.transaction.config.internalTransactionAdvisor'
17:17:02.913 [main] o.s.b.f.s.DefaultListableBeanFactory TRACE - Finished creating instance of bean 'org.springframework.boot.autoconfigure.web.servlet.WebMvcAutoConfiguration$EnableWebMvcConfiguration'
17:17:02.913 [main] o.s.b.f.s.DefaultListableBeanFactory DEBUG - Creating shared instance of singleton bean 'welcomePageHandlerMapping'
17:17:02.913 [main] o.s.b.f.s.DefaultListableBeanFactory TRACE - Creating instance of bean 'welcomePageHandlerMapping'
17:17:02.913 [main] o.s.b.f.s.DefaultListableBeanFactory TRACE - Returning cached instance of singleton bean 'org.springframework.boot.autoconfigure.web.servlet.WebMvcAutoConfiguration$EnableWebMvcConfiguration'
17:17:02.914 [main] o.s.b.f.s.DefaultListableBeanFactory DEBUG - Creating shared instance of singleton bean 'mvcConversionService'
17:17:02.914 [main] o.s.b.f.s.DefaultListableBeanFactory TRACE - Creating instance of bean 'mvcConversionService'
17:17:02.914 [main] o.s.b.f.s.DefaultListableBeanFactory TRACE - Returning cached instance of singleton bean 'org.springframework.boot.autoconfigure.web.servlet.WebMvcAutoConfiguration$EnableWebMvcConfiguration'
17:17:02.919 [main] o.s.b.f.s.DefaultListableBeanFactory TRACE - Returning cached instance of singleton bean 'org.springframework.transaction.config.internalTransactionAdvisor'
17:17:02.921 [main] o.s.b.f.s.DefaultListableBeanFactory TRACE - Finished creating instance of bean 'mvcConversionService'
17:17:02.922 [main] o.s.b.f.s.DefaultListableBeanFactory DEBUG - Creating shared instance of singleton bean 'mvcResourceUrlProvider'
17:17:02.922 [main] o.s.b.f.s.DefaultListableBeanFactory TRACE - Creating instance of bean 'mvcResourceUrlProvider'
17:17:02.922 [main] o.s.b.f.s.DefaultListableBeanFactory TRACE - Returning cached instance of singleton bean 'org.springframework.boot.autoconfigure.web.servlet.WebMvcAutoConfiguration$EnableWebMvcConfiguration'
17:17:02.925 [main] o.s.b.f.s.DefaultListableBeanFactory TRACE - Returning cached instance of singleton bean 'org.springframework.transaction.config.internalTransactionAdvisor'
17:17:02.925 [main] o.s.b.f.s.DefaultListableBeanFactory TRACE - Finished creating instance of bean 'mvcResourceUrlProvider'
17:17:02.926 [main] o.s.b.f.s.DefaultListableBeanFactory DEBUG - Autowiring by type from bean name 'welcomePageHandlerMapping' via factory method to bean named 'org.springframework.web.context.support.GenericWebApplicationContext@6090f3ca'
17:17:02.926 [main] o.s.b.f.s.DefaultListableBeanFactory DEBUG - Autowiring by type from bean name 'welcomePageHandlerMapping' via factory method to bean named 'mvcConversionService'
17:17:02.926 [main] o.s.b.f.s.DefaultListableBeanFactory DEBUG - Autowiring by type from bean name 'welcomePageHandlerMapping' via factory method to bean named 'mvcResourceUrlProvider'
17:17:02.931 [main] o.s.c.i.s.SpringFactoriesLoader TRACE - Loaded [org.springframework.boot.autoconfigure.template.TemplateAvailabilityProvider] names: [org.springframework.boot.autoconfigure.freemarker.FreeMarkerTemplateAvailabilityProvider, org.springframework.boot.autoconfigure.mustache.MustacheTemplateAvailabilityProvider, org.springframework.boot.autoconfigure.groovy.template.GroovyTemplateAvailabilityProvider, org.springframework.boot.autoconfigure.thymeleaf.ThymeleafTemplateAvailabilityProvider, org.springframework.boot.autoconfigure.web.servlet.JspTemplateAvailabilityProvider]
17:17:02.956 [main] o.s.b.f.s.DefaultListableBeanFactory TRACE - Returning cached instance of singleton bean 'org.springframework.transaction.config.internalTransactionAdvisor'
17:17:02.958 [main] o.s.b.f.s.DefaultListableBeanFactory TRACE - Finished creating instance of bean 'welcomePageHandlerMapping'
17:17:02.959 [main] o.s.b.f.s.DefaultListableBeanFactory DEBUG - Creating shared instance of singleton bean 'welcomePageNotAcceptableHandlerMapping'
17:17:02.959 [main] o.s.b.f.s.DefaultListableBeanFactory TRACE - Creating instance of bean 'welcomePageNotAcceptableHandlerMapping'
17:17:02.959 [main] o.s.b.f.s.DefaultListableBeanFactory TRACE - Returning cached instance of singleton bean 'org.springframework.boot.autoconfigure.web.servlet.WebMvcAutoConfiguration$EnableWebMvcConfiguration'
17:17:02.959 [main] o.s.b.f.s.DefaultListableBeanFactory TRACE - Returning cached instance of singleton bean 'mvcConversionService'
17:17:02.959 [main] o.s.b.f.s.DefaultListableBeanFactory TRACE - Returning cached instance of singleton bean 'mvcResourceUrlProvider'
17:17:02.959 [main] o.s.b.f.s.DefaultListableBeanFactory DEBUG - Autowiring by type from bean name 'welcomePageNotAcceptableHandlerMapping' via factory method to bean named 'org.springframework.web.context.support.GenericWebApplicationContext@6090f3ca'
17:17:02.959 [main] o.s.b.f.s.DefaultListableBeanFactory DEBUG - Autowiring by type from bean name 'welcomePageNotAcceptableHandlerMapping' via factory method to bean named 'mvcConversionService'
17:17:02.959 [main] o.s.b.f.s.DefaultListableBeanFactory DEBUG - Autowiring by type from bean name 'welcomePageNotAcceptableHandlerMapping' via factory method to bean named 'mvcResourceUrlProvider'
17:17:02.960 [main] o.s.c.i.s.SpringFactoriesLoader TRACE - Loaded [org.springframework.boot.autoconfigure.template.TemplateAvailabilityProvider] names: [org.springframework.boot.autoconfigure.freemarker.FreeMarkerTemplateAvailabilityProvider, org.springframework.boot.autoconfigure.mustache.MustacheTemplateAvailabilityProvider, org.springframework.boot.autoconfigure.groovy.template.GroovyTemplateAvailabilityProvider, org.springframework.boot.autoconfigure.thymeleaf.ThymeleafTemplateAvailabilityProvider, org.springframework.boot.autoconfigure.web.servlet.JspTemplateAvailabilityProvider]
17:17:02.964 [main] o.s.b.f.s.DefaultListableBeanFactory TRACE - Returning cached instance of singleton bean 'org.springframework.transaction.config.internalTransactionAdvisor'
17:17:02.971 [main] o.s.b.f.s.DefaultListableBeanFactory TRACE - Finished creating instance of bean 'welcomePageNotAcceptableHandlerMapping'
17:17:02.971 [main] o.s.b.f.s.DefaultListableBeanFactory DEBUG - Creating shared instance of singleton bean 'localeResolver'
17:17:02.971 [main] o.s.b.f.s.DefaultListableBeanFactory TRACE - Creating instance of bean 'localeResolver'
17:17:02.971 [main] o.s.b.f.s.DefaultListableBeanFactory TRACE - Returning cached instance of singleton bean 'org.springframework.boot.autoconfigure.web.servlet.WebMvcAutoConfiguration$EnableWebMvcConfiguration'
17:17:02.974 [main] o.s.b.f.s.DefaultListableBeanFactory TRACE - Returning cached instance of singleton bean 'org.springframework.transaction.config.internalTransactionAdvisor'
17:17:02.974 [main] o.s.b.f.s.DefaultListableBeanFactory TRACE - Finished creating instance of bean 'localeResolver'
17:17:02.974 [main] o.s.b.f.s.DefaultListableBeanFactory DEBUG - Creating shared instance of singleton bean 'themeResolver'
17:17:02.974 [main] o.s.b.f.s.DefaultListableBeanFactory TRACE - Creating instance of bean 'themeResolver'
17:17:02.974 [main] o.s.b.f.s.DefaultListableBeanFactory TRACE - Returning cached instance of singleton bean 'org.springframework.boot.autoconfigure.web.servlet.WebMvcAutoConfiguration$EnableWebMvcConfiguration'
17:17:02.976 [main] o.s.b.f.s.DefaultListableBeanFactory TRACE - Returning cached instance of singleton bean 'org.springframework.transaction.config.internalTransactionAdvisor'
17:17:02.976 [main] o.s.b.f.s.DefaultListableBeanFactory TRACE - Finished creating instance of bean 'themeResolver'
17:17:02.977 [main] o.s.b.f.s.DefaultListableBeanFactory DEBUG - Creating shared instance of singleton bean 'flashMapManager'
17:17:02.977 [main] o.s.b.f.s.DefaultListableBeanFactory TRACE - Creating instance of bean 'flashMapManager'
17:17:02.977 [main] o.s.b.f.s.DefaultListableBeanFactory TRACE - Returning cached instance of singleton bean 'org.springframework.boot.autoconfigure.web.servlet.WebMvcAutoConfiguration$EnableWebMvcConfiguration'
17:17:02.982 [main] o.s.b.f.s.DefaultListableBeanFactory TRACE - Returning cached instance of singleton bean 'org.springframework.transaction.config.internalTransactionAdvisor'
17:17:02.982 [main] o.s.b.f.s.DefaultListableBeanFactory TRACE - Finished creating instance of bean 'flashMapManager'
17:17:02.982 [main] o.s.b.f.s.DefaultListableBeanFactory TRACE - Returning cached instance of singleton bean 'mvcConversionService'
17:17:02.982 [main] o.s.b.f.s.DefaultListableBeanFactory DEBUG - Creating shared instance of singleton bean 'mvcValidator'
17:17:02.982 [main] o.s.b.f.s.DefaultListableBeanFactory TRACE - Creating instance of bean 'mvcValidator'
17:17:02.982 [main] o.s.b.f.s.DefaultListableBeanFactory TRACE - Returning cached instance of singleton bean 'org.springframework.boot.autoconfigure.web.servlet.WebMvcAutoConfiguration$EnableWebMvcConfiguration'
17:17:02.984 [main] o.s.b.f.s.DefaultListableBeanFactory TRACE - Returning cached instance of singleton bean 'org.springframework.transaction.config.internalTransactionAdvisor'
17:17:02.985 [main] o.s.b.f.s.DefaultListableBeanFactory TRACE - Finished creating instance of bean 'mvcValidator'
17:17:02.985 [main] o.s.b.f.s.DefaultListableBeanFactory DEBUG - Creating shared instance of singleton bean 'mvcContentNegotiationManager'
17:17:02.985 [main] o.s.b.f.s.DefaultListableBeanFactory TRACE - Creating instance of bean 'mvcContentNegotiationManager'
17:17:02.985 [main] o.s.b.f.s.DefaultListableBeanFactory TRACE - Returning cached instance of singleton bean 'org.springframework.boot.autoconfigure.web.servlet.WebMvcAutoConfiguration$EnableWebMvcConfiguration'
17:17:02.993 [main] o.s.b.f.s.DefaultListableBeanFactory TRACE - Returning cached instance of singleton bean 'org.springframework.transaction.config.internalTransactionAdvisor'
17:17:02.993 [main] o.s.b.f.s.DefaultListableBeanFactory TRACE - Finished creating instance of bean 'mvcContentNegotiationManager'
17:17:02.994 [main] o.s.b.f.s.DefaultListableBeanFactory DEBUG - Creating shared instance of singleton bean 'requestMappingHandlerMapping'
17:17:02.994 [main] o.s.b.f.s.DefaultListableBeanFactory TRACE - Creating instance of bean 'requestMappingHandlerMapping'
17:17:02.994 [main] o.s.b.f.s.DefaultListableBeanFactory TRACE - Returning cached instance of singleton bean 'org.springframework.boot.autoconfigure.web.servlet.WebMvcAutoConfiguration$EnableWebMvcConfiguration'
17:17:02.997 [main] o.s.b.f.s.DefaultListableBeanFactory TRACE - Returning cached instance of singleton bean 'mvcContentNegotiationManager'
17:17:02.998 [main] o.s.b.f.s.DefaultListableBeanFactory TRACE - Returning cached instance of singleton bean 'mvcConversionService'
17:17:02.998 [main] o.s.b.f.s.DefaultListableBeanFactory TRACE - Returning cached instance of singleton bean 'mvcResourceUrlProvider'
17:17:02.998 [main] o.s.b.f.s.DefaultListableBeanFactory DEBUG - Autowiring by type from bean name 'requestMappingHandlerMapping' via factory method to bean named 'mvcContentNegotiationManager'
17:17:02.998 [main] o.s.b.f.s.DefaultListableBeanFactory DEBUG - Autowiring by type from bean name 'requestMappingHandlerMapping' via factory method to bean named 'mvcConversionService'
17:17:02.998 [main] o.s.b.f.s.DefaultListableBeanFactory DEBUG - Autowiring by type from bean name 'requestMappingHandlerMapping' via factory method to bean named 'mvcResourceUrlProvider'
17:17:03.029 [main] o.s.b.f.s.DefaultListableBeanFactory TRACE - Invoking afterPropertiesSet() on bean with name 'requestMappingHandlerMapping'
17:17:03.069 [main] o.s.w.s.m.m.a.RequestMappingHandlerMapping TRACE - 
	c.a.I.c.UserController:
	{POST [/api/auth/logout]}: logout(LogoutRequest)
	{POST [/api/auth/login]}: login(LoginRequest)
	{POST [/api/auth/register]}: registor(User)
17:17:03.075 [main] o.s.c.e.PropertySourcesPropertyResolver TRACE - Searching for key 'error.path:/error' in PropertySource 'environmentProperties'
17:17:03.075 [main] o.s.b.c.p.s.ConfigurationPropertySourcesPropertyResolver$DefaultResolver TRACE - Searching for key 'error.path:/error' in PropertySource 'configurationProperties'
17:17:03.075 [main] o.s.b.c.p.s.ConfigurationPropertySourcesPropertyResolver$DefaultResolver TRACE - Searching for key 'error.path:/error' in PropertySource 'test'
17:17:03.075 [main] o.s.b.c.p.s.ConfigurationPropertySourcesPropertyResolver$DefaultResolver TRACE - Searching for key 'error.path:/error' in PropertySource 'Inlined Test Properties'
17:17:03.075 [main] o.s.b.c.p.s.ConfigurationPropertySourcesPropertyResolver$DefaultResolver TRACE - Searching for key 'error.path:/error' in PropertySource 'servletConfigInitParams'
17:17:03.075 [main] o.s.b.c.p.s.ConfigurationPropertySourcesPropertyResolver$DefaultResolver TRACE - Searching for key 'error.path:/error' in PropertySource 'servletContextInitParams'
17:17:03.075 [main] o.s.b.c.p.s.ConfigurationPropertySourcesPropertyResolver$DefaultResolver TRACE - Searching for key 'error.path:/error' in PropertySource 'systemProperties'
17:17:03.075 [main] o.s.b.c.p.s.ConfigurationPropertySourcesPropertyResolver$DefaultResolver TRACE - Searching for key 'error.path:/error' in PropertySource 'systemEnvironment'
17:17:03.075 [main] o.s.b.c.p.s.ConfigurationPropertySourcesPropertyResolver$DefaultResolver TRACE - Searching for key 'error.path:/error' in PropertySource 'random'
17:17:03.075 [main] o.s.b.c.p.s.ConfigurationPropertySourcesPropertyResolver$DefaultResolver TRACE - Searching for key 'error.path:/error' in PropertySource 'Config resource 'class path resource [application.yml]' via location 'optional:classpath:/''
17:17:03.075 [main] o.s.b.c.p.s.ConfigurationPropertySourcesPropertyResolver$DefaultResolver TRACE - Could not find key 'error.path:/error' in any property source
17:17:03.075 [main] o.s.c.e.PropertySourcesPropertyResolver TRACE - Searching for key 'error.path:/error' in PropertySource 'localProperties'
17:17:03.075 [main] o.s.c.e.PropertySourcesPropertyResolver TRACE - Could not find key 'error.path:/error' in any property source
17:17:03.075 [main] o.s.c.e.PropertySourcesPropertyResolver TRACE - Searching for key 'error.path' in PropertySource 'environmentProperties'
17:17:03.075 [main] o.s.c.e.PropertySourcesPropertyResolver TRACE - Searching for key 'error.path' in PropertySource 'localProperties'
17:17:03.075 [main] o.s.c.e.PropertySourcesPropertyResolver TRACE - Could not find key 'error.path' in any property source
17:17:03.075 [main] o.s.u.PropertyPlaceholderHelper TRACE - Resolved placeholder 'error.path:/error'
17:17:03.075 [main] o.s.c.e.PropertySourcesPropertyResolver TRACE - Searching for key 'server.error.path:/error' in PropertySource 'environmentProperties'
17:17:03.075 [main] o.s.b.c.p.s.ConfigurationPropertySourcesPropertyResolver$DefaultResolver TRACE - Searching for key 'server.error.path:/error' in PropertySource 'configurationProperties'
17:17:03.075 [main] o.s.b.c.p.s.ConfigurationPropertySourcesPropertyResolver$DefaultResolver TRACE - Searching for key 'server.error.path:/error' in PropertySource 'test'
17:17:03.075 [main] o.s.b.c.p.s.ConfigurationPropertySourcesPropertyResolver$DefaultResolver TRACE - Searching for key 'server.error.path:/error' in PropertySource 'Inlined Test Properties'
17:17:03.075 [main] o.s.b.c.p.s.ConfigurationPropertySourcesPropertyResolver$DefaultResolver TRACE - Searching for key 'server.error.path:/error' in PropertySource 'servletConfigInitParams'
17:17:03.075 [main] o.s.b.c.p.s.ConfigurationPropertySourcesPropertyResolver$DefaultResolver TRACE - Searching for key 'server.error.path:/error' in PropertySource 'servletContextInitParams'
17:17:03.075 [main] o.s.b.c.p.s.ConfigurationPropertySourcesPropertyResolver$DefaultResolver TRACE - Searching for key 'server.error.path:/error' in PropertySource 'systemProperties'
17:17:03.075 [main] o.s.b.c.p.s.ConfigurationPropertySourcesPropertyResolver$DefaultResolver TRACE - Searching for key 'server.error.path:/error' in PropertySource 'systemEnvironment'
17:17:03.075 [main] o.s.b.c.p.s.ConfigurationPropertySourcesPropertyResolver$DefaultResolver TRACE - Searching for key 'server.error.path:/error' in PropertySource 'random'
17:17:03.075 [main] o.s.b.c.p.s.ConfigurationPropertySourcesPropertyResolver$DefaultResolver TRACE - Searching for key 'server.error.path:/error' in PropertySource 'Config resource 'class path resource [application.yml]' via location 'optional:classpath:/''
17:17:03.075 [main] o.s.b.c.p.s.ConfigurationPropertySourcesPropertyResolver$DefaultResolver TRACE - Could not find key 'server.error.path:/error' in any property source
17:17:03.075 [main] o.s.c.e.PropertySourcesPropertyResolver TRACE - Searching for key 'server.error.path:/error' in PropertySource 'localProperties'
17:17:03.075 [main] o.s.c.e.PropertySourcesPropertyResolver TRACE - Could not find key 'server.error.path:/error' in any property source
17:17:03.075 [main] o.s.c.e.PropertySourcesPropertyResolver TRACE - Searching for key 'server.error.path' in PropertySource 'environmentProperties'
17:17:03.075 [main] o.s.c.e.PropertySourcesPropertyResolver TRACE - Searching for key 'server.error.path' in PropertySource 'localProperties'
17:17:03.075 [main] o.s.c.e.PropertySourcesPropertyResolver TRACE - Could not find key 'server.error.path' in any property source
17:17:03.075 [main] o.s.u.PropertyPlaceholderHelper TRACE - Resolved placeholder 'server.error.path:/error'
17:17:03.077 [main] o.s.c.e.PropertySourcesPropertyResolver TRACE - Searching for key 'error.path:/error' in PropertySource 'environmentProperties'
17:17:03.077 [main] o.s.b.c.p.s.ConfigurationPropertySourcesPropertyResolver$DefaultResolver TRACE - Searching for key 'error.path:/error' in PropertySource 'configurationProperties'
17:17:03.077 [main] o.s.b.c.p.s.ConfigurationPropertySourcesPropertyResolver$DefaultResolver TRACE - Searching for key 'error.path:/error' in PropertySource 'test'
17:17:03.077 [main] o.s.b.c.p.s.ConfigurationPropertySourcesPropertyResolver$DefaultResolver TRACE - Searching for key 'error.path:/error' in PropertySource 'Inlined Test Properties'
17:17:03.077 [main] o.s.b.c.p.s.ConfigurationPropertySourcesPropertyResolver$DefaultResolver TRACE - Searching for key 'error.path:/error' in PropertySource 'servletConfigInitParams'
17:17:03.077 [main] o.s.b.c.p.s.ConfigurationPropertySourcesPropertyResolver$DefaultResolver TRACE - Searching for key 'error.path:/error' in PropertySource 'servletContextInitParams'
17:17:03.077 [main] o.s.b.c.p.s.ConfigurationPropertySourcesPropertyResolver$DefaultResolver TRACE - Searching for key 'error.path:/error' in PropertySource 'systemProperties'
17:17:03.077 [main] o.s.b.c.p.s.ConfigurationPropertySourcesPropertyResolver$DefaultResolver TRACE - Searching for key 'error.path:/error' in PropertySource 'systemEnvironment'
17:17:03.077 [main] o.s.b.c.p.s.ConfigurationPropertySourcesPropertyResolver$DefaultResolver TRACE - Searching for key 'error.path:/error' in PropertySource 'random'
17:17:03.077 [main] o.s.b.c.p.s.ConfigurationPropertySourcesPropertyResolver$DefaultResolver TRACE - Searching for key 'error.path:/error' in PropertySource 'Config resource 'class path resource [application.yml]' via location 'optional:classpath:/''
17:17:03.077 [main] o.s.b.c.p.s.ConfigurationPropertySourcesPropertyResolver$DefaultResolver TRACE - Could not find key 'error.path:/error' in any property source
17:17:03.077 [main] o.s.c.e.PropertySourcesPropertyResolver TRACE - Searching for key 'error.path:/error' in PropertySource 'localProperties'
17:17:03.077 [main] o.s.c.e.PropertySourcesPropertyResolver TRACE - Could not find key 'error.path:/error' in any property source
17:17:03.077 [main] o.s.c.e.PropertySourcesPropertyResolver TRACE - Searching for key 'error.path' in PropertySource 'environmentProperties'
17:17:03.077 [main] o.s.c.e.PropertySourcesPropertyResolver TRACE - Searching for key 'error.path' in PropertySource 'localProperties'
17:17:03.077 [main] o.s.c.e.PropertySourcesPropertyResolver TRACE - Could not find key 'error.path' in any property source
17:17:03.077 [main] o.s.u.PropertyPlaceholderHelper TRACE - Resolved placeholder 'error.path:/error'
17:17:03.077 [main] o.s.c.e.PropertySourcesPropertyResolver TRACE - Searching for key 'server.error.path:/error' in PropertySource 'environmentProperties'
17:17:03.077 [main] o.s.b.c.p.s.ConfigurationPropertySourcesPropertyResolver$DefaultResolver TRACE - Searching for key 'server.error.path:/error' in PropertySource 'configurationProperties'
17:17:03.077 [main] o.s.b.c.p.s.ConfigurationPropertySourcesPropertyResolver$DefaultResolver TRACE - Searching for key 'server.error.path:/error' in PropertySource 'test'
17:17:03.077 [main] o.s.b.c.p.s.ConfigurationPropertySourcesPropertyResolver$DefaultResolver TRACE - Searching for key 'server.error.path:/error' in PropertySource 'Inlined Test Properties'
17:17:03.077 [main] o.s.b.c.p.s.ConfigurationPropertySourcesPropertyResolver$DefaultResolver TRACE - Searching for key 'server.error.path:/error' in PropertySource 'servletConfigInitParams'
17:17:03.077 [main] o.s.b.c.p.s.ConfigurationPropertySourcesPropertyResolver$DefaultResolver TRACE - Searching for key 'server.error.path:/error' in PropertySource 'servletContextInitParams'
17:17:03.077 [main] o.s.b.c.p.s.ConfigurationPropertySourcesPropertyResolver$DefaultResolver TRACE - Searching for key 'server.error.path:/error' in PropertySource 'systemProperties'
17:17:03.077 [main] o.s.b.c.p.s.ConfigurationPropertySourcesPropertyResolver$DefaultResolver TRACE - Searching for key 'server.error.path:/error' in PropertySource 'systemEnvironment'
17:17:03.077 [main] o.s.b.c.p.s.ConfigurationPropertySourcesPropertyResolver$DefaultResolver TRACE - Searching for key 'server.error.path:/error' in PropertySource 'random'
17:17:03.077 [main] o.s.b.c.p.s.ConfigurationPropertySourcesPropertyResolver$DefaultResolver TRACE - Searching for key 'server.error.path:/error' in PropertySource 'Config resource 'class path resource [application.yml]' via location 'optional:classpath:/''
17:17:03.077 [main] o.s.b.c.p.s.ConfigurationPropertySourcesPropertyResolver$DefaultResolver TRACE - Could not find key 'server.error.path:/error' in any property source
17:17:03.077 [main] o.s.c.e.PropertySourcesPropertyResolver TRACE - Searching for key 'server.error.path:/error' in PropertySource 'localProperties'
17:17:03.077 [main] o.s.c.e.PropertySourcesPropertyResolver TRACE - Could not find key 'server.error.path:/error' in any property source
17:17:03.077 [main] o.s.c.e.PropertySourcesPropertyResolver TRACE - Searching for key 'server.error.path' in PropertySource 'environmentProperties'
17:17:03.078 [main] o.s.c.e.PropertySourcesPropertyResolver TRACE - Searching for key 'server.error.path' in PropertySource 'localProperties'
17:17:03.078 [main] o.s.c.e.PropertySourcesPropertyResolver TRACE - Could not find key 'server.error.path' in any property source
17:17:03.078 [main] o.s.u.PropertyPlaceholderHelper TRACE - Resolved placeholder 'server.error.path:/error'
17:17:03.079 [main] o.s.w.s.m.m.a.RequestMappingHandlerMapping TRACE - 
	o.s.b.a.w.s.e.BasicErrorController:
	{ [/error]}: error(HttpServletRequest)
	{ [/error], produces [text/html]}: errorHtml(HttpServletRequest,HttpServletResponse)
17:17:03.084 [main] o.s.w.s.m.m.a.RequestMappingHandlerMapping DEBUG - 5 mappings in 'requestMappingHandlerMapping'
17:17:03.084 [main] o.s.b.f.s.DefaultListableBeanFactory TRACE - Returning cached instance of singleton bean 'org.springframework.transaction.config.internalTransactionAdvisor'
17:17:03.090 [main] o.s.b.f.s.DefaultListableBeanFactory TRACE - Finished creating instance of bean 'requestMappingHandlerMapping'
17:17:03.090 [main] o.s.b.f.s.DefaultListableBeanFactory DEBUG - Creating shared instance of singleton bean 'mvcPatternParser'
17:17:03.090 [main] o.s.b.f.s.DefaultListableBeanFactory TRACE - Creating instance of bean 'mvcPatternParser'
17:17:03.090 [main] o.s.b.f.s.DefaultListableBeanFactory TRACE - Returning cached instance of singleton bean 'org.springframework.boot.autoconfigure.web.servlet.WebMvcAutoConfiguration$EnableWebMvcConfiguration'
17:17:03.094 [main] o.s.b.f.s.DefaultListableBeanFactory TRACE - Returning cached instance of singleton bean 'org.springframework.transaction.config.internalTransactionAdvisor'
17:17:03.094 [main] o.s.b.f.s.DefaultListableBeanFactory TRACE - Finished creating instance of bean 'mvcPatternParser'
17:17:03.094 [main] o.s.b.f.s.DefaultListableBeanFactory DEBUG - Creating shared instance of singleton bean 'mvcUrlPathHelper'
17:17:03.094 [main] o.s.b.f.s.DefaultListableBeanFactory TRACE - Creating instance of bean 'mvcUrlPathHelper'
17:17:03.094 [main] o.s.b.f.s.DefaultListableBeanFactory TRACE - Returning cached instance of singleton bean 'org.springframework.boot.autoconfigure.web.servlet.WebMvcAutoConfiguration$EnableWebMvcConfiguration'
17:17:03.095 [main] o.s.b.f.s.DefaultListableBeanFactory TRACE - Returning cached instance of singleton bean 'org.springframework.transaction.config.internalTransactionAdvisor'
17:17:03.095 [main] o.s.b.f.s.DefaultListableBeanFactory TRACE - Finished creating instance of bean 'mvcUrlPathHelper'
17:17:03.095 [main] o.s.b.f.s.DefaultListableBeanFactory DEBUG - Creating shared instance of singleton bean 'mvcPathMatcher'
17:17:03.095 [main] o.s.b.f.s.DefaultListableBeanFactory TRACE - Creating instance of bean 'mvcPathMatcher'
17:17:03.096 [main] o.s.b.f.s.DefaultListableBeanFactory TRACE - Returning cached instance of singleton bean 'org.springframework.boot.autoconfigure.web.servlet.WebMvcAutoConfiguration$EnableWebMvcConfiguration'
17:17:03.096 [main] o.s.b.f.s.DefaultListableBeanFactory TRACE - Returning cached instance of singleton bean 'org.springframework.transaction.config.internalTransactionAdvisor'
17:17:03.097 [main] o.s.b.f.s.DefaultListableBeanFactory TRACE - Finished creating instance of bean 'mvcPathMatcher'
17:17:03.097 [main] o.s.b.f.s.DefaultListableBeanFactory DEBUG - Creating shared instance of singleton bean 'viewControllerHandlerMapping'
17:17:03.097 [main] o.s.b.f.s.DefaultListableBeanFactory TRACE - Creating instance of bean 'viewControllerHandlerMapping'
17:17:03.097 [main] o.s.b.f.s.DefaultListableBeanFactory TRACE - Returning cached instance of singleton bean 'org.springframework.boot.autoconfigure.web.servlet.WebMvcAutoConfiguration$EnableWebMvcConfiguration'
17:17:03.098 [main] o.s.b.f.s.DefaultListableBeanFactory TRACE - Returning cached instance of singleton bean 'mvcConversionService'
17:17:03.098 [main] o.s.b.f.s.DefaultListableBeanFactory TRACE - Returning cached instance of singleton bean 'mvcResourceUrlProvider'
17:17:03.098 [main] o.s.b.f.s.DefaultListableBeanFactory DEBUG - Autowiring by type from bean name 'viewControllerHandlerMapping' via factory method to bean named 'mvcConversionService'
17:17:03.098 [main] o.s.b.f.s.DefaultListableBeanFactory DEBUG - Autowiring by type from bean name 'viewControllerHandlerMapping' via factory method to bean named 'mvcResourceUrlProvider'
17:17:03.099 [main] o.s.b.f.s.DefaultListableBeanFactory TRACE - Returning cached instance of singleton bean 'org.springframework.transaction.config.internalTransactionAdvisor'
17:17:03.099 [main] o.s.b.f.s.DefaultListableBeanFactory TRACE - Finished creating instance of bean 'viewControllerHandlerMapping'
17:17:03.099 [main] o.s.b.f.s.DefaultListableBeanFactory DEBUG - Creating shared instance of singleton bean 'beanNameHandlerMapping'
17:17:03.099 [main] o.s.b.f.s.DefaultListableBeanFactory TRACE - Creating instance of bean 'beanNameHandlerMapping'
17:17:03.099 [main] o.s.b.f.s.DefaultListableBeanFactory TRACE - Returning cached instance of singleton bean 'org.springframework.boot.autoconfigure.web.servlet.WebMvcAutoConfiguration$EnableWebMvcConfiguration'
17:17:03.099 [main] o.s.b.f.s.DefaultListableBeanFactory TRACE - Returning cached instance of singleton bean 'mvcConversionService'
17:17:03.099 [main] o.s.b.f.s.DefaultListableBeanFactory TRACE - Returning cached instance of singleton bean 'mvcResourceUrlProvider'
17:17:03.099 [main] o.s.b.f.s.DefaultListableBeanFactory DEBUG - Autowiring by type from bean name 'beanNameHandlerMapping' via factory method to bean named 'mvcConversionService'
17:17:03.099 [main] o.s.b.f.s.DefaultListableBeanFactory DEBUG - Autowiring by type from bean name 'beanNameHandlerMapping' via factory method to bean named 'mvcResourceUrlProvider'
17:17:03.101 [main] _.s.w.s.H.Mappings DEBUG - 'beanNameHandlerMapping' {}
17:17:03.101 [main] o.s.b.f.s.DefaultListableBeanFactory TRACE - Returning cached instance of singleton bean 'org.springframework.transaction.config.internalTransactionAdvisor'
17:17:03.103 [main] o.s.b.f.s.DefaultListableBeanFactory TRACE - Finished creating instance of bean 'beanNameHandlerMapping'
17:17:03.103 [main] o.s.b.f.s.DefaultListableBeanFactory DEBUG - Creating shared instance of singleton bean 'routerFunctionMapping'
17:17:03.103 [main] o.s.b.f.s.DefaultListableBeanFactory TRACE - Creating instance of bean 'routerFunctionMapping'
17:17:03.103 [main] o.s.b.f.s.DefaultListableBeanFactory TRACE - Returning cached instance of singleton bean 'org.springframework.boot.autoconfigure.web.servlet.WebMvcAutoConfiguration$EnableWebMvcConfiguration'
17:17:03.103 [main] o.s.b.f.s.DefaultListableBeanFactory TRACE - Returning cached instance of singleton bean 'mvcConversionService'
17:17:03.103 [main] o.s.b.f.s.DefaultListableBeanFactory TRACE - Returning cached instance of singleton bean 'mvcResourceUrlProvider'
17:17:03.103 [main] o.s.b.f.s.DefaultListableBeanFactory DEBUG - Autowiring by type from bean name 'routerFunctionMapping' via factory method to bean named 'mvcConversionService'
17:17:03.103 [main] o.s.b.f.s.DefaultListableBeanFactory DEBUG - Autowiring by type from bean name 'routerFunctionMapping' via factory method to bean named 'mvcResourceUrlProvider'
17:17:03.105 [main] o.s.b.f.s.DefaultListableBeanFactory DEBUG - Creating shared instance of singleton bean 'messageConverters'
17:17:03.105 [main] o.s.b.f.s.DefaultListableBeanFactory TRACE - Creating instance of bean 'messageConverters'
17:17:03.105 [main] o.s.b.f.s.DefaultListableBeanFactory DEBUG - Creating shared instance of singleton bean 'org.springframework.boot.autoconfigure.http.HttpMessageConvertersAutoConfiguration'
17:17:03.105 [main] o.s.b.f.s.DefaultListableBeanFactory TRACE - Creating instance of bean 'org.springframework.boot.autoconfigure.http.HttpMessageConvertersAutoConfiguration'
17:17:03.105 [main] o.s.b.f.s.DefaultListableBeanFactory TRACE - Returning cached instance of singleton bean 'org.springframework.transaction.config.internalTransactionAdvisor'
17:17:03.106 [main] o.s.b.f.s.DefaultListableBeanFactory TRACE - Finished creating instance of bean 'org.springframework.boot.autoconfigure.http.HttpMessageConvertersAutoConfiguration'
17:17:03.110 [main] o.s.b.f.s.DefaultListableBeanFactory DEBUG - Creating shared instance of singleton bean 'stringHttpMessageConverter'
17:17:03.110 [main] o.s.b.f.s.DefaultListableBeanFactory TRACE - Creating instance of bean 'stringHttpMessageConverter'
17:17:03.110 [main] o.s.b.f.s.DefaultListableBeanFactory DEBUG - Creating shared instance of singleton bean 'org.springframework.boot.autoconfigure.http.HttpMessageConvertersAutoConfiguration$StringHttpMessageConverterConfiguration'
17:17:03.110 [main] o.s.b.f.s.DefaultListableBeanFactory TRACE - Creating instance of bean 'org.springframework.boot.autoconfigure.http.HttpMessageConvertersAutoConfiguration$StringHttpMessageConverterConfiguration'
17:17:03.110 [main] o.s.b.f.s.DefaultListableBeanFactory TRACE - Returning cached instance of singleton bean 'org.springframework.transaction.config.internalTransactionAdvisor'
17:17:03.110 [main] o.s.b.f.s.DefaultListableBeanFactory TRACE - Finished creating instance of bean 'org.springframework.boot.autoconfigure.http.HttpMessageConvertersAutoConfiguration$StringHttpMessageConverterConfiguration'
17:17:03.111 [main] o.s.b.f.s.DefaultListableBeanFactory TRACE - Returning cached instance of singleton bean 'environment'
17:17:03.111 [main] o.s.b.f.s.DefaultListableBeanFactory DEBUG - Autowiring by type from bean name 'stringHttpMessageConverter' via factory method to bean named 'environment'
17:17:03.116 [main] o.s.b.f.s.DefaultListableBeanFactory TRACE - Returning cached instance of singleton bean 'org.springframework.transaction.config.internalTransactionAdvisor'
17:17:03.117 [main] o.s.b.f.s.DefaultListableBeanFactory TRACE - Finished creating instance of bean 'stringHttpMessageConverter'
17:17:03.117 [main] o.s.b.f.s.DefaultListableBeanFactory DEBUG - Creating shared instance of singleton bean 'mappingJackson2HttpMessageConverter'
17:17:03.117 [main] o.s.b.f.s.DefaultListableBeanFactory TRACE - Creating instance of bean 'mappingJackson2HttpMessageConverter'
17:17:03.117 [main] o.s.b.f.s.DefaultListableBeanFactory DEBUG - Creating shared instance of singleton bean 'org.springframework.boot.autoconfigure.http.JacksonHttpMessageConvertersConfiguration$MappingJackson2HttpMessageConverterConfiguration'
17:17:03.117 [main] o.s.b.f.s.DefaultListableBeanFactory TRACE - Creating instance of bean 'org.springframework.boot.autoconfigure.http.JacksonHttpMessageConvertersConfiguration$MappingJackson2HttpMessageConverterConfiguration'
17:17:03.118 [main] o.s.b.f.s.DefaultListableBeanFactory TRACE - Returning cached instance of singleton bean 'org.springframework.transaction.config.internalTransactionAdvisor'
17:17:03.118 [main] o.s.b.f.s.DefaultListableBeanFactory TRACE - Finished creating instance of bean 'org.springframework.boot.autoconfigure.http.JacksonHttpMessageConvertersConfiguration$MappingJackson2HttpMessageConverterConfiguration'
17:17:03.119 [main] o.s.b.f.s.DefaultListableBeanFactory DEBUG - Creating shared instance of singleton bean 'jacksonObjectMapper'
17:17:03.119 [main] o.s.b.f.s.DefaultListableBeanFactory TRACE - Creating instance of bean 'jacksonObjectMapper'
17:17:03.119 [main] o.s.b.f.s.DefaultListableBeanFactory DEBUG - Creating shared instance of singleton bean 'org.springframework.boot.autoconfigure.jackson.JacksonAutoConfiguration$JacksonObjectMapperConfiguration'
17:17:03.119 [main] o.s.b.f.s.DefaultListableBeanFactory TRACE - Creating instance of bean 'org.springframework.boot.autoconfigure.jackson.JacksonAutoConfiguration$JacksonObjectMapperConfiguration'
17:17:03.119 [main] o.s.b.f.s.DefaultListableBeanFactory TRACE - Returning cached instance of singleton bean 'org.springframework.transaction.config.internalTransactionAdvisor'
17:17:03.119 [main] o.s.b.f.s.DefaultListableBeanFactory TRACE - Finished creating instance of bean 'org.springframework.boot.autoconfigure.jackson.JacksonAutoConfiguration$JacksonObjectMapperConfiguration'
17:17:03.120 [main] o.s.b.f.s.DefaultListableBeanFactory TRACE - Creating instance of bean 'jacksonObjectMapperBuilder'
17:17:03.120 [main] o.s.b.f.s.DefaultListableBeanFactory DEBUG - Creating shared instance of singleton bean 'org.springframework.boot.autoconfigure.jackson.JacksonAutoConfiguration$JacksonObjectMapperBuilderConfiguration'
17:17:03.120 [main] o.s.b.f.s.DefaultListableBeanFactory TRACE - Creating instance of bean 'org.springframework.boot.autoconfigure.jackson.JacksonAutoConfiguration$JacksonObjectMapperBuilderConfiguration'
17:17:03.120 [main] o.s.b.f.s.DefaultListableBeanFactory TRACE - Returning cached instance of singleton bean 'org.springframework.transaction.config.internalTransactionAdvisor'
17:17:03.121 [main] o.s.b.f.s.DefaultListableBeanFactory TRACE - Finished creating instance of bean 'org.springframework.boot.autoconfigure.jackson.JacksonAutoConfiguration$JacksonObjectMapperBuilderConfiguration'
17:17:03.122 [main] o.s.b.f.s.DefaultListableBeanFactory DEBUG - Creating shared instance of singleton bean 'standardJacksonObjectMapperBuilderCustomizer'
17:17:03.122 [main] o.s.b.f.s.DefaultListableBeanFactory TRACE - Creating instance of bean 'standardJacksonObjectMapperBuilderCustomizer'
17:17:03.122 [main] o.s.b.f.s.DefaultListableBeanFactory DEBUG - Creating shared instance of singleton bean 'org.springframework.boot.autoconfigure.jackson.JacksonAutoConfiguration$Jackson2ObjectMapperBuilderCustomizerConfiguration'
17:17:03.122 [main] o.s.b.f.s.DefaultListableBeanFactory TRACE - Creating instance of bean 'org.springframework.boot.autoconfigure.jackson.JacksonAutoConfiguration$Jackson2ObjectMapperBuilderCustomizerConfiguration'
17:17:03.122 [main] o.s.b.f.s.DefaultListableBeanFactory TRACE - Returning cached instance of singleton bean 'org.springframework.transaction.config.internalTransactionAdvisor'
17:17:03.122 [main] o.s.b.f.s.DefaultListableBeanFactory TRACE - Finished creating instance of bean 'org.springframework.boot.autoconfigure.jackson.JacksonAutoConfiguration$Jackson2ObjectMapperBuilderCustomizerConfiguration'
17:17:03.124 [main] o.s.b.f.s.DefaultListableBeanFactory DEBUG - Creating shared instance of singleton bean 'spring.jackson-org.springframework.boot.autoconfigure.jackson.JacksonProperties'
17:17:03.124 [main] o.s.b.f.s.DefaultListableBeanFactory TRACE - Creating instance of bean 'spring.jackson-org.springframework.boot.autoconfigure.jackson.JacksonProperties'
17:17:03.125 [main] o.s.b.f.s.DefaultListableBeanFactory TRACE - Returning cached instance of singleton bean 'org.springframework.boot.context.properties.BoundConfigurationProperties'
17:17:03.130 [main] o.s.b.f.s.DefaultListableBeanFactory TRACE - Returning cached instance of singleton bean 'org.springframework.transaction.config.internalTransactionAdvisor'
17:17:03.130 [main] o.s.b.f.s.DefaultListableBeanFactory TRACE - Finished creating instance of bean 'spring.jackson-org.springframework.boot.autoconfigure.jackson.JacksonProperties'
17:17:03.130 [main] o.s.b.f.s.DefaultListableBeanFactory DEBUG - Autowiring by type from bean name 'standardJacksonObjectMapperBuilderCustomizer' via factory method to bean named 'spring.jackson-org.springframework.boot.autoconfigure.jackson.JacksonProperties'
17:17:03.132 [main] o.s.b.f.s.DefaultListableBeanFactory DEBUG - Creating shared instance of singleton bean 'parameterNamesModule'
17:17:03.133 [main] o.s.b.f.s.DefaultListableBeanFactory TRACE - Creating instance of bean 'parameterNamesModule'
17:17:03.133 [main] o.s.b.f.s.DefaultListableBeanFactory DEBUG - Creating shared instance of singleton bean 'org.springframework.boot.autoconfigure.jackson.JacksonAutoConfiguration$ParameterNamesModuleConfiguration'
17:17:03.133 [main] o.s.b.f.s.DefaultListableBeanFactory TRACE - Creating instance of bean 'org.springframework.boot.autoconfigure.jackson.JacksonAutoConfiguration$ParameterNamesModuleConfiguration'
17:17:03.133 [main] o.s.b.f.s.DefaultListableBeanFactory TRACE - Returning cached instance of singleton bean 'org.springframework.transaction.config.internalTransactionAdvisor'
17:17:03.134 [main] o.s.b.f.s.DefaultListableBeanFactory TRACE - Finished creating instance of bean 'org.springframework.boot.autoconfigure.jackson.JacksonAutoConfiguration$ParameterNamesModuleConfiguration'
17:17:03.138 [main] o.s.b.f.s.DefaultListableBeanFactory TRACE - Returning cached instance of singleton bean 'org.springframework.transaction.config.internalTransactionAdvisor'
17:17:03.142 [main] o.s.b.f.s.DefaultListableBeanFactory TRACE - Finished creating instance of bean 'parameterNamesModule'
17:17:03.142 [main] o.s.b.f.s.DefaultListableBeanFactory DEBUG - Creating shared instance of singleton bean 'jsonMixinModule'
17:17:03.142 [main] o.s.b.f.s.DefaultListableBeanFactory TRACE - Creating instance of bean 'jsonMixinModule'
17:17:03.142 [main] o.s.b.f.s.DefaultListableBeanFactory DEBUG - Creating shared instance of singleton bean 'org.springframework.boot.autoconfigure.jackson.JacksonAutoConfiguration$JacksonMixinConfiguration'
17:17:03.142 [main] o.s.b.f.s.DefaultListableBeanFactory TRACE - Creating instance of bean 'org.springframework.boot.autoconfigure.jackson.JacksonAutoConfiguration$JacksonMixinConfiguration'
17:17:03.143 [main] o.s.b.f.s.DefaultListableBeanFactory TRACE - Returning cached instance of singleton bean 'org.springframework.transaction.config.internalTransactionAdvisor'
17:17:03.143 [main] o.s.b.f.s.DefaultListableBeanFactory TRACE - Finished creating instance of bean 'org.springframework.boot.autoconfigure.jackson.JacksonAutoConfiguration$JacksonMixinConfiguration'
17:17:03.144 [main] o.s.b.f.s.DefaultListableBeanFactory DEBUG - Creating shared instance of singleton bean 'jsonMixinModuleEntries'
17:17:03.144 [main] o.s.b.f.s.DefaultListableBeanFactory TRACE - Creating instance of bean 'jsonMixinModuleEntries'
17:17:03.144 [main] o.s.b.f.s.DefaultListableBeanFactory DEBUG - Autowiring by type from bean name 'jsonMixinModuleEntries' via factory method to bean named 'org.springframework.web.context.support.GenericWebApplicationContext@6090f3ca'
17:17:03.144 [main] o.s.b.f.s.DefaultListableBeanFactory TRACE - Returning cached instance of singleton bean 'org.springframework.boot.autoconfigure.AutoConfigurationPackages'
17:17:03.145 [main] o.s.b.a.AutoConfigurationPackages DEBUG - @EnableAutoConfiguration was declared on a class in the package 'com.assignment.InternshipProject'. Automatic @Repository and @Entity scanning is enabled.
17:17:03.145 [main] o.s.b.f.s.DefaultListableBeanFactory TRACE - Returning cached instance of singleton bean 'org.springframework.boot.autoconfigure.AutoConfigurationPackages'
17:17:03.147 [main] o.s.c.i.s.PathMatchingResourcePatternResolver TRACE - Resolved module-path location pattern [com/assignment/InternshipProject/**/*.class] to resources []
17:17:03.147 [main] o.s.c.i.s.PathMatchingResourcePatternResolver TRACE - Resolved module-path location pattern [com/assignment/InternshipProject/] to resources []
17:17:03.148 [main] o.s.c.i.s.PathMatchingResourcePatternResolver TRACE - Resolved class path location [com/assignment/InternshipProject/] to resources [file [C:\Users\ADMIN\Desktop\Assignment1Sing\InternshipProject\target\test-classes\com\assignment\InternshipProject], file [C:\Users\ADMIN\Desktop\Assignment1Sing\InternshipProject\target\classes\com\assignment\InternshipProject]]
17:17:03.148 [main] o.s.c.i.s.PathMatchingResourcePatternResolver TRACE - Searching directory [C:\Users\ADMIN\Desktop\Assignment1Sing\InternshipProject\target\test-classes\com\assignment\InternshipProject] for files matching pattern [**/*.class]
17:17:03.150 [main] o.s.c.i.s.PathMatchingResourcePatternResolver TRACE - Searching directory [C:\Users\ADMIN\Desktop\Assignment1Sing\InternshipProject\target\classes\com\assignment\InternshipProject] for files matching pattern [**/*.class]
17:17:03.152 [main] o.s.c.i.s.PathMatchingResourcePatternResolver TRACE - Resolved location pattern [classpath*:com/assignment/InternshipProject/**/*.class] to resources [file [C:\Users\ADMIN\Desktop\Assignment1Sing\InternshipProject\target\test-classes\com\assignment\InternshipProject\InternshipProjectApplicationTests.class], file [C:\Users\ADMIN\Desktop\Assignment1Sing\InternshipProject\target\classes\com\assignment\InternshipProject\configuration\FilterConfig.class], file [C:\Users\ADMIN\Desktop\Assignment1Sing\InternshipProject\target\classes\com\assignment\InternshipProject\controller\UserController.class], file [C:\Users\ADMIN\Desktop\Assignment1Sing\InternshipProject\target\classes\com\assignment\InternshipProject\filter\LoggingFilter.class], file [C:\Users\ADMIN\Desktop\Assignment1Sing\InternshipProject\target\classes\com\assignment\InternshipProject\InternshipProjectApplication.class], file [C:\Users\ADMIN\Desktop\Assignment1Sing\InternshipProject\target\classes\com\assignment\InternshipProject\model\HttpResponse.class], file [C:\Users\ADMIN\Desktop\Assignment1Sing\InternshipProject\target\classes\com\assignment\InternshipProject\model\LoginRequest.class], file [C:\Users\ADMIN\Desktop\Assignment1Sing\InternshipProject\target\classes\com\assignment\InternshipProject\model\LoginSession.class], file [C:\Users\ADMIN\Desktop\Assignment1Sing\InternshipProject\target\classes\com\assignment\InternshipProject\model\LogoutRequest.class], file [C:\Users\ADMIN\Desktop\Assignment1Sing\InternshipProject\target\classes\com\assignment\InternshipProject\model\ResponseCode.class], file [C:\Users\ADMIN\Desktop\Assignment1Sing\InternshipProject\target\classes\com\assignment\InternshipProject\model\User.class], file [C:\Users\ADMIN\Desktop\Assignment1Sing\InternshipProject\target\classes\com\assignment\InternshipProject\model\UserDto.class], file [C:\Users\ADMIN\Desktop\Assignment1Sing\InternshipProject\target\classes\com\assignment\InternshipProject\model\ValidationException.class], file [C:\Users\ADMIN\Desktop\Assignment1Sing\InternshipProject\target\classes\com\assignment\InternshipProject\repository\LoginSessionRepository.class], file [C:\Users\ADMIN\Desktop\Assignment1Sing\InternshipProject\target\classes\com\assignment\InternshipProject\repository\UserRepository.class], file [C:\Users\ADMIN\Desktop\Assignment1Sing\InternshipProject\target\classes\com\assignment\InternshipProject\service\UserService.class]]
17:17:03.153 [main] o.s.b.j.JsonMixinModuleEntries$JsonMixinComponentScanner TRACE - Scanning file [C:\Users\ADMIN\Desktop\Assignment1Sing\InternshipProject\target\test-classes\com\assignment\InternshipProject\InternshipProjectApplicationTests.class]
17:17:03.153 [main] o.s.b.j.JsonMixinModuleEntries$JsonMixinComponentScanner TRACE - Ignored because not matching any filter: file [C:\Users\ADMIN\Desktop\Assignment1Sing\InternshipProject\target\test-classes\com\assignment\InternshipProject\InternshipProjectApplicationTests.class]
17:17:03.153 [main] o.s.b.j.JsonMixinModuleEntries$JsonMixinComponentScanner TRACE - Scanning file [C:\Users\ADMIN\Desktop\Assignment1Sing\InternshipProject\target\classes\com\assignment\InternshipProject\configuration\FilterConfig.class]
17:17:03.153 [main] o.s.b.j.JsonMixinModuleEntries$JsonMixinComponentScanner TRACE - Ignored because not matching any filter: file [C:\Users\ADMIN\Desktop\Assignment1Sing\InternshipProject\target\classes\com\assignment\InternshipProject\configuration\FilterConfig.class]
17:17:03.153 [main] o.s.b.j.JsonMixinModuleEntries$JsonMixinComponentScanner TRACE - Scanning file [C:\Users\ADMIN\Desktop\Assignment1Sing\InternshipProject\target\classes\com\assignment\InternshipProject\controller\UserController.class]
17:17:03.153 [main] o.s.b.j.JsonMixinModuleEntries$JsonMixinComponentScanner TRACE - Ignored because not matching any filter: file [C:\Users\ADMIN\Desktop\Assignment1Sing\InternshipProject\target\classes\com\assignment\InternshipProject\controller\UserController.class]
17:17:03.153 [main] o.s.b.j.JsonMixinModuleEntries$JsonMixinComponentScanner TRACE - Scanning file [C:\Users\ADMIN\Desktop\Assignment1Sing\InternshipProject\target\classes\com\assignment\InternshipProject\filter\LoggingFilter.class]
17:17:03.153 [main] o.s.b.j.JsonMixinModuleEntries$JsonMixinComponentScanner TRACE - Ignored because not matching any filter: file [C:\Users\ADMIN\Desktop\Assignment1Sing\InternshipProject\target\classes\com\assignment\InternshipProject\filter\LoggingFilter.class]
17:17:03.153 [main] o.s.b.j.JsonMixinModuleEntries$JsonMixinComponentScanner TRACE - Scanning file [C:\Users\ADMIN\Desktop\Assignment1Sing\InternshipProject\target\classes\com\assignment\InternshipProject\InternshipProjectApplication.class]
17:17:03.153 [main] o.s.b.j.JsonMixinModuleEntries$JsonMixinComponentScanner TRACE - Ignored because not matching any filter: file [C:\Users\ADMIN\Desktop\Assignment1Sing\InternshipProject\target\classes\com\assignment\InternshipProject\InternshipProjectApplication.class]
17:17:03.153 [main] o.s.b.j.JsonMixinModuleEntries$JsonMixinComponentScanner TRACE - Scanning file [C:\Users\ADMIN\Desktop\Assignment1Sing\InternshipProject\target\classes\com\assignment\InternshipProject\model\HttpResponse.class]
17:17:03.153 [main] o.s.b.j.JsonMixinModuleEntries$JsonMixinComponentScanner TRACE - Ignored because not matching any filter: file [C:\Users\ADMIN\Desktop\Assignment1Sing\InternshipProject\target\classes\com\assignment\InternshipProject\model\HttpResponse.class]
17:17:03.153 [main] o.s.b.j.JsonMixinModuleEntries$JsonMixinComponentScanner TRACE - Scanning file [C:\Users\ADMIN\Desktop\Assignment1Sing\InternshipProject\target\classes\com\assignment\InternshipProject\model\LoginRequest.class]
17:17:03.153 [main] o.s.b.j.JsonMixinModuleEntries$JsonMixinComponentScanner TRACE - Ignored because not matching any filter: file [C:\Users\ADMIN\Desktop\Assignment1Sing\InternshipProject\target\classes\com\assignment\InternshipProject\model\LoginRequest.class]
17:17:03.153 [main] o.s.b.j.JsonMixinModuleEntries$JsonMixinComponentScanner TRACE - Scanning file [C:\Users\ADMIN\Desktop\Assignment1Sing\InternshipProject\target\classes\com\assignment\InternshipProject\model\LoginSession.class]
17:17:03.153 [main] o.s.b.j.JsonMixinModuleEntries$JsonMixinComponentScanner TRACE - Ignored because not matching any filter: file [C:\Users\ADMIN\Desktop\Assignment1Sing\InternshipProject\target\classes\com\assignment\InternshipProject\model\LoginSession.class]
17:17:03.153 [main] o.s.b.j.JsonMixinModuleEntries$JsonMixinComponentScanner TRACE - Scanning file [C:\Users\ADMIN\Desktop\Assignment1Sing\InternshipProject\target\classes\com\assignment\InternshipProject\model\LogoutRequest.class]
17:17:03.153 [main] o.s.b.j.JsonMixinModuleEntries$JsonMixinComponentScanner TRACE - Ignored because not matching any filter: file [C:\Users\ADMIN\Desktop\Assignment1Sing\InternshipProject\target\classes\com\assignment\InternshipProject\model\LogoutRequest.class]
17:17:03.153 [main] o.s.b.j.JsonMixinModuleEntries$JsonMixinComponentScanner TRACE - Scanning file [C:\Users\ADMIN\Desktop\Assignment1Sing\InternshipProject\target\classes\com\assignment\InternshipProject\model\ResponseCode.class]
17:17:03.153 [main] o.s.b.j.JsonMixinModuleEntries$JsonMixinComponentScanner TRACE - Ignored because not matching any filter: file [C:\Users\ADMIN\Desktop\Assignment1Sing\InternshipProject\target\classes\com\assignment\InternshipProject\model\ResponseCode.class]
17:17:03.153 [main] o.s.b.j.JsonMixinModuleEntries$JsonMixinComponentScanner TRACE - Scanning file [C:\Users\ADMIN\Desktop\Assignment1Sing\InternshipProject\target\classes\com\assignment\InternshipProject\model\User.class]
17:17:03.153 [main] o.s.b.j.JsonMixinModuleEntries$JsonMixinComponentScanner TRACE - Ignored because not matching any filter: file [C:\Users\ADMIN\Desktop\Assignment1Sing\InternshipProject\target\classes\com\assignment\InternshipProject\model\User.class]
17:17:03.153 [main] o.s.b.j.JsonMixinModuleEntries$JsonMixinComponentScanner TRACE - Scanning file [C:\Users\ADMIN\Desktop\Assignment1Sing\InternshipProject\target\classes\com\assignment\InternshipProject\model\UserDto.class]
17:17:03.153 [main] o.s.b.j.JsonMixinModuleEntries$JsonMixinComponentScanner TRACE - Ignored because not matching any filter: file [C:\Users\ADMIN\Desktop\Assignment1Sing\InternshipProject\target\classes\com\assignment\InternshipProject\model\UserDto.class]
17:17:03.153 [main] o.s.b.j.JsonMixinModuleEntries$JsonMixinComponentScanner TRACE - Scanning file [C:\Users\ADMIN\Desktop\Assignment1Sing\InternshipProject\target\classes\com\assignment\InternshipProject\model\ValidationException.class]
17:17:03.153 [main] o.s.b.j.JsonMixinModuleEntries$JsonMixinComponentScanner TRACE - Ignored because not matching any filter: file [C:\Users\ADMIN\Desktop\Assignment1Sing\InternshipProject\target\classes\com\assignment\InternshipProject\model\ValidationException.class]
17:17:03.153 [main] o.s.b.j.JsonMixinModuleEntries$JsonMixinComponentScanner TRACE - Scanning file [C:\Users\ADMIN\Desktop\Assignment1Sing\InternshipProject\target\classes\com\assignment\InternshipProject\repository\LoginSessionRepository.class]
17:17:03.153 [main] o.s.b.j.JsonMixinModuleEntries$JsonMixinComponentScanner TRACE - Ignored because not matching any filter: file [C:\Users\ADMIN\Desktop\Assignment1Sing\InternshipProject\target\classes\com\assignment\InternshipProject\repository\LoginSessionRepository.class]
17:17:03.153 [main] o.s.b.j.JsonMixinModuleEntries$JsonMixinComponentScanner TRACE - Scanning file [C:\Users\ADMIN\Desktop\Assignment1Sing\InternshipProject\target\classes\com\assignment\InternshipProject\repository\UserRepository.class]
17:17:03.153 [main] o.s.b.j.JsonMixinModuleEntries$JsonMixinComponentScanner TRACE - Ignored because not matching any filter: file [C:\Users\ADMIN\Desktop\Assignment1Sing\InternshipProject\target\classes\com\assignment\InternshipProject\repository\UserRepository.class]
17:17:03.153 [main] o.s.b.j.JsonMixinModuleEntries$JsonMixinComponentScanner TRACE - Scanning file [C:\Users\ADMIN\Desktop\Assignment1Sing\InternshipProject\target\classes\com\assignment\InternshipProject\service\UserService.class]
17:17:03.153 [main] o.s.b.j.JsonMixinModuleEntries$JsonMixinComponentScanner TRACE - Ignored because not matching any filter: file [C:\Users\ADMIN\Desktop\Assignment1Sing\InternshipProject\target\classes\com\assignment\InternshipProject\service\UserService.class]
17:17:03.153 [main] o.s.b.f.s.DefaultListableBeanFactory TRACE - Returning cached instance of singleton bean 'org.springframework.transaction.config.internalTransactionAdvisor'
17:17:03.154 [main] o.s.b.f.s.DefaultListableBeanFactory TRACE - Finished creating instance of bean 'jsonMixinModuleEntries'
17:17:03.154 [main] o.s.b.f.s.DefaultListableBeanFactory DEBUG - Autowiring by type from bean name 'jsonMixinModule' via factory method to bean named 'org.springframework.web.context.support.GenericWebApplicationContext@6090f3ca'
17:17:03.154 [main] o.s.b.f.s.DefaultListableBeanFactory DEBUG - Autowiring by type from bean name 'jsonMixinModule' via factory method to bean named 'jsonMixinModuleEntries'
17:17:03.157 [main] o.s.b.f.s.DefaultListableBeanFactory TRACE - Returning cached instance of singleton bean 'org.springframework.transaction.config.internalTransactionAdvisor'
17:17:03.158 [main] o.s.b.f.s.DefaultListableBeanFactory TRACE - Finished creating instance of bean 'jsonMixinModule'
17:17:03.158 [main] o.s.b.f.s.DefaultListableBeanFactory DEBUG - Creating shared instance of singleton bean 'jsonComponentModule'
17:17:03.158 [main] o.s.b.f.s.DefaultListableBeanFactory TRACE - Creating instance of bean 'jsonComponentModule'
17:17:03.158 [main] o.s.b.f.s.DefaultListableBeanFactory DEBUG - Creating shared instance of singleton bean 'org.springframework.boot.autoconfigure.jackson.JacksonAutoConfiguration'
17:17:03.158 [main] o.s.b.f.s.DefaultListableBeanFactory TRACE - Creating instance of bean 'org.springframework.boot.autoconfigure.jackson.JacksonAutoConfiguration'
17:17:03.159 [main] o.s.b.f.s.DefaultListableBeanFactory TRACE - Returning cached instance of singleton bean 'org.springframework.transaction.config.internalTransactionAdvisor'
17:17:03.159 [main] o.s.b.f.s.DefaultListableBeanFactory TRACE - Finished creating instance of bean 'org.springframework.boot.autoconfigure.jackson.JacksonAutoConfiguration'
17:17:03.161 [main] o.s.b.f.s.DefaultListableBeanFactory TRACE - Invoking afterPropertiesSet() on bean with name 'jsonComponentModule'
17:17:03.165 [main] o.s.b.f.s.DefaultListableBeanFactory TRACE - Returning cached instance of singleton bean 'org.springframework.transaction.config.internalTransactionAdvisor'
17:17:03.166 [main] o.s.b.f.s.DefaultListableBeanFactory TRACE - Finished creating instance of bean 'jsonComponentModule'
17:17:03.166 [main] o.s.b.f.s.DefaultListableBeanFactory TRACE - Returning cached instance of singleton bean 'org.springframework.transaction.config.internalTransactionAdvisor'
17:17:03.167 [main] o.s.b.f.s.DefaultListableBeanFactory TRACE - Finished creating instance of bean 'standardJacksonObjectMapperBuilderCustomizer'
17:17:03.167 [main] o.s.b.f.s.DefaultListableBeanFactory DEBUG - Autowiring by type from bean name 'jacksonObjectMapperBuilder' via factory method to bean named 'org.springframework.web.context.support.GenericWebApplicationContext@6090f3ca'
17:17:03.167 [main] o.s.b.f.s.DefaultListableBeanFactory DEBUG - Autowiring by type from bean name 'jacksonObjectMapperBuilder' via factory method to bean named 'standardJacksonObjectMapperBuilderCustomizer'
17:17:03.172 [main] o.s.b.f.s.DefaultListableBeanFactory TRACE - Returning cached instance of singleton bean 'org.springframework.transaction.config.internalTransactionAdvisor'
17:17:03.173 [main] o.s.b.f.s.DefaultListableBeanFactory TRACE - Finished creating instance of bean 'jacksonObjectMapperBuilder'
17:17:03.173 [main] o.s.b.f.s.DefaultListableBeanFactory DEBUG - Autowiring by type from bean name 'jacksonObjectMapper' via factory method to bean named 'jacksonObjectMapperBuilder'
17:17:03.193 [main] o.s.b.f.s.DefaultListableBeanFactory TRACE - Returning cached instance of singleton bean 'org.springframework.transaction.config.internalTransactionAdvisor'
17:17:03.203 [main] o.s.b.f.s.DefaultListableBeanFactory TRACE - Finished creating instance of bean 'jacksonObjectMapper'
17:17:03.203 [main] o.s.b.f.s.DefaultListableBeanFactory DEBUG - Autowiring by type from bean name 'mappingJackson2HttpMessageConverter' via factory method to bean named 'jacksonObjectMapper'
17:17:03.205 [main] o.s.b.f.s.DefaultListableBeanFactory TRACE - Returning cached instance of singleton bean 'org.springframework.transaction.config.internalTransactionAdvisor'
17:17:03.208 [main] o.s.b.f.s.DefaultListableBeanFactory TRACE - Finished creating instance of bean 'mappingJackson2HttpMessageConverter'
17:17:03.209 [main] o.s.b.f.s.DefaultListableBeanFactory TRACE - Returning cached instance of singleton bean 'stringHttpMessageConverter'
17:17:03.209 [main] o.s.b.f.s.DefaultListableBeanFactory TRACE - Returning cached instance of singleton bean 'mappingJackson2HttpMessageConverter'
17:17:03.215 [main] o.s.b.f.s.DefaultListableBeanFactory TRACE - Returning cached instance of singleton bean 'org.springframework.transaction.config.internalTransactionAdvisor'
17:17:03.217 [main] o.s.b.f.s.DefaultListableBeanFactory TRACE - Finished creating instance of bean 'messageConverters'
17:17:03.221 [main] o.s.b.f.s.DefaultListableBeanFactory TRACE - Invoking afterPropertiesSet() on bean with name 'routerFunctionMapping'
17:17:03.223 [main] o.s.b.f.s.DefaultListableBeanFactory TRACE - Returning cached instance of singleton bean 'org.springframework.transaction.config.internalTransactionAdvisor'
17:17:03.225 [main] o.s.b.f.s.DefaultListableBeanFactory TRACE - Finished creating instance of bean 'routerFunctionMapping'
17:17:03.225 [main] o.s.b.f.s.DefaultListableBeanFactory DEBUG - Creating shared instance of singleton bean 'resourceHandlerMapping'
17:17:03.225 [main] o.s.b.f.s.DefaultListableBeanFactory TRACE - Creating instance of bean 'resourceHandlerMapping'
17:17:03.225 [main] o.s.b.f.s.DefaultListableBeanFactory TRACE - Returning cached instance of singleton bean 'org.springframework.boot.autoconfigure.web.servlet.WebMvcAutoConfiguration$EnableWebMvcConfiguration'
17:17:03.226 [main] o.s.b.f.s.DefaultListableBeanFactory TRACE - Returning cached instance of singleton bean 'mvcContentNegotiationManager'
17:17:03.226 [main] o.s.b.f.s.DefaultListableBeanFactory TRACE - Returning cached instance of singleton bean 'mvcConversionService'
17:17:03.226 [main] o.s.b.f.s.DefaultListableBeanFactory TRACE - Returning cached instance of singleton bean 'mvcResourceUrlProvider'
17:17:03.226 [main] o.s.b.f.s.DefaultListableBeanFactory DEBUG - Autowiring by type from bean name 'resourceHandlerMapping' via factory method to bean named 'mvcContentNegotiationManager'
17:17:03.226 [main] o.s.b.f.s.DefaultListableBeanFactory DEBUG - Autowiring by type from bean name 'resourceHandlerMapping' via factory method to bean named 'mvcConversionService'
17:17:03.226 [main] o.s.b.f.s.DefaultListableBeanFactory DEBUG - Autowiring by type from bean name 'resourceHandlerMapping' via factory method to bean named 'mvcResourceUrlProvider'
17:17:03.246 [main] o.s.w.s.h.SimpleUrlHandlerMapping TRACE - Mapped [/webjars/**] onto ResourceHttpRequestHandler [classpath [META-INF/resources/webjars/]]
17:17:03.247 [main] o.s.w.s.h.SimpleUrlHandlerMapping TRACE - Mapped [/**] onto ResourceHttpRequestHandler [classpath [META-INF/resources/], classpath [resources/], classpath [static/], classpath [public/], ServletContext [/]]
17:17:03.247 [main] _.s.w.s.H.Mappings DEBUG - 'resourceHandlerMapping' {/webjars/**=ResourceHttpRequestHandler [classpath [META-INF/resources/webjars/]], /**=ResourceHttpRequestHandler [classpath [META-INF/resources/], classpath [resources/], classpath [static/], classpath [public/], ServletContext [/]]}
17:17:03.247 [main] o.s.b.f.s.DefaultListableBeanFactory TRACE - Returning cached instance of singleton bean 'org.springframework.transaction.config.internalTransactionAdvisor'
17:17:03.249 [main] o.s.b.f.s.DefaultListableBeanFactory TRACE - Finished creating instance of bean 'resourceHandlerMapping'
17:17:03.249 [main] o.s.b.f.s.DefaultListableBeanFactory TRACE - Returning cached instance of singleton bean 'mvcResourceUrlProvider'
17:17:03.249 [main] o.s.b.f.s.DefaultListableBeanFactory DEBUG - Creating shared instance of singleton bean 'defaultServletHandlerMapping'
17:17:03.249 [main] o.s.b.f.s.DefaultListableBeanFactory TRACE - Creating instance of bean 'defaultServletHandlerMapping'
17:17:03.249 [main] o.s.b.f.s.DefaultListableBeanFactory TRACE - Returning cached instance of singleton bean 'org.springframework.boot.autoconfigure.web.servlet.WebMvcAutoConfiguration$EnableWebMvcConfiguration'
17:17:03.250 [main] o.s.b.f.s.DefaultListableBeanFactory TRACE - Returning cached instance of singleton bean 'org.springframework.transaction.config.internalTransactionAdvisor'
17:17:03.250 [main] o.s.b.f.s.DefaultListableBeanFactory TRACE - Finished creating instance of bean 'defaultServletHandlerMapping'
17:17:03.250 [main] o.s.b.f.s.DefaultListableBeanFactory DEBUG - Creating shared instance of singleton bean 'requestMappingHandlerAdapter'
17:17:03.250 [main] o.s.b.f.s.DefaultListableBeanFactory TRACE - Creating instance of bean 'requestMappingHandlerAdapter'
17:17:03.250 [main] o.s.b.f.s.DefaultListableBeanFactory TRACE - Returning cached instance of singleton bean 'org.springframework.boot.autoconfigure.web.servlet.WebMvcAutoConfiguration$EnableWebMvcConfiguration'
17:17:03.250 [main] o.s.b.f.s.DefaultListableBeanFactory TRACE - Returning cached instance of singleton bean 'mvcContentNegotiationManager'
17:17:03.251 [main] o.s.b.f.s.DefaultListableBeanFactory TRACE - Returning cached instance of singleton bean 'mvcConversionService'
17:17:03.253 [main] o.s.b.f.s.DefaultListableBeanFactory TRACE - Returning cached instance of singleton bean 'mvcValidator'
17:17:03.253 [main] o.s.b.f.s.DefaultListableBeanFactory DEBUG - Autowiring by type from bean name 'requestMappingHandlerAdapter' via factory method to bean named 'mvcContentNegotiationManager'
17:17:03.253 [main] o.s.b.f.s.DefaultListableBeanFactory DEBUG - Autowiring by type from bean name 'requestMappingHandlerAdapter' via factory method to bean named 'mvcConversionService'
17:17:03.253 [main] o.s.b.f.s.DefaultListableBeanFactory DEBUG - Autowiring by type from bean name 'requestMappingHandlerAdapter' via factory method to bean named 'mvcValidator'
17:17:03.273 [main] o.s.b.f.s.DefaultListableBeanFactory DEBUG - Creating shared instance of singleton bean 'applicationTaskExecutor'
17:17:03.273 [main] o.s.b.f.s.DefaultListableBeanFactory TRACE - Creating instance of bean 'applicationTaskExecutor'
17:17:03.273 [main] o.s.b.f.s.DefaultListableBeanFactory TRACE - Returning cached instance of singleton bean 'org.springframework.boot.autoconfigure.task.TaskExecutorConfigurations$TaskExecutorConfiguration'
17:17:03.273 [main] o.s.b.f.s.DefaultListableBeanFactory TRACE - Returning cached instance of singleton bean 'taskExecutorBuilder'
17:17:03.274 [main] o.s.b.f.s.DefaultListableBeanFactory DEBUG - Autowiring by type from bean name 'applicationTaskExecutor' via factory method to bean named 'taskExecutorBuilder'
17:17:03.275 [main] o.s.b.f.s.DefaultListableBeanFactory TRACE - Returning cached instance of singleton bean 'threadPoolTaskExecutorBuilder'
17:17:03.289 [main] o.s.b.f.s.DefaultListableBeanFactory TRACE - Invoking afterPropertiesSet() on bean with name 'applicationTaskExecutor'
17:17:03.289 [main] o.s.s.c.ThreadPoolTaskExecutor DEBUG - Initializing ExecutorService 'applicationTaskExecutor'
17:17:03.290 [main] o.s.b.f.s.DefaultListableBeanFactory TRACE - Returning cached instance of singleton bean 'org.springframework.transaction.config.internalTransactionAdvisor'
17:17:03.293 [main] o.s.b.f.s.DefaultListableBeanFactory TRACE - Finished creating instance of bean 'applicationTaskExecutor'
17:17:03.302 [main] o.s.b.f.s.DefaultListableBeanFactory TRACE - Invoking afterPropertiesSet() on bean with name 'requestMappingHandlerAdapter'
17:17:03.310 [main] o.s.w.s.m.m.a.RequestMappingHandlerAdapter DEBUG - ControllerAdvice beans: 0 @ModelAttribute, 0 @InitBinder, 1 RequestBodyAdvice, 1 ResponseBodyAdvice
17:17:03.358 [main] o.s.b.f.s.DefaultListableBeanFactory TRACE - Returning cached instance of singleton bean 'org.springframework.transaction.config.internalTransactionAdvisor'
17:17:03.360 [main] o.s.b.f.s.DefaultListableBeanFactory TRACE - Finished creating instance of bean 'requestMappingHandlerAdapter'
17:17:03.360 [main] o.s.b.f.s.DefaultListableBeanFactory DEBUG - Creating shared instance of singleton bean 'handlerFunctionAdapter'
17:17:03.361 [main] o.s.b.f.s.DefaultListableBeanFactory TRACE - Creating instance of bean 'handlerFunctionAdapter'
17:17:03.361 [main] o.s.b.f.s.DefaultListableBeanFactory TRACE - Returning cached instance of singleton bean 'org.springframework.boot.autoconfigure.web.servlet.WebMvcAutoConfiguration$EnableWebMvcConfiguration'
17:17:03.363 [main] o.s.b.f.s.DefaultListableBeanFactory TRACE - Returning cached instance of singleton bean 'org.springframework.transaction.config.internalTransactionAdvisor'
17:17:03.365 [main] o.s.b.f.s.DefaultListableBeanFactory TRACE - Finished creating instance of bean 'handlerFunctionAdapter'
17:17:03.365 [main] o.s.b.f.s.DefaultListableBeanFactory DEBUG - Creating shared instance of singleton bean 'mvcUriComponentsContributor'
17:17:03.365 [main] o.s.b.f.s.DefaultListableBeanFactory TRACE - Creating instance of bean 'mvcUriComponentsContributor'
17:17:03.365 [main] o.s.b.f.s.DefaultListableBeanFactory TRACE - Returning cached instance of singleton bean 'org.springframework.boot.autoconfigure.web.servlet.WebMvcAutoConfiguration$EnableWebMvcConfiguration'
17:17:03.365 [main] o.s.b.f.s.DefaultListableBeanFactory TRACE - Returning cached instance of singleton bean 'mvcConversionService'
17:17:03.366 [main] o.s.b.f.s.DefaultListableBeanFactory TRACE - Returning cached instance of singleton bean 'requestMappingHandlerAdapter'
17:17:03.366 [main] o.s.b.f.s.DefaultListableBeanFactory DEBUG - Autowiring by type from bean name 'mvcUriComponentsContributor' via factory method to bean named 'mvcConversionService'
17:17:03.366 [main] o.s.b.f.s.DefaultListableBeanFactory DEBUG - Autowiring by type from bean name 'mvcUriComponentsContributor' via factory method to bean named 'requestMappingHandlerAdapter'
17:17:03.370 [main] o.s.b.f.s.DefaultListableBeanFactory TRACE - Returning cached instance of singleton bean 'org.springframework.transaction.config.internalTransactionAdvisor'
17:17:03.370 [main] o.s.b.f.s.DefaultListableBeanFactory TRACE - Finished creating instance of bean 'mvcUriComponentsContributor'
17:17:03.370 [main] o.s.b.f.s.DefaultListableBeanFactory DEBUG - Creating shared instance of singleton bean 'httpRequestHandlerAdapter'
17:17:03.370 [main] o.s.b.f.s.DefaultListableBeanFactory TRACE - Creating instance of bean 'httpRequestHandlerAdapter'
17:17:03.370 [main] o.s.b.f.s.DefaultListableBeanFactory TRACE - Returning cached instance of singleton bean 'org.springframework.boot.autoconfigure.web.servlet.WebMvcAutoConfiguration$EnableWebMvcConfiguration'
17:17:03.371 [main] o.s.b.f.s.DefaultListableBeanFactory TRACE - Returning cached instance of singleton bean 'org.springframework.transaction.config.internalTransactionAdvisor'
17:17:03.371 [main] o.s.b.f.s.DefaultListableBeanFactory TRACE - Finished creating instance of bean 'httpRequestHandlerAdapter'
17:17:03.371 [main] o.s.b.f.s.DefaultListableBeanFactory DEBUG - Creating shared instance of singleton bean 'simpleControllerHandlerAdapter'
17:17:03.371 [main] o.s.b.f.s.DefaultListableBeanFactory TRACE - Creating instance of bean 'simpleControllerHandlerAdapter'
17:17:03.371 [main] o.s.b.f.s.DefaultListableBeanFactory TRACE - Returning cached instance of singleton bean 'org.springframework.boot.autoconfigure.web.servlet.WebMvcAutoConfiguration$EnableWebMvcConfiguration'
17:17:03.371 [main] o.s.b.f.s.DefaultListableBeanFactory TRACE - Returning cached instance of singleton bean 'org.springframework.transaction.config.internalTransactionAdvisor'
17:17:03.372 [main] o.s.b.f.s.DefaultListableBeanFactory TRACE - Finished creating instance of bean 'simpleControllerHandlerAdapter'
17:17:03.372 [main] o.s.b.f.s.DefaultListableBeanFactory DEBUG - Creating shared instance of singleton bean 'handlerExceptionResolver'
17:17:03.372 [main] o.s.b.f.s.DefaultListableBeanFactory TRACE - Creating instance of bean 'handlerExceptionResolver'
17:17:03.372 [main] o.s.b.f.s.DefaultListableBeanFactory TRACE - Returning cached instance of singleton bean 'org.springframework.boot.autoconfigure.web.servlet.WebMvcAutoConfiguration$EnableWebMvcConfiguration'
17:17:03.372 [main] o.s.b.f.s.DefaultListableBeanFactory TRACE - Returning cached instance of singleton bean 'mvcContentNegotiationManager'
17:17:03.372 [main] o.s.b.f.s.DefaultListableBeanFactory DEBUG - Autowiring by type from bean name 'handlerExceptionResolver' via factory method to bean named 'mvcContentNegotiationManager'
17:17:03.377 [main] o.s.w.s.m.m.a.ExceptionHandlerExceptionResolver DEBUG - ControllerAdvice beans: 0 @ExceptionHandler, 1 ResponseBodyAdvice
17:17:03.382 [main] o.s.b.f.s.DefaultListableBeanFactory TRACE - Returning cached instance of singleton bean 'org.springframework.transaction.config.internalTransactionAdvisor'
17:17:03.382 [main] o.s.b.f.s.DefaultListableBeanFactory TRACE - Finished creating instance of bean 'handlerExceptionResolver'
17:17:03.382 [main] o.s.b.f.s.DefaultListableBeanFactory DEBUG - Creating shared instance of singleton bean 'mvcViewResolver'
17:17:03.382 [main] o.s.b.f.s.DefaultListableBeanFactory TRACE - Creating instance of bean 'mvcViewResolver'
17:17:03.382 [main] o.s.b.f.s.DefaultListableBeanFactory TRACE - Returning cached instance of singleton bean 'org.springframework.boot.autoconfigure.web.servlet.WebMvcAutoConfiguration$EnableWebMvcConfiguration'
17:17:03.383 [main] o.s.b.f.s.DefaultListableBeanFactory TRACE - Returning cached instance of singleton bean 'mvcContentNegotiationManager'
17:17:03.383 [main] o.s.b.f.s.DefaultListableBeanFactory DEBUG - Autowiring by type from bean name 'mvcViewResolver' via factory method to bean named 'mvcContentNegotiationManager'
17:17:03.386 [main] o.s.b.f.s.DefaultListableBeanFactory TRACE - Invoking afterPropertiesSet() on bean with name 'mvcViewResolver'
17:17:03.386 [main] o.s.b.f.s.DefaultListableBeanFactory TRACE - Returning cached instance of singleton bean 'org.springframework.transaction.config.internalTransactionAdvisor'
17:17:03.387 [main] o.s.b.f.s.DefaultListableBeanFactory TRACE - Finished creating instance of bean 'mvcViewResolver'
17:17:03.387 [main] o.s.b.f.s.DefaultListableBeanFactory DEBUG - Creating shared instance of singleton bean 'viewNameTranslator'
17:17:03.387 [main] o.s.b.f.s.DefaultListableBeanFactory TRACE - Creating instance of bean 'viewNameTranslator'
17:17:03.387 [main] o.s.b.f.s.DefaultListableBeanFactory TRACE - Returning cached instance of singleton bean 'org.springframework.boot.autoconfigure.web.servlet.WebMvcAutoConfiguration$EnableWebMvcConfiguration'
17:17:03.389 [main] o.s.b.f.s.DefaultListableBeanFactory TRACE - Returning cached instance of singleton bean 'org.springframework.transaction.config.internalTransactionAdvisor'
17:17:03.390 [main] o.s.b.f.s.DefaultListableBeanFactory TRACE - Finished creating instance of bean 'viewNameTranslator'
17:17:03.390 [main] o.s.b.f.s.DefaultListableBeanFactory TRACE - Returning cached instance of singleton bean 'org.springframework.boot.autoconfigure.web.servlet.WebMvcAutoConfiguration$WebMvcAutoConfigurationAdapter'
17:17:03.390 [main] o.s.b.f.s.DefaultListableBeanFactory DEBUG - Creating shared instance of singleton bean 'defaultViewResolver'
17:17:03.390 [main] o.s.b.f.s.DefaultListableBeanFactory TRACE - Creating instance of bean 'defaultViewResolver'
17:17:03.390 [main] o.s.b.f.s.DefaultListableBeanFactory TRACE - Returning cached instance of singleton bean 'org.springframework.boot.autoconfigure.web.servlet.WebMvcAutoConfiguration$WebMvcAutoConfigurationAdapter'
17:17:03.401 [main] o.s.b.f.s.DefaultListableBeanFactory TRACE - Returning cached instance of singleton bean 'org.springframework.transaction.config.internalTransactionAdvisor'
17:17:03.408 [main] o.s.b.f.s.DefaultListableBeanFactory TRACE - Finished creating instance of bean 'defaultViewResolver'
17:17:03.408 [main] o.s.b.f.s.DefaultListableBeanFactory DEBUG - Creating shared instance of singleton bean 'viewResolver'
17:17:03.408 [main] o.s.b.f.s.DefaultListableBeanFactory TRACE - Creating instance of bean 'viewResolver'
17:17:03.408 [main] o.s.b.f.s.DefaultListableBeanFactory TRACE - Returning cached instance of singleton bean 'org.springframework.boot.autoconfigure.web.servlet.WebMvcAutoConfiguration$WebMvcAutoConfigurationAdapter'
17:17:03.408 [main] o.s.b.f.s.DefaultListableBeanFactory DEBUG - Autowiring by type from bean name 'viewResolver' via factory method to bean named 'org.springframework.beans.factory.support.DefaultListableBeanFactory@29ea78b1'
17:17:03.411 [main] o.s.b.f.s.DefaultListableBeanFactory TRACE - Returning cached instance of singleton bean 'mvcContentNegotiationManager'
17:17:03.414 [main] o.s.b.f.s.DefaultListableBeanFactory TRACE - Returning cached instance of singleton bean 'beanNameViewResolver'
17:17:03.414 [main] o.s.b.f.s.DefaultListableBeanFactory TRACE - Returning cached instance of singleton bean 'mvcViewResolver'
17:17:03.414 [main] o.s.b.f.s.DefaultListableBeanFactory TRACE - Returning cached instance of singleton bean 'defaultViewResolver'
17:17:03.414 [main] o.s.b.f.s.DefaultListableBeanFactory DEBUG - Creating shared instance of singleton bean 'viewResolver'
17:17:03.416 [main] o.s.b.f.s.DefaultListableBeanFactory TRACE - Ignoring match to currently created bean 'viewResolver': Error creating bean with name 'viewResolver': Requested bean is currently in creation: Is there an unresolvable circular reference?
17:17:03.416 [main] o.s.b.f.s.DefaultListableBeanFactory TRACE - Invoking afterPropertiesSet() on bean with name 'viewResolver'
17:17:03.417 [main] o.s.b.f.s.DefaultListableBeanFactory TRACE - Returning cached instance of singleton bean 'org.springframework.transaction.config.internalTransactionAdvisor'
17:17:03.417 [main] o.s.b.f.s.DefaultListableBeanFactory TRACE - Finished creating instance of bean 'viewResolver'
17:17:03.417 [main] o.s.b.f.s.DefaultListableBeanFactory DEBUG - Creating shared instance of singleton bean 'requestContextFilter'
17:17:03.417 [main] o.s.b.f.s.DefaultListableBeanFactory TRACE - Creating instance of bean 'requestContextFilter'
17:17:03.420 [main] o.s.b.f.s.DefaultListableBeanFactory TRACE - Invoking afterPropertiesSet() on bean with name 'requestContextFilter'
17:17:03.420 [main] o.s.b.f.s.DefaultListableBeanFactory TRACE - Returning cached instance of singleton bean 'org.springframework.transaction.config.internalTransactionAdvisor'
17:17:03.421 [main] o.s.b.f.s.DefaultListableBeanFactory TRACE - Finished creating instance of bean 'requestContextFilter'
17:17:03.421 [main] o.s.b.f.s.DefaultListableBeanFactory DEBUG - Creating shared instance of singleton bean 'org.springframework.boot.autoconfigure.web.servlet.WebMvcAutoConfiguration'
17:17:03.421 [main] o.s.b.f.s.DefaultListableBeanFactory TRACE - Creating instance of bean 'org.springframework.boot.autoconfigure.web.servlet.WebMvcAutoConfiguration'
17:17:03.422 [main] o.s.b.f.s.DefaultListableBeanFactory TRACE - Returning cached instance of singleton bean 'org.springframework.transaction.config.internalTransactionAdvisor'
17:17:03.422 [main] o.s.b.f.s.DefaultListableBeanFactory TRACE - Finished creating instance of bean 'org.springframework.boot.autoconfigure.web.servlet.WebMvcAutoConfiguration'
17:17:03.422 [main] o.s.b.f.s.DefaultListableBeanFactory DEBUG - Creating shared instance of singleton bean 'formContentFilter'
17:17:03.422 [main] o.s.b.f.s.DefaultListableBeanFactory TRACE - Creating instance of bean 'formContentFilter'
17:17:03.422 [main] o.s.b.f.s.DefaultListableBeanFactory TRACE - Returning cached instance of singleton bean 'org.springframework.boot.autoconfigure.web.servlet.WebMvcAutoConfiguration'
17:17:03.435 [main] o.s.b.f.s.DefaultListableBeanFactory TRACE - Invoking afterPropertiesSet() on bean with name 'formContentFilter'
17:17:03.436 [main] o.s.b.f.s.DefaultListableBeanFactory TRACE - Returning cached instance of singleton bean 'org.springframework.transaction.config.internalTransactionAdvisor'
17:17:03.437 [main] o.s.b.f.s.DefaultListableBeanFactory TRACE - Finished creating instance of bean 'formContentFilter'
17:17:03.437 [main] o.s.b.f.s.DefaultListableBeanFactory DEBUG - Creating shared instance of singleton bean 'org.springframework.boot.autoconfigure.aop.AopAutoConfiguration$ClassProxyingConfiguration'
17:17:03.437 [main] o.s.b.f.s.DefaultListableBeanFactory TRACE - Creating instance of bean 'org.springframework.boot.autoconfigure.aop.AopAutoConfiguration$ClassProxyingConfiguration'
17:17:03.438 [main] o.s.b.f.s.DefaultListableBeanFactory TRACE - Returning cached instance of singleton bean 'org.springframework.transaction.config.internalTransactionAdvisor'
17:17:03.438 [main] o.s.b.f.s.DefaultListableBeanFactory TRACE - Finished creating instance of bean 'org.springframework.boot.autoconfigure.aop.AopAutoConfiguration$ClassProxyingConfiguration'
17:17:03.438 [main] o.s.b.f.s.DefaultListableBeanFactory TRACE - Returning cached instance of singleton bean 'forceAutoProxyCreatorToUseClassProxying'
17:17:03.438 [main] o.s.b.f.s.DefaultListableBeanFactory DEBUG - Creating shared instance of singleton bean 'org.springframework.boot.autoconfigure.aop.AopAutoConfiguration'
17:17:03.438 [main] o.s.b.f.s.DefaultListableBeanFactory TRACE - Creating instance of bean 'org.springframework.boot.autoconfigure.aop.AopAutoConfiguration'
17:17:03.438 [main] o.s.b.f.s.DefaultListableBeanFactory TRACE - Returning cached instance of singleton bean 'org.springframework.transaction.config.internalTransactionAdvisor'
17:17:03.438 [main] o.s.b.f.s.DefaultListableBeanFactory TRACE - Finished creating instance of bean 'org.springframework.boot.autoconfigure.aop.AopAutoConfiguration'
17:17:03.438 [main] o.s.b.f.s.DefaultListableBeanFactory DEBUG - Creating shared instance of singleton bean 'org.springframework.boot.autoconfigure.availability.ApplicationAvailabilityAutoConfiguration'
17:17:03.438 [main] o.s.b.f.s.DefaultListableBeanFactory TRACE - Creating instance of bean 'org.springframework.boot.autoconfigure.availability.ApplicationAvailabilityAutoConfiguration'
17:17:03.439 [main] o.s.b.f.s.DefaultListableBeanFactory TRACE - Returning cached instance of singleton bean 'org.springframework.transaction.config.internalTransactionAdvisor'
17:17:03.439 [main] o.s.b.f.s.DefaultListableBeanFactory TRACE - Finished creating instance of bean 'org.springframework.boot.autoconfigure.availability.ApplicationAvailabilityAutoConfiguration'
17:17:03.439 [main] o.s.b.f.s.DefaultListableBeanFactory DEBUG - Creating shared instance of singleton bean 'applicationAvailability'
17:17:03.439 [main] o.s.b.f.s.DefaultListableBeanFactory TRACE - Creating instance of bean 'applicationAvailability'
17:17:03.439 [main] o.s.b.f.s.DefaultListableBeanFactory TRACE - Returning cached instance of singleton bean 'org.springframework.boot.autoconfigure.availability.ApplicationAvailabilityAutoConfiguration'
17:17:03.441 [main] o.s.b.f.s.DefaultListableBeanFactory TRACE - Returning cached instance of singleton bean 'org.springframework.transaction.config.internalTransactionAdvisor'
17:17:03.442 [main] o.s.b.f.s.DefaultListableBeanFactory TRACE - Finished creating instance of bean 'applicationAvailability'
17:17:03.442 [main] o.s.b.f.s.DefaultListableBeanFactory TRACE - Returning cached instance of singleton bean 'org.springframework.boot.autoconfigure.jackson.JacksonAutoConfiguration$Jackson2ObjectMapperBuilderCustomizerConfiguration'
17:17:03.442 [main] o.s.b.f.s.DefaultListableBeanFactory TRACE - Returning cached instance of singleton bean 'standardJacksonObjectMapperBuilderCustomizer'
17:17:03.442 [main] o.s.b.f.s.DefaultListableBeanFactory TRACE - Returning cached instance of singleton bean 'spring.jackson-org.springframework.boot.autoconfigure.jackson.JacksonProperties'
17:17:03.442 [main] o.s.b.f.s.DefaultListableBeanFactory TRACE - Returning cached instance of singleton bean 'org.springframework.boot.autoconfigure.jackson.JacksonAutoConfiguration$JacksonObjectMapperBuilderConfiguration'
17:17:03.442 [main] o.s.b.f.s.DefaultListableBeanFactory TRACE - Returning cached instance of singleton bean 'org.springframework.boot.autoconfigure.jackson.JacksonAutoConfiguration$ParameterNamesModuleConfiguration'
17:17:03.442 [main] o.s.b.f.s.DefaultListableBeanFactory TRACE - Returning cached instance of singleton bean 'parameterNamesModule'
17:17:03.442 [main] o.s.b.f.s.DefaultListableBeanFactory TRACE - Returning cached instance of singleton bean 'org.springframework.boot.autoconfigure.jackson.JacksonAutoConfiguration$JacksonObjectMapperConfiguration'
17:17:03.442 [main] o.s.b.f.s.DefaultListableBeanFactory TRACE - Returning cached instance of singleton bean 'jacksonObjectMapper'
17:17:03.442 [main] o.s.b.f.s.DefaultListableBeanFactory TRACE - Returning cached instance of singleton bean 'org.springframework.boot.autoconfigure.jackson.JacksonAutoConfiguration$JacksonMixinConfiguration'
17:17:03.442 [main] o.s.b.f.s.DefaultListableBeanFactory TRACE - Returning cached instance of singleton bean 'jsonMixinModuleEntries'
17:17:03.442 [main] o.s.b.f.s.DefaultListableBeanFactory TRACE - Returning cached instance of singleton bean 'jsonMixinModule'
17:17:03.442 [main] o.s.b.f.s.DefaultListableBeanFactory TRACE - Returning cached instance of singleton bean 'org.springframework.boot.autoconfigure.jackson.JacksonAutoConfiguration'
17:17:03.442 [main] o.s.b.f.s.DefaultListableBeanFactory TRACE - Returning cached instance of singleton bean 'jsonComponentModule'
17:17:03.442 [main] o.s.b.f.s.DefaultListableBeanFactory TRACE - Returning cached instance of singleton bean 'org.springframework.boot.autoconfigure.jdbc.DataSourceConfiguration$Hikari'
17:17:03.442 [main] o.s.b.f.s.DefaultListableBeanFactory TRACE - Returning cached instance of singleton bean 'jdbcConnectionDetailsHikariBeanPostProcessor'
17:17:03.442 [main] o.s.b.f.s.DefaultListableBeanFactory TRACE - Returning cached instance of singleton bean 'dataSource'
17:17:03.442 [main] o.s.b.f.s.DefaultListableBeanFactory TRACE - Returning cached instance of singleton bean 'org.springframework.boot.autoconfigure.jdbc.DataSourceAutoConfiguration$PooledDataSourceConfiguration'
17:17:03.442 [main] o.s.b.f.s.DefaultListableBeanFactory TRACE - Returning cached instance of singleton bean 'jdbcConnectionDetails'
17:17:03.442 [main] o.s.b.f.s.DefaultListableBeanFactory DEBUG - Creating shared instance of singleton bean 'org.springframework.boot.autoconfigure.jdbc.metadata.DataSourcePoolMetadataProvidersConfiguration$HikariPoolDataSourceMetadataProviderConfiguration'
17:17:03.442 [main] o.s.b.f.s.DefaultListableBeanFactory TRACE - Creating instance of bean 'org.springframework.boot.autoconfigure.jdbc.metadata.DataSourcePoolMetadataProvidersConfiguration$HikariPoolDataSourceMetadataProviderConfiguration'
17:17:03.443 [main] o.s.b.f.s.DefaultListableBeanFactory TRACE - Returning cached instance of singleton bean 'org.springframework.transaction.config.internalTransactionAdvisor'
17:17:03.443 [main] o.s.b.f.s.DefaultListableBeanFactory TRACE - Finished creating instance of bean 'org.springframework.boot.autoconfigure.jdbc.metadata.DataSourcePoolMetadataProvidersConfiguration$HikariPoolDataSourceMetadataProviderConfiguration'
17:17:03.443 [main] o.s.b.f.s.DefaultListableBeanFactory DEBUG - Creating shared instance of singleton bean 'hikariPoolDataSourceMetadataProvider'
17:17:03.443 [main] o.s.b.f.s.DefaultListableBeanFactory TRACE - Creating instance of bean 'hikariPoolDataSourceMetadataProvider'
17:17:03.443 [main] o.s.b.f.s.DefaultListableBeanFactory TRACE - Returning cached instance of singleton bean 'org.springframework.boot.autoconfigure.jdbc.metadata.DataSourcePoolMetadataProvidersConfiguration$HikariPoolDataSourceMetadataProviderConfiguration'
17:17:03.444 [main] o.s.b.f.s.DefaultListableBeanFactory TRACE - Returning cached instance of singleton bean 'org.springframework.transaction.config.internalTransactionAdvisor'
17:17:03.445 [main] o.s.b.f.s.DefaultListableBeanFactory TRACE - Finished creating instance of bean 'hikariPoolDataSourceMetadataProvider'
17:17:03.445 [main] o.s.b.f.s.DefaultListableBeanFactory DEBUG - Creating shared instance of singleton bean 'org.springframework.boot.autoconfigure.jdbc.metadata.DataSourcePoolMetadataProvidersConfiguration'
17:17:03.445 [main] o.s.b.f.s.DefaultListableBeanFactory TRACE - Creating instance of bean 'org.springframework.boot.autoconfigure.jdbc.metadata.DataSourcePoolMetadataProvidersConfiguration'
17:17:03.445 [main] o.s.b.f.s.DefaultListableBeanFactory TRACE - Returning cached instance of singleton bean 'org.springframework.transaction.config.internalTransactionAdvisor'
17:17:03.445 [main] o.s.b.f.s.DefaultListableBeanFactory TRACE - Finished creating instance of bean 'org.springframework.boot.autoconfigure.jdbc.metadata.DataSourcePoolMetadataProvidersConfiguration'
17:17:03.445 [main] o.s.b.f.s.DefaultListableBeanFactory DEBUG - Creating shared instance of singleton bean 'org.springframework.boot.autoconfigure.jdbc.DataSourceAutoConfiguration'
17:17:03.445 [main] o.s.b.f.s.DefaultListableBeanFactory TRACE - Creating instance of bean 'org.springframework.boot.autoconfigure.jdbc.DataSourceAutoConfiguration'
17:17:03.446 [main] o.s.b.f.s.DefaultListableBeanFactory TRACE - Returning cached instance of singleton bean 'org.springframework.transaction.config.internalTransactionAdvisor'
17:17:03.446 [main] o.s.b.f.s.DefaultListableBeanFactory TRACE - Finished creating instance of bean 'org.springframework.boot.autoconfigure.jdbc.DataSourceAutoConfiguration'
17:17:03.446 [main] o.s.b.f.s.DefaultListableBeanFactory TRACE - Returning cached instance of singleton bean 'spring.datasource-org.springframework.boot.autoconfigure.jdbc.DataSourceProperties'
17:17:03.446 [main] o.s.b.f.s.DefaultListableBeanFactory DEBUG - Creating shared instance of singleton bean 'org.springframework.boot.autoconfigure.transaction.TransactionManagerCustomizationAutoConfiguration'
17:17:03.446 [main] o.s.b.f.s.DefaultListableBeanFactory TRACE - Creating instance of bean 'org.springframework.boot.autoconfigure.transaction.TransactionManagerCustomizationAutoConfiguration'
17:17:03.446 [main] o.s.b.f.s.DefaultListableBeanFactory TRACE - Returning cached instance of singleton bean 'org.springframework.transaction.config.internalTransactionAdvisor'
17:17:03.446 [main] o.s.b.f.s.DefaultListableBeanFactory TRACE - Finished creating instance of bean 'org.springframework.boot.autoconfigure.transaction.TransactionManagerCustomizationAutoConfiguration'
17:17:03.446 [main] o.s.b.f.s.DefaultListableBeanFactory DEBUG - Creating shared instance of singleton bean 'platformTransactionManagerCustomizers'
17:17:03.446 [main] o.s.b.f.s.DefaultListableBeanFactory TRACE - Creating instance of bean 'platformTransactionManagerCustomizers'
17:17:03.446 [main] o.s.b.f.s.DefaultListableBeanFactory TRACE - Returning cached instance of singleton bean 'org.springframework.boot.autoconfigure.transaction.TransactionManagerCustomizationAutoConfiguration'
17:17:03.448 [main] o.s.b.f.s.DefaultListableBeanFactory DEBUG - Creating shared instance of singleton bean 'transactionExecutionListeners'
17:17:03.449 [main] o.s.b.f.s.DefaultListableBeanFactory TRACE - Creating instance of bean 'transactionExecutionListeners'
17:17:03.449 [main] o.s.b.f.s.DefaultListableBeanFactory TRACE - Returning cached instance of singleton bean 'org.springframework.boot.autoconfigure.transaction.TransactionManagerCustomizationAutoConfiguration'
17:17:03.451 [main] o.s.b.f.s.DefaultListableBeanFactory TRACE - Returning cached instance of singleton bean 'org.springframework.transaction.config.internalTransactionAdvisor'
17:17:03.452 [main] o.s.b.f.s.DefaultListableBeanFactory TRACE - Finished creating instance of bean 'transactionExecutionListeners'
17:17:03.452 [main] o.s.b.f.s.DefaultListableBeanFactory DEBUG - Creating shared instance of singleton bean 'spring.transaction-org.springframework.boot.autoconfigure.transaction.TransactionProperties'
17:17:03.452 [main] o.s.b.f.s.DefaultListableBeanFactory TRACE - Creating instance of bean 'spring.transaction-org.springframework.boot.autoconfigure.transaction.TransactionProperties'
17:17:03.454 [main] o.s.b.f.s.DefaultListableBeanFactory TRACE - Returning cached instance of singleton bean 'org.springframework.boot.context.properties.BoundConfigurationProperties'
17:17:03.456 [main] o.s.b.f.s.DefaultListableBeanFactory TRACE - Returning cached instance of singleton bean 'org.springframework.transaction.config.internalTransactionAdvisor'
17:17:03.457 [main] o.s.b.f.s.DefaultListableBeanFactory TRACE - Finished creating instance of bean 'spring.transaction-org.springframework.boot.autoconfigure.transaction.TransactionProperties'
17:17:03.457 [main] o.s.b.f.s.DefaultListableBeanFactory TRACE - Returning cached instance of singleton bean 'transactionExecutionListeners'
17:17:03.457 [main] o.s.b.f.s.DefaultListableBeanFactory TRACE - Returning cached instance of singleton bean 'spring.transaction-org.springframework.boot.autoconfigure.transaction.TransactionProperties'
17:17:03.458 [main] o.s.b.f.s.DefaultListableBeanFactory TRACE - Returning cached instance of singleton bean 'org.springframework.transaction.config.internalTransactionAdvisor'
17:17:03.458 [main] o.s.b.f.s.DefaultListableBeanFactory TRACE - Finished creating instance of bean 'platformTransactionManagerCustomizers'
17:17:03.458 [main] o.s.b.f.s.DefaultListableBeanFactory TRACE - Returning cached instance of singleton bean 'transactionExecutionListeners'
17:17:03.458 [main] o.s.b.f.s.DefaultListableBeanFactory TRACE - Returning cached instance of singleton bean 'spring.transaction-org.springframework.boot.autoconfigure.transaction.TransactionProperties'
17:17:03.458 [main] o.s.b.f.s.DefaultListableBeanFactory DEBUG - Creating shared instance of singleton bean 'org.springframework.boot.autoconfigure.context.ConfigurationPropertiesAutoConfiguration'
17:17:03.458 [main] o.s.b.f.s.DefaultListableBeanFactory TRACE - Creating instance of bean 'org.springframework.boot.autoconfigure.context.ConfigurationPropertiesAutoConfiguration'
17:17:03.459 [main] o.s.b.f.s.DefaultListableBeanFactory TRACE - Returning cached instance of singleton bean 'org.springframework.transaction.config.internalTransactionAdvisor'
17:17:03.459 [main] o.s.b.f.s.DefaultListableBeanFactory TRACE - Finished creating instance of bean 'org.springframework.boot.autoconfigure.context.ConfigurationPropertiesAutoConfiguration'
17:17:03.459 [main] o.s.b.f.s.DefaultListableBeanFactory DEBUG - Creating shared instance of singleton bean 'org.springframework.boot.autoconfigure.context.LifecycleAutoConfiguration'
17:17:03.459 [main] o.s.b.f.s.DefaultListableBeanFactory TRACE - Creating instance of bean 'org.springframework.boot.autoconfigure.context.LifecycleAutoConfiguration'
17:17:03.459 [main] o.s.b.f.s.DefaultListableBeanFactory TRACE - Returning cached instance of singleton bean 'org.springframework.transaction.config.internalTransactionAdvisor'
17:17:03.459 [main] o.s.b.f.s.DefaultListableBeanFactory TRACE - Finished creating instance of bean 'org.springframework.boot.autoconfigure.context.LifecycleAutoConfiguration'
17:17:03.459 [main] o.s.b.f.s.DefaultListableBeanFactory DEBUG - Creating shared instance of singleton bean 'lifecycleProcessor'
17:17:03.459 [main] o.s.b.f.s.DefaultListableBeanFactory TRACE - Creating instance of bean 'lifecycleProcessor'
17:17:03.459 [main] o.s.b.f.s.DefaultListableBeanFactory TRACE - Returning cached instance of singleton bean 'org.springframework.boot.autoconfigure.context.LifecycleAutoConfiguration'
17:17:03.460 [main] o.s.b.f.s.DefaultListableBeanFactory DEBUG - Creating shared instance of singleton bean 'spring.lifecycle-org.springframework.boot.autoconfigure.context.LifecycleProperties'
17:17:03.460 [main] o.s.b.f.s.DefaultListableBeanFactory TRACE - Creating instance of bean 'spring.lifecycle-org.springframework.boot.autoconfigure.context.LifecycleProperties'
17:17:03.461 [main] o.s.b.f.s.DefaultListableBeanFactory TRACE - Returning cached instance of singleton bean 'org.springframework.boot.context.properties.BoundConfigurationProperties'
17:17:03.462 [main] o.s.b.f.s.DefaultListableBeanFactory TRACE - Returning cached instance of singleton bean 'org.springframework.transaction.config.internalTransactionAdvisor'
17:17:03.463 [main] o.s.b.f.s.DefaultListableBeanFactory TRACE - Finished creating instance of bean 'spring.lifecycle-org.springframework.boot.autoconfigure.context.LifecycleProperties'
17:17:03.463 [main] o.s.b.f.s.DefaultListableBeanFactory DEBUG - Autowiring by type from bean name 'lifecycleProcessor' via factory method to bean named 'spring.lifecycle-org.springframework.boot.autoconfigure.context.LifecycleProperties'
17:17:03.467 [main] o.s.b.f.s.DefaultListableBeanFactory TRACE - Returning cached instance of singleton bean 'org.springframework.transaction.config.internalTransactionAdvisor'
17:17:03.469 [main] o.s.b.f.s.DefaultListableBeanFactory TRACE - Finished creating instance of bean 'lifecycleProcessor'
17:17:03.469 [main] o.s.b.f.s.DefaultListableBeanFactory TRACE - Returning cached instance of singleton bean 'spring.lifecycle-org.springframework.boot.autoconfigure.context.LifecycleProperties'
17:17:03.469 [main] o.s.b.f.s.DefaultListableBeanFactory DEBUG - Creating shared instance of singleton bean 'org.springframework.boot.autoconfigure.dao.PersistenceExceptionTranslationAutoConfiguration'
17:17:03.469 [main] o.s.b.f.s.DefaultListableBeanFactory TRACE - Creating instance of bean 'org.springframework.boot.autoconfigure.dao.PersistenceExceptionTranslationAutoConfiguration'
17:17:03.470 [main] o.s.b.f.s.DefaultListableBeanFactory TRACE - Returning cached instance of singleton bean 'org.springframework.transaction.config.internalTransactionAdvisor'
17:17:03.470 [main] o.s.b.f.s.DefaultListableBeanFactory TRACE - Finished creating instance of bean 'org.springframework.boot.autoconfigure.dao.PersistenceExceptionTranslationAutoConfiguration'
17:17:03.470 [main] o.s.b.f.s.DefaultListableBeanFactory TRACE - Returning cached instance of singleton bean 'persistenceExceptionTranslationPostProcessor'
17:17:03.470 [main] o.s.b.f.s.DefaultListableBeanFactory TRACE - Returning cached instance of singleton bean 'org.springframework.boot.autoconfigure.http.HttpMessageConvertersAutoConfiguration$StringHttpMessageConverterConfiguration'
17:17:03.470 [main] o.s.b.f.s.DefaultListableBeanFactory TRACE - Returning cached instance of singleton bean 'stringHttpMessageConverter'
17:17:03.470 [main] o.s.b.f.s.DefaultListableBeanFactory TRACE - Returning cached instance of singleton bean 'org.springframework.boot.autoconfigure.http.JacksonHttpMessageConvertersConfiguration$MappingJackson2HttpMessageConverterConfiguration'
17:17:03.470 [main] o.s.b.f.s.DefaultListableBeanFactory TRACE - Returning cached instance of singleton bean 'mappingJackson2HttpMessageConverter'
17:17:03.470 [main] o.s.b.f.s.DefaultListableBeanFactory DEBUG - Creating shared instance of singleton bean 'org.springframework.boot.autoconfigure.http.JacksonHttpMessageConvertersConfiguration'
17:17:03.470 [main] o.s.b.f.s.DefaultListableBeanFactory TRACE - Creating instance of bean 'org.springframework.boot.autoconfigure.http.JacksonHttpMessageConvertersConfiguration'
17:17:03.472 [main] o.s.b.f.s.DefaultListableBeanFactory TRACE - Returning cached instance of singleton bean 'org.springframework.transaction.config.internalTransactionAdvisor'
17:17:03.472 [main] o.s.b.f.s.DefaultListableBeanFactory TRACE - Finished creating instance of bean 'org.springframework.boot.autoconfigure.http.JacksonHttpMessageConvertersConfiguration'
17:17:03.472 [main] o.s.b.f.s.DefaultListableBeanFactory TRACE - Returning cached instance of singleton bean 'org.springframework.boot.autoconfigure.http.HttpMessageConvertersAutoConfiguration'
17:17:03.472 [main] o.s.b.f.s.DefaultListableBeanFactory TRACE - Returning cached instance of singleton bean 'messageConverters'
17:17:03.472 [main] o.s.b.f.s.DefaultListableBeanFactory DEBUG - Creating shared instance of singleton bean 'org.springframework.boot.autoconfigure.info.ProjectInfoAutoConfiguration'
17:17:03.472 [main] o.s.b.f.s.DefaultListableBeanFactory TRACE - Creating instance of bean 'org.springframework.boot.autoconfigure.info.ProjectInfoAutoConfiguration'
17:17:03.477 [main] o.s.b.f.s.DefaultListableBeanFactory DEBUG - Creating shared instance of singleton bean 'spring.info-org.springframework.boot.autoconfigure.info.ProjectInfoProperties'
17:17:03.477 [main] o.s.b.f.s.DefaultListableBeanFactory TRACE - Creating instance of bean 'spring.info-org.springframework.boot.autoconfigure.info.ProjectInfoProperties'
17:17:03.477 [main] o.s.b.f.s.DefaultListableBeanFactory TRACE - Returning cached instance of singleton bean 'org.springframework.boot.context.properties.BoundConfigurationProperties'
17:17:03.479 [main] o.s.b.f.s.DefaultListableBeanFactory TRACE - Returning cached instance of singleton bean 'org.springframework.transaction.config.internalTransactionAdvisor'
17:17:03.479 [main] o.s.b.f.s.DefaultListableBeanFactory TRACE - Finished creating instance of bean 'spring.info-org.springframework.boot.autoconfigure.info.ProjectInfoProperties'
17:17:03.479 [main] o.s.b.f.s.DefaultListableBeanFactory DEBUG - Autowiring by type from bean name 'org.springframework.boot.autoconfigure.info.ProjectInfoAutoConfiguration' via constructor to bean named 'spring.info-org.springframework.boot.autoconfigure.info.ProjectInfoProperties'
17:17:03.480 [main] o.s.b.f.s.DefaultListableBeanFactory TRACE - Returning cached instance of singleton bean 'org.springframework.transaction.config.internalTransactionAdvisor'
17:17:03.480 [main] o.s.b.f.s.DefaultListableBeanFactory TRACE - Finished creating instance of bean 'org.springframework.boot.autoconfigure.info.ProjectInfoAutoConfiguration'
17:17:03.480 [main] o.s.b.f.s.DefaultListableBeanFactory TRACE - Returning cached instance of singleton bean 'spring.info-org.springframework.boot.autoconfigure.info.ProjectInfoProperties'
17:17:03.480 [main] o.s.b.f.s.DefaultListableBeanFactory TRACE - Returning cached instance of singleton bean 'org.springframework.boot.autoconfigure.jdbc.JdbcTemplateConfiguration'
17:17:03.480 [main] o.s.b.f.s.DefaultListableBeanFactory TRACE - Returning cached instance of singleton bean 'jdbcTemplate'
17:17:03.480 [main] o.s.b.f.s.DefaultListableBeanFactory DEBUG - Creating shared instance of singleton bean 'org.springframework.boot.autoconfigure.jdbc.NamedParameterJdbcTemplateConfiguration'
17:17:03.480 [main] o.s.b.f.s.DefaultListableBeanFactory TRACE - Creating instance of bean 'org.springframework.boot.autoconfigure.jdbc.NamedParameterJdbcTemplateConfiguration'
17:17:03.480 [main] o.s.b.f.s.DefaultListableBeanFactory TRACE - Returning cached instance of singleton bean 'org.springframework.transaction.config.internalTransactionAdvisor'
17:17:03.481 [main] o.s.b.f.s.DefaultListableBeanFactory TRACE - Finished creating instance of bean 'org.springframework.boot.autoconfigure.jdbc.NamedParameterJdbcTemplateConfiguration'
17:17:03.481 [main] o.s.b.f.s.DefaultListableBeanFactory TRACE - Returning cached instance of singleton bean 'dataSourceScriptDatabaseInitializer'
17:17:03.481 [main] o.s.b.f.s.DefaultListableBeanFactory DEBUG - Creating shared instance of singleton bean 'namedParameterJdbcTemplate'
17:17:03.481 [main] o.s.b.f.s.DefaultListableBeanFactory TRACE - Creating instance of bean 'namedParameterJdbcTemplate'
17:17:03.481 [main] o.s.b.f.s.DefaultListableBeanFactory TRACE - Returning cached instance of singleton bean 'org.springframework.boot.autoconfigure.jdbc.NamedParameterJdbcTemplateConfiguration'
17:17:03.481 [main] o.s.b.f.s.DefaultListableBeanFactory TRACE - Returning cached instance of singleton bean 'jdbcTemplate'
17:17:03.481 [main] o.s.b.f.s.DefaultListableBeanFactory DEBUG - Autowiring by type from bean name 'namedParameterJdbcTemplate' via factory method to bean named 'jdbcTemplate'
17:17:03.486 [main] o.s.b.f.s.DefaultListableBeanFactory TRACE - Returning cached instance of singleton bean 'org.springframework.transaction.config.internalTransactionAdvisor'
17:17:03.488 [main] o.s.b.f.s.DefaultListableBeanFactory TRACE - Finished creating instance of bean 'namedParameterJdbcTemplate'
17:17:03.488 [main] o.s.b.f.s.DefaultListableBeanFactory DEBUG - Creating shared instance of singleton bean 'org.springframework.boot.autoconfigure.jdbc.JdbcTemplateAutoConfiguration'
17:17:03.488 [main] o.s.b.f.s.DefaultListableBeanFactory TRACE - Creating instance of bean 'org.springframework.boot.autoconfigure.jdbc.JdbcTemplateAutoConfiguration'
17:17:03.488 [main] o.s.b.f.s.DefaultListableBeanFactory TRACE - Returning cached instance of singleton bean 'org.springframework.transaction.config.internalTransactionAdvisor'
17:17:03.488 [main] o.s.b.f.s.DefaultListableBeanFactory TRACE - Finished creating instance of bean 'org.springframework.boot.autoconfigure.jdbc.JdbcTemplateAutoConfiguration'
17:17:03.488 [main] o.s.b.f.s.DefaultListableBeanFactory TRACE - Returning cached instance of singleton bean 'spring.jdbc-org.springframework.boot.autoconfigure.jdbc.JdbcProperties'
17:17:03.488 [main] o.s.b.f.s.DefaultListableBeanFactory TRACE - Returning cached instance of singleton bean 'org.springframework.boot.sql.init.dependency.DatabaseInitializationDependencyConfigurer$DependsOnDatabaseInitializationPostProcessor'
17:17:03.488 [main] o.s.b.f.s.DefaultListableBeanFactory DEBUG - Creating shared instance of singleton bean 'org.springframework.boot.autoconfigure.jdbc.JdbcClientAutoConfiguration'
17:17:03.488 [main] o.s.b.f.s.DefaultListableBeanFactory TRACE - Creating instance of bean 'org.springframework.boot.autoconfigure.jdbc.JdbcClientAutoConfiguration'
17:17:03.490 [main] o.s.b.f.s.DefaultListableBeanFactory TRACE - Returning cached instance of singleton bean 'org.springframework.transaction.config.internalTransactionAdvisor'
17:17:03.490 [main] o.s.b.f.s.DefaultListableBeanFactory TRACE - Finished creating instance of bean 'org.springframework.boot.autoconfigure.jdbc.JdbcClientAutoConfiguration'
17:17:03.490 [main] o.s.b.f.s.DefaultListableBeanFactory TRACE - Returning cached instance of singleton bean 'dataSourceScriptDatabaseInitializer'
17:17:03.490 [main] o.s.b.f.s.DefaultListableBeanFactory DEBUG - Creating shared instance of singleton bean 'jdbcClient'
17:17:03.490 [main] o.s.b.f.s.DefaultListableBeanFactory TRACE - Creating instance of bean 'jdbcClient'
17:17:03.490 [main] o.s.b.f.s.DefaultListableBeanFactory TRACE - Returning cached instance of singleton bean 'org.springframework.boot.autoconfigure.jdbc.JdbcClientAutoConfiguration'
17:17:03.490 [main] o.s.b.f.s.DefaultListableBeanFactory TRACE - Returning cached instance of singleton bean 'namedParameterJdbcTemplate'
17:17:03.490 [main] o.s.b.f.s.DefaultListableBeanFactory DEBUG - Autowiring by type from bean name 'jdbcClient' via factory method to bean named 'namedParameterJdbcTemplate'
17:17:03.491 [main] o.s.b.f.s.DefaultListableBeanFactory TRACE - Returning cached instance of singleton bean 'org.springframework.transaction.config.internalTransactionAdvisor'
17:17:03.493 [main] o.s.b.f.s.DefaultListableBeanFactory TRACE - Finished creating instance of bean 'jdbcClient'
17:17:03.493 [main] o.s.b.f.s.DefaultListableBeanFactory DEBUG - Creating shared instance of singleton bean 'org.springframework.boot.autoconfigure.security.servlet.SecurityFilterAutoConfiguration'
17:17:03.493 [main] o.s.b.f.s.DefaultListableBeanFactory TRACE - Creating instance of bean 'org.springframework.boot.autoconfigure.security.servlet.SecurityFilterAutoConfiguration'
17:17:03.494 [main] o.s.b.f.s.DefaultListableBeanFactory TRACE - Returning cached instance of singleton bean 'org.springframework.transaction.config.internalTransactionAdvisor'
17:17:03.494 [main] o.s.b.f.s.DefaultListableBeanFactory TRACE - Finished creating instance of bean 'org.springframework.boot.autoconfigure.security.servlet.SecurityFilterAutoConfiguration'
17:17:03.494 [main] o.s.b.f.s.DefaultListableBeanFactory DEBUG - Creating shared instance of singleton bean 'spring.security-org.springframework.boot.autoconfigure.security.SecurityProperties'
17:17:03.494 [main] o.s.b.f.s.DefaultListableBeanFactory TRACE - Creating instance of bean 'spring.security-org.springframework.boot.autoconfigure.security.SecurityProperties'
17:17:03.715 [main] o.s.b.f.s.DefaultListableBeanFactory TRACE - Returning cached instance of singleton bean 'org.springframework.boot.context.properties.BoundConfigurationProperties'
17:17:03.719 [main] o.s.b.f.s.DefaultListableBeanFactory TRACE - Returning cached instance of singleton bean 'org.springframework.transaction.config.internalTransactionAdvisor'
17:17:03.719 [main] o.s.b.f.s.DefaultListableBeanFactory TRACE - Finished creating instance of bean 'spring.security-org.springframework.boot.autoconfigure.security.SecurityProperties'
17:17:03.719 [main] o.s.b.f.s.DefaultListableBeanFactory TRACE - Returning cached instance of singleton bean 'org.springframework.boot.autoconfigure.sql.init.DataSourceInitializationConfiguration'
17:17:03.719 [main] o.s.b.f.s.DefaultListableBeanFactory TRACE - Returning cached instance of singleton bean 'dataSourceScriptDatabaseInitializer'
17:17:03.719 [main] o.s.b.f.s.DefaultListableBeanFactory DEBUG - Creating shared instance of singleton bean 'org.springframework.boot.autoconfigure.sql.init.SqlInitializationAutoConfiguration'
17:17:03.719 [main] o.s.b.f.s.DefaultListableBeanFactory TRACE - Creating instance of bean 'org.springframework.boot.autoconfigure.sql.init.SqlInitializationAutoConfiguration'
17:17:03.737 [main] o.s.b.f.s.DefaultListableBeanFactory TRACE - Returning cached instance of singleton bean 'org.springframework.transaction.config.internalTransactionAdvisor'
17:17:03.737 [main] o.s.b.f.s.DefaultListableBeanFactory TRACE - Finished creating instance of bean 'org.springframework.boot.autoconfigure.sql.init.SqlInitializationAutoConfiguration'
17:17:03.737 [main] o.s.b.f.s.DefaultListableBeanFactory TRACE - Returning cached instance of singleton bean 'spring.sql.init-org.springframework.boot.autoconfigure.sql.init.SqlInitializationProperties'
17:17:03.738 [main] o.s.b.f.s.DefaultListableBeanFactory DEBUG - Creating shared instance of singleton bean 'org.springframework.boot.autoconfigure.task.TaskSchedulingConfigurations$ThreadPoolTaskSchedulerBuilderConfiguration'
17:17:03.738 [main] o.s.b.f.s.DefaultListableBeanFactory TRACE - Creating instance of bean 'org.springframework.boot.autoconfigure.task.TaskSchedulingConfigurations$ThreadPoolTaskSchedulerBuilderConfiguration'
17:17:03.738 [main] o.s.b.f.s.DefaultListableBeanFactory TRACE - Returning cached instance of singleton bean 'org.springframework.transaction.config.internalTransactionAdvisor'
17:17:03.738 [main] o.s.b.f.s.DefaultListableBeanFactory TRACE - Finished creating instance of bean 'org.springframework.boot.autoconfigure.task.TaskSchedulingConfigurations$ThreadPoolTaskSchedulerBuilderConfiguration'
17:17:03.738 [main] o.s.b.f.s.DefaultListableBeanFactory DEBUG - Creating shared instance of singleton bean 'threadPoolTaskSchedulerBuilder'
17:17:03.738 [main] o.s.b.f.s.DefaultListableBeanFactory TRACE - Creating instance of bean 'threadPoolTaskSchedulerBuilder'
17:17:03.738 [main] o.s.b.f.s.DefaultListableBeanFactory TRACE - Returning cached instance of singleton bean 'org.springframework.boot.autoconfigure.task.TaskSchedulingConfigurations$ThreadPoolTaskSchedulerBuilderConfiguration'
17:17:03.739 [main] o.s.b.f.s.DefaultListableBeanFactory DEBUG - Creating shared instance of singleton bean 'spring.task.scheduling-org.springframework.boot.autoconfigure.task.TaskSchedulingProperties'
17:17:03.739 [main] o.s.b.f.s.DefaultListableBeanFactory TRACE - Creating instance of bean 'spring.task.scheduling-org.springframework.boot.autoconfigure.task.TaskSchedulingProperties'
17:17:03.739 [main] o.s.b.f.s.DefaultListableBeanFactory TRACE - Returning cached instance of singleton bean 'org.springframework.boot.context.properties.BoundConfigurationProperties'
17:17:03.741 [main] o.s.b.f.s.DefaultListableBeanFactory TRACE - Returning cached instance of singleton bean 'org.springframework.transaction.config.internalTransactionAdvisor'
17:17:03.741 [main] o.s.b.f.s.DefaultListableBeanFactory TRACE - Finished creating instance of bean 'spring.task.scheduling-org.springframework.boot.autoconfigure.task.TaskSchedulingProperties'
17:17:03.741 [main] o.s.b.f.s.DefaultListableBeanFactory DEBUG - Autowiring by type from bean name 'threadPoolTaskSchedulerBuilder' via factory method to bean named 'spring.task.scheduling-org.springframework.boot.autoconfigure.task.TaskSchedulingProperties'
17:17:03.745 [main] o.s.b.f.s.DefaultListableBeanFactory TRACE - Returning cached instance of singleton bean 'org.springframework.transaction.config.internalTransactionAdvisor'
17:17:03.746 [main] o.s.b.f.s.DefaultListableBeanFactory TRACE - Finished creating instance of bean 'threadPoolTaskSchedulerBuilder'
17:17:03.746 [main] o.s.b.f.s.DefaultListableBeanFactory DEBUG - Creating shared instance of singleton bean 'org.springframework.boot.autoconfigure.task.TaskSchedulingConfigurations$TaskSchedulerBuilderConfiguration'
17:17:03.746 [main] o.s.b.f.s.DefaultListableBeanFactory TRACE - Creating instance of bean 'org.springframework.boot.autoconfigure.task.TaskSchedulingConfigurations$TaskSchedulerBuilderConfiguration'
17:17:03.746 [main] o.s.b.f.s.DefaultListableBeanFactory TRACE - Returning cached instance of singleton bean 'org.springframework.transaction.config.internalTransactionAdvisor'
17:17:03.746 [main] o.s.b.f.s.DefaultListableBeanFactory TRACE - Finished creating instance of bean 'org.springframework.boot.autoconfigure.task.TaskSchedulingConfigurations$TaskSchedulerBuilderConfiguration'
17:17:03.746 [main] o.s.b.f.s.DefaultListableBeanFactory DEBUG - Creating shared instance of singleton bean 'taskSchedulerBuilder'
17:17:03.746 [main] o.s.b.f.s.DefaultListableBeanFactory TRACE - Creating instance of bean 'taskSchedulerBuilder'
17:17:03.746 [main] o.s.b.f.s.DefaultListableBeanFactory TRACE - Returning cached instance of singleton bean 'org.springframework.boot.autoconfigure.task.TaskSchedulingConfigurations$TaskSchedulerBuilderConfiguration'
17:17:03.746 [main] o.s.b.f.s.DefaultListableBeanFactory TRACE - Returning cached instance of singleton bean 'spring.task.scheduling-org.springframework.boot.autoconfigure.task.TaskSchedulingProperties'
17:17:03.747 [main] o.s.b.f.s.DefaultListableBeanFactory DEBUG - Autowiring by type from bean name 'taskSchedulerBuilder' via factory method to bean named 'spring.task.scheduling-org.springframework.boot.autoconfigure.task.TaskSchedulingProperties'
17:17:03.751 [main] o.s.b.f.s.DefaultListableBeanFactory TRACE - Returning cached instance of singleton bean 'org.springframework.transaction.config.internalTransactionAdvisor'
17:17:03.752 [main] o.s.b.f.s.DefaultListableBeanFactory TRACE - Finished creating instance of bean 'taskSchedulerBuilder'
17:17:03.752 [main] o.s.b.f.s.DefaultListableBeanFactory DEBUG - Creating shared instance of singleton bean 'org.springframework.boot.autoconfigure.task.TaskSchedulingConfigurations$SimpleAsyncTaskSchedulerBuilderConfiguration'
17:17:03.752 [main] o.s.b.f.s.DefaultListableBeanFactory TRACE - Creating instance of bean 'org.springframework.boot.autoconfigure.task.TaskSchedulingConfigurations$SimpleAsyncTaskSchedulerBuilderConfiguration'
17:17:03.754 [main] o.s.b.f.s.DefaultListableBeanFactory TRACE - Returning cached instance of singleton bean 'spring.task.scheduling-org.springframework.boot.autoconfigure.task.TaskSchedulingProperties'
17:17:03.754 [main] o.s.b.f.s.DefaultListableBeanFactory DEBUG - Autowiring by type from bean name 'org.springframework.boot.autoconfigure.task.TaskSchedulingConfigurations$SimpleAsyncTaskSchedulerBuilderConfiguration' via constructor to bean named 'spring.task.scheduling-org.springframework.boot.autoconfigure.task.TaskSchedulingProperties'
17:17:03.754 [main] o.s.b.f.s.DefaultListableBeanFactory TRACE - Returning cached instance of singleton bean 'org.springframework.transaction.config.internalTransactionAdvisor'
17:17:03.754 [main] o.s.b.f.s.DefaultListableBeanFactory TRACE - Finished creating instance of bean 'org.springframework.boot.autoconfigure.task.TaskSchedulingConfigurations$SimpleAsyncTaskSchedulerBuilderConfiguration'
17:17:03.754 [main] o.s.b.f.s.DefaultListableBeanFactory DEBUG - Creating shared instance of singleton bean 'simpleAsyncTaskSchedulerBuilder'
17:17:03.754 [main] o.s.b.f.s.DefaultListableBeanFactory TRACE - Creating instance of bean 'simpleAsyncTaskSchedulerBuilder'
17:17:03.754 [main] o.s.b.f.s.DefaultListableBeanFactory TRACE - Returning cached instance of singleton bean 'org.springframework.boot.autoconfigure.task.TaskSchedulingConfigurations$SimpleAsyncTaskSchedulerBuilderConfiguration'
17:17:03.757 [main] o.s.b.f.s.DefaultListableBeanFactory TRACE - Returning cached instance of singleton bean 'org.springframework.transaction.config.internalTransactionAdvisor'
17:17:03.757 [main] o.s.b.f.s.DefaultListableBeanFactory TRACE - Finished creating instance of bean 'simpleAsyncTaskSchedulerBuilder'
17:17:03.757 [main] o.s.b.f.s.DefaultListableBeanFactory DEBUG - Creating shared instance of singleton bean 'org.springframework.boot.autoconfigure.task.TaskSchedulingAutoConfiguration'
17:17:03.757 [main] o.s.b.f.s.DefaultListableBeanFactory TRACE - Creating instance of bean 'org.springframework.boot.autoconfigure.task.TaskSchedulingAutoConfiguration'
17:17:03.758 [main] o.s.b.f.s.DefaultListableBeanFactory TRACE - Returning cached instance of singleton bean 'org.springframework.transaction.config.internalTransactionAdvisor'
17:17:03.758 [main] o.s.b.f.s.DefaultListableBeanFactory TRACE - Finished creating instance of bean 'org.springframework.boot.autoconfigure.task.TaskSchedulingAutoConfiguration'
17:17:03.758 [main] o.s.b.f.s.DefaultListableBeanFactory TRACE - Returning cached instance of singleton bean 'spring.task.scheduling-org.springframework.boot.autoconfigure.task.TaskSchedulingProperties'
17:17:03.758 [main] o.s.b.f.s.DefaultListableBeanFactory DEBUG - Creating shared instance of singleton bean 'org.springframework.boot.autoconfigure.jdbc.DataSourceTransactionManagerAutoConfiguration$JdbcTransactionManagerConfiguration'
17:17:03.758 [main] o.s.b.f.s.DefaultListableBeanFactory TRACE - Creating instance of bean 'org.springframework.boot.autoconfigure.jdbc.DataSourceTransactionManagerAutoConfiguration$JdbcTransactionManagerConfiguration'
17:17:03.758 [main] o.s.b.f.s.DefaultListableBeanFactory TRACE - Returning cached instance of singleton bean 'org.springframework.transaction.config.internalTransactionAdvisor'
17:17:03.759 [main] o.s.b.f.s.DefaultListableBeanFactory TRACE - Finished creating instance of bean 'org.springframework.boot.autoconfigure.jdbc.DataSourceTransactionManagerAutoConfiguration$JdbcTransactionManagerConfiguration'
17:17:03.759 [main] o.s.b.f.s.DefaultListableBeanFactory DEBUG - Creating shared instance of singleton bean 'transactionManager'
17:17:03.759 [main] o.s.b.f.s.DefaultListableBeanFactory TRACE - Creating instance of bean 'transactionManager'
17:17:03.759 [main] o.s.b.f.s.DefaultListableBeanFactory TRACE - Returning cached instance of singleton bean 'org.springframework.boot.autoconfigure.jdbc.DataSourceTransactionManagerAutoConfiguration$JdbcTransactionManagerConfiguration'
17:17:03.759 [main] o.s.b.f.s.DefaultListableBeanFactory TRACE - Returning cached instance of singleton bean 'environment'
17:17:03.759 [main] o.s.b.f.s.DefaultListableBeanFactory TRACE - Returning cached instance of singleton bean 'dataSource'
17:17:03.759 [main] o.s.b.f.s.DefaultListableBeanFactory DEBUG - Autowiring by type from bean name 'transactionManager' via factory method to bean named 'environment'
17:17:03.759 [main] o.s.b.f.s.DefaultListableBeanFactory DEBUG - Autowiring by type from bean name 'transactionManager' via factory method to bean named 'dataSource'
17:17:03.769 [main] o.s.b.f.s.DefaultListableBeanFactory TRACE - Returning cached instance of singleton bean 'platformTransactionManagerCustomizers'
17:17:03.774 [main] o.s.b.f.s.DefaultListableBeanFactory TRACE - Invoking afterPropertiesSet() on bean with name 'transactionManager'
17:17:03.774 [main] o.s.b.f.s.DefaultListableBeanFactory TRACE - Returning cached instance of singleton bean 'org.springframework.transaction.config.internalTransactionAdvisor'
17:17:03.775 [main] o.s.b.f.s.DefaultListableBeanFactory TRACE - Finished creating instance of bean 'transactionManager'
17:17:03.775 [main] o.s.b.f.s.DefaultListableBeanFactory DEBUG - Creating shared instance of singleton bean 'org.springframework.boot.autoconfigure.jdbc.DataSourceTransactionManagerAutoConfiguration'
17:17:03.775 [main] o.s.b.f.s.DefaultListableBeanFactory TRACE - Creating instance of bean 'org.springframework.boot.autoconfigure.jdbc.DataSourceTransactionManagerAutoConfiguration'
17:17:03.775 [main] o.s.b.f.s.DefaultListableBeanFactory TRACE - Returning cached instance of singleton bean 'org.springframework.transaction.config.internalTransactionAdvisor'
17:17:03.775 [main] o.s.b.f.s.DefaultListableBeanFactory TRACE - Finished creating instance of bean 'org.springframework.boot.autoconfigure.jdbc.DataSourceTransactionManagerAutoConfiguration'
17:17:03.775 [main] o.s.b.f.s.DefaultListableBeanFactory TRACE - Returning cached instance of singleton bean 'org.springframework.transaction.annotation.ProxyTransactionManagementConfiguration'
17:17:03.775 [main] o.s.b.f.s.DefaultListableBeanFactory TRACE - Returning cached instance of singleton bean 'org.springframework.transaction.config.internalTransactionAdvisor'
17:17:03.775 [main] o.s.b.f.s.DefaultListableBeanFactory TRACE - Returning cached instance of singleton bean 'transactionAttributeSource'
17:17:03.775 [main] o.s.b.f.s.DefaultListableBeanFactory TRACE - Returning cached instance of singleton bean 'transactionInterceptor'
17:17:03.775 [main] o.s.b.f.s.DefaultListableBeanFactory TRACE - Returning cached instance of singleton bean 'org.springframework.transaction.config.internalTransactionalEventListenerFactory'
17:17:03.775 [main] o.s.b.f.s.DefaultListableBeanFactory DEBUG - Creating shared instance of singleton bean 'org.springframework.boot.autoconfigure.transaction.TransactionAutoConfiguration$EnableTransactionManagementConfiguration$CglibAutoProxyConfiguration'
17:17:03.775 [main] o.s.b.f.s.DefaultListableBeanFactory TRACE - Creating instance of bean 'org.springframework.boot.autoconfigure.transaction.TransactionAutoConfiguration$EnableTransactionManagementConfiguration$CglibAutoProxyConfiguration'
17:17:03.775 [main] o.s.b.f.s.DefaultListableBeanFactory TRACE - Returning cached instance of singleton bean 'org.springframework.transaction.config.internalTransactionAdvisor'
17:17:03.776 [main] o.s.b.f.s.DefaultListableBeanFactory TRACE - Finished creating instance of bean 'org.springframework.boot.autoconfigure.transaction.TransactionAutoConfiguration$EnableTransactionManagementConfiguration$CglibAutoProxyConfiguration'
17:17:03.776 [main] o.s.b.f.s.DefaultListableBeanFactory TRACE - Returning cached instance of singleton bean 'org.springframework.aop.config.internalAutoProxyCreator'
17:17:03.776 [main] o.s.b.f.s.DefaultListableBeanFactory DEBUG - Creating shared instance of singleton bean 'org.springframework.boot.autoconfigure.transaction.TransactionAutoConfiguration$EnableTransactionManagementConfiguration'
17:17:03.776 [main] o.s.b.f.s.DefaultListableBeanFactory TRACE - Creating instance of bean 'org.springframework.boot.autoconfigure.transaction.TransactionAutoConfiguration$EnableTransactionManagementConfiguration'
17:17:03.776 [main] o.s.b.f.s.DefaultListableBeanFactory TRACE - Returning cached instance of singleton bean 'org.springframework.transaction.config.internalTransactionAdvisor'
17:17:03.776 [main] o.s.b.f.s.DefaultListableBeanFactory TRACE - Finished creating instance of bean 'org.springframework.boot.autoconfigure.transaction.TransactionAutoConfiguration$EnableTransactionManagementConfiguration'
17:17:03.776 [main] o.s.b.f.s.DefaultListableBeanFactory DEBUG - Creating shared instance of singleton bean 'org.springframework.boot.autoconfigure.transaction.TransactionAutoConfiguration$TransactionTemplateConfiguration'
17:17:03.776 [main] o.s.b.f.s.DefaultListableBeanFactory TRACE - Creating instance of bean 'org.springframework.boot.autoconfigure.transaction.TransactionAutoConfiguration$TransactionTemplateConfiguration'
17:17:03.776 [main] o.s.b.f.s.DefaultListableBeanFactory TRACE - Returning cached instance of singleton bean 'org.springframework.transaction.config.internalTransactionAdvisor'
17:17:03.776 [main] o.s.b.f.s.DefaultListableBeanFactory TRACE - Finished creating instance of bean 'org.springframework.boot.autoconfigure.transaction.TransactionAutoConfiguration$TransactionTemplateConfiguration'
17:17:03.776 [main] o.s.b.f.s.DefaultListableBeanFactory DEBUG - Creating shared instance of singleton bean 'transactionTemplate'
17:17:03.776 [main] o.s.b.f.s.DefaultListableBeanFactory TRACE - Creating instance of bean 'transactionTemplate'
17:17:03.776 [main] o.s.b.f.s.DefaultListableBeanFactory TRACE - Returning cached instance of singleton bean 'org.springframework.boot.autoconfigure.transaction.TransactionAutoConfiguration$TransactionTemplateConfiguration'
17:17:03.777 [main] o.s.b.f.s.DefaultListableBeanFactory TRACE - Returning cached instance of singleton bean 'transactionManager'
17:17:03.777 [main] o.s.b.f.s.DefaultListableBeanFactory DEBUG - Autowiring by type from bean name 'transactionTemplate' via factory method to bean named 'transactionManager'
17:17:03.778 [main] o.s.b.f.s.DefaultListableBeanFactory TRACE - Invoking afterPropertiesSet() on bean with name 'transactionTemplate'
17:17:03.779 [main] o.s.b.f.s.DefaultListableBeanFactory TRACE - Returning cached instance of singleton bean 'org.springframework.transaction.config.internalTransactionAdvisor'
17:17:03.779 [main] o.s.b.f.s.DefaultListableBeanFactory TRACE - Finished creating instance of bean 'transactionTemplate'
17:17:03.779 [main] o.s.b.f.s.DefaultListableBeanFactory DEBUG - Creating shared instance of singleton bean 'org.springframework.boot.autoconfigure.transaction.TransactionAutoConfiguration'
17:17:03.779 [main] o.s.b.f.s.DefaultListableBeanFactory TRACE - Creating instance of bean 'org.springframework.boot.autoconfigure.transaction.TransactionAutoConfiguration'
17:17:03.782 [main] o.s.b.f.s.DefaultListableBeanFactory TRACE - Returning cached instance of singleton bean 'org.springframework.transaction.config.internalTransactionAdvisor'
17:17:03.783 [main] o.s.b.f.s.DefaultListableBeanFactory TRACE - Finished creating instance of bean 'org.springframework.boot.autoconfigure.transaction.TransactionAutoConfiguration'
17:17:03.783 [main] o.s.b.f.s.DefaultListableBeanFactory DEBUG - Creating shared instance of singleton bean 'org.springframework.boot.autoconfigure.web.client.RestClientAutoConfiguration'
17:17:03.783 [main] o.s.b.f.s.DefaultListableBeanFactory TRACE - Creating instance of bean 'org.springframework.boot.autoconfigure.web.client.RestClientAutoConfiguration'
17:17:03.785 [main] o.s.b.f.s.DefaultListableBeanFactory TRACE - Returning cached instance of singleton bean 'org.springframework.transaction.config.internalTransactionAdvisor'
17:17:03.785 [main] o.s.b.f.s.DefaultListableBeanFactory TRACE - Finished creating instance of bean 'org.springframework.boot.autoconfigure.web.client.RestClientAutoConfiguration'
17:17:03.785 [main] o.s.b.f.s.DefaultListableBeanFactory DEBUG - Creating shared instance of singleton bean 'httpMessageConvertersRestClientCustomizer'
17:17:03.785 [main] o.s.b.f.s.DefaultListableBeanFactory TRACE - Creating instance of bean 'httpMessageConvertersRestClientCustomizer'
17:17:03.786 [main] o.s.b.f.s.DefaultListableBeanFactory TRACE - Returning cached instance of singleton bean 'org.springframework.boot.autoconfigure.web.client.RestClientAutoConfiguration'
17:17:03.786 [main] o.s.b.f.s.DefaultListableBeanFactory TRACE - Returning cached instance of singleton bean 'messageConverters'
17:17:03.787 [main] o.s.b.f.s.DefaultListableBeanFactory TRACE - Returning cached instance of singleton bean 'org.springframework.transaction.config.internalTransactionAdvisor'
17:17:03.787 [main] o.s.b.f.s.DefaultListableBeanFactory TRACE - Finished creating instance of bean 'httpMessageConvertersRestClientCustomizer'
17:17:03.787 [main] o.s.b.f.s.DefaultListableBeanFactory DEBUG - Creating shared instance of singleton bean 'restClientSsl'
17:17:03.787 [main] o.s.b.f.s.DefaultListableBeanFactory TRACE - Creating instance of bean 'restClientSsl'
17:17:03.787 [main] o.s.b.f.s.DefaultListableBeanFactory TRACE - Returning cached instance of singleton bean 'org.springframework.boot.autoconfigure.web.client.RestClientAutoConfiguration'
17:17:03.787 [main] o.s.b.f.s.DefaultListableBeanFactory TRACE - Returning cached instance of singleton bean 'sslBundleRegistry'
17:17:03.787 [main] o.s.b.f.s.DefaultListableBeanFactory DEBUG - Autowiring by type from bean name 'restClientSsl' via factory method to bean named 'sslBundleRegistry'
17:17:03.788 [main] o.s.b.f.s.DefaultListableBeanFactory TRACE - Returning cached instance of singleton bean 'org.springframework.transaction.config.internalTransactionAdvisor'
17:17:03.788 [main] o.s.b.f.s.DefaultListableBeanFactory TRACE - Finished creating instance of bean 'restClientSsl'
17:17:03.788 [main] o.s.b.f.s.DefaultListableBeanFactory DEBUG - Creating shared instance of singleton bean 'restClientBuilderConfigurer'
17:17:03.789 [main] o.s.b.f.s.DefaultListableBeanFactory TRACE - Creating instance of bean 'restClientBuilderConfigurer'
17:17:03.789 [main] o.s.b.f.s.DefaultListableBeanFactory TRACE - Returning cached instance of singleton bean 'org.springframework.boot.autoconfigure.web.client.RestClientAutoConfiguration'
17:17:03.790 [main] o.s.b.f.s.DefaultListableBeanFactory TRACE - Returning cached instance of singleton bean 'httpMessageConvertersRestClientCustomizer'
17:17:03.790 [main] o.s.b.f.s.DefaultListableBeanFactory TRACE - Returning cached instance of singleton bean 'httpMessageConvertersRestClientCustomizer'
17:17:03.790 [main] o.s.b.f.s.DefaultListableBeanFactory TRACE - Returning cached instance of singleton bean 'org.springframework.transaction.config.internalTransactionAdvisor'
17:17:03.791 [main] o.s.b.f.s.DefaultListableBeanFactory TRACE - Finished creating instance of bean 'restClientBuilderConfigurer'
17:17:03.791 [main] o.s.b.f.s.DefaultListableBeanFactory DEBUG - Creating shared instance of singleton bean 'org.springframework.boot.autoconfigure.web.client.RestTemplateAutoConfiguration'
17:17:03.791 [main] o.s.b.f.s.DefaultListableBeanFactory TRACE - Creating instance of bean 'org.springframework.boot.autoconfigure.web.client.RestTemplateAutoConfiguration'
17:17:03.791 [main] o.s.b.f.s.DefaultListableBeanFactory TRACE - Returning cached instance of singleton bean 'org.springframework.transaction.config.internalTransactionAdvisor'
17:17:03.791 [main] o.s.b.f.s.DefaultListableBeanFactory TRACE - Finished creating instance of bean 'org.springframework.boot.autoconfigure.web.client.RestTemplateAutoConfiguration'
17:17:03.791 [main] o.s.b.f.s.DefaultListableBeanFactory TRACE - Returning cached instance of singleton bean 'org.springframework.boot.autoconfigure.web.servlet.HttpEncodingAutoConfiguration'
17:17:03.791 [main] o.s.b.f.s.DefaultListableBeanFactory DEBUG - Creating shared instance of singleton bean 'characterEncodingFilter'
17:17:03.791 [main] o.s.b.f.s.DefaultListableBeanFactory TRACE - Creating instance of bean 'characterEncodingFilter'
17:17:03.791 [main] o.s.b.f.s.DefaultListableBeanFactory TRACE - Returning cached instance of singleton bean 'org.springframework.boot.autoconfigure.web.servlet.HttpEncodingAutoConfiguration'
17:17:03.792 [main] o.s.b.f.s.DefaultListableBeanFactory TRACE - Invoking afterPropertiesSet() on bean with name 'characterEncodingFilter'
17:17:03.792 [main] o.s.b.f.s.DefaultListableBeanFactory TRACE - Returning cached instance of singleton bean 'org.springframework.transaction.config.internalTransactionAdvisor'
17:17:03.793 [main] o.s.b.f.s.DefaultListableBeanFactory TRACE - Finished creating instance of bean 'characterEncodingFilter'
17:17:03.793 [main] o.s.b.f.s.DefaultListableBeanFactory TRACE - Returning cached instance of singleton bean 'localeCharsetMappingsCustomizer'
17:17:03.793 [main] o.s.b.f.s.DefaultListableBeanFactory TRACE - Returning cached instance of singleton bean 'org.springframework.boot.autoconfigure.web.servlet.MultipartAutoConfiguration'
17:17:03.793 [main] o.s.b.f.s.DefaultListableBeanFactory TRACE - Returning cached instance of singleton bean 'multipartConfigElement'
17:17:03.793 [main] o.s.b.f.s.DefaultListableBeanFactory DEBUG - Creating shared instance of singleton bean 'multipartResolver'
17:17:03.793 [main] o.s.b.f.s.DefaultListableBeanFactory TRACE - Creating instance of bean 'multipartResolver'
17:17:03.793 [main] o.s.b.f.s.DefaultListableBeanFactory TRACE - Returning cached instance of singleton bean 'org.springframework.boot.autoconfigure.web.servlet.MultipartAutoConfiguration'
17:17:03.796 [main] o.s.b.f.s.DefaultListableBeanFactory TRACE - Returning cached instance of singleton bean 'org.springframework.transaction.config.internalTransactionAdvisor'
17:17:03.796 [main] o.s.b.f.s.DefaultListableBeanFactory TRACE - Finished creating instance of bean 'multipartResolver'
17:17:03.796 [main] o.s.b.f.s.DefaultListableBeanFactory TRACE - Returning cached instance of singleton bean 'spring.servlet.multipart-org.springframework.boot.autoconfigure.web.servlet.MultipartProperties'
17:17:03.801 [main] o.s.c.e.EventListenerMethodProcessor TRACE - No @EventListener annotations found on bean class: com.assignment.InternshipProject.InternshipProjectApplication$$SpringCGLIB$$0
17:17:03.801 [main] o.s.c.e.EventListenerMethodProcessor TRACE - No @EventListener annotations found on bean class: com.assignment.InternshipProject.configuration.FilterConfig$$SpringCGLIB$$0
17:17:03.801 [main] o.s.c.e.EventListenerMethodProcessor TRACE - No @EventListener annotations found on bean class: com.assignment.InternshipProject.controller.UserController
17:17:03.801 [main] o.s.c.e.EventListenerMethodProcessor TRACE - No @EventListener annotations found on bean class: com.assignment.InternshipProject.model.LoginSession
17:17:03.801 [main] o.s.c.e.EventListenerMethodProcessor TRACE - No @EventListener annotations found on bean class: com.assignment.InternshipProject.model.User
17:17:03.801 [main] o.s.c.e.EventListenerMethodProcessor TRACE - No @EventListener annotations found on bean class: com.assignment.InternshipProject.repository.LoginSessionRepository
17:17:03.801 [main] o.s.c.e.EventListenerMethodProcessor TRACE - No @EventListener annotations found on bean class: com.assignment.InternshipProject.repository.UserRepository
17:17:03.801 [main] o.s.c.e.EventListenerMethodProcessor TRACE - No @EventListener annotations found on bean class: com.assignment.InternshipProject.service.UserService
17:17:03.801 [main] o.s.c.e.EventListenerMethodProcessor TRACE - No @EventListener annotations found on bean class: org.springframework.boot.autoconfigure.context.PropertyPlaceholderAutoConfiguration
17:17:03.801 [main] o.s.c.e.EventListenerMethodProcessor TRACE - No @EventListener annotations found on bean class: org.springframework.boot.autoconfigure.ssl.SslAutoConfiguration
17:17:03.801 [main] o.s.c.e.EventListenerMethodProcessor TRACE - No @EventListener annotations found on bean class: org.springframework.boot.autoconfigure.websocket.servlet.WebSocketServletAutoConfiguration$TomcatWebSocketConfiguration
17:17:03.801 [main] o.s.c.e.EventListenerMethodProcessor TRACE - No @EventListener annotations found on bean class: org.springframework.boot.autoconfigure.websocket.servlet.WebSocketServletAutoConfiguration
17:17:03.801 [main] o.s.c.e.EventListenerMethodProcessor TRACE - No @EventListener annotations found on bean class: org.springframework.boot.autoconfigure.web.servlet.ServletWebServerFactoryConfiguration$EmbeddedTomcat
17:17:03.801 [main] o.s.c.e.EventListenerMethodProcessor TRACE - No @EventListener annotations found on bean class: org.springframework.boot.autoconfigure.web.servlet.ServletWebServerFactoryAutoConfiguration
17:17:03.802 [main] o.s.c.e.EventListenerMethodProcessor TRACE - No @EventListener annotations found on bean class: org.springframework.boot.autoconfigure.web.servlet.DispatcherServletAutoConfiguration$DispatcherServletConfiguration
17:17:03.802 [main] o.s.c.e.EventListenerMethodProcessor TRACE - No @EventListener annotations found on bean class: org.springframework.boot.autoconfigure.web.servlet.DispatcherServletAutoConfiguration$DispatcherServletRegistrationConfiguration
17:17:03.802 [main] o.s.c.e.EventListenerMethodProcessor TRACE - No @EventListener annotations found on bean class: org.springframework.boot.autoconfigure.web.servlet.DispatcherServletAutoConfiguration
17:17:03.802 [main] o.s.c.e.EventListenerMethodProcessor TRACE - No @EventListener annotations found on bean class: org.springframework.boot.autoconfigure.task.TaskExecutorConfigurations$ThreadPoolTaskExecutorBuilderConfiguration
17:17:03.802 [main] o.s.c.e.EventListenerMethodProcessor TRACE - No @EventListener annotations found on bean class: org.springframework.boot.autoconfigure.task.TaskExecutorConfigurations$TaskExecutorBuilderConfiguration
17:17:03.802 [main] o.s.c.e.EventListenerMethodProcessor TRACE - No @EventListener annotations found on bean class: org.springframework.boot.autoconfigure.task.TaskExecutorConfigurations$SimpleAsyncTaskExecutorBuilderConfiguration
17:17:03.802 [main] o.s.c.e.EventListenerMethodProcessor TRACE - No @EventListener annotations found on bean class: org.springframework.boot.autoconfigure.task.TaskExecutorConfigurations$TaskExecutorConfiguration
17:17:03.802 [main] o.s.c.e.EventListenerMethodProcessor TRACE - No @EventListener annotations found on bean class: org.springframework.boot.autoconfigure.task.TaskExecutionAutoConfiguration
17:17:03.802 [main] o.s.c.e.EventListenerMethodProcessor TRACE - No @EventListener annotations found on bean class: org.springframework.boot.autoconfigure.web.servlet.error.ErrorMvcAutoConfiguration$WhitelabelErrorViewConfiguration
17:17:03.802 [main] o.s.c.e.EventListenerMethodProcessor TRACE - No @EventListener annotations found on bean class: org.springframework.boot.autoconfigure.web.servlet.error.ErrorMvcAutoConfiguration$DefaultErrorViewResolverConfiguration
17:17:03.802 [main] o.s.c.e.EventListenerMethodProcessor TRACE - No @EventListener annotations found on bean class: org.springframework.boot.autoconfigure.web.servlet.error.ErrorMvcAutoConfiguration
17:17:03.802 [main] o.s.c.e.EventListenerMethodProcessor TRACE - No @EventListener annotations found on bean class: org.springframework.boot.autoconfigure.web.servlet.error.BasicErrorController
17:17:03.803 [main] o.s.c.e.EventListenerMethodProcessor TRACE - No @EventListener annotations found on bean class: org.springframework.boot.autoconfigure.web.servlet.WebMvcAutoConfiguration$EnableWebMvcConfiguration
17:17:03.803 [main] o.s.c.e.EventListenerMethodProcessor TRACE - No @EventListener annotations found on bean class: org.springframework.boot.autoconfigure.web.servlet.WebMvcAutoConfiguration$WebMvcAutoConfigurationAdapter
17:17:03.803 [main] o.s.c.e.EventListenerMethodProcessor TRACE - No @EventListener annotations found on bean class: org.springframework.boot.autoconfigure.web.servlet.WebMvcAutoConfiguration
17:17:03.803 [main] o.s.c.e.EventListenerMethodProcessor TRACE - No @EventListener annotations found on bean class: org.springframework.boot.autoconfigure.aop.AopAutoConfiguration$ClassProxyingConfiguration
17:17:03.803 [main] o.s.c.e.EventListenerMethodProcessor TRACE - No @EventListener annotations found on bean class: org.springframework.boot.autoconfigure.aop.AopAutoConfiguration
17:17:03.803 [main] o.s.c.e.EventListenerMethodProcessor TRACE - No @EventListener annotations found on bean class: org.springframework.boot.autoconfigure.availability.ApplicationAvailabilityAutoConfiguration
17:17:03.803 [main] o.s.c.e.EventListenerMethodProcessor TRACE - No @EventListener annotations found on bean class: org.springframework.boot.autoconfigure.jackson.JacksonAutoConfiguration$Jackson2ObjectMapperBuilderCustomizerConfiguration
17:17:03.803 [main] o.s.c.e.EventListenerMethodProcessor TRACE - No @EventListener annotations found on bean class: org.springframework.boot.autoconfigure.jackson.JacksonAutoConfiguration$JacksonObjectMapperBuilderConfiguration
17:17:03.803 [main] o.s.c.e.EventListenerMethodProcessor TRACE - No @EventListener annotations found on bean class: org.springframework.boot.autoconfigure.jackson.JacksonAutoConfiguration$ParameterNamesModuleConfiguration
17:17:03.804 [main] o.s.c.e.EventListenerMethodProcessor TRACE - No @EventListener annotations found on bean class: com.fasterxml.jackson.module.paramnames.ParameterNamesModule
17:17:03.804 [main] o.s.c.e.EventListenerMethodProcessor TRACE - No @EventListener annotations found on bean class: org.springframework.boot.autoconfigure.jackson.JacksonAutoConfiguration$JacksonObjectMapperConfiguration
17:17:03.805 [main] o.s.c.e.EventListenerMethodProcessor TRACE - No @EventListener annotations found on bean class: com.fasterxml.jackson.databind.ObjectMapper
17:17:03.805 [main] o.s.c.e.EventListenerMethodProcessor TRACE - No @EventListener annotations found on bean class: org.springframework.boot.autoconfigure.jackson.JacksonAutoConfiguration$JacksonMixinConfiguration
17:17:03.805 [main] o.s.c.e.EventListenerMethodProcessor TRACE - No @EventListener annotations found on bean class: org.springframework.boot.autoconfigure.jackson.JacksonAutoConfiguration
17:17:03.805 [main] o.s.c.e.EventListenerMethodProcessor TRACE - No @EventListener annotations found on bean class: org.springframework.boot.autoconfigure.jdbc.DataSourceConfiguration$Hikari
17:17:03.806 [main] o.s.c.e.EventListenerMethodProcessor TRACE - No @EventListener annotations found on bean class: com.zaxxer.hikari.HikariDataSource
17:17:03.806 [main] o.s.c.e.EventListenerMethodProcessor TRACE - No @EventListener annotations found on bean class: org.springframework.boot.autoconfigure.jdbc.DataSourceAutoConfiguration$PooledDataSourceConfiguration
17:17:03.806 [main] o.s.c.e.EventListenerMethodProcessor TRACE - No @EventListener annotations found on bean class: org.springframework.boot.autoconfigure.jdbc.metadata.DataSourcePoolMetadataProvidersConfiguration$HikariPoolDataSourceMetadataProviderConfiguration
17:17:03.806 [main] o.s.c.e.EventListenerMethodProcessor TRACE - No @EventListener annotations found on bean class: org.springframework.boot.autoconfigure.jdbc.metadata.DataSourcePoolMetadataProvidersConfiguration
17:17:03.806 [main] o.s.c.e.EventListenerMethodProcessor TRACE - No @EventListener annotations found on bean class: org.springframework.boot.autoconfigure.jdbc.DataSourceAutoConfiguration
17:17:03.806 [main] o.s.c.e.EventListenerMethodProcessor TRACE - No @EventListener annotations found on bean class: org.springframework.boot.autoconfigure.transaction.TransactionManagerCustomizationAutoConfiguration
17:17:03.806 [main] o.s.c.e.EventListenerMethodProcessor TRACE - No @EventListener annotations found on bean class: org.springframework.boot.autoconfigure.context.ConfigurationPropertiesAutoConfiguration
17:17:03.806 [main] o.s.c.e.EventListenerMethodProcessor TRACE - No @EventListener annotations found on bean class: org.springframework.boot.autoconfigure.context.LifecycleAutoConfiguration
17:17:03.806 [main] o.s.c.e.EventListenerMethodProcessor TRACE - No @EventListener annotations found on bean class: org.springframework.boot.autoconfigure.dao.PersistenceExceptionTranslationAutoConfiguration
17:17:03.806 [main] o.s.c.e.EventListenerMethodProcessor TRACE - No @EventListener annotations found on bean class: org.springframework.boot.autoconfigure.http.HttpMessageConvertersAutoConfiguration$StringHttpMessageConverterConfiguration
17:17:03.806 [main] o.s.c.e.EventListenerMethodProcessor TRACE - No @EventListener annotations found on bean class: org.springframework.boot.autoconfigure.http.JacksonHttpMessageConvertersConfiguration$MappingJackson2HttpMessageConverterConfiguration
17:17:03.806 [main] o.s.c.e.EventListenerMethodProcessor TRACE - No @EventListener annotations found on bean class: org.springframework.boot.autoconfigure.http.JacksonHttpMessageConvertersConfiguration
17:17:03.806 [main] o.s.c.e.EventListenerMethodProcessor TRACE - No @EventListener annotations found on bean class: org.springframework.boot.autoconfigure.http.HttpMessageConvertersAutoConfiguration
17:17:03.807 [main] o.s.c.e.EventListenerMethodProcessor TRACE - No @EventListener annotations found on bean class: org.springframework.boot.autoconfigure.info.ProjectInfoAutoConfiguration
17:17:03.807 [main] o.s.c.e.EventListenerMethodProcessor TRACE - No @EventListener annotations found on bean class: org.springframework.boot.autoconfigure.jdbc.JdbcTemplateConfiguration
17:17:03.807 [main] o.s.c.e.EventListenerMethodProcessor TRACE - No @EventListener annotations found on bean class: org.springframework.boot.autoconfigure.jdbc.NamedParameterJdbcTemplateConfiguration
17:17:03.807 [main] o.s.c.e.EventListenerMethodProcessor TRACE - No @EventListener annotations found on bean class: org.springframework.boot.autoconfigure.jdbc.JdbcTemplateAutoConfiguration
17:17:03.807 [main] o.s.c.e.EventListenerMethodProcessor TRACE - No @EventListener annotations found on bean class: org.springframework.boot.autoconfigure.jdbc.JdbcClientAutoConfiguration
17:17:03.807 [main] o.s.c.e.EventListenerMethodProcessor TRACE - No @EventListener annotations found on bean class: org.springframework.boot.autoconfigure.security.servlet.SecurityFilterAutoConfiguration
17:17:03.807 [main] o.s.c.e.EventListenerMethodProcessor TRACE - No @EventListener annotations found on bean class: org.springframework.boot.autoconfigure.sql.init.DataSourceInitializationConfiguration
17:17:03.807 [main] o.s.c.e.EventListenerMethodProcessor TRACE - No @EventListener annotations found on bean class: org.springframework.boot.autoconfigure.sql.init.SqlInitializationAutoConfiguration
17:17:03.807 [main] o.s.c.e.EventListenerMethodProcessor TRACE - No @EventListener annotations found on bean class: org.springframework.boot.autoconfigure.task.TaskSchedulingConfigurations$ThreadPoolTaskSchedulerBuilderConfiguration
17:17:03.807 [main] o.s.c.e.EventListenerMethodProcessor TRACE - No @EventListener annotations found on bean class: org.springframework.boot.autoconfigure.task.TaskSchedulingConfigurations$TaskSchedulerBuilderConfiguration
17:17:03.807 [main] o.s.c.e.EventListenerMethodProcessor TRACE - No @EventListener annotations found on bean class: org.springframework.boot.autoconfigure.task.TaskSchedulingConfigurations$SimpleAsyncTaskSchedulerBuilderConfiguration
17:17:03.807 [main] o.s.c.e.EventListenerMethodProcessor TRACE - No @EventListener annotations found on bean class: org.springframework.boot.autoconfigure.task.TaskSchedulingAutoConfiguration
17:17:03.807 [main] o.s.c.e.EventListenerMethodProcessor TRACE - No @EventListener annotations found on bean class: org.springframework.boot.autoconfigure.jdbc.DataSourceTransactionManagerAutoConfiguration$JdbcTransactionManagerConfiguration
17:17:03.807 [main] o.s.c.e.EventListenerMethodProcessor TRACE - No @EventListener annotations found on bean class: org.springframework.boot.autoconfigure.jdbc.DataSourceTransactionManagerAutoConfiguration
17:17:03.807 [main] o.s.c.e.EventListenerMethodProcessor TRACE - No @EventListener annotations found on bean class: org.springframework.transaction.annotation.ProxyTransactionManagementConfiguration
17:17:03.807 [main] o.s.c.e.EventListenerMethodProcessor TRACE - No @EventListener annotations found on bean class: org.springframework.boot.autoconfigure.transaction.TransactionAutoConfiguration$EnableTransactionManagementConfiguration$CglibAutoProxyConfiguration
17:17:03.807 [main] o.s.c.e.EventListenerMethodProcessor TRACE - No @EventListener annotations found on bean class: org.springframework.boot.autoconfigure.transaction.TransactionAutoConfiguration$EnableTransactionManagementConfiguration
17:17:03.807 [main] o.s.c.e.EventListenerMethodProcessor TRACE - No @EventListener annotations found on bean class: org.springframework.boot.autoconfigure.transaction.TransactionAutoConfiguration$TransactionTemplateConfiguration
17:17:03.807 [main] o.s.c.e.EventListenerMethodProcessor TRACE - No @EventListener annotations found on bean class: org.springframework.boot.autoconfigure.transaction.TransactionAutoConfiguration
17:17:03.807 [main] o.s.c.e.EventListenerMethodProcessor TRACE - No @EventListener annotations found on bean class: org.springframework.boot.autoconfigure.web.client.RestClientAutoConfiguration
17:17:03.807 [main] o.s.c.e.EventListenerMethodProcessor TRACE - No @EventListener annotations found on bean class: org.springframework.boot.autoconfigure.web.client.RestTemplateAutoConfiguration
17:17:03.807 [main] o.s.c.e.EventListenerMethodProcessor TRACE - No @EventListener annotations found on bean class: org.springframework.boot.autoconfigure.web.servlet.HttpEncodingAutoConfiguration
17:17:03.807 [main] o.s.c.e.EventListenerMethodProcessor TRACE - No @EventListener annotations found on bean class: org.springframework.boot.autoconfigure.web.servlet.MultipartAutoConfiguration
17:17:03.807 [main] o.s.c.e.EventListenerMethodProcessor TRACE - No @EventListener annotations found on bean class: jakarta.servlet.MultipartConfigElement
17:17:03.814 [main] o.s.b.f.s.DefaultListableBeanFactory TRACE - Returning cached instance of singleton bean 'lifecycleProcessor'
17:17:03.814 [main] o.s.w.c.s.GenericWebApplicationContext TRACE - Using LifecycleProcessor [org.springframework.context.support.DefaultLifecycleProcessor@42297bdf]
17:17:03.815 [main] o.s.b.f.s.DefaultListableBeanFactory TRACE - Returning cached instance of singleton bean 'applicationTaskExecutor'
17:17:03.815 [main] o.s.b.f.s.DefaultListableBeanFactory TRACE - Returning cached instance of singleton bean 'lifecycleProcessor'
17:17:03.815 [main] o.s.b.f.s.DefaultListableBeanFactory TRACE - Returning cached instance of singleton bean 'springBootLoggingLifecycle'
17:17:03.820 [main] o.s.c.s.DefaultLifecycleProcessor DEBUG - Starting beans in phase -2147483647
17:17:03.821 [main] o.s.c.s.DefaultLifecycleProcessor TRACE - Starting bean 'springBootLoggingLifecycle' of type [org.springframework.boot.context.logging.LoggingApplicationListener$Lifecycle]
17:17:03.821 [main] o.s.c.s.DefaultLifecycleProcessor DEBUG - Successfully started bean 'springBootLoggingLifecycle'
17:17:03.821 [main] o.s.c.s.DefaultLifecycleProcessor DEBUG - Starting beans in phase 2147483647
17:17:03.822 [main] o.s.b.f.s.DefaultListableBeanFactory TRACE - Returning cached instance of singleton bean 'org.springframework.boot.autoconfigure.internalCachingMetadataReaderFactory'
17:17:03.822 [main] o.s.b.f.s.DefaultListableBeanFactory TRACE - Returning cached instance of singleton bean 'mvcResourceUrlProvider'
17:17:03.843 [main] o.s.b.a.l.ConditionEvaluationReportLogger DEBUG - 


============================
CONDITIONS EVALUATION REPORT
============================


Positive matches:
-----------------

   AopAutoConfiguration matched:
      - @ConditionalOnProperty (spring.aop.auto=true) matched (OnPropertyCondition)

   AopAutoConfiguration.ClassProxyingConfiguration matched:
      - @ConditionalOnMissingClass did not find unwanted class 'org.aspectj.weaver.Advice' (OnClassCondition)
      - @ConditionalOnProperty (spring.aop.proxy-target-class=true) matched (OnPropertyCondition)

   ApplicationAvailabilityAutoConfiguration#applicationAvailability matched:
      - @ConditionalOnMissingBean (types: org.springframework.boot.availability.ApplicationAvailability; SearchStrategy: all) did not find any beans (OnBeanCondition)

   DataSourceAutoConfiguration matched:
      - @ConditionalOnClass found required classes 'javax.sql.DataSource', 'org.springframework.jdbc.datasource.embedded.EmbeddedDatabaseType' (OnClassCondition)
      - @ConditionalOnMissingBean (types: io.r2dbc.spi.ConnectionFactory; SearchStrategy: all) did not find any beans (OnBeanCondition)

   DataSourceAutoConfiguration.PooledDataSourceConfiguration matched:
      - AnyNestedCondition 1 matched 1 did not; NestedCondition on DataSourceAutoConfiguration.PooledDataSourceCondition.PooledDataSourceAvailable PooledDataSource found supported DataSource; NestedCondition on DataSourceAutoConfiguration.PooledDataSourceCondition.ExplicitType @ConditionalOnProperty (spring.datasource.type) did not find property 'type' (DataSourceAutoConfiguration.PooledDataSourceCondition)
      - @ConditionalOnMissingBean (types: javax.sql.DataSource,javax.sql.XADataSource; SearchStrategy: all) did not find any beans (OnBeanCondition)

   DataSourceAutoConfiguration.PooledDataSourceConfiguration#jdbcConnectionDetails matched:
      - @ConditionalOnMissingBean (types: org.springframework.boot.autoconfigure.jdbc.JdbcConnectionDetails; SearchStrategy: all) did not find any beans (OnBeanCondition)

   DataSourceConfiguration.Hikari matched:
      - @ConditionalOnClass found required class 'com.zaxxer.hikari.HikariDataSource' (OnClassCondition)
      - @ConditionalOnProperty (spring.datasource.type=com.zaxxer.hikari.HikariDataSource) matched (OnPropertyCondition)
      - @ConditionalOnMissingBean (types: javax.sql.DataSource; SearchStrategy: all) did not find any beans (OnBeanCondition)

   DataSourceInitializationConfiguration matched:
      - @ConditionalOnClass found required class 'org.springframework.jdbc.datasource.init.DatabasePopulator' (OnClassCondition)
      - @ConditionalOnSingleCandidate (types: javax.sql.DataSource; SearchStrategy: all) found a single bean 'dataSource'; @ConditionalOnMissingBean (types: org.springframework.boot.autoconfigure.sql.init.SqlDataSourceScriptDatabaseInitializer,org.springframework.boot.autoconfigure.sql.init.SqlR2dbcScriptDatabaseInitializer; SearchStrategy: all) did not find any beans (OnBeanCondition)

   DataSourcePoolMetadataProvidersConfiguration.HikariPoolDataSourceMetadataProviderConfiguration matched:
      - @ConditionalOnClass found required class 'com.zaxxer.hikari.HikariDataSource' (OnClassCondition)

   DataSourceTransactionManagerAutoConfiguration matched:
      - @ConditionalOnClass found required classes 'org.springframework.jdbc.core.JdbcTemplate', 'org.springframework.transaction.TransactionManager' (OnClassCondition)

   DataSourceTransactionManagerAutoConfiguration.JdbcTransactionManagerConfiguration matched:
      - @ConditionalOnSingleCandidate (types: javax.sql.DataSource; SearchStrategy: all) found a single bean 'dataSource' (OnBeanCondition)

   DataSourceTransactionManagerAutoConfiguration.JdbcTransactionManagerConfiguration#transactionManager matched:
      - @ConditionalOnMissingBean (types: org.springframework.transaction.TransactionManager; SearchStrategy: all) did not find any beans (OnBeanCondition)

   DispatcherServletAutoConfiguration matched:
      - @ConditionalOnClass found required class 'org.springframework.web.servlet.DispatcherServlet' (OnClassCondition)
      - found 'session' scope (OnWebApplicationCondition)

   DispatcherServletAutoConfiguration.DispatcherServletConfiguration matched:
      - @ConditionalOnClass found required class 'jakarta.servlet.ServletRegistration' (OnClassCondition)
      - Default DispatcherServlet did not find dispatcher servlet beans (DispatcherServletAutoConfiguration.DefaultDispatcherServletCondition)

   DispatcherServletAutoConfiguration.DispatcherServletRegistrationConfiguration matched:
      - @ConditionalOnClass found required class 'jakarta.servlet.ServletRegistration' (OnClassCondition)
      - DispatcherServlet Registration did not find servlet registration bean (DispatcherServletAutoConfiguration.DispatcherServletRegistrationCondition)

   DispatcherServletAutoConfiguration.DispatcherServletRegistrationConfiguration#dispatcherServletRegistration matched:
      - @ConditionalOnBean (names: dispatcherServlet types: org.springframework.web.servlet.DispatcherServlet; SearchStrategy: all) found bean 'dispatcherServlet' (OnBeanCondition)

   ErrorMvcAutoConfiguration matched:
      - @ConditionalOnClass found required classes 'jakarta.servlet.Servlet', 'org.springframework.web.servlet.DispatcherServlet' (OnClassCondition)
      - found 'session' scope (OnWebApplicationCondition)

   ErrorMvcAutoConfiguration#basicErrorController matched:
      - @ConditionalOnMissingBean (types: org.springframework.boot.web.servlet.error.ErrorController; SearchStrategy: current) did not find any beans (OnBeanCondition)

   ErrorMvcAutoConfiguration#errorAttributes matched:
      - @ConditionalOnMissingBean (types: org.springframework.boot.web.servlet.error.ErrorAttributes; SearchStrategy: current) did not find any beans (OnBeanCondition)

   ErrorMvcAutoConfiguration.DefaultErrorViewResolverConfiguration#conventionErrorViewResolver matched:
      - @ConditionalOnBean (types: org.springframework.web.servlet.DispatcherServlet; SearchStrategy: all) found bean 'dispatcherServlet'; @ConditionalOnMissingBean (types: org.springframework.boot.autoconfigure.web.servlet.error.ErrorViewResolver; SearchStrategy: all) did not find any beans (OnBeanCondition)

   ErrorMvcAutoConfiguration.WhitelabelErrorViewConfiguration matched:
      - @ConditionalOnProperty (server.error.whitelabel.enabled) matched (OnPropertyCondition)
      - ErrorTemplate Missing did not find error template view (ErrorMvcAutoConfiguration.ErrorTemplateMissingCondition)

   ErrorMvcAutoConfiguration.WhitelabelErrorViewConfiguration#beanNameViewResolver matched:
      - @ConditionalOnMissingBean (types: org.springframework.web.servlet.view.BeanNameViewResolver; SearchStrategy: all) did not find any beans (OnBeanCondition)

   ErrorMvcAutoConfiguration.WhitelabelErrorViewConfiguration#defaultErrorView matched:
      - @ConditionalOnMissingBean (names: error; SearchStrategy: all) did not find any beans (OnBeanCondition)

   GenericCacheConfiguration matched:
      - Cache org.springframework.boot.autoconfigure.cache.GenericCacheConfiguration automatic cache type (CacheCondition)

   HttpEncodingAutoConfiguration matched:
      - @ConditionalOnClass found required class 'org.springframework.web.filter.CharacterEncodingFilter' (OnClassCondition)
      - found 'session' scope (OnWebApplicationCondition)
      - @ConditionalOnProperty (server.servlet.encoding.enabled) matched (OnPropertyCondition)

   HttpEncodingAutoConfiguration#characterEncodingFilter matched:
      - @ConditionalOnMissingBean (types: org.springframework.web.filter.CharacterEncodingFilter; SearchStrategy: all) did not find any beans (OnBeanCondition)

   HttpMessageConvertersAutoConfiguration matched:
      - @ConditionalOnClass found required class 'org.springframework.http.converter.HttpMessageConverter' (OnClassCondition)
      - NoneNestedConditions 0 matched 1 did not; NestedCondition on HttpMessageConvertersAutoConfiguration.NotReactiveWebApplicationCondition.ReactiveWebApplication did not find reactive web application classes (HttpMessageConvertersAutoConfiguration.NotReactiveWebApplicationCondition)

   HttpMessageConvertersAutoConfiguration#messageConverters matched:
      - @ConditionalOnMissingBean (types: org.springframework.boot.autoconfigure.http.HttpMessageConverters; SearchStrategy: all) did not find any beans (OnBeanCondition)

   HttpMessageConvertersAutoConfiguration.StringHttpMessageConverterConfiguration matched:
      - @ConditionalOnClass found required class 'org.springframework.http.converter.StringHttpMessageConverter' (OnClassCondition)

   HttpMessageConvertersAutoConfiguration.StringHttpMessageConverterConfiguration#stringHttpMessageConverter matched:
      - @ConditionalOnMissingBean (types: org.springframework.http.converter.StringHttpMessageConverter; SearchStrategy: all) did not find any beans (OnBeanCondition)

   JacksonAutoConfiguration matched:
      - @ConditionalOnClass found required class 'com.fasterxml.jackson.databind.ObjectMapper' (OnClassCondition)

   JacksonAutoConfiguration.Jackson2ObjectMapperBuilderCustomizerConfiguration matched:
      - @ConditionalOnClass found required class 'org.springframework.http.converter.json.Jackson2ObjectMapperBuilder' (OnClassCondition)

   JacksonAutoConfiguration.JacksonObjectMapperBuilderConfiguration matched:
      - @ConditionalOnClass found required class 'org.springframework.http.converter.json.Jackson2ObjectMapperBuilder' (OnClassCondition)

   JacksonAutoConfiguration.JacksonObjectMapperBuilderConfiguration#jacksonObjectMapperBuilder matched:
      - @ConditionalOnMissingBean (types: org.springframework.http.converter.json.Jackson2ObjectMapperBuilder; SearchStrategy: all) did not find any beans (OnBeanCondition)

   JacksonAutoConfiguration.JacksonObjectMapperConfiguration matched:
      - @ConditionalOnClass found required class 'org.springframework.http.converter.json.Jackson2ObjectMapperBuilder' (OnClassCondition)

   JacksonAutoConfiguration.JacksonObjectMapperConfiguration#jacksonObjectMapper matched:
      - @ConditionalOnMissingBean (types: com.fasterxml.jackson.databind.ObjectMapper; SearchStrategy: all) did not find any beans (OnBeanCondition)

   JacksonAutoConfiguration.ParameterNamesModuleConfiguration matched:
      - @ConditionalOnClass found required class 'com.fasterxml.jackson.module.paramnames.ParameterNamesModule' (OnClassCondition)

   JacksonAutoConfiguration.ParameterNamesModuleConfiguration#parameterNamesModule matched:
      - @ConditionalOnMissingBean (types: com.fasterxml.jackson.module.paramnames.ParameterNamesModule; SearchStrategy: all) did not find any beans (OnBeanCondition)

   JacksonHttpMessageConvertersConfiguration.MappingJackson2HttpMessageConverterConfiguration matched:
      - @ConditionalOnClass found required class 'com.fasterxml.jackson.databind.ObjectMapper' (OnClassCondition)
      - @ConditionalOnProperty (spring.mvc.converters.preferred-json-mapper=jackson) matched (OnPropertyCondition)
      - @ConditionalOnBean (types: com.fasterxml.jackson.databind.ObjectMapper; SearchStrategy: all) found bean 'jacksonObjectMapper' (OnBeanCondition)

   JacksonHttpMessageConvertersConfiguration.MappingJackson2HttpMessageConverterConfiguration#mappingJackson2HttpMessageConverter matched:
      - @ConditionalOnMissingBean (types: org.springframework.http.converter.json.MappingJackson2HttpMessageConverter ignored: org.springframework.hateoas.server.mvc.TypeConstrainedMappingJackson2HttpMessageConverter,org.springframework.data.rest.webmvc.alps.AlpsJsonHttpMessageConverter; SearchStrategy: all) did not find any beans (OnBeanCondition)

   JdbcClientAutoConfiguration matched:
      - @ConditionalOnSingleCandidate (types: org.springframework.jdbc.core.namedparam.NamedParameterJdbcTemplate; SearchStrategy: all) found a single bean 'namedParameterJdbcTemplate'; @ConditionalOnMissingBean (types: org.springframework.jdbc.core.simple.JdbcClient; SearchStrategy: all) did not find any beans (OnBeanCondition)

   JdbcTemplateAutoConfiguration matched:
      - @ConditionalOnClass found required classes 'javax.sql.DataSource', 'org.springframework.jdbc.core.JdbcTemplate' (OnClassCondition)
      - @ConditionalOnSingleCandidate (types: javax.sql.DataSource; SearchStrategy: all) found a single bean 'dataSource' (OnBeanCondition)

   JdbcTemplateConfiguration matched:
      - @ConditionalOnMissingBean (types: org.springframework.jdbc.core.JdbcOperations; SearchStrategy: all) did not find any beans (OnBeanCondition)

   LifecycleAutoConfiguration#defaultLifecycleProcessor matched:
      - @ConditionalOnMissingBean (names: lifecycleProcessor; SearchStrategy: current) did not find any beans (OnBeanCondition)

   MultipartAutoConfiguration matched:
      - @ConditionalOnClass found required classes 'jakarta.servlet.Servlet', 'org.springframework.web.multipart.support.StandardServletMultipartResolver', 'jakarta.servlet.MultipartConfigElement' (OnClassCondition)
      - found 'session' scope (OnWebApplicationCondition)
      - @ConditionalOnProperty (spring.servlet.multipart.enabled) matched (OnPropertyCondition)

   MultipartAutoConfiguration#multipartConfigElement matched:
      - @ConditionalOnMissingBean (types: jakarta.servlet.MultipartConfigElement; SearchStrategy: all) did not find any beans (OnBeanCondition)

   MultipartAutoConfiguration#multipartResolver matched:
      - @ConditionalOnMissingBean (types: org.springframework.web.multipart.MultipartResolver; SearchStrategy: all) did not find any beans (OnBeanCondition)

   NamedParameterJdbcTemplateConfiguration matched:
      - @ConditionalOnSingleCandidate (types: org.springframework.jdbc.core.JdbcTemplate; SearchStrategy: all) found a single bean 'jdbcTemplate'; @ConditionalOnMissingBean (types: org.springframework.jdbc.core.namedparam.NamedParameterJdbcOperations; SearchStrategy: all) did not find any beans (OnBeanCondition)

   NoOpCacheConfiguration matched:
      - Cache org.springframework.boot.autoconfigure.cache.NoOpCacheConfiguration automatic cache type (CacheCondition)

   PersistenceExceptionTranslationAutoConfiguration matched:
      - @ConditionalOnClass found required class 'org.springframework.dao.annotation.PersistenceExceptionTranslationPostProcessor' (OnClassCondition)

   PersistenceExceptionTranslationAutoConfiguration#persistenceExceptionTranslationPostProcessor matched:
      - @ConditionalOnProperty (spring.dao.exceptiontranslation.enabled) matched (OnPropertyCondition)
      - @ConditionalOnMissingBean (types: org.springframework.dao.annotation.PersistenceExceptionTranslationPostProcessor; SearchStrategy: all) did not find any beans (OnBeanCondition)

   PropertyPlaceholderAutoConfiguration#propertySourcesPlaceholderConfigurer matched:
      - @ConditionalOnMissingBean (types: org.springframework.context.support.PropertySourcesPlaceholderConfigurer; SearchStrategy: current) did not find any beans (OnBeanCondition)

   RestClientAutoConfiguration matched:
      - @ConditionalOnClass found required class 'org.springframework.web.client.RestClient' (OnClassCondition)
      - NoneNestedConditions 0 matched 1 did not; NestedCondition on NotReactiveWebApplicationCondition.ReactiveWebApplication did not find reactive web application classes (NotReactiveWebApplicationCondition)

   RestClientAutoConfiguration#httpMessageConvertersRestClientCustomizer matched:
      - @ConditionalOnMissingBean (types: org.springframework.boot.autoconfigure.web.client.HttpMessageConvertersRestClientCustomizer; SearchStrategy: all) did not find any beans (OnBeanCondition)

   RestClientAutoConfiguration#restClientBuilder matched:
      - @ConditionalOnMissingBean (types: org.springframework.web.client.RestClient$Builder; SearchStrategy: all) did not find any beans (OnBeanCondition)

   RestClientAutoConfiguration#restClientBuilderConfigurer matched:
      - @ConditionalOnMissingBean (types: org.springframework.boot.autoconfigure.web.client.RestClientBuilderConfigurer; SearchStrategy: all) did not find any beans (OnBeanCondition)

   RestClientAutoConfiguration#restClientSsl matched:
      - @ConditionalOnBean (types: org.springframework.boot.ssl.SslBundles; SearchStrategy: all) found bean 'sslBundleRegistry'; @ConditionalOnMissingBean (types: org.springframework.boot.autoconfigure.web.client.RestClientSsl; SearchStrategy: all) did not find any beans (OnBeanCondition)

   RestTemplateAutoConfiguration matched:
      - @ConditionalOnClass found required class 'org.springframework.web.client.RestTemplate' (OnClassCondition)
      - NoneNestedConditions 0 matched 1 did not; NestedCondition on NotReactiveWebApplicationCondition.ReactiveWebApplication did not find reactive web application classes (NotReactiveWebApplicationCondition)

   RestTemplateAutoConfiguration#restTemplateBuilder matched:
      - @ConditionalOnMissingBean (types: org.springframework.boot.web.client.RestTemplateBuilder; SearchStrategy: all) did not find any beans (OnBeanCondition)

   SecurityFilterAutoConfiguration matched:
      - @ConditionalOnClass found required classes 'org.springframework.security.web.context.AbstractSecurityWebApplicationInitializer', 'org.springframework.security.config.http.SessionCreationPolicy' (OnClassCondition)
      - found 'session' scope (OnWebApplicationCondition)

   ServletWebServerFactoryAutoConfiguration matched:
      - @ConditionalOnClass found required class 'jakarta.servlet.ServletRequest' (OnClassCondition)
      - found 'session' scope (OnWebApplicationCondition)

   ServletWebServerFactoryAutoConfiguration#tomcatServletWebServerFactoryCustomizer matched:
      - @ConditionalOnClass found required class 'org.apache.catalina.startup.Tomcat' (OnClassCondition)

   ServletWebServerFactoryConfiguration.EmbeddedTomcat matched:
      - @ConditionalOnClass found required classes 'jakarta.servlet.Servlet', 'org.apache.catalina.startup.Tomcat', 'org.apache.coyote.UpgradeProtocol' (OnClassCondition)
      - @ConditionalOnMissingBean (types: org.springframework.boot.web.servlet.server.ServletWebServerFactory; SearchStrategy: current) did not find any beans (OnBeanCondition)

   SimpleCacheConfiguration matched:
      - Cache org.springframework.boot.autoconfigure.cache.SimpleCacheConfiguration automatic cache type (CacheCondition)

   SqlInitializationAutoConfiguration matched:
      - @ConditionalOnProperty (spring.sql.init.enabled) matched (OnPropertyCondition)
      - NoneNestedConditions 0 matched 1 did not; NestedCondition on SqlInitializationAutoConfiguration.SqlInitializationModeCondition.ModeIsNever @ConditionalOnProperty (spring.sql.init.mode=never) did not find property 'mode' (SqlInitializationAutoConfiguration.SqlInitializationModeCondition)

   SslAutoConfiguration#sslBundleRegistry matched:
      - @ConditionalOnMissingBean (types: org.springframework.boot.ssl.SslBundleRegistry,org.springframework.boot.ssl.SslBundles; SearchStrategy: all) did not find any beans (OnBeanCondition)

   TaskExecutionAutoConfiguration matched:
      - @ConditionalOnClass found required class 'org.springframework.scheduling.concurrent.ThreadPoolTaskExecutor' (OnClassCondition)

   TaskExecutorConfigurations.SimpleAsyncTaskExecutorBuilderConfiguration#simpleAsyncTaskExecutorBuilder matched:
      - @ConditionalOnMissingBean (types: org.springframework.boot.task.SimpleAsyncTaskExecutorBuilder; SearchStrategy: all) did not find any beans (OnBeanCondition)
      - @ConditionalOnThreading found PLATFORM (OnThreadingCondition)

   TaskExecutorConfigurations.TaskExecutorBuilderConfiguration#taskExecutorBuilder matched:
      - @ConditionalOnMissingBean (types: org.springframework.boot.task.TaskExecutorBuilder; SearchStrategy: all) did not find any beans (OnBeanCondition)

   TaskExecutorConfigurations.TaskExecutorConfiguration matched:
      - @ConditionalOnMissingBean (types: java.util.concurrent.Executor; SearchStrategy: all) did not find any beans (OnBeanCondition)

   TaskExecutorConfigurations.TaskExecutorConfiguration#applicationTaskExecutor matched:
      - @ConditionalOnThreading found PLATFORM (OnThreadingCondition)

   TaskExecutorConfigurations.ThreadPoolTaskExecutorBuilderConfiguration#threadPoolTaskExecutorBuilder matched:
      - @ConditionalOnMissingBean (types: org.springframework.boot.task.TaskExecutorBuilder,org.springframework.boot.task.ThreadPoolTaskExecutorBuilder; SearchStrategy: all) did not find any beans (OnBeanCondition)

   TaskSchedulingAutoConfiguration matched:
      - @ConditionalOnClass found required class 'org.springframework.scheduling.concurrent.ThreadPoolTaskScheduler' (OnClassCondition)

   TaskSchedulingConfigurations.SimpleAsyncTaskSchedulerBuilderConfiguration#simpleAsyncTaskSchedulerBuilder matched:
      - @ConditionalOnMissingBean (types: org.springframework.boot.task.SimpleAsyncTaskSchedulerBuilder; SearchStrategy: all) did not find any beans (OnBeanCondition)
      - @ConditionalOnThreading found PLATFORM (OnThreadingCondition)

   TaskSchedulingConfigurations.TaskSchedulerBuilderConfiguration#taskSchedulerBuilder matched:
      - @ConditionalOnMissingBean (types: org.springframework.boot.task.TaskSchedulerBuilder; SearchStrategy: all) did not find any beans (OnBeanCondition)

   TaskSchedulingConfigurations.ThreadPoolTaskSchedulerBuilderConfiguration#threadPoolTaskSchedulerBuilder matched:
      - @ConditionalOnMissingBean (types: org.springframework.boot.task.TaskSchedulerBuilder,org.springframework.boot.task.ThreadPoolTaskSchedulerBuilder; SearchStrategy: all) did not find any beans (OnBeanCondition)

   TransactionAutoConfiguration matched:
      - @ConditionalOnClass found required class 'org.springframework.transaction.PlatformTransactionManager' (OnClassCondition)

   TransactionAutoConfiguration.EnableTransactionManagementConfiguration matched:
      - @ConditionalOnBean (types: org.springframework.transaction.TransactionManager; SearchStrategy: all) found bean 'transactionManager'; @ConditionalOnMissingBean (types: org.springframework.transaction.annotation.AbstractTransactionManagementConfiguration; SearchStrategy: all) did not find any beans (OnBeanCondition)

   TransactionAutoConfiguration.EnableTransactionManagementConfiguration.CglibAutoProxyConfiguration matched:
      - @ConditionalOnProperty (spring.aop.proxy-target-class=true) matched (OnPropertyCondition)

   TransactionAutoConfiguration.TransactionTemplateConfiguration matched:
      - @ConditionalOnSingleCandidate (types: org.springframework.transaction.PlatformTransactionManager; SearchStrategy: all) found a single bean 'transactionManager' (OnBeanCondition)

   TransactionAutoConfiguration.TransactionTemplateConfiguration#transactionTemplate matched:
      - @ConditionalOnMissingBean (types: org.springframework.transaction.support.TransactionOperations; SearchStrategy: all) did not find any beans (OnBeanCondition)

   TransactionManagerCustomizationAutoConfiguration matched:
      - @ConditionalOnClass found required class 'org.springframework.transaction.PlatformTransactionManager' (OnClassCondition)

   TransactionManagerCustomizationAutoConfiguration#platformTransactionManagerCustomizers matched:
      - @ConditionalOnMissingBean (types: org.springframework.boot.autoconfigure.transaction.TransactionManagerCustomizers; SearchStrategy: all) did not find any beans (OnBeanCondition)

   WebMvcAutoConfiguration matched:
      - @ConditionalOnClass found required classes 'jakarta.servlet.Servlet', 'org.springframework.web.servlet.DispatcherServlet', 'org.springframework.web.servlet.config.annotation.WebMvcConfigurer' (OnClassCondition)
      - found 'session' scope (OnWebApplicationCondition)
      - @ConditionalOnMissingBean (types: org.springframework.web.servlet.config.annotation.WebMvcConfigurationSupport; SearchStrategy: all) did not find any beans (OnBeanCondition)

   WebMvcAutoConfiguration#formContentFilter matched:
      - @ConditionalOnProperty (spring.mvc.formcontent.filter.enabled) matched (OnPropertyCondition)
      - @ConditionalOnMissingBean (types: org.springframework.web.filter.FormContentFilter; SearchStrategy: all) did not find any beans (OnBeanCondition)

   WebMvcAutoConfiguration.EnableWebMvcConfiguration#flashMapManager matched:
      - @ConditionalOnMissingBean (names: flashMapManager; SearchStrategy: all) did not find any beans (OnBeanCondition)

   WebMvcAutoConfiguration.EnableWebMvcConfiguration#localeResolver matched:
      - @ConditionalOnMissingBean (names: localeResolver; SearchStrategy: all) did not find any beans (OnBeanCondition)

   WebMvcAutoConfiguration.EnableWebMvcConfiguration#themeResolver matched:
      - @ConditionalOnMissingBean (names: themeResolver; SearchStrategy: all) did not find any beans (OnBeanCondition)

   WebMvcAutoConfiguration.WebMvcAutoConfigurationAdapter#defaultViewResolver matched:
      - @ConditionalOnMissingBean (types: org.springframework.web.servlet.view.InternalResourceViewResolver; SearchStrategy: all) did not find any beans (OnBeanCondition)

   WebMvcAutoConfiguration.WebMvcAutoConfigurationAdapter#requestContextFilter matched:
      - @ConditionalOnMissingBean (types: org.springframework.web.context.request.RequestContextListener,org.springframework.web.filter.RequestContextFilter; SearchStrategy: all) did not find any beans (OnBeanCondition)

   WebMvcAutoConfiguration.WebMvcAutoConfigurationAdapter#viewResolver matched:
      - @ConditionalOnBean (types: org.springframework.web.servlet.ViewResolver; SearchStrategy: all) found beans 'defaultViewResolver', 'beanNameViewResolver', 'mvcViewResolver'; @ConditionalOnMissingBean (names: viewResolver types: org.springframework.web.servlet.view.ContentNegotiatingViewResolver; SearchStrategy: all) did not find any beans (OnBeanCondition)

   WebSocketServletAutoConfiguration matched:
      - @ConditionalOnClass found required classes 'jakarta.servlet.Servlet', 'jakarta.websocket.server.ServerContainer' (OnClassCondition)
      - found 'session' scope (OnWebApplicationCondition)

   WebSocketServletAutoConfiguration.TomcatWebSocketConfiguration matched:
      - @ConditionalOnClass found required classes 'org.apache.catalina.startup.Tomcat', 'org.apache.tomcat.websocket.server.WsSci' (OnClassCondition)

   WebSocketServletAutoConfiguration.TomcatWebSocketConfiguration#websocketServletWebServerCustomizer matched:
      - @ConditionalOnMissingBean (names: websocketServletWebServerCustomizer; SearchStrategy: all) did not find any beans (OnBeanCondition)


Negative matches:
-----------------

   ActiveMQAutoConfiguration:
      Did not match:
         - @ConditionalOnClass did not find required class 'jakarta.jms.ConnectionFactory' (OnClassCondition)

   AopAutoConfiguration.AspectJAutoProxyingConfiguration:
      Did not match:
         - @ConditionalOnClass did not find required class 'org.aspectj.weaver.Advice' (OnClassCondition)

   ArtemisAutoConfiguration:
      Did not match:
         - @ConditionalOnClass did not find required class 'jakarta.jms.ConnectionFactory' (OnClassCondition)

   BatchAutoConfiguration:
      Did not match:
         - @ConditionalOnClass did not find required class 'org.springframework.batch.core.launch.JobLauncher' (OnClassCondition)

   Cache2kCacheConfiguration:
      Did not match:
         - @ConditionalOnClass did not find required class 'org.cache2k.Cache2kBuilder' (OnClassCondition)

   CacheAutoConfiguration:
      Did not match:
         - @ConditionalOnBean (types: org.springframework.cache.interceptor.CacheAspectSupport; SearchStrategy: all) did not find any beans of type org.springframework.cache.interceptor.CacheAspectSupport (OnBeanCondition)
      Matched:
         - @ConditionalOnClass found required class 'org.springframework.cache.CacheManager' (OnClassCondition)

   CacheAutoConfiguration.CacheManagerEntityManagerFactoryDependsOnPostProcessor:
      Did not match:
         - @ConditionalOnClass did not find required class 'org.springframework.orm.jpa.LocalContainerEntityManagerFactoryBean' (OnClassCondition)
         - Ancestor org.springframework.boot.autoconfigure.cache.CacheAutoConfiguration did not match (ConditionEvaluationReport.AncestorsMatchedCondition)

   CaffeineCacheConfiguration:
      Did not match:
         - @ConditionalOnClass did not find required class 'org.springframework.cache.caffeine.CaffeineCacheManager' (OnClassCondition)

   CassandraAutoConfiguration:
      Did not match:
         - @ConditionalOnClass did not find required class 'com.datastax.oss.driver.api.core.CqlSession' (OnClassCondition)

   CassandraDataAutoConfiguration:
      Did not match:
         - @ConditionalOnClass did not find required class 'com.datastax.oss.driver.api.core.CqlSession' (OnClassCondition)

   CassandraReactiveDataAutoConfiguration:
      Did not match:
         - @ConditionalOnClass did not find required class 'com.datastax.oss.driver.api.core.CqlSession' (OnClassCondition)

   CassandraReactiveRepositoriesAutoConfiguration:
      Did not match:
         - @ConditionalOnClass did not find required class 'org.springframework.data.cassandra.ReactiveSession' (OnClassCondition)

   CassandraRepositoriesAutoConfiguration:
      Did not match:
         - @ConditionalOnClass did not find required class 'com.datastax.oss.driver.api.core.CqlSession' (OnClassCondition)

   ClientHttpConnectorAutoConfiguration:
      Did not match:
         - @ConditionalOnClass did not find required class 'org.springframework.web.reactive.function.client.WebClient' (OnClassCondition)

   CodecsAutoConfiguration:
      Did not match:
         - @ConditionalOnClass did not find required class 'org.springframework.web.reactive.function.client.WebClient' (OnClassCondition)

   CouchbaseAutoConfiguration:
      Did not match:
         - @ConditionalOnClass did not find required class 'com.couchbase.client.java.Cluster' (OnClassCondition)

   CouchbaseCacheConfiguration:
      Did not match:
         - @ConditionalOnClass did not find required class 'com.couchbase.client.java.Cluster' (OnClassCondition)

   CouchbaseDataAutoConfiguration:
      Did not match:
         - @ConditionalOnClass did not find required class 'com.couchbase.client.java.Bucket' (OnClassCondition)

   CouchbaseReactiveDataAutoConfiguration:
      Did not match:
         - @ConditionalOnClass did not find required class 'com.couchbase.client.java.Cluster' (OnClassCondition)

   CouchbaseReactiveRepositoriesAutoConfiguration:
      Did not match:
         - @ConditionalOnClass did not find required class 'com.couchbase.client.java.Cluster' (OnClassCondition)

   CouchbaseRepositoriesAutoConfiguration:
      Did not match:
         - @ConditionalOnClass did not find required class 'com.couchbase.client.java.Bucket' (OnClassCondition)

   DataSourceAutoConfiguration.EmbeddedDatabaseConfiguration:
      Did not match:
         - EmbeddedDataSource spring.datasource.url is set (DataSourceAutoConfiguration.EmbeddedDatabaseCondition)

   DataSourceCheckpointRestoreConfiguration:
      Did not match:
         - @ConditionalOnClass did not find required class 'org.crac.Resource' (OnClassCondition)

   DataSourceConfiguration.Dbcp2:
      Did not match:
         - @ConditionalOnClass did not find required class 'org.apache.commons.dbcp2.BasicDataSource' (OnClassCondition)

   DataSourceConfiguration.Generic:
      Did not match:
         - @ConditionalOnProperty (spring.datasource.type) did not find property 'spring.datasource.type' (OnPropertyCondition)

   DataSourceConfiguration.OracleUcp:
      Did not match:
         - @ConditionalOnClass did not find required classes 'oracle.ucp.jdbc.PoolDataSourceImpl', 'oracle.jdbc.OracleConnection' (OnClassCondition)

   DataSourceConfiguration.Tomcat:
      Did not match:
         - @ConditionalOnClass did not find required class 'org.apache.tomcat.jdbc.pool.DataSource' (OnClassCondition)

   DataSourceJmxConfiguration:
      Did not match:
         - @ConditionalOnProperty (spring.jmx.enabled=true) found different value in property 'enabled' (OnPropertyCondition)

   DataSourcePoolMetadataProvidersConfiguration.CommonsDbcp2PoolDataSourceMetadataProviderConfiguration:
      Did not match:
         - @ConditionalOnClass did not find required class 'org.apache.commons.dbcp2.BasicDataSource' (OnClassCondition)

   DataSourcePoolMetadataProvidersConfiguration.OracleUcpPoolDataSourceMetadataProviderConfiguration:
      Did not match:
         - @ConditionalOnClass did not find required classes 'oracle.ucp.jdbc.PoolDataSource', 'oracle.jdbc.OracleConnection' (OnClassCondition)

   DataSourcePoolMetadataProvidersConfiguration.TomcatDataSourcePoolMetadataProviderConfiguration:
      Did not match:
         - @ConditionalOnClass did not find required class 'org.apache.tomcat.jdbc.pool.DataSource' (OnClassCondition)

   DispatcherServletAutoConfiguration.DispatcherServletConfiguration#multipartResolver:
      Did not match:
         - @ConditionalOnBean (types: org.springframework.web.multipart.MultipartResolver; SearchStrategy: all) did not find any beans of type org.springframework.web.multipart.MultipartResolver (OnBeanCondition)

   ElasticsearchClientAutoConfiguration:
      Did not match:
         - @ConditionalOnClass did not find required class 'co.elastic.clients.elasticsearch.ElasticsearchClient' (OnClassCondition)

   ElasticsearchDataAutoConfiguration:
      Did not match:
         - @ConditionalOnClass did not find required class 'org.springframework.data.elasticsearch.client.elc.ElasticsearchTemplate' (OnClassCondition)

   ElasticsearchRepositoriesAutoConfiguration:
      Did not match:
         - @ConditionalOnClass did not find required class 'org.springframework.data.elasticsearch.repository.ElasticsearchRepository' (OnClassCondition)

   ElasticsearchRestClientAutoConfiguration:
      Did not match:
         - @ConditionalOnClass did not find required class 'org.elasticsearch.client.RestClientBuilder' (OnClassCondition)

   EmbeddedLdapAutoConfiguration:
      Did not match:
         - @ConditionalOnClass did not find required class 'com.unboundid.ldap.listener.InMemoryDirectoryServer' (OnClassCondition)

   EmbeddedWebServerFactoryCustomizerAutoConfiguration:
      Did not match:
         - Application is deployed as a WAR file. (OnWarDeploymentCondition)
      Matched:
         - @ConditionalOnWebApplication (required) found 'session' scope (OnWebApplicationCondition)

   ErrorWebFluxAutoConfiguration:
      Did not match:
         - @ConditionalOnClass did not find required class 'org.springframework.web.reactive.config.WebFluxConfigurer' (OnClassCondition)

   FlywayAutoConfiguration:
      Did not match:
         - @ConditionalOnClass did not find required class 'org.flywaydb.core.Flyway' (OnClassCondition)

   FreeMarkerAutoConfiguration:
      Did not match:
         - @ConditionalOnClass did not find required class 'freemarker.template.Configuration' (OnClassCondition)

   GraphQlAutoConfiguration:
      Did not match:
         - @ConditionalOnClass did not find required class 'graphql.GraphQL' (OnClassCondition)

   GraphQlQueryByExampleAutoConfiguration:
      Did not match:
         - @ConditionalOnClass did not find required class 'graphql.GraphQL' (OnClassCondition)

   GraphQlQuerydslAutoConfiguration:
      Did not match:
         - @ConditionalOnClass did not find required class 'com.querydsl.core.Query' (OnClassCondition)

   GraphQlRSocketAutoConfiguration:
      Did not match:
         - @ConditionalOnClass did not find required class 'graphql.GraphQL' (OnClassCondition)

   GraphQlReactiveQueryByExampleAutoConfiguration:
      Did not match:
         - @ConditionalOnClass did not find required class 'graphql.GraphQL' (OnClassCondition)

   GraphQlReactiveQuerydslAutoConfiguration:
      Did not match:
         - @ConditionalOnClass did not find required class 'com.querydsl.core.Query' (OnClassCondition)

   GraphQlWebFluxAutoConfiguration:
      Did not match:
         - @ConditionalOnClass did not find required class 'graphql.GraphQL' (OnClassCondition)

   GraphQlWebFluxSecurityAutoConfiguration:
      Did not match:
         - @ConditionalOnClass did not find required class 'graphql.GraphQL' (OnClassCondition)

   GraphQlWebMvcAutoConfiguration:
      Did not match:
         - @ConditionalOnClass did not find required class 'graphql.GraphQL' (OnClassCondition)

   GraphQlWebMvcSecurityAutoConfiguration:
      Did not match:
         - @ConditionalOnClass did not find required class 'graphql.GraphQL' (OnClassCondition)

   GroovyTemplateAutoConfiguration:
      Did not match:
         - @ConditionalOnClass did not find required class 'groovy.text.markup.MarkupTemplateEngine' (OnClassCondition)

   GsonAutoConfiguration:
      Did not match:
         - @ConditionalOnClass did not find required class 'com.google.gson.Gson' (OnClassCondition)

   GsonHttpMessageConvertersConfiguration:
      Did not match:
         - @ConditionalOnClass did not find required class 'com.google.gson.Gson' (OnClassCondition)

   H2ConsoleAutoConfiguration:
      Did not match:
         - @ConditionalOnClass did not find required class 'org.h2.server.web.JakartaWebServlet' (OnClassCondition)

   HazelcastAutoConfiguration:
      Did not match:
         - @ConditionalOnClass did not find required class 'com.hazelcast.core.HazelcastInstance' (OnClassCondition)

   HazelcastCacheConfiguration:
      Did not match:
         - @ConditionalOnClass did not find required class 'com.hazelcast.core.HazelcastInstance' (OnClassCondition)

   HazelcastJpaDependencyAutoConfiguration:
      Did not match:
         - @ConditionalOnClass did not find required class 'com.hazelcast.core.HazelcastInstance' (OnClassCondition)

   HibernateJpaAutoConfiguration:
      Did not match:
         - @ConditionalOnClass did not find required class 'jakarta.persistence.EntityManager' (OnClassCondition)

   HttpHandlerAutoConfiguration:
      Did not match:
         - @ConditionalOnClass did not find required class 'org.springframework.web.reactive.DispatcherHandler' (OnClassCondition)

   HypermediaAutoConfiguration:
      Did not match:
         - @ConditionalOnClass did not find required class 'org.springframework.hateoas.EntityModel' (OnClassCondition)

   InfinispanCacheConfiguration:
      Did not match:
         - @ConditionalOnClass did not find required class 'org.infinispan.spring.embedded.provider.SpringEmbeddedCacheManager' (OnClassCondition)

   InfluxDbAutoConfiguration:
      Did not match:
         - @ConditionalOnClass did not find required class 'org.influxdb.InfluxDB' (OnClassCondition)

   IntegrationAutoConfiguration:
      Did not match:
         - @ConditionalOnClass did not find required class 'org.springframework.integration.config.EnableIntegration' (OnClassCondition)

   JCacheCacheConfiguration:
      Did not match:
         - @ConditionalOnClass did not find required class 'javax.cache.Caching' (OnClassCondition)

   JacksonHttpMessageConvertersConfiguration.MappingJackson2XmlHttpMessageConverterConfiguration:
      Did not match:
         - @ConditionalOnClass did not find required class 'com.fasterxml.jackson.dataformat.xml.XmlMapper' (OnClassCondition)

   JdbcRepositoriesAutoConfiguration:
      Did not match:
         - @ConditionalOnClass did not find required class 'org.springframework.data.jdbc.repository.config.AbstractJdbcConfiguration' (OnClassCondition)

   JerseyAutoConfiguration:
      Did not match:
         - @ConditionalOnClass did not find required class 'org.glassfish.jersey.server.spring.SpringComponentProvider' (OnClassCondition)

   JmsAutoConfiguration:
      Did not match:
         - @ConditionalOnClass did not find required class 'jakarta.jms.Message' (OnClassCondition)

   JmxAutoConfiguration:
      Did not match:
         - @ConditionalOnProperty (spring.jmx.enabled=true) found different value in property 'enabled' (OnPropertyCondition)
      Matched:
         - @ConditionalOnClass found required class 'org.springframework.jmx.export.MBeanExporter' (OnClassCondition)

   JndiConnectionFactoryAutoConfiguration:
      Did not match:
         - @ConditionalOnClass did not find required class 'org.springframework.jms.core.JmsTemplate' (OnClassCondition)

   JndiDataSourceAutoConfiguration:
      Did not match:
         - @ConditionalOnProperty (spring.datasource.jndi-name) did not find property 'jndi-name' (OnPropertyCondition)
      Matched:
         - @ConditionalOnClass found required classes 'javax.sql.DataSource', 'org.springframework.jdbc.datasource.embedded.EmbeddedDatabaseType' (OnClassCondition)

   JooqAutoConfiguration:
      Did not match:
         - @ConditionalOnClass did not find required class 'org.jooq.DSLContext' (OnClassCondition)

   JpaRepositoriesAutoConfiguration:
      Did not match:
         - @ConditionalOnClass did not find required class 'org.springframework.data.jpa.repository.JpaRepository' (OnClassCondition)

   JsonbAutoConfiguration:
      Did not match:
         - @ConditionalOnClass did not find required class 'jakarta.json.bind.Jsonb' (OnClassCondition)

   JsonbHttpMessageConvertersConfiguration:
      Did not match:
         - @ConditionalOnClass did not find required class 'jakarta.json.bind.Jsonb' (OnClassCondition)

   JtaAutoConfiguration:
      Did not match:
         - @ConditionalOnClass did not find required class 'jakarta.transaction.Transaction' (OnClassCondition)

   KafkaAutoConfiguration:
      Did not match:
         - @ConditionalOnClass did not find required class 'org.springframework.kafka.core.KafkaTemplate' (OnClassCondition)

   LdapAutoConfiguration:
      Did not match:
         - @ConditionalOnClass did not find required class 'org.springframework.ldap.core.ContextSource' (OnClassCondition)

   LdapRepositoriesAutoConfiguration:
      Did not match:
         - @ConditionalOnClass did not find required class 'org.springframework.data.ldap.repository.LdapRepository' (OnClassCondition)

   LiquibaseAutoConfiguration:
      Did not match:
         - @ConditionalOnClass did not find required class 'liquibase.change.DatabaseChange' (OnClassCondition)

   MailSenderAutoConfiguration:
      Did not match:
         - @ConditionalOnClass did not find required class 'jakarta.mail.internet.MimeMessage' (OnClassCondition)

   MailSenderValidatorAutoConfiguration:
      Did not match:
         - @ConditionalOnSingleCandidate did not find required type 'org.springframework.mail.javamail.JavaMailSenderImpl' (OnBeanCondition)

   MessageSourceAutoConfiguration:
      Did not match:
         - ResourceBundle did not find bundle with basename messages (MessageSourceAutoConfiguration.ResourceBundleCondition)

   MongoAutoConfiguration:
      Did not match:
         - @ConditionalOnClass did not find required class 'com.mongodb.client.MongoClient' (OnClassCondition)

   MongoDataAutoConfiguration:
      Did not match:
         - @ConditionalOnClass did not find required class 'com.mongodb.client.MongoClient' (OnClassCondition)

   MongoReactiveAutoConfiguration:
      Did not match:
         - @ConditionalOnClass did not find required class 'com.mongodb.reactivestreams.client.MongoClient' (OnClassCondition)

   MongoReactiveDataAutoConfiguration:
      Did not match:
         - @ConditionalOnClass did not find required class 'com.mongodb.reactivestreams.client.MongoClient' (OnClassCondition)

   MongoReactiveRepositoriesAutoConfiguration:
      Did not match:
         - @ConditionalOnClass did not find required class 'com.mongodb.reactivestreams.client.MongoClient' (OnClassCondition)

   MongoRepositoriesAutoConfiguration:
      Did not match:
         - @ConditionalOnClass did not find required class 'com.mongodb.client.MongoClient' (OnClassCondition)

   MustacheAutoConfiguration:
      Did not match:
         - @ConditionalOnClass did not find required class 'com.samskivert.mustache.Mustache' (OnClassCondition)

   Neo4jAutoConfiguration:
      Did not match:
         - @ConditionalOnClass did not find required class 'org.neo4j.driver.Driver' (OnClassCondition)

   Neo4jDataAutoConfiguration:
      Did not match:
         - @ConditionalOnClass did not find required class 'org.neo4j.driver.Driver' (OnClassCondition)

   Neo4jReactiveDataAutoConfiguration:
      Did not match:
         - @ConditionalOnClass did not find required class 'org.neo4j.driver.Driver' (OnClassCondition)

   Neo4jReactiveRepositoriesAutoConfiguration:
      Did not match:
         - @ConditionalOnClass did not find required class 'org.neo4j.driver.Driver' (OnClassCondition)

   Neo4jRepositoriesAutoConfiguration:
      Did not match:
         - @ConditionalOnClass did not find required class 'org.neo4j.driver.Driver' (OnClassCondition)

   NettyAutoConfiguration:
      Did not match:
         - @ConditionalOnClass did not find required class 'io.netty.util.NettyRuntime' (OnClassCondition)

   OAuth2AuthorizationServerAutoConfiguration:
      Did not match:
         - @ConditionalOnClass did not find required class 'org.springframework.security.oauth2.server.authorization.OAuth2Authorization' (OnClassCondition)

   OAuth2AuthorizationServerJwtAutoConfiguration:
      Did not match:
         - @ConditionalOnClass did not find required class 'org.springframework.security.oauth2.server.authorization.OAuth2Authorization' (OnClassCondition)

   OAuth2ClientAutoConfiguration:
      Did not match:
         - @ConditionalOnClass did not find required class 'org.springframework.security.oauth2.client.registration.ClientRegistration' (OnClassCondition)

   OAuth2ResourceServerAutoConfiguration:
      Did not match:
         - @ConditionalOnClass did not find required class 'org.springframework.security.oauth2.server.resource.authentication.BearerTokenAuthenticationToken' (OnClassCondition)

   ProjectInfoAutoConfiguration#buildProperties:
      Did not match:
         - @ConditionalOnResource did not find resource '${spring.info.build.location:classpath:META-INF/build-info.properties}' (OnResourceCondition)

   ProjectInfoAutoConfiguration#gitProperties:
      Did not match:
         - GitResource did not find git info at classpath:git.properties (ProjectInfoAutoConfiguration.GitResourceAvailableCondition)

   PulsarAutoConfiguration:
      Did not match:
         - @ConditionalOnClass did not find required class 'org.apache.pulsar.client.api.PulsarClient' (OnClassCondition)

   PulsarReactiveAutoConfiguration:
      Did not match:
         - @ConditionalOnClass did not find required class 'org.apache.pulsar.client.api.PulsarClient' (OnClassCondition)

   QuartzAutoConfiguration:
      Did not match:
         - @ConditionalOnClass did not find required class 'org.quartz.Scheduler' (OnClassCondition)

   R2dbcAutoConfiguration:
      Did not match:
         - @ConditionalOnClass did not find required class 'io.r2dbc.spi.ConnectionFactory' (OnClassCondition)

   R2dbcDataAutoConfiguration:
      Did not match:
         - @ConditionalOnClass did not find required class 'org.springframework.data.r2dbc.core.R2dbcEntityTemplate' (OnClassCondition)

   R2dbcInitializationConfiguration:
      Did not match:
         - @ConditionalOnClass did not find required classes 'io.r2dbc.spi.ConnectionFactory', 'org.springframework.r2dbc.connection.init.DatabasePopulator' (OnClassCondition)

   R2dbcRepositoriesAutoConfiguration:
      Did not match:
         - @ConditionalOnClass did not find required class 'io.r2dbc.spi.ConnectionFactory' (OnClassCondition)

   R2dbcTransactionManagerAutoConfiguration:
      Did not match:
         - @ConditionalOnClass did not find required class 'org.springframework.r2dbc.connection.R2dbcTransactionManager' (OnClassCondition)

   RSocketGraphQlClientAutoConfiguration:
      Did not match:
         - @ConditionalOnClass did not find required class 'graphql.GraphQL' (OnClassCondition)

   RSocketMessagingAutoConfiguration:
      Did not match:
         - @ConditionalOnClass did not find required class 'io.rsocket.RSocket' (OnClassCondition)

   RSocketRequesterAutoConfiguration:
      Did not match:
         - @ConditionalOnClass did not find required class 'io.rsocket.RSocket' (OnClassCondition)

   RSocketSecurityAutoConfiguration:
      Did not match:
         - @ConditionalOnClass did not find required class 'org.springframework.security.rsocket.core.SecuritySocketAcceptorInterceptor' (OnClassCondition)

   RSocketServerAutoConfiguration:
      Did not match:
         - @ConditionalOnClass did not find required class 'io.rsocket.core.RSocketServer' (OnClassCondition)

   RSocketStrategiesAutoConfiguration:
      Did not match:
         - @ConditionalOnClass did not find required class 'io.netty.buffer.PooledByteBufAllocator' (OnClassCondition)

   RabbitAutoConfiguration:
      Did not match:
         - @ConditionalOnClass did not find required class 'com.rabbitmq.client.Channel' (OnClassCondition)

   ReactiveElasticsearchClientAutoConfiguration:
      Did not match:
         - @ConditionalOnClass did not find required class 'co.elastic.clients.transport.ElasticsearchTransport' (OnClassCondition)

   ReactiveElasticsearchRepositoriesAutoConfiguration:
      Did not match:
         - @ConditionalOnClass did not find required class 'org.springframework.data.elasticsearch.client.elc.ReactiveElasticsearchClient' (OnClassCondition)

   ReactiveMultipartAutoConfiguration:
      Did not match:
         - @ConditionalOnClass did not find required class 'org.springframework.web.reactive.config.WebFluxConfigurer' (OnClassCondition)

   ReactiveOAuth2ClientAutoConfiguration:
      Did not match:
         - @ConditionalOnClass did not find required class 'reactor.core.publisher.Flux' (OnClassCondition)

   ReactiveOAuth2ResourceServerAutoConfiguration:
      Did not match:
         - @ConditionalOnWebApplication did not find reactive web application classes (OnWebApplicationCondition)

   ReactiveSecurityAutoConfiguration:
      Did not match:
         - @ConditionalOnClass did not find required class 'reactor.core.publisher.Flux' (OnClassCondition)

   ReactiveUserDetailsServiceAutoConfiguration:
      Did not match:
         - AnyNestedCondition 0 matched 2 did not; NestedCondition on ReactiveUserDetailsServiceAutoConfiguration.RSocketEnabledOrReactiveWebApplication.ReactiveWebApplicationCondition did not find reactive web application classes; NestedCondition on ReactiveUserDetailsServiceAutoConfiguration.RSocketEnabledOrReactiveWebApplication.RSocketSecurityEnabledCondition @ConditionalOnBean (types: org.springframework.messaging.rsocket.annotation.support.RSocketMessageHandler; SearchStrategy: all) did not find any beans of type org.springframework.messaging.rsocket.annotation.support.RSocketMessageHandler (ReactiveUserDetailsServiceAutoConfiguration.RSocketEnabledOrReactiveWebApplication)
      Matched:
         - @ConditionalOnClass found required class 'org.springframework.security.authentication.ReactiveAuthenticationManager' (OnClassCondition)
         - AnyNestedCondition 1 matched 2 did not; NestedCondition on ReactiveUserDetailsServiceAutoConfiguration.MissingAlternativeOrUserPropertiesConfigured.PasswordConfigured @ConditionalOnProperty (spring.security.user.password) did not find property 'password'; NestedCondition on ReactiveUserDetailsServiceAutoConfiguration.MissingAlternativeOrUserPropertiesConfigured.NameConfigured @ConditionalOnProperty (spring.security.user.name) did not find property 'name'; NestedCondition on ReactiveUserDetailsServiceAutoConfiguration.MissingAlternativeOrUserPropertiesConfigured.MissingAlternative @ConditionalOnMissingClass did not find unwanted classes 'org.springframework.security.oauth2.client.registration.ClientRegistrationRepository', 'org.springframework.security.oauth2.server.resource.introspection.ReactiveOpaqueTokenIntrospector' (ReactiveUserDetailsServiceAutoConfiguration.MissingAlternativeOrUserPropertiesConfigured)

   ReactiveWebServerFactoryAutoConfiguration:
      Did not match:
         - @ConditionalOnWebApplication did not find reactive web application classes (OnWebApplicationCondition)

   ReactorAutoConfiguration:
      Did not match:
         - @ConditionalOnClass did not find required class 'reactor.core.publisher.Hooks' (OnClassCondition)

   RedisAutoConfiguration:
      Did not match:
         - @ConditionalOnClass did not find required class 'org.springframework.data.redis.core.RedisOperations' (OnClassCondition)

   RedisCacheConfiguration:
      Did not match:
         - @ConditionalOnClass did not find required class 'org.springframework.data.redis.connection.RedisConnectionFactory' (OnClassCondition)

   RedisReactiveAutoConfiguration:
      Did not match:
         - @ConditionalOnClass did not find required class 'reactor.core.publisher.Flux' (OnClassCondition)

   RedisRepositoriesAutoConfiguration:
      Did not match:
         - @ConditionalOnClass did not find required class 'org.springframework.data.redis.repository.configuration.EnableRedisRepositories' (OnClassCondition)

   RepositoryRestMvcAutoConfiguration:
      Did not match:
         - @ConditionalOnClass did not find required class 'org.springframework.data.rest.webmvc.config.RepositoryRestMvcConfiguration' (OnClassCondition)

   Saml2RelyingPartyAutoConfiguration:
      Did not match:
         - @ConditionalOnClass did not find required class 'org.springframework.security.saml2.provider.service.registration.RelyingPartyRegistrationRepository' (OnClassCondition)

   SecurityFilterAutoConfiguration#securityFilterChainRegistration:
      Did not match:
         - @ConditionalOnBean (names: springSecurityFilterChain; SearchStrategy: all) did not find any beans named springSecurityFilterChain (OnBeanCondition)

   SendGridAutoConfiguration:
      Did not match:
         - @ConditionalOnClass did not find required class 'com.sendgrid.SendGrid' (OnClassCondition)

   ServletWebServerFactoryAutoConfiguration.ForwardedHeaderFilterConfiguration:
      Did not match:
         - @ConditionalOnProperty (server.forward-headers-strategy=framework) did not find property 'server.forward-headers-strategy' (OnPropertyCondition)

   ServletWebServerFactoryConfiguration.EmbeddedJetty:
      Did not match:
         - @ConditionalOnClass did not find required classes 'org.eclipse.jetty.server.Server', 'org.eclipse.jetty.util.Loader', 'org.eclipse.jetty.ee10.webapp.WebAppContext' (OnClassCondition)

   ServletWebServerFactoryConfiguration.EmbeddedUndertow:
      Did not match:
         - @ConditionalOnClass did not find required classes 'io.undertow.Undertow', 'org.xnio.SslClientAuthMode' (OnClassCondition)

   SessionAutoConfiguration:
      Did not match:
         - @ConditionalOnClass did not find required class 'org.springframework.session.Session' (OnClassCondition)

   SpringApplicationAdminJmxAutoConfiguration:
      Did not match:
         - @ConditionalOnProperty (spring.application.admin.enabled=true) did not find property 'enabled' (OnPropertyCondition)

   SpringDataWebAutoConfiguration:
      Did not match:
         - @ConditionalOnClass did not find required class 'org.springframework.data.web.PageableHandlerMethodArgumentResolver' (OnClassCondition)

   TaskExecutorConfigurations.SimpleAsyncTaskExecutorBuilderConfiguration#simpleAsyncTaskExecutorBuilderVirtualThreads:
      Did not match:
         - @ConditionalOnMissingBean (types: org.springframework.boot.task.SimpleAsyncTaskExecutorBuilder; SearchStrategy: all) found beans of type 'org.springframework.boot.task.SimpleAsyncTaskExecutorBuilder' simpleAsyncTaskExecutorBuilder (OnBeanCondition)

   TaskExecutorConfigurations.TaskExecutorConfiguration#applicationTaskExecutorVirtualThreads:
      Did not match:
         - @ConditionalOnThreading did not find VIRTUAL (OnThreadingCondition)

   TaskSchedulingAutoConfiguration#scheduledBeanLazyInitializationExcludeFilter:
      Did not match:
         - @ConditionalOnBean (names: org.springframework.context.annotation.internalScheduledAnnotationProcessor; SearchStrategy: all) did not find any beans named org.springframework.context.annotation.internalScheduledAnnotationProcessor (OnBeanCondition)

   TaskSchedulingConfigurations.SimpleAsyncTaskSchedulerBuilderConfiguration#simpleAsyncTaskSchedulerBuilderVirtualThreads:
      Did not match:
         - @ConditionalOnMissingBean (types: org.springframework.boot.task.SimpleAsyncTaskSchedulerBuilder; SearchStrategy: all) found beans of type 'org.springframework.boot.task.SimpleAsyncTaskSchedulerBuilder' simpleAsyncTaskSchedulerBuilder (OnBeanCondition)

   TaskSchedulingConfigurations.TaskSchedulerConfiguration:
      Did not match:
         - @ConditionalOnBean (names: org.springframework.context.annotation.internalScheduledAnnotationProcessor; SearchStrategy: all) did not find any beans named org.springframework.context.annotation.internalScheduledAnnotationProcessor (OnBeanCondition)

   ThymeleafAutoConfiguration:
      Did not match:
         - @ConditionalOnClass did not find required class 'org.thymeleaf.spring6.SpringTemplateEngine' (OnClassCondition)

   TransactionAutoConfiguration#transactionalOperator:
      Did not match:
         - @ConditionalOnSingleCandidate (types: org.springframework.transaction.ReactiveTransactionManager; SearchStrategy: all) did not find any beans (OnBeanCondition)

   TransactionAutoConfiguration.AspectJTransactionManagementConfiguration:
      Did not match:
         - @ConditionalOnBean did not find required type 'org.springframework.transaction.aspectj.AbstractTransactionAspect' (OnBeanCondition)
         - @ConditionalOnBean (types: org.springframework.transaction.aspectj.AbstractTransactionAspect; SearchStrategy: all) did not find any beans of type org.springframework.transaction.aspectj.AbstractTransactionAspect (OnBeanCondition)

   TransactionAutoConfiguration.EnableTransactionManagementConfiguration.JdkDynamicAutoProxyConfiguration:
      Did not match:
         - @ConditionalOnProperty (spring.aop.proxy-target-class=false) did not find property 'proxy-target-class' (OnPropertyCondition)

   UserDetailsServiceAutoConfiguration:
      Did not match:
         - @ConditionalOnBean (types: org.springframework.security.config.annotation.ObjectPostProcessor; SearchStrategy: all) did not find any beans of type org.springframework.security.config.annotation.ObjectPostProcessor (OnBeanCondition)
      Matched:
         - @ConditionalOnClass found required class 'org.springframework.security.authentication.AuthenticationManager' (OnClassCondition)
         - AnyNestedCondition 1 matched 2 did not; NestedCondition on UserDetailsServiceAutoConfiguration.MissingAlternativeOrUserPropertiesConfigured.PasswordConfigured @ConditionalOnProperty (spring.security.user.password) did not find property 'password'; NestedCondition on UserDetailsServiceAutoConfiguration.MissingAlternativeOrUserPropertiesConfigured.NameConfigured @ConditionalOnProperty (spring.security.user.name) did not find property 'name'; NestedCondition on UserDetailsServiceAutoConfiguration.MissingAlternativeOrUserPropertiesConfigured.MissingAlternative @ConditionalOnMissingClass did not find unwanted classes 'org.springframework.security.oauth2.client.registration.ClientRegistrationRepository', 'org.springframework.security.oauth2.server.resource.introspection.OpaqueTokenIntrospector', 'org.springframework.security.saml2.provider.service.registration.RelyingPartyRegistrationRepository' (UserDetailsServiceAutoConfiguration.MissingAlternativeOrUserPropertiesConfigured)

   ValidationAutoConfiguration:
      Did not match:
         - @ConditionalOnClass did not find required class 'jakarta.validation.executable.ExecutableValidator' (OnClassCondition)

   WebClientAutoConfiguration:
      Did not match:
         - @ConditionalOnClass did not find required class 'org.springframework.web.reactive.function.client.WebClient' (OnClassCondition)

   WebFluxAutoConfiguration:
      Did not match:
         - @ConditionalOnClass did not find required class 'org.springframework.web.reactive.config.WebFluxConfigurer' (OnClassCondition)

   WebMvcAutoConfiguration#hiddenHttpMethodFilter:
      Did not match:
         - @ConditionalOnProperty (spring.mvc.hiddenmethod.filter.enabled) did not find property 'enabled' (OnPropertyCondition)

   WebMvcAutoConfiguration.ProblemDetailsErrorHandlingConfiguration:
      Did not match:
         - @ConditionalOnProperty (spring.mvc.problemdetails.enabled=true) did not find property 'enabled' (OnPropertyCondition)

   WebMvcAutoConfiguration.ResourceChainCustomizerConfiguration:
      Did not match:
         - @ConditionalOnEnabledResourceChain did not find class org.webjars.WebJarAssetLocator (OnEnabledResourceChainCondition)

   WebMvcAutoConfiguration.WebMvcAutoConfigurationAdapter#beanNameViewResolver:
      Did not match:
         - @ConditionalOnMissingBean (types: org.springframework.web.servlet.view.BeanNameViewResolver; SearchStrategy: all) found beans of type 'org.springframework.web.servlet.view.BeanNameViewResolver' beanNameViewResolver (OnBeanCondition)

   WebServiceTemplateAutoConfiguration:
      Did not match:
         - @ConditionalOnClass did not find required class 'org.springframework.oxm.Marshaller' (OnClassCondition)

   WebServicesAutoConfiguration:
      Did not match:
         - @ConditionalOnClass did not find required class 'org.springframework.ws.transport.http.MessageDispatcherServlet' (OnClassCondition)

   WebSessionIdResolverAutoConfiguration:
      Did not match:
         - @ConditionalOnClass did not find required class 'reactor.core.publisher.Mono' (OnClassCondition)

   WebSocketMessagingAutoConfiguration:
      Did not match:
         - @ConditionalOnClass did not find required class 'org.springframework.web.socket.config.annotation.WebSocketMessageBrokerConfigurer' (OnClassCondition)

   WebSocketReactiveAutoConfiguration:
      Did not match:
         - @ConditionalOnWebApplication did not find reactive web application classes (OnWebApplicationCondition)

   WebSocketServletAutoConfiguration.JettyWebSocketConfiguration:
      Did not match:
         - @ConditionalOnClass did not find required class 'org.eclipse.jetty.ee10.websocket.jakarta.server.config.JakartaWebSocketServletContainerInitializer' (OnClassCondition)

   WebSocketServletAutoConfiguration.UndertowWebSocketConfiguration:
      Did not match:
         - @ConditionalOnClass did not find required class 'io.undertow.websockets.jsr.Bootstrap' (OnClassCondition)

   XADataSourceAutoConfiguration:
      Did not match:
         - @ConditionalOnClass did not find required class 'jakarta.transaction.TransactionManager' (OnClassCondition)


Exclusions:
-----------

    org.springframework.boot.autoconfigure.security.servlet.SecurityAutoConfiguration


Unconditional classes:
----------------------

    org.springframework.boot.autoconfigure.context.ConfigurationPropertiesAutoConfiguration

    org.springframework.boot.autoconfigure.ssl.SslAutoConfiguration

    org.springframework.boot.autoconfigure.context.LifecycleAutoConfiguration

    org.springframework.boot.autoconfigure.context.PropertyPlaceholderAutoConfiguration

    org.springframework.boot.autoconfigure.availability.ApplicationAvailabilityAutoConfiguration

    org.springframework.boot.autoconfigure.info.ProjectInfoAutoConfiguration



17:17:03.844 [main] o.s.b.f.s.DefaultListableBeanFactory TRACE - Returning cached instance of singleton bean 'welcomePageHandlerMapping'
17:17:03.844 [main] o.s.b.f.s.DefaultListableBeanFactory TRACE - Returning cached instance of singleton bean 'welcomePageNotAcceptableHandlerMapping'
17:17:03.844 [main] o.s.b.f.s.DefaultListableBeanFactory TRACE - Returning cached instance of singleton bean 'requestMappingHandlerMapping'
17:17:03.844 [main] o.s.b.f.s.DefaultListableBeanFactory TRACE - Returning cached instance of singleton bean 'viewControllerHandlerMapping'
17:17:03.844 [main] o.s.b.f.s.DefaultListableBeanFactory TRACE - Returning cached instance of singleton bean 'beanNameHandlerMapping'
17:17:03.844 [main] o.s.b.f.s.DefaultListableBeanFactory TRACE - Returning cached instance of singleton bean 'routerFunctionMapping'
17:17:03.844 [main] o.s.b.f.s.DefaultListableBeanFactory TRACE - Returning cached instance of singleton bean 'resourceHandlerMapping'
17:17:03.844 [main] o.s.b.f.s.DefaultListableBeanFactory TRACE - Returning cached instance of singleton bean 'defaultServletHandlerMapping'
17:17:03.849 [main] c.a.I.InternshipProjectApplicationTests INFO  - Started InternshipProjectApplicationTests in 3.843 seconds (process running for 5.376)
17:17:03.854 [main] o.s.b.f.s.DefaultListableBeanFactory TRACE - Returning cached instance of singleton bean 'applicationAvailability'
17:17:03.855 [main] o.s.b.a.ApplicationAvailabilityBean DEBUG - Application availability state LivenessState changed to CORRECT
17:17:03.858 [main] o.s.b.f.s.DefaultListableBeanFactory TRACE - Returning cached instance of singleton bean 'applicationAvailability'
17:17:03.859 [main] o.s.b.a.ApplicationAvailabilityBean DEBUG - Application availability state ReadinessState changed to ACCEPTING_TRAFFIC
17:17:03.862 [main] o.s.t.c.c.DefaultCacheAwareContextLoaderDelegate TRACE - Storing ApplicationContext [1620112330] in cache under key [WebMergedContextConfiguration@74960e9d testClass = com.assignment.InternshipProject.InternshipProjectApplicationTests, locations = [], classes = [com.assignment.InternshipProject.InternshipProjectApplication], contextInitializerClasses = [], activeProfiles = [], propertySourceDescriptors = [], propertySourceProperties = ["org.springframework.boot.test.context.SpringBootTestContextBootstrapper=true"], contextCustomizers = [org.springframework.boot.test.context.filter.ExcludeFilterContextCustomizer@3feb2dda, org.springframework.boot.test.json.DuplicateJsonObjectContextCustomizerFactory$DuplicateJsonObjectContextCustomizer@dc7df28, org.springframework.boot.test.mock.mockito.MockitoContextCustomizer@0, org.springframework.boot.test.web.client.TestRestTemplateContextCustomizer@6f43c82, org.springframework.boot.test.autoconfigure.actuate.observability.ObservabilityContextCustomizerFactory$DisableObservabilityContextCustomizer@1f, org.springframework.boot.test.autoconfigure.properties.PropertyMappingContextCustomizer@0, org.springframework.boot.test.autoconfigure.web.servlet.WebDriverContextCustomizer@f68f0dc, org.springframework.boot.test.context.SpringBootTestAnnotation@9ec9eb65], resourceBasePath = "src/main/webapp", contextLoader = org.springframework.boot.test.context.SpringBootContextLoader, parent = null]
17:17:03.863 [main] o.s.t.c.cache DEBUG - Spring test ApplicationContext cache statistics: [DefaultContextCache@4001d8c1 size = 1, maxSize = 32, parentContextCount = 0, hitCount = 0, missCount = 1, failureCount = 0]
17:17:03.864 [main] o.s.t.c.w.ServletTestExecutionListener TRACE - Setting up MockHttpServletRequest, MockHttpServletResponse, ServletWebRequest, and RequestContextHolder for test context [DefaultTestContext@73893ec1 testClass = com.assignment.InternshipProject.InternshipProjectApplicationTests, testInstance = com.assignment.InternshipProject.InternshipProjectApplicationTests@37af24cb, testMethod = null, testException = null, mergedContextConfiguration = [WebMergedContextConfiguration@74960e9d testClass = com.assignment.InternshipProject.InternshipProjectApplicationTests, locations = [], classes = [com.assignment.InternshipProject.InternshipProjectApplication], contextInitializerClasses = [], activeProfiles = [], propertySourceDescriptors = [], propertySourceProperties = ["org.springframework.boot.test.context.SpringBootTestContextBootstrapper=true"], contextCustomizers = [org.springframework.boot.test.context.filter.ExcludeFilterContextCustomizer@3feb2dda, org.springframework.boot.test.json.DuplicateJsonObjectContextCustomizerFactory$DuplicateJsonObjectContextCustomizer@dc7df28, org.springframework.boot.test.mock.mockito.MockitoContextCustomizer@0, org.springframework.boot.test.web.client.TestRestTemplateContextCustomizer@6f43c82, org.springframework.boot.test.autoconfigure.actuate.observability.ObservabilityContextCustomizerFactory$DisableObservabilityContextCustomizer@1f, org.springframework.boot.test.autoconfigure.properties.PropertyMappingContextCustomizer@0, org.springframework.boot.test.autoconfigure.web.servlet.WebDriverContextCustomizer@f68f0dc, org.springframework.boot.test.context.SpringBootTestAnnotation@9ec9eb65], resourceBasePath = "src/main/webapp", contextLoader = org.springframework.boot.test.context.SpringBootContextLoader, parent = null], attributes = {"org.springframework.test.context.web.ServletTestExecutionListener.activateListener" -> true}]
17:17:03.889 [main] o.s.t.c.s.DependencyInjectionTestExecutionListener TRACE - Performing dependency injection for test context [DefaultTestContext@73893ec1 testClass = com.assignment.InternshipProject.InternshipProjectApplicationTests, testInstance = com.assignment.InternshipProject.InternshipProjectApplicationTests@37af24cb, testMethod = null, testException = null, mergedContextConfiguration = [WebMergedContextConfiguration@74960e9d testClass = com.assignment.InternshipProject.InternshipProjectApplicationTests, locations = [], classes = [com.assignment.InternshipProject.InternshipProjectApplication], contextInitializerClasses = [], activeProfiles = [], propertySourceDescriptors = [], propertySourceProperties = ["org.springframework.boot.test.context.SpringBootTestContextBootstrapper=true"], contextCustomizers = [org.springframework.boot.test.context.filter.ExcludeFilterContextCustomizer@3feb2dda, org.springframework.boot.test.json.DuplicateJsonObjectContextCustomizerFactory$DuplicateJsonObjectContextCustomizer@dc7df28, org.springframework.boot.test.mock.mockito.MockitoContextCustomizer@0, org.springframework.boot.test.web.client.TestRestTemplateContextCustomizer@6f43c82, org.springframework.boot.test.autoconfigure.actuate.observability.ObservabilityContextCustomizerFactory$DisableObservabilityContextCustomizer@1f, org.springframework.boot.test.autoconfigure.properties.PropertyMappingContextCustomizer@0, org.springframework.boot.test.autoconfigure.web.servlet.WebDriverContextCustomizer@f68f0dc, org.springframework.boot.test.context.SpringBootTestAnnotation@9ec9eb65], resourceBasePath = "src/main/webapp", contextLoader = org.springframework.boot.test.context.SpringBootContextLoader, parent = null], attributes = {"org.springframework.test.context.web.ServletTestExecutionListener.activateListener" -> true, "org.springframework.test.context.web.ServletTestExecutionListener.populatedRequestContextHolder" -> true, "org.springframework.test.context.web.ServletTestExecutionListener.resetRequestContextHolder" -> true, "org.springframework.test.context.event.ApplicationEventsTestExecutionListener.recordApplicationEvents" -> false}]
17:17:03.889 [main] o.s.t.c.c.DefaultCacheAwareContextLoaderDelegate TRACE - Retrieved ApplicationContext [1620112330] from cache with key [WebMergedContextConfiguration@74960e9d testClass = com.assignment.InternshipProject.InternshipProjectApplicationTests, locations = [], classes = [com.assignment.InternshipProject.InternshipProjectApplication], contextInitializerClasses = [], activeProfiles = [], propertySourceDescriptors = [], propertySourceProperties = ["org.springframework.boot.test.context.SpringBootTestContextBootstrapper=true"], contextCustomizers = [org.springframework.boot.test.context.filter.ExcludeFilterContextCustomizer@3feb2dda, org.springframework.boot.test.json.DuplicateJsonObjectContextCustomizerFactory$DuplicateJsonObjectContextCustomizer@dc7df28, org.springframework.boot.test.mock.mockito.MockitoContextCustomizer@0, org.springframework.boot.test.web.client.TestRestTemplateContextCustomizer@6f43c82, org.springframework.boot.test.autoconfigure.actuate.observability.ObservabilityContextCustomizerFactory$DisableObservabilityContextCustomizer@1f, org.springframework.boot.test.autoconfigure.properties.PropertyMappingContextCustomizer@0, org.springframework.boot.test.autoconfigure.web.servlet.WebDriverContextCustomizer@f68f0dc, org.springframework.boot.test.context.SpringBootTestAnnotation@9ec9eb65], resourceBasePath = "src/main/webapp", contextLoader = org.springframework.boot.test.context.SpringBootContextLoader, parent = null]
17:17:03.889 [main] o.s.t.c.cache DEBUG - Spring test ApplicationContext cache statistics: [DefaultContextCache@4001d8c1 size = 1, maxSize = 32, parentContextCount = 0, hitCount = 1, missCount = 1, failureCount = 0]
17:17:03.890 [main] o.s.t.c.c.DefaultCacheAwareContextLoaderDelegate TRACE - Retrieved ApplicationContext [1620112330] from cache with key [WebMergedContextConfiguration@74960e9d testClass = com.assignment.InternshipProject.InternshipProjectApplicationTests, locations = [], classes = [com.assignment.InternshipProject.InternshipProjectApplication], contextInitializerClasses = [], activeProfiles = [], propertySourceDescriptors = [], propertySourceProperties = ["org.springframework.boot.test.context.SpringBootTestContextBootstrapper=true"], contextCustomizers = [org.springframework.boot.test.context.filter.ExcludeFilterContextCustomizer@3feb2dda, org.springframework.boot.test.json.DuplicateJsonObjectContextCustomizerFactory$DuplicateJsonObjectContextCustomizer@dc7df28, org.springframework.boot.test.mock.mockito.MockitoContextCustomizer@0, org.springframework.boot.test.web.client.TestRestTemplateContextCustomizer@6f43c82, org.springframework.boot.test.autoconfigure.actuate.observability.ObservabilityContextCustomizerFactory$DisableObservabilityContextCustomizer@1f, org.springframework.boot.test.autoconfigure.properties.PropertyMappingContextCustomizer@0, org.springframework.boot.test.autoconfigure.web.servlet.WebDriverContextCustomizer@f68f0dc, org.springframework.boot.test.context.SpringBootTestAnnotation@9ec9eb65], resourceBasePath = "src/main/webapp", contextLoader = org.springframework.boot.test.context.SpringBootContextLoader, parent = null]
17:17:03.890 [main] o.s.t.c.cache DEBUG - Spring test ApplicationContext cache statistics: [DefaultContextCache@4001d8c1 size = 1, maxSize = 32, parentContextCount = 0, hitCount = 2, missCount = 1, failureCount = 0]
17:17:03.901 [main] o.s.t.c.TestContextManager TRACE - beforeTestMethod(): instance [com.assignment.InternshipProject.InternshipProjectApplicationTests@37af24cb], method [void com.assignment.InternshipProject.InternshipProjectApplicationTests.contextLoads()]
17:17:03.905 [main] o.s.t.c.s.DirtiesContextBeforeModesTestExecutionListener TRACE - Before test method: context [DefaultTestContext@73893ec1 testClass = com.assignment.InternshipProject.InternshipProjectApplicationTests, testInstance = com.assignment.InternshipProject.InternshipProjectApplicationTests@37af24cb, testMethod = contextLoads(), testException = null, mergedContextConfiguration = [WebMergedContextConfiguration@74960e9d testClass = com.assignment.InternshipProject.InternshipProjectApplicationTests, locations = [], classes = [com.assignment.InternshipProject.InternshipProjectApplication], contextInitializerClasses = [], activeProfiles = [], propertySourceDescriptors = [], propertySourceProperties = ["org.springframework.boot.test.context.SpringBootTestContextBootstrapper=true"], contextCustomizers = [org.springframework.boot.test.context.filter.ExcludeFilterContextCustomizer@3feb2dda, org.springframework.boot.test.json.DuplicateJsonObjectContextCustomizerFactory$DuplicateJsonObjectContextCustomizer@dc7df28, org.springframework.boot.test.mock.mockito.MockitoContextCustomizer@0, org.springframework.boot.test.web.client.TestRestTemplateContextCustomizer@6f43c82, org.springframework.boot.test.autoconfigure.actuate.observability.ObservabilityContextCustomizerFactory$DisableObservabilityContextCustomizer@1f, org.springframework.boot.test.autoconfigure.properties.PropertyMappingContextCustomizer@0, org.springframework.boot.test.autoconfigure.web.servlet.WebDriverContextCustomizer@f68f0dc, org.springframework.boot.test.context.SpringBootTestAnnotation@9ec9eb65], resourceBasePath = "src/main/webapp", contextLoader = org.springframework.boot.test.context.SpringBootContextLoader, parent = null], attributes = {"org.springframework.test.context.web.ServletTestExecutionListener.activateListener" -> true, "org.springframework.test.context.web.ServletTestExecutionListener.populatedRequestContextHolder" -> true, "org.springframework.test.context.web.ServletTestExecutionListener.resetRequestContextHolder" -> true, "org.springframework.test.context.event.ApplicationEventsTestExecutionListener.recordApplicationEvents" -> false}], class annotated with @DirtiesContext [false] with mode [null], method annotated with @DirtiesContext [false] with mode [null]
17:17:03.908 [main] o.s.t.c.c.DefaultCacheAwareContextLoaderDelegate TRACE - Retrieved ApplicationContext [1620112330] from cache with key [WebMergedContextConfiguration@74960e9d testClass = com.assignment.InternshipProject.InternshipProjectApplicationTests, locations = [], classes = [com.assignment.InternshipProject.InternshipProjectApplication], contextInitializerClasses = [], activeProfiles = [], propertySourceDescriptors = [], propertySourceProperties = ["org.springframework.boot.test.context.SpringBootTestContextBootstrapper=true"], contextCustomizers = [org.springframework.boot.test.context.filter.ExcludeFilterContextCustomizer@3feb2dda, org.springframework.boot.test.json.DuplicateJsonObjectContextCustomizerFactory$DuplicateJsonObjectContextCustomizer@dc7df28, org.springframework.boot.test.mock.mockito.MockitoContextCustomizer@0, org.springframework.boot.test.web.client.TestRestTemplateContextCustomizer@6f43c82, org.springframework.boot.test.autoconfigure.actuate.observability.ObservabilityContextCustomizerFactory$DisableObservabilityContextCustomizer@1f, org.springframework.boot.test.autoconfigure.properties.PropertyMappingContextCustomizer@0, org.springframework.boot.test.autoconfigure.web.servlet.WebDriverContextCustomizer@f68f0dc, org.springframework.boot.test.context.SpringBootTestAnnotation@9ec9eb65], resourceBasePath = "src/main/webapp", contextLoader = org.springframework.boot.test.context.SpringBootContextLoader, parent = null]
17:17:03.908 [main] o.s.t.c.cache DEBUG - Spring test ApplicationContext cache statistics: [DefaultContextCache@4001d8c1 size = 1, maxSize = 32, parentContextCount = 0, hitCount = 3, missCount = 1, failureCount = 0]
17:17:03.909 [main] o.s.t.c.c.DefaultCacheAwareContextLoaderDelegate TRACE - Retrieved ApplicationContext [1620112330] from cache with key [WebMergedContextConfiguration@74960e9d testClass = com.assignment.InternshipProject.InternshipProjectApplicationTests, locations = [], classes = [com.assignment.InternshipProject.InternshipProjectApplication], contextInitializerClasses = [], activeProfiles = [], propertySourceDescriptors = [], propertySourceProperties = ["org.springframework.boot.test.context.SpringBootTestContextBootstrapper=true"], contextCustomizers = [org.springframework.boot.test.context.filter.ExcludeFilterContextCustomizer@3feb2dda, org.springframework.boot.test.json.DuplicateJsonObjectContextCustomizerFactory$DuplicateJsonObjectContextCustomizer@dc7df28, org.springframework.boot.test.mock.mockito.MockitoContextCustomizer@0, org.springframework.boot.test.web.client.TestRestTemplateContextCustomizer@6f43c82, org.springframework.boot.test.autoconfigure.actuate.observability.ObservabilityContextCustomizerFactory$DisableObservabilityContextCustomizer@1f, org.springframework.boot.test.autoconfigure.properties.PropertyMappingContextCustomizer@0, org.springframework.boot.test.autoconfigure.web.servlet.WebDriverContextCustomizer@f68f0dc, org.springframework.boot.test.context.SpringBootTestAnnotation@9ec9eb65], resourceBasePath = "src/main/webapp", contextLoader = org.springframework.boot.test.context.SpringBootContextLoader, parent = null]
17:17:03.909 [main] o.s.t.c.cache DEBUG - Spring test ApplicationContext cache statistics: [DefaultContextCache@4001d8c1 size = 1, maxSize = 32, parentContextCount = 0, hitCount = 4, missCount = 1, failureCount = 0]
17:17:03.910 [main] o.s.b.f.s.DefaultListableBeanFactory TRACE - Returning cached instance of singleton bean 'org.springframework.boot.test.mock.mockito.MockitoPostProcessor$SpyPostProcessor'
17:17:05.377 [main] o.s.b.f.s.DefaultListableBeanFactory TRACE - Returning cached instance of singleton bean 'org.springframework.boot.test.mock.mockito.MockitoPostProcessor'
17:17:05.377 [main] o.s.b.f.s.DefaultListableBeanFactory TRACE - Returning cached instance of singleton bean 'org.springframework.context.annotation.internalConfigurationAnnotationProcessor'
17:17:05.377 [main] o.s.b.f.s.DefaultListableBeanFactory TRACE - Returning cached instance of singleton bean 'org.springframework.context.annotation.internalAutowiredAnnotationProcessor'
17:17:05.378 [main] o.s.b.f.s.DefaultListableBeanFactory TRACE - Returning cached instance of singleton bean 'org.springframework.context.annotation.internalCommonAnnotationProcessor'
17:17:05.378 [main] o.s.b.f.s.DefaultListableBeanFactory TRACE - Returning cached instance of singleton bean 'org.springframework.context.event.internalEventListenerProcessor'
17:17:05.378 [main] o.s.b.f.s.DefaultListableBeanFactory TRACE - Returning cached instance of singleton bean 'org.springframework.context.event.internalEventListenerFactory'
17:17:05.378 [main] o.s.b.f.s.DefaultListableBeanFactory TRACE - Returning cached instance of singleton bean 'internshipProjectApplication'
17:17:05.378 [main] o.s.b.f.s.DefaultListableBeanFactory TRACE - Returning cached instance of singleton bean 'org.springframework.boot.autoconfigure.internalCachingMetadataReaderFactory'
17:17:05.378 [main] o.s.b.f.s.DefaultListableBeanFactory TRACE - Returning cached instance of singleton bean 'org.springframework.boot.autoconfigure.internalCachingMetadataReaderFactory'
17:17:05.378 [main] o.s.b.f.s.DefaultListableBeanFactory TRACE - Returning cached instance of singleton bean 'filterConfig'
17:17:05.378 [main] o.s.b.f.s.DefaultListableBeanFactory TRACE - Returning cached instance of singleton bean 'userController'
17:17:05.378 [main] o.s.b.f.s.DefaultListableBeanFactory TRACE - Returning cached instance of singleton bean 'loginSession'
17:17:05.378 [main] o.s.b.f.s.DefaultListableBeanFactory TRACE - Returning cached instance of singleton bean 'user'
17:17:05.378 [main] o.s.b.f.s.DefaultListableBeanFactory TRACE - Returning cached instance of singleton bean 'loginSessionRepository'
17:17:05.378 [main] o.s.b.f.s.DefaultListableBeanFactory TRACE - Returning cached instance of singleton bean 'userRepository'
17:17:05.378 [main] o.s.b.f.s.DefaultListableBeanFactory TRACE - Returning cached instance of singleton bean 'userService'
17:17:05.378 [main] o.s.b.f.s.DefaultListableBeanFactory TRACE - Returning cached instance of singleton bean 'loggingFilter'
17:17:05.378 [main] o.s.b.f.s.DefaultListableBeanFactory TRACE - Returning cached instance of singleton bean 'org.springframework.boot.autoconfigure.AutoConfigurationPackages'
17:17:05.378 [main] o.s.b.f.s.DefaultListableBeanFactory TRACE - Returning cached instance of singleton bean 'org.springframework.boot.autoconfigure.context.PropertyPlaceholderAutoConfiguration'
17:17:05.378 [main] o.s.b.f.s.DefaultListableBeanFactory TRACE - Returning cached instance of singleton bean 'propertySourcesPlaceholderConfigurer'
17:17:05.378 [main] o.s.b.f.s.DefaultListableBeanFactory TRACE - Returning cached instance of singleton bean 'org.springframework.boot.autoconfigure.ssl.SslAutoConfiguration'
17:17:05.378 [main] o.s.b.f.s.DefaultListableBeanFactory TRACE - Returning cached instance of singleton bean 'fileWatcher'
17:17:05.378 [main] o.s.b.f.s.DefaultListableBeanFactory TRACE - Returning cached instance of singleton bean 'sslPropertiesSslBundleRegistrar'
17:17:05.378 [main] o.s.b.f.s.DefaultListableBeanFactory TRACE - Returning cached instance of singleton bean 'sslBundleRegistry'
17:17:05.378 [main] o.s.b.f.s.DefaultListableBeanFactory TRACE - Returning cached instance of singleton bean 'org.springframework.boot.context.properties.ConfigurationPropertiesBindingPostProcessor'
17:17:05.378 [main] o.s.b.f.s.DefaultListableBeanFactory TRACE - Returning cached instance of singleton bean 'org.springframework.boot.context.internalConfigurationPropertiesBinder'
17:17:05.378 [main] o.s.b.f.s.DefaultListableBeanFactory TRACE - Returning cached instance of singleton bean 'org.springframework.boot.context.internalConfigurationPropertiesBinder'
17:17:05.378 [main] o.s.b.f.s.DefaultListableBeanFactory TRACE - Returning cached instance of singleton bean 'org.springframework.boot.context.properties.BoundConfigurationProperties'
17:17:05.378 [main] o.s.b.f.s.DefaultListableBeanFactory TRACE - Returning cached instance of singleton bean 'org.springframework.boot.context.properties.EnableConfigurationPropertiesRegistrar.methodValidationExcludeFilter'
17:17:05.378 [main] o.s.b.f.s.DefaultListableBeanFactory TRACE - Returning cached instance of singleton bean 'spring.ssl-org.springframework.boot.autoconfigure.ssl.SslProperties'
17:17:05.378 [main] o.s.b.f.s.DefaultListableBeanFactory TRACE - Returning cached instance of singleton bean 'org.springframework.boot.autoconfigure.websocket.servlet.WebSocketServletAutoConfiguration$TomcatWebSocketConfiguration'
17:17:05.378 [main] o.s.b.f.s.DefaultListableBeanFactory TRACE - Returning cached instance of singleton bean 'websocketServletWebServerCustomizer'
17:17:05.378 [main] o.s.b.f.s.DefaultListableBeanFactory TRACE - Returning cached instance of singleton bean 'org.springframework.boot.autoconfigure.websocket.servlet.WebSocketServletAutoConfiguration'
17:17:05.378 [main] o.s.b.f.s.DefaultListableBeanFactory TRACE - Returning cached instance of singleton bean 'org.springframework.boot.autoconfigure.web.servlet.ServletWebServerFactoryConfiguration$EmbeddedTomcat'
17:17:05.378 [main] o.s.b.f.s.DefaultListableBeanFactory TRACE - Returning cached instance of singleton bean 'tomcatServletWebServerFactory'
17:17:05.378 [main] o.s.b.f.s.DefaultListableBeanFactory TRACE - Returning cached instance of singleton bean 'org.springframework.boot.autoconfigure.web.servlet.ServletWebServerFactoryAutoConfiguration'
17:17:05.378 [main] o.s.b.f.s.DefaultListableBeanFactory TRACE - Returning cached instance of singleton bean 'servletWebServerFactoryCustomizer'
17:17:05.378 [main] o.s.b.f.s.DefaultListableBeanFactory TRACE - Returning cached instance of singleton bean 'tomcatServletWebServerFactoryCustomizer'
17:17:05.378 [main] o.s.b.f.s.DefaultListableBeanFactory TRACE - Returning cached instance of singleton bean 'server-org.springframework.boot.autoconfigure.web.ServerProperties'
17:17:05.378 [main] o.s.b.f.s.DefaultListableBeanFactory TRACE - Returning cached instance of singleton bean 'webServerFactoryCustomizerBeanPostProcessor'
17:17:05.378 [main] o.s.b.f.s.DefaultListableBeanFactory TRACE - Returning cached instance of singleton bean 'errorPageRegistrarBeanPostProcessor'
17:17:05.378 [main] o.s.b.f.s.DefaultListableBeanFactory TRACE - Returning cached instance of singleton bean 'org.springframework.boot.autoconfigure.web.servlet.DispatcherServletAutoConfiguration$DispatcherServletConfiguration'
17:17:05.378 [main] o.s.b.f.s.DefaultListableBeanFactory TRACE - Returning cached instance of singleton bean 'dispatcherServlet'
17:17:05.378 [main] o.s.b.f.s.DefaultListableBeanFactory TRACE - Returning cached instance of singleton bean 'spring.mvc-org.springframework.boot.autoconfigure.web.servlet.WebMvcProperties'
17:17:05.378 [main] o.s.b.f.s.DefaultListableBeanFactory TRACE - Returning cached instance of singleton bean 'org.springframework.boot.autoconfigure.web.servlet.DispatcherServletAutoConfiguration$DispatcherServletRegistrationConfiguration'
17:17:05.378 [main] o.s.b.f.s.DefaultListableBeanFactory TRACE - Returning cached instance of singleton bean 'dispatcherServletRegistration'
17:17:05.378 [main] o.s.b.f.s.DefaultListableBeanFactory TRACE - Returning cached instance of singleton bean 'org.springframework.boot.autoconfigure.web.servlet.DispatcherServletAutoConfiguration'
17:17:05.378 [main] o.s.b.f.s.DefaultListableBeanFactory TRACE - Returning cached instance of singleton bean 'org.springframework.boot.autoconfigure.task.TaskExecutorConfigurations$ThreadPoolTaskExecutorBuilderConfiguration'
17:17:05.378 [main] o.s.b.f.s.DefaultListableBeanFactory TRACE - Returning cached instance of singleton bean 'threadPoolTaskExecutorBuilder'
17:17:05.378 [main] o.s.b.f.s.DefaultListableBeanFactory TRACE - Returning cached instance of singleton bean 'org.springframework.boot.autoconfigure.task.TaskExecutorConfigurations$TaskExecutorBuilderConfiguration'
17:17:05.378 [main] o.s.b.f.s.DefaultListableBeanFactory TRACE - Returning cached instance of singleton bean 'taskExecutorBuilder'
17:17:05.378 [main] o.s.b.f.s.DefaultListableBeanFactory TRACE - Returning cached instance of singleton bean 'org.springframework.boot.autoconfigure.task.TaskExecutorConfigurations$SimpleAsyncTaskExecutorBuilderConfiguration'
17:17:05.378 [main] o.s.b.f.s.DefaultListableBeanFactory TRACE - Returning cached instance of singleton bean 'simpleAsyncTaskExecutorBuilder'
17:17:05.378 [main] o.s.b.f.s.DefaultListableBeanFactory TRACE - Returning cached instance of singleton bean 'org.springframework.boot.autoconfigure.task.TaskExecutorConfigurations$TaskExecutorConfiguration'
17:17:05.378 [main] o.s.b.f.s.DefaultListableBeanFactory TRACE - Returning cached instance of singleton bean 'applicationTaskExecutor'
17:17:05.378 [main] o.s.b.f.s.DefaultListableBeanFactory TRACE - Returning cached instance of singleton bean 'org.springframework.boot.autoconfigure.task.TaskExecutionAutoConfiguration'
17:17:05.378 [main] o.s.b.f.s.DefaultListableBeanFactory TRACE - Returning cached instance of singleton bean 'spring.task.execution-org.springframework.boot.autoconfigure.task.TaskExecutionProperties'
17:17:05.378 [main] o.s.b.f.s.DefaultListableBeanFactory TRACE - Returning cached instance of singleton bean 'org.springframework.boot.autoconfigure.web.servlet.error.ErrorMvcAutoConfiguration$WhitelabelErrorViewConfiguration'
17:17:05.378 [main] o.s.b.f.s.DefaultListableBeanFactory TRACE - Returning cached instance of singleton bean 'error'
17:17:05.378 [main] o.s.b.f.s.DefaultListableBeanFactory TRACE - Returning cached instance of singleton bean 'beanNameViewResolver'
17:17:05.378 [main] o.s.b.f.s.DefaultListableBeanFactory TRACE - Returning cached instance of singleton bean 'org.springframework.boot.autoconfigure.web.servlet.error.ErrorMvcAutoConfiguration$DefaultErrorViewResolverConfiguration'
17:17:05.378 [main] o.s.b.f.s.DefaultListableBeanFactory TRACE - Returning cached instance of singleton bean 'conventionErrorViewResolver'
17:17:05.378 [main] o.s.b.f.s.DefaultListableBeanFactory TRACE - Returning cached instance of singleton bean 'spring.web-org.springframework.boot.autoconfigure.web.WebProperties'
17:17:05.378 [main] o.s.b.f.s.DefaultListableBeanFactory TRACE - Returning cached instance of singleton bean 'org.springframework.boot.autoconfigure.web.servlet.error.ErrorMvcAutoConfiguration'
17:17:05.378 [main] o.s.b.f.s.DefaultListableBeanFactory TRACE - Returning cached instance of singleton bean 'errorAttributes'
17:17:05.378 [main] o.s.b.f.s.DefaultListableBeanFactory TRACE - Returning cached instance of singleton bean 'basicErrorController'
17:17:05.378 [main] o.s.b.f.s.DefaultListableBeanFactory TRACE - Returning cached instance of singleton bean 'errorPageCustomizer'
17:17:05.378 [main] o.s.b.f.s.DefaultListableBeanFactory TRACE - Returning cached instance of singleton bean 'preserveErrorControllerTargetClassPostProcessor'
17:17:05.378 [main] o.s.b.f.s.DefaultListableBeanFactory TRACE - Returning cached instance of singleton bean 'org.springframework.boot.autoconfigure.web.servlet.WebMvcAutoConfiguration$EnableWebMvcConfiguration'
17:17:05.378 [main] o.s.b.f.s.DefaultListableBeanFactory TRACE - Returning cached instance of singleton bean 'welcomePageHandlerMapping'
17:17:05.378 [main] o.s.b.f.s.DefaultListableBeanFactory TRACE - Returning cached instance of singleton bean 'welcomePageNotAcceptableHandlerMapping'
17:17:05.378 [main] o.s.b.f.s.DefaultListableBeanFactory TRACE - Returning cached instance of singleton bean 'localeResolver'
17:17:05.378 [main] o.s.b.f.s.DefaultListableBeanFactory TRACE - Returning cached instance of singleton bean 'themeResolver'
17:17:05.378 [main] o.s.b.f.s.DefaultListableBeanFactory TRACE - Returning cached instance of singleton bean 'flashMapManager'
17:17:05.378 [main] o.s.b.f.s.DefaultListableBeanFactory TRACE - Returning cached instance of singleton bean 'mvcConversionService'
17:17:05.378 [main] o.s.b.f.s.DefaultListableBeanFactory TRACE - Returning cached instance of singleton bean 'mvcValidator'
17:17:05.378 [main] o.s.b.f.s.DefaultListableBeanFactory TRACE - Returning cached instance of singleton bean 'mvcContentNegotiationManager'
17:17:05.378 [main] o.s.b.f.s.DefaultListableBeanFactory TRACE - Returning cached instance of singleton bean 'requestMappingHandlerMapping'
17:17:05.378 [main] o.s.b.f.s.DefaultListableBeanFactory TRACE - Returning cached instance of singleton bean 'mvcPatternParser'
17:17:05.378 [main] o.s.b.f.s.DefaultListableBeanFactory TRACE - Returning cached instance of singleton bean 'mvcUrlPathHelper'
17:17:05.378 [main] o.s.b.f.s.DefaultListableBeanFactory TRACE - Returning cached instance of singleton bean 'mvcPathMatcher'
17:17:05.378 [main] o.s.b.f.s.DefaultListableBeanFactory TRACE - Returning cached instance of singleton bean 'viewControllerHandlerMapping'
17:17:05.378 [main] o.s.b.f.s.DefaultListableBeanFactory TRACE - Returning cached instance of singleton bean 'beanNameHandlerMapping'
17:17:05.378 [main] o.s.b.f.s.DefaultListableBeanFactory TRACE - Returning cached instance of singleton bean 'routerFunctionMapping'
17:17:05.378 [main] o.s.b.f.s.DefaultListableBeanFactory TRACE - Returning cached instance of singleton bean 'resourceHandlerMapping'
17:17:05.378 [main] o.s.b.f.s.DefaultListableBeanFactory TRACE - Returning cached instance of singleton bean 'mvcResourceUrlProvider'
17:17:05.378 [main] o.s.b.f.s.DefaultListableBeanFactory TRACE - Returning cached instance of singleton bean 'defaultServletHandlerMapping'
17:17:05.378 [main] o.s.b.f.s.DefaultListableBeanFactory TRACE - Returning cached instance of singleton bean 'requestMappingHandlerAdapter'
17:17:05.378 [main] o.s.b.f.s.DefaultListableBeanFactory TRACE - Returning cached instance of singleton bean 'handlerFunctionAdapter'
17:17:05.378 [main] o.s.b.f.s.DefaultListableBeanFactory TRACE - Returning cached instance of singleton bean 'mvcUriComponentsContributor'
17:17:05.378 [main] o.s.b.f.s.DefaultListableBeanFactory TRACE - Returning cached instance of singleton bean 'httpRequestHandlerAdapter'
17:17:05.378 [main] o.s.b.f.s.DefaultListableBeanFactory TRACE - Returning cached instance of singleton bean 'simpleControllerHandlerAdapter'
17:17:05.378 [main] o.s.b.f.s.DefaultListableBeanFactory TRACE - Returning cached instance of singleton bean 'handlerExceptionResolver'
17:17:05.378 [main] o.s.b.f.s.DefaultListableBeanFactory TRACE - Returning cached instance of singleton bean 'mvcViewResolver'
17:17:05.378 [main] o.s.b.f.s.DefaultListableBeanFactory TRACE - Returning cached instance of singleton bean 'viewNameTranslator'
17:17:05.378 [main] o.s.b.f.s.DefaultListableBeanFactory TRACE - Returning cached instance of singleton bean 'org.springframework.boot.autoconfigure.web.servlet.WebMvcAutoConfiguration$WebMvcAutoConfigurationAdapter'
17:17:05.378 [main] o.s.b.f.s.DefaultListableBeanFactory TRACE - Returning cached instance of singleton bean 'defaultViewResolver'
17:17:05.378 [main] o.s.b.f.s.DefaultListableBeanFactory TRACE - Returning cached instance of singleton bean 'viewResolver'
17:17:05.378 [main] o.s.b.f.s.DefaultListableBeanFactory TRACE - Returning cached instance of singleton bean 'requestContextFilter'
17:17:05.378 [main] o.s.b.f.s.DefaultListableBeanFactory TRACE - Returning cached instance of singleton bean 'org.springframework.boot.autoconfigure.web.servlet.WebMvcAutoConfiguration'
17:17:05.378 [main] o.s.b.f.s.DefaultListableBeanFactory TRACE - Returning cached instance of singleton bean 'formContentFilter'
17:17:05.378 [main] o.s.b.f.s.DefaultListableBeanFactory TRACE - Returning cached instance of singleton bean 'org.springframework.boot.autoconfigure.aop.AopAutoConfiguration$ClassProxyingConfiguration'
17:17:05.378 [main] o.s.b.f.s.DefaultListableBeanFactory TRACE - Returning cached instance of singleton bean 'forceAutoProxyCreatorToUseClassProxying'
17:17:05.378 [main] o.s.b.f.s.DefaultListableBeanFactory TRACE - Returning cached instance of singleton bean 'org.springframework.boot.autoconfigure.aop.AopAutoConfiguration'
17:17:05.379 [main] o.s.b.f.s.DefaultListableBeanFactory TRACE - Returning cached instance of singleton bean 'org.springframework.boot.autoconfigure.availability.ApplicationAvailabilityAutoConfiguration'
17:17:05.379 [main] o.s.b.f.s.DefaultListableBeanFactory TRACE - Returning cached instance of singleton bean 'applicationAvailability'
17:17:05.379 [main] o.s.b.f.s.DefaultListableBeanFactory TRACE - Returning cached instance of singleton bean 'org.springframework.boot.autoconfigure.jackson.JacksonAutoConfiguration$Jackson2ObjectMapperBuilderCustomizerConfiguration'
17:17:05.379 [main] o.s.b.f.s.DefaultListableBeanFactory TRACE - Returning cached instance of singleton bean 'standardJacksonObjectMapperBuilderCustomizer'
17:17:05.379 [main] o.s.b.f.s.DefaultListableBeanFactory TRACE - Returning cached instance of singleton bean 'spring.jackson-org.springframework.boot.autoconfigure.jackson.JacksonProperties'
17:17:05.379 [main] o.s.b.f.s.DefaultListableBeanFactory TRACE - Returning cached instance of singleton bean 'org.springframework.boot.autoconfigure.jackson.JacksonAutoConfiguration$JacksonObjectMapperBuilderConfiguration'
17:17:05.379 [main] o.s.b.f.s.DefaultListableBeanFactory TRACE - Returning cached instance of singleton bean 'org.springframework.boot.autoconfigure.jackson.JacksonAutoConfiguration$ParameterNamesModuleConfiguration'
17:17:05.379 [main] o.s.b.f.s.DefaultListableBeanFactory TRACE - Returning cached instance of singleton bean 'parameterNamesModule'
17:17:05.379 [main] o.s.b.f.s.DefaultListableBeanFactory TRACE - Returning cached instance of singleton bean 'org.springframework.boot.autoconfigure.jackson.JacksonAutoConfiguration$JacksonObjectMapperConfiguration'
17:17:05.379 [main] o.s.b.f.s.DefaultListableBeanFactory TRACE - Returning cached instance of singleton bean 'jacksonObjectMapper'
17:17:05.379 [main] o.s.b.f.s.DefaultListableBeanFactory TRACE - Returning cached instance of singleton bean 'org.springframework.boot.autoconfigure.jackson.JacksonAutoConfiguration$JacksonMixinConfiguration'
17:17:05.379 [main] o.s.b.f.s.DefaultListableBeanFactory TRACE - Returning cached instance of singleton bean 'jsonMixinModuleEntries'
17:17:05.379 [main] o.s.b.f.s.DefaultListableBeanFactory TRACE - Returning cached instance of singleton bean 'jsonMixinModule'
17:17:05.379 [main] o.s.b.f.s.DefaultListableBeanFactory TRACE - Returning cached instance of singleton bean 'org.springframework.boot.autoconfigure.jackson.JacksonAutoConfiguration'
17:17:05.379 [main] o.s.b.f.s.DefaultListableBeanFactory TRACE - Returning cached instance of singleton bean 'jsonComponentModule'
17:17:05.379 [main] o.s.b.f.s.DefaultListableBeanFactory TRACE - Returning cached instance of singleton bean 'org.springframework.boot.autoconfigure.jdbc.DataSourceConfiguration$Hikari'
17:17:05.379 [main] o.s.b.f.s.DefaultListableBeanFactory TRACE - Returning cached instance of singleton bean 'jdbcConnectionDetailsHikariBeanPostProcessor'
17:17:05.379 [main] o.s.b.f.s.DefaultListableBeanFactory TRACE - Returning cached instance of singleton bean 'dataSource'
17:17:05.379 [main] o.s.b.f.s.DefaultListableBeanFactory TRACE - Returning cached instance of singleton bean 'org.springframework.boot.autoconfigure.jdbc.DataSourceAutoConfiguration$PooledDataSourceConfiguration'
17:17:05.379 [main] o.s.b.f.s.DefaultListableBeanFactory TRACE - Returning cached instance of singleton bean 'jdbcConnectionDetails'
17:17:05.379 [main] o.s.b.f.s.DefaultListableBeanFactory TRACE - Returning cached instance of singleton bean 'org.springframework.boot.autoconfigure.jdbc.metadata.DataSourcePoolMetadataProvidersConfiguration$HikariPoolDataSourceMetadataProviderConfiguration'
17:17:05.379 [main] o.s.b.f.s.DefaultListableBeanFactory TRACE - Returning cached instance of singleton bean 'hikariPoolDataSourceMetadataProvider'
17:17:05.379 [main] o.s.b.f.s.DefaultListableBeanFactory TRACE - Returning cached instance of singleton bean 'org.springframework.boot.autoconfigure.jdbc.metadata.DataSourcePoolMetadataProvidersConfiguration'
17:17:05.379 [main] o.s.b.f.s.DefaultListableBeanFactory TRACE - Returning cached instance of singleton bean 'org.springframework.boot.autoconfigure.jdbc.DataSourceAutoConfiguration'
17:17:05.379 [main] o.s.b.f.s.DefaultListableBeanFactory TRACE - Returning cached instance of singleton bean 'spring.datasource-org.springframework.boot.autoconfigure.jdbc.DataSourceProperties'
17:17:05.379 [main] o.s.b.f.s.DefaultListableBeanFactory TRACE - Returning cached instance of singleton bean 'org.springframework.boot.autoconfigure.transaction.TransactionManagerCustomizationAutoConfiguration'
17:17:05.379 [main] o.s.b.f.s.DefaultListableBeanFactory TRACE - Returning cached instance of singleton bean 'platformTransactionManagerCustomizers'
17:17:05.379 [main] o.s.b.f.s.DefaultListableBeanFactory TRACE - Returning cached instance of singleton bean 'transactionExecutionListeners'
17:17:05.379 [main] o.s.b.f.s.DefaultListableBeanFactory TRACE - Returning cached instance of singleton bean 'spring.transaction-org.springframework.boot.autoconfigure.transaction.TransactionProperties'
17:17:05.379 [main] o.s.b.f.s.DefaultListableBeanFactory TRACE - Returning cached instance of singleton bean 'org.springframework.boot.autoconfigure.context.ConfigurationPropertiesAutoConfiguration'
17:17:05.379 [main] o.s.b.f.s.DefaultListableBeanFactory TRACE - Returning cached instance of singleton bean 'org.springframework.boot.autoconfigure.context.LifecycleAutoConfiguration'
17:17:05.379 [main] o.s.b.f.s.DefaultListableBeanFactory TRACE - Returning cached instance of singleton bean 'lifecycleProcessor'
17:17:05.379 [main] o.s.b.f.s.DefaultListableBeanFactory TRACE - Returning cached instance of singleton bean 'spring.lifecycle-org.springframework.boot.autoconfigure.context.LifecycleProperties'
17:17:05.379 [main] o.s.b.f.s.DefaultListableBeanFactory TRACE - Returning cached instance of singleton bean 'org.springframework.boot.autoconfigure.dao.PersistenceExceptionTranslationAutoConfiguration'
17:17:05.379 [main] o.s.b.f.s.DefaultListableBeanFactory TRACE - Returning cached instance of singleton bean 'persistenceExceptionTranslationPostProcessor'
17:17:05.379 [main] o.s.b.f.s.DefaultListableBeanFactory TRACE - Returning cached instance of singleton bean 'org.springframework.boot.autoconfigure.http.HttpMessageConvertersAutoConfiguration$StringHttpMessageConverterConfiguration'
17:17:05.379 [main] o.s.b.f.s.DefaultListableBeanFactory TRACE - Returning cached instance of singleton bean 'stringHttpMessageConverter'
17:17:05.379 [main] o.s.b.f.s.DefaultListableBeanFactory TRACE - Returning cached instance of singleton bean 'org.springframework.boot.autoconfigure.http.JacksonHttpMessageConvertersConfiguration$MappingJackson2HttpMessageConverterConfiguration'
17:17:05.379 [main] o.s.b.f.s.DefaultListableBeanFactory TRACE - Returning cached instance of singleton bean 'mappingJackson2HttpMessageConverter'
17:17:05.379 [main] o.s.b.f.s.DefaultListableBeanFactory TRACE - Returning cached instance of singleton bean 'org.springframework.boot.autoconfigure.http.JacksonHttpMessageConvertersConfiguration'
17:17:05.379 [main] o.s.b.f.s.DefaultListableBeanFactory TRACE - Returning cached instance of singleton bean 'org.springframework.boot.autoconfigure.http.HttpMessageConvertersAutoConfiguration'
17:17:05.379 [main] o.s.b.f.s.DefaultListableBeanFactory TRACE - Returning cached instance of singleton bean 'messageConverters'
17:17:05.379 [main] o.s.b.f.s.DefaultListableBeanFactory TRACE - Returning cached instance of singleton bean 'org.springframework.boot.autoconfigure.info.ProjectInfoAutoConfiguration'
17:17:05.379 [main] o.s.b.f.s.DefaultListableBeanFactory TRACE - Returning cached instance of singleton bean 'spring.info-org.springframework.boot.autoconfigure.info.ProjectInfoProperties'
17:17:05.379 [main] o.s.b.f.s.DefaultListableBeanFactory TRACE - Returning cached instance of singleton bean 'org.springframework.boot.autoconfigure.jdbc.JdbcTemplateConfiguration'
17:17:05.379 [main] o.s.b.f.s.DefaultListableBeanFactory TRACE - Returning cached instance of singleton bean 'jdbcTemplate'
17:17:05.379 [main] o.s.b.f.s.DefaultListableBeanFactory TRACE - Returning cached instance of singleton bean 'org.springframework.boot.autoconfigure.jdbc.NamedParameterJdbcTemplateConfiguration'
17:17:05.379 [main] o.s.b.f.s.DefaultListableBeanFactory TRACE - Returning cached instance of singleton bean 'namedParameterJdbcTemplate'
17:17:05.379 [main] o.s.b.f.s.DefaultListableBeanFactory TRACE - Returning cached instance of singleton bean 'org.springframework.boot.autoconfigure.jdbc.JdbcTemplateAutoConfiguration'
17:17:05.379 [main] o.s.b.f.s.DefaultListableBeanFactory TRACE - Returning cached instance of singleton bean 'spring.jdbc-org.springframework.boot.autoconfigure.jdbc.JdbcProperties'
17:17:05.379 [main] o.s.b.f.s.DefaultListableBeanFactory TRACE - Returning cached instance of singleton bean 'org.springframework.boot.sql.init.dependency.DatabaseInitializationDependencyConfigurer$DependsOnDatabaseInitializationPostProcessor'
17:17:05.379 [main] o.s.b.f.s.DefaultListableBeanFactory TRACE - Returning cached instance of singleton bean 'org.springframework.boot.autoconfigure.jdbc.JdbcClientAutoConfiguration'
17:17:05.379 [main] o.s.b.f.s.DefaultListableBeanFactory TRACE - Returning cached instance of singleton bean 'jdbcClient'
17:17:05.379 [main] o.s.b.f.s.DefaultListableBeanFactory TRACE - Returning cached instance of singleton bean 'org.springframework.boot.autoconfigure.security.servlet.SecurityFilterAutoConfiguration'
17:17:05.379 [main] o.s.b.f.s.DefaultListableBeanFactory TRACE - Returning cached instance of singleton bean 'spring.security-org.springframework.boot.autoconfigure.security.SecurityProperties'
17:17:05.379 [main] o.s.b.f.s.DefaultListableBeanFactory TRACE - Returning cached instance of singleton bean 'org.springframework.boot.autoconfigure.sql.init.DataSourceInitializationConfiguration'
17:17:05.379 [main] o.s.b.f.s.DefaultListableBeanFactory TRACE - Returning cached instance of singleton bean 'dataSourceScriptDatabaseInitializer'
17:17:05.379 [main] o.s.b.f.s.DefaultListableBeanFactory TRACE - Returning cached instance of singleton bean 'org.springframework.boot.autoconfigure.sql.init.SqlInitializationAutoConfiguration'
17:17:05.379 [main] o.s.b.f.s.DefaultListableBeanFactory TRACE - Returning cached instance of singleton bean 'spring.sql.init-org.springframework.boot.autoconfigure.sql.init.SqlInitializationProperties'
17:17:05.379 [main] o.s.b.f.s.DefaultListableBeanFactory TRACE - Returning cached instance of singleton bean 'org.springframework.boot.autoconfigure.task.TaskSchedulingConfigurations$ThreadPoolTaskSchedulerBuilderConfiguration'
17:17:05.379 [main] o.s.b.f.s.DefaultListableBeanFactory TRACE - Returning cached instance of singleton bean 'threadPoolTaskSchedulerBuilder'
17:17:05.379 [main] o.s.b.f.s.DefaultListableBeanFactory TRACE - Returning cached instance of singleton bean 'org.springframework.boot.autoconfigure.task.TaskSchedulingConfigurations$TaskSchedulerBuilderConfiguration'
17:17:05.379 [main] o.s.b.f.s.DefaultListableBeanFactory TRACE - Returning cached instance of singleton bean 'taskSchedulerBuilder'
17:17:05.379 [main] o.s.b.f.s.DefaultListableBeanFactory TRACE - Returning cached instance of singleton bean 'org.springframework.boot.autoconfigure.task.TaskSchedulingConfigurations$SimpleAsyncTaskSchedulerBuilderConfiguration'
17:17:05.379 [main] o.s.b.f.s.DefaultListableBeanFactory TRACE - Returning cached instance of singleton bean 'simpleAsyncTaskSchedulerBuilder'
17:17:05.379 [main] o.s.b.f.s.DefaultListableBeanFactory TRACE - Returning cached instance of singleton bean 'org.springframework.boot.autoconfigure.task.TaskSchedulingAutoConfiguration'
17:17:05.379 [main] o.s.b.f.s.DefaultListableBeanFactory TRACE - Returning cached instance of singleton bean 'spring.task.scheduling-org.springframework.boot.autoconfigure.task.TaskSchedulingProperties'
17:17:05.379 [main] o.s.b.f.s.DefaultListableBeanFactory TRACE - Returning cached instance of singleton bean 'org.springframework.boot.autoconfigure.jdbc.DataSourceTransactionManagerAutoConfiguration$JdbcTransactionManagerConfiguration'
17:17:05.379 [main] o.s.b.f.s.DefaultListableBeanFactory TRACE - Returning cached instance of singleton bean 'transactionManager'
17:17:05.379 [main] o.s.b.f.s.DefaultListableBeanFactory TRACE - Returning cached instance of singleton bean 'org.springframework.boot.autoconfigure.jdbc.DataSourceTransactionManagerAutoConfiguration'
17:17:05.379 [main] o.s.b.f.s.DefaultListableBeanFactory TRACE - Returning cached instance of singleton bean 'org.springframework.transaction.annotation.ProxyTransactionManagementConfiguration'
17:17:05.379 [main] o.s.b.f.s.DefaultListableBeanFactory TRACE - Returning cached instance of singleton bean 'org.springframework.transaction.config.internalTransactionAdvisor'
17:17:05.379 [main] o.s.b.f.s.DefaultListableBeanFactory TRACE - Returning cached instance of singleton bean 'transactionAttributeSource'
17:17:05.379 [main] o.s.b.f.s.DefaultListableBeanFactory TRACE - Returning cached instance of singleton bean 'transactionInterceptor'
17:17:05.379 [main] o.s.b.f.s.DefaultListableBeanFactory TRACE - Returning cached instance of singleton bean 'org.springframework.transaction.config.internalTransactionalEventListenerFactory'
17:17:05.379 [main] o.s.b.f.s.DefaultListableBeanFactory TRACE - Returning cached instance of singleton bean 'org.springframework.boot.autoconfigure.transaction.TransactionAutoConfiguration$EnableTransactionManagementConfiguration$CglibAutoProxyConfiguration'
17:17:05.379 [main] o.s.b.f.s.DefaultListableBeanFactory TRACE - Returning cached instance of singleton bean 'org.springframework.aop.config.internalAutoProxyCreator'
17:17:05.379 [main] o.s.b.f.s.DefaultListableBeanFactory TRACE - Returning cached instance of singleton bean 'org.springframework.boot.autoconfigure.transaction.TransactionAutoConfiguration$EnableTransactionManagementConfiguration'
17:17:05.379 [main] o.s.b.f.s.DefaultListableBeanFactory TRACE - Returning cached instance of singleton bean 'org.springframework.boot.autoconfigure.transaction.TransactionAutoConfiguration$TransactionTemplateConfiguration'
17:17:05.379 [main] o.s.b.f.s.DefaultListableBeanFactory TRACE - Returning cached instance of singleton bean 'transactionTemplate'
17:17:05.379 [main] o.s.b.f.s.DefaultListableBeanFactory TRACE - Returning cached instance of singleton bean 'org.springframework.boot.autoconfigure.transaction.TransactionAutoConfiguration'
17:17:05.379 [main] o.s.b.f.s.DefaultListableBeanFactory TRACE - Returning cached instance of singleton bean 'org.springframework.boot.autoconfigure.web.client.RestClientAutoConfiguration'
17:17:05.379 [main] o.s.b.f.s.DefaultListableBeanFactory TRACE - Returning cached instance of singleton bean 'httpMessageConvertersRestClientCustomizer'
17:17:05.379 [main] o.s.b.f.s.DefaultListableBeanFactory TRACE - Returning cached instance of singleton bean 'restClientSsl'
17:17:05.379 [main] o.s.b.f.s.DefaultListableBeanFactory TRACE - Returning cached instance of singleton bean 'restClientBuilderConfigurer'
17:17:05.379 [main] o.s.b.f.s.DefaultListableBeanFactory TRACE - Returning cached instance of singleton bean 'org.springframework.boot.autoconfigure.web.client.RestTemplateAutoConfiguration'
17:17:05.379 [main] o.s.b.f.s.DefaultListableBeanFactory TRACE - Returning cached instance of singleton bean 'org.springframework.boot.autoconfigure.web.servlet.HttpEncodingAutoConfiguration'
17:17:05.379 [main] o.s.b.f.s.DefaultListableBeanFactory TRACE - Returning cached instance of singleton bean 'characterEncodingFilter'
17:17:05.379 [main] o.s.b.f.s.DefaultListableBeanFactory TRACE - Returning cached instance of singleton bean 'localeCharsetMappingsCustomizer'
17:17:05.379 [main] o.s.b.f.s.DefaultListableBeanFactory TRACE - Returning cached instance of singleton bean 'org.springframework.boot.autoconfigure.web.servlet.MultipartAutoConfiguration'
17:17:05.379 [main] o.s.b.f.s.DefaultListableBeanFactory TRACE - Returning cached instance of singleton bean 'multipartConfigElement'
17:17:05.379 [main] o.s.b.f.s.DefaultListableBeanFactory TRACE - Returning cached instance of singleton bean 'multipartResolver'
17:17:05.379 [main] o.s.b.f.s.DefaultListableBeanFactory TRACE - Returning cached instance of singleton bean 'spring.servlet.multipart-org.springframework.boot.autoconfigure.web.servlet.MultipartProperties'
17:17:05.380 [main] o.s.b.f.s.DefaultListableBeanFactory TRACE - Returning cached instance of singleton bean 'org.springframework.boot.test.mock.mockito.MockitoBeans'
17:17:05.381 [main] o.s.t.c.TestContextManager TRACE - beforeTestExecution(): instance [com.assignment.InternshipProject.InternshipProjectApplicationTests@37af24cb], method [void com.assignment.InternshipProject.InternshipProjectApplicationTests.contextLoads()]
17:17:05.382 [main] o.s.t.c.c.DefaultCacheAwareContextLoaderDelegate TRACE - Retrieved ApplicationContext [1620112330] from cache with key [WebMergedContextConfiguration@74960e9d testClass = com.assignment.InternshipProject.InternshipProjectApplicationTests, locations = [], classes = [com.assignment.InternshipProject.InternshipProjectApplication], contextInitializerClasses = [], activeProfiles = [], propertySourceDescriptors = [], propertySourceProperties = ["org.springframework.boot.test.context.SpringBootTestContextBootstrapper=true"], contextCustomizers = [org.springframework.boot.test.context.filter.ExcludeFilterContextCustomizer@3feb2dda, org.springframework.boot.test.json.DuplicateJsonObjectContextCustomizerFactory$DuplicateJsonObjectContextCustomizer@dc7df28, org.springframework.boot.test.mock.mockito.MockitoContextCustomizer@0, org.springframework.boot.test.web.client.TestRestTemplateContextCustomizer@6f43c82, org.springframework.boot.test.autoconfigure.actuate.observability.ObservabilityContextCustomizerFactory$DisableObservabilityContextCustomizer@1f, org.springframework.boot.test.autoconfigure.properties.PropertyMappingContextCustomizer@0, org.springframework.boot.test.autoconfigure.web.servlet.WebDriverContextCustomizer@f68f0dc, org.springframework.boot.test.context.SpringBootTestAnnotation@9ec9eb65], resourceBasePath = "src/main/webapp", contextLoader = org.springframework.boot.test.context.SpringBootContextLoader, parent = null]
17:17:05.382 [main] o.s.t.c.cache DEBUG - Spring test ApplicationContext cache statistics: [DefaultContextCache@4001d8c1 size = 1, maxSize = 32, parentContextCount = 0, hitCount = 5, missCount = 1, failureCount = 0]
17:17:05.393 [main] o.s.t.c.TestContextManager TRACE - afterTestExecution(): instance [com.assignment.InternshipProject.InternshipProjectApplicationTests@37af24cb], method [void com.assignment.InternshipProject.InternshipProjectApplicationTests.contextLoads()], exception [null]
17:17:05.394 [main] o.s.t.c.c.DefaultCacheAwareContextLoaderDelegate TRACE - Retrieved ApplicationContext [1620112330] from cache with key [WebMergedContextConfiguration@74960e9d testClass = com.assignment.InternshipProject.InternshipProjectApplicationTests, locations = [], classes = [com.assignment.InternshipProject.InternshipProjectApplication], contextInitializerClasses = [], activeProfiles = [], propertySourceDescriptors = [], propertySourceProperties = ["org.springframework.boot.test.context.SpringBootTestContextBootstrapper=true"], contextCustomizers = [org.springframework.boot.test.context.filter.ExcludeFilterContextCustomizer@3feb2dda, org.springframework.boot.test.json.DuplicateJsonObjectContextCustomizerFactory$DuplicateJsonObjectContextCustomizer@dc7df28, org.springframework.boot.test.mock.mockito.MockitoContextCustomizer@0, org.springframework.boot.test.web.client.TestRestTemplateContextCustomizer@6f43c82, org.springframework.boot.test.autoconfigure.actuate.observability.ObservabilityContextCustomizerFactory$DisableObservabilityContextCustomizer@1f, org.springframework.boot.test.autoconfigure.properties.PropertyMappingContextCustomizer@0, org.springframework.boot.test.autoconfigure.web.servlet.WebDriverContextCustomizer@f68f0dc, org.springframework.boot.test.context.SpringBootTestAnnotation@9ec9eb65], resourceBasePath = "src/main/webapp", contextLoader = org.springframework.boot.test.context.SpringBootContextLoader, parent = null]
17:17:05.394 [main] o.s.t.c.cache DEBUG - Spring test ApplicationContext cache statistics: [DefaultContextCache@4001d8c1 size = 1, maxSize = 32, parentContextCount = 0, hitCount = 6, missCount = 1, failureCount = 0]
17:17:05.398 [main] o.s.t.c.TestContextManager TRACE - afterTestMethod(): instance [com.assignment.InternshipProject.InternshipProjectApplicationTests@37af24cb], method [void com.assignment.InternshipProject.InternshipProjectApplicationTests.contextLoads()], exception [null]
17:17:05.400 [main] o.s.t.c.c.DefaultCacheAwareContextLoaderDelegate TRACE - Retrieved ApplicationContext [1620112330] from cache with key [WebMergedContextConfiguration@74960e9d testClass = com.assignment.InternshipProject.InternshipProjectApplicationTests, locations = [], classes = [com.assignment.InternshipProject.InternshipProjectApplication], contextInitializerClasses = [], activeProfiles = [], propertySourceDescriptors = [], propertySourceProperties = ["org.springframework.boot.test.context.SpringBootTestContextBootstrapper=true"], contextCustomizers = [org.springframework.boot.test.context.filter.ExcludeFilterContextCustomizer@3feb2dda, org.springframework.boot.test.json.DuplicateJsonObjectContextCustomizerFactory$DuplicateJsonObjectContextCustomizer@dc7df28, org.springframework.boot.test.mock.mockito.MockitoContextCustomizer@0, org.springframework.boot.test.web.client.TestRestTemplateContextCustomizer@6f43c82, org.springframework.boot.test.autoconfigure.actuate.observability.ObservabilityContextCustomizerFactory$DisableObservabilityContextCustomizer@1f, org.springframework.boot.test.autoconfigure.properties.PropertyMappingContextCustomizer@0, org.springframework.boot.test.autoconfigure.web.servlet.WebDriverContextCustomizer@f68f0dc, org.springframework.boot.test.context.SpringBootTestAnnotation@9ec9eb65], resourceBasePath = "src/main/webapp", contextLoader = org.springframework.boot.test.context.SpringBootContextLoader, parent = null]
17:17:05.400 [main] o.s.t.c.cache DEBUG - Spring test ApplicationContext cache statistics: [DefaultContextCache@4001d8c1 size = 1, maxSize = 32, parentContextCount = 0, hitCount = 7, missCount = 1, failureCount = 0]
17:17:05.400 [main] o.s.t.c.c.DefaultCacheAwareContextLoaderDelegate TRACE - Retrieved ApplicationContext [1620112330] from cache with key [WebMergedContextConfiguration@74960e9d testClass = com.assignment.InternshipProject.InternshipProjectApplicationTests, locations = [], classes = [com.assignment.InternshipProject.InternshipProjectApplication], contextInitializerClasses = [], activeProfiles = [], propertySourceDescriptors = [], propertySourceProperties = ["org.springframework.boot.test.context.SpringBootTestContextBootstrapper=true"], contextCustomizers = [org.springframework.boot.test.context.filter.ExcludeFilterContextCustomizer@3feb2dda, org.springframework.boot.test.json.DuplicateJsonObjectContextCustomizerFactory$DuplicateJsonObjectContextCustomizer@dc7df28, org.springframework.boot.test.mock.mockito.MockitoContextCustomizer@0, org.springframework.boot.test.web.client.TestRestTemplateContextCustomizer@6f43c82, org.springframework.boot.test.autoconfigure.actuate.observability.ObservabilityContextCustomizerFactory$DisableObservabilityContextCustomizer@1f, org.springframework.boot.test.autoconfigure.properties.PropertyMappingContextCustomizer@0, org.springframework.boot.test.autoconfigure.web.servlet.WebDriverContextCustomizer@f68f0dc, org.springframework.boot.test.context.SpringBootTestAnnotation@9ec9eb65], resourceBasePath = "src/main/webapp", contextLoader = org.springframework.boot.test.context.SpringBootContextLoader, parent = null]
17:17:05.400 [main] o.s.t.c.cache DEBUG - Spring test ApplicationContext cache statistics: [DefaultContextCache@4001d8c1 size = 1, maxSize = 32, parentContextCount = 0, hitCount = 8, missCount = 1, failureCount = 0]
17:17:05.404 [main] o.s.b.f.s.DefaultListableBeanFactory TRACE - No bean named 'org.springframework.boot.test.autoconfigure.web.servlet.SpringBootMockMvcBuilderCustomizer$DeferredLinesWriter' found in org.springframework.beans.factory.support.DefaultListableBeanFactory@29ea78b1: defining beans [org.springframework.boot.test.mock.mockito.MockitoPostProcessor$SpyPostProcessor,org.springframework.boot.test.mock.mockito.MockitoPostProcessor,org.springframework.context.annotation.internalConfigurationAnnotationProcessor,org.springframework.context.annotation.internalAutowiredAnnotationProcessor,org.springframework.context.annotation.internalCommonAnnotationProcessor,org.springframework.context.event.internalEventListenerProcessor,org.springframework.context.event.internalEventListenerFactory,internshipProjectApplication,org.springframework.boot.autoconfigure.internalCachingMetadataReaderFactory,filterConfig,userController,loginSession,user,loginSessionRepository,userRepository,userService,loggingFilter,org.springframework.boot.autoconfigure.AutoConfigurationPackages,org.springframework.boot.autoconfigure.context.PropertyPlaceholderAutoConfiguration,propertySourcesPlaceholderConfigurer,org.springframework.boot.autoconfigure.ssl.SslAutoConfiguration,fileWatcher,sslPropertiesSslBundleRegistrar,sslBundleRegistry,org.springframework.boot.context.properties.ConfigurationPropertiesBindingPostProcessor,org.springframework.boot.context.internalConfigurationPropertiesBinder,org.springframework.boot.context.properties.BoundConfigurationProperties,org.springframework.boot.context.properties.EnableConfigurationPropertiesRegistrar.methodValidationExcludeFilter,spring.ssl-org.springframework.boot.autoconfigure.ssl.SslProperties,org.springframework.boot.autoconfigure.websocket.servlet.WebSocketServletAutoConfiguration$TomcatWebSocketConfiguration,websocketServletWebServerCustomizer,org.springframework.boot.autoconfigure.websocket.servlet.WebSocketServletAutoConfiguration,org.springframework.boot.autoconfigure.web.servlet.ServletWebServerFactoryConfiguration$EmbeddedTomcat,tomcatServletWebServerFactory,org.springframework.boot.autoconfigure.web.servlet.ServletWebServerFactoryAutoConfiguration,servletWebServerFactoryCustomizer,tomcatServletWebServerFactoryCustomizer,server-org.springframework.boot.autoconfigure.web.ServerProperties,webServerFactoryCustomizerBeanPostProcessor,errorPageRegistrarBeanPostProcessor,org.springframework.boot.autoconfigure.web.servlet.DispatcherServletAutoConfiguration$DispatcherServletConfiguration,dispatcherServlet,spring.mvc-org.springframework.boot.autoconfigure.web.servlet.WebMvcProperties,org.springframework.boot.autoconfigure.web.servlet.DispatcherServletAutoConfiguration$DispatcherServletRegistrationConfiguration,dispatcherServletRegistration,org.springframework.boot.autoconfigure.web.servlet.DispatcherServletAutoConfiguration,org.springframework.boot.autoconfigure.task.TaskExecutorConfigurations$ThreadPoolTaskExecutorBuilderConfiguration,threadPoolTaskExecutorBuilder,org.springframework.boot.autoconfigure.task.TaskExecutorConfigurations$TaskExecutorBuilderConfiguration,taskExecutorBuilder,org.springframework.boot.autoconfigure.task.TaskExecutorConfigurations$SimpleAsyncTaskExecutorBuilderConfiguration,simpleAsyncTaskExecutorBuilder,org.springframework.boot.autoconfigure.task.TaskExecutorConfigurations$TaskExecutorConfiguration,applicationTaskExecutor,org.springframework.boot.autoconfigure.task.TaskExecutionAutoConfiguration,spring.task.execution-org.springframework.boot.autoconfigure.task.TaskExecutionProperties,org.springframework.boot.autoconfigure.web.servlet.error.ErrorMvcAutoConfiguration$WhitelabelErrorViewConfiguration,error,beanNameViewResolver,org.springframework.boot.autoconfigure.web.servlet.error.ErrorMvcAutoConfiguration$DefaultErrorViewResolverConfiguration,conventionErrorViewResolver,spring.web-org.springframework.boot.autoconfigure.web.WebProperties,org.springframework.boot.autoconfigure.web.servlet.error.ErrorMvcAutoConfiguration,errorAttributes,basicErrorController,errorPageCustomizer,preserveErrorControllerTargetClassPostProcessor,org.springframework.boot.autoconfigure.web.servlet.WebMvcAutoConfiguration$EnableWebMvcConfiguration,welcomePageHandlerMapping,welcomePageNotAcceptableHandlerMapping,localeResolver,themeResolver,flashMapManager,mvcConversionService,mvcValidator,mvcContentNegotiationManager,requestMappingHandlerMapping,mvcPatternParser,mvcUrlPathHelper,mvcPathMatcher,viewControllerHandlerMapping,beanNameHandlerMapping,routerFunctionMapping,resourceHandlerMapping,mvcResourceUrlProvider,defaultServletHandlerMapping,requestMappingHandlerAdapter,handlerFunctionAdapter,mvcUriComponentsContributor,httpRequestHandlerAdapter,simpleControllerHandlerAdapter,handlerExceptionResolver,mvcViewResolver,mvcHandlerMappingIntrospector,viewNameTranslator,org.springframework.boot.autoconfigure.web.servlet.WebMvcAutoConfiguration$WebMvcAutoConfigurationAdapter,defaultViewResolver,viewResolver,requestContextFilter,org.springframework.boot.autoconfigure.web.servlet.WebMvcAutoConfiguration,formContentFilter,org.springframework.boot.autoconfigure.aop.AopAutoConfiguration$ClassProxyingConfiguration,forceAutoProxyCreatorToUseClassProxying,org.springframework.boot.autoconfigure.aop.AopAutoConfiguration,org.springframework.boot.autoconfigure.availability.ApplicationAvailabilityAutoConfiguration,applicationAvailability,org.springframework.boot.autoconfigure.jackson.JacksonAutoConfiguration$Jackson2ObjectMapperBuilderCustomizerConfiguration,standardJacksonObjectMapperBuilderCustomizer,spring.jackson-org.springframework.boot.autoconfigure.jackson.JacksonProperties,org.springframework.boot.autoconfigure.jackson.JacksonAutoConfiguration$JacksonObjectMapperBuilderConfiguration,jacksonObjectMapperBuilder,org.springframework.boot.autoconfigure.jackson.JacksonAutoConfiguration$ParameterNamesModuleConfiguration,parameterNamesModule,org.springframework.boot.autoconfigure.jackson.JacksonAutoConfiguration$JacksonObjectMapperConfiguration,jacksonObjectMapper,org.springframework.boot.autoconfigure.jackson.JacksonAutoConfiguration$JacksonMixinConfiguration,jsonMixinModuleEntries,jsonMixinModule,org.springframework.boot.autoconfigure.jackson.JacksonAutoConfiguration,jsonComponentModule,org.springframework.boot.autoconfigure.jdbc.DataSourceConfiguration$Hikari,jdbcConnectionDetailsHikariBeanPostProcessor,dataSource,org.springframework.boot.autoconfigure.jdbc.DataSourceAutoConfiguration$PooledDataSourceConfiguration,jdbcConnectionDetails,org.springframework.boot.autoconfigure.jdbc.metadata.DataSourcePoolMetadataProvidersConfiguration$HikariPoolDataSourceMetadataProviderConfiguration,hikariPoolDataSourceMetadataProvider,org.springframework.boot.autoconfigure.jdbc.metadata.DataSourcePoolMetadataProvidersConfiguration,org.springframework.boot.autoconfigure.jdbc.DataSourceAutoConfiguration,spring.datasource-org.springframework.boot.autoconfigure.jdbc.DataSourceProperties,org.springframework.boot.autoconfigure.transaction.TransactionManagerCustomizationAutoConfiguration,platformTransactionManagerCustomizers,transactionExecutionListeners,spring.transaction-org.springframework.boot.autoconfigure.transaction.TransactionProperties,org.springframework.boot.autoconfigure.context.ConfigurationPropertiesAutoConfiguration,org.springframework.boot.autoconfigure.context.LifecycleAutoConfiguration,lifecycleProcessor,spring.lifecycle-org.springframework.boot.autoconfigure.context.LifecycleProperties,org.springframework.boot.autoconfigure.dao.PersistenceExceptionTranslationAutoConfiguration,persistenceExceptionTranslationPostProcessor,org.springframework.boot.autoconfigure.http.HttpMessageConvertersAutoConfiguration$StringHttpMessageConverterConfiguration,stringHttpMessageConverter,org.springframework.boot.autoconfigure.http.JacksonHttpMessageConvertersConfiguration$MappingJackson2HttpMessageConverterConfiguration,mappingJackson2HttpMessageConverter,org.springframework.boot.autoconfigure.http.JacksonHttpMessageConvertersConfiguration,org.springframework.boot.autoconfigure.http.HttpMessageConvertersAutoConfiguration,messageConverters,org.springframework.boot.autoconfigure.info.ProjectInfoAutoConfiguration,spring.info-org.springframework.boot.autoconfigure.info.ProjectInfoProperties,org.springframework.boot.autoconfigure.jdbc.JdbcTemplateConfiguration,jdbcTemplate,org.springframework.boot.autoconfigure.jdbc.NamedParameterJdbcTemplateConfiguration,namedParameterJdbcTemplate,org.springframework.boot.autoconfigure.jdbc.JdbcTemplateAutoConfiguration,spring.jdbc-org.springframework.boot.autoconfigure.jdbc.JdbcProperties,org.springframework.boot.sql.init.dependency.DatabaseInitializationDependencyConfigurer$DependsOnDatabaseInitializationPostProcessor,org.springframework.boot.autoconfigure.jdbc.JdbcClientAutoConfiguration,jdbcClient,org.springframework.boot.autoconfigure.security.servlet.SecurityFilterAutoConfiguration,spring.security-org.springframework.boot.autoconfigure.security.SecurityProperties,org.springframework.boot.autoconfigure.sql.init.DataSourceInitializationConfiguration,dataSourceScriptDatabaseInitializer,org.springframework.boot.autoconfigure.sql.init.SqlInitializationAutoConfiguration,spring.sql.init-org.springframework.boot.autoconfigure.sql.init.SqlInitializationProperties,org.springframework.boot.autoconfigure.task.TaskSchedulingConfigurations$ThreadPoolTaskSchedulerBuilderConfiguration,threadPoolTaskSchedulerBuilder,org.springframework.boot.autoconfigure.task.TaskSchedulingConfigurations$TaskSchedulerBuilderConfiguration,taskSchedulerBuilder,org.springframework.boot.autoconfigure.task.TaskSchedulingConfigurations$SimpleAsyncTaskSchedulerBuilderConfiguration,simpleAsyncTaskSchedulerBuilder,org.springframework.boot.autoconfigure.task.TaskSchedulingAutoConfiguration,spring.task.scheduling-org.springframework.boot.autoconfigure.task.TaskSchedulingProperties,org.springframework.boot.autoconfigure.jdbc.DataSourceTransactionManagerAutoConfiguration$JdbcTransactionManagerConfiguration,transactionManager,org.springframework.boot.autoconfigure.jdbc.DataSourceTransactionManagerAutoConfiguration,org.springframework.transaction.annotation.ProxyTransactionManagementConfiguration,org.springframework.transaction.config.internalTransactionAdvisor,transactionAttributeSource,transactionInterceptor,org.springframework.transaction.config.internalTransactionalEventListenerFactory,org.springframework.boot.autoconfigure.transaction.TransactionAutoConfiguration$EnableTransactionManagementConfiguration$CglibAutoProxyConfiguration,org.springframework.aop.config.internalAutoProxyCreator,org.springframework.boot.autoconfigure.transaction.TransactionAutoConfiguration$EnableTransactionManagementConfiguration,org.springframework.boot.autoconfigure.transaction.TransactionAutoConfiguration$TransactionTemplateConfiguration,transactionTemplate,org.springframework.boot.autoconfigure.transaction.TransactionAutoConfiguration,org.springframework.boot.autoconfigure.web.client.RestClientAutoConfiguration,httpMessageConvertersRestClientCustomizer,restClientSsl,restClientBuilderConfigurer,restClientBuilder,org.springframework.boot.autoconfigure.web.client.RestTemplateAutoConfiguration,restTemplateBuilderConfigurer,restTemplateBuilder,org.springframework.boot.autoconfigure.web.servlet.HttpEncodingAutoConfiguration,characterEncodingFilter,localeCharsetMappingsCustomizer,org.springframework.boot.autoconfigure.web.servlet.MultipartAutoConfiguration,multipartConfigElement,multipartResolver,spring.servlet.multipart-org.springframework.boot.autoconfigure.web.servlet.MultipartProperties]; root of factory hierarchy
17:17:05.411 [main] o.s.t.c.c.DefaultCacheAwareContextLoaderDelegate TRACE - Retrieved ApplicationContext [1620112330] from cache with key [WebMergedContextConfiguration@74960e9d testClass = com.assignment.InternshipProject.InternshipProjectApplicationTests, locations = [], classes = [com.assignment.InternshipProject.InternshipProjectApplication], contextInitializerClasses = [], activeProfiles = [], propertySourceDescriptors = [], propertySourceProperties = ["org.springframework.boot.test.context.SpringBootTestContextBootstrapper=true"], contextCustomizers = [org.springframework.boot.test.context.filter.ExcludeFilterContextCustomizer@3feb2dda, org.springframework.boot.test.json.DuplicateJsonObjectContextCustomizerFactory$DuplicateJsonObjectContextCustomizer@dc7df28, org.springframework.boot.test.mock.mockito.MockitoContextCustomizer@0, org.springframework.boot.test.web.client.TestRestTemplateContextCustomizer@6f43c82, org.springframework.boot.test.autoconfigure.actuate.observability.ObservabilityContextCustomizerFactory$DisableObservabilityContextCustomizer@1f, org.springframework.boot.test.autoconfigure.properties.PropertyMappingContextCustomizer@0, org.springframework.boot.test.autoconfigure.web.servlet.WebDriverContextCustomizer@f68f0dc, org.springframework.boot.test.context.SpringBootTestAnnotation@9ec9eb65], resourceBasePath = "src/main/webapp", contextLoader = org.springframework.boot.test.context.SpringBootContextLoader, parent = null]
17:17:05.412 [main] o.s.t.c.cache DEBUG - Spring test ApplicationContext cache statistics: [DefaultContextCache@4001d8c1 size = 1, maxSize = 32, parentContextCount = 0, hitCount = 9, missCount = 1, failureCount = 0]
17:17:05.415 [main] o.s.t.c.c.DefaultCacheAwareContextLoaderDelegate TRACE - Retrieved ApplicationContext [1620112330] from cache with key [WebMergedContextConfiguration@74960e9d testClass = com.assignment.InternshipProject.InternshipProjectApplicationTests, locations = [], classes = [com.assignment.InternshipProject.InternshipProjectApplication], contextInitializerClasses = [], activeProfiles = [], propertySourceDescriptors = [], propertySourceProperties = ["org.springframework.boot.test.context.SpringBootTestContextBootstrapper=true"], contextCustomizers = [org.springframework.boot.test.context.filter.ExcludeFilterContextCustomizer@3feb2dda, org.springframework.boot.test.json.DuplicateJsonObjectContextCustomizerFactory$DuplicateJsonObjectContextCustomizer@dc7df28, org.springframework.boot.test.mock.mockito.MockitoContextCustomizer@0, org.springframework.boot.test.web.client.TestRestTemplateContextCustomizer@6f43c82, org.springframework.boot.test.autoconfigure.actuate.observability.ObservabilityContextCustomizerFactory$DisableObservabilityContextCustomizer@1f, org.springframework.boot.test.autoconfigure.properties.PropertyMappingContextCustomizer@0, org.springframework.boot.test.autoconfigure.web.servlet.WebDriverContextCustomizer@f68f0dc, org.springframework.boot.test.context.SpringBootTestAnnotation@9ec9eb65], resourceBasePath = "src/main/webapp", contextLoader = org.springframework.boot.test.context.SpringBootContextLoader, parent = null]
17:17:05.415 [main] o.s.t.c.cache DEBUG - Spring test ApplicationContext cache statistics: [DefaultContextCache@4001d8c1 size = 1, maxSize = 32, parentContextCount = 0, hitCount = 10, missCount = 1, failureCount = 0]
17:17:05.415 [main] o.s.b.f.s.DefaultListableBeanFactory TRACE - Returning cached instance of singleton bean 'org.springframework.boot.test.mock.mockito.MockitoPostProcessor$SpyPostProcessor'
17:17:05.415 [main] o.s.b.f.s.DefaultListableBeanFactory TRACE - Returning cached instance of singleton bean 'org.springframework.boot.test.mock.mockito.MockitoPostProcessor'
17:17:05.415 [main] o.s.b.f.s.DefaultListableBeanFactory TRACE - Returning cached instance of singleton bean 'org.springframework.context.annotation.internalConfigurationAnnotationProcessor'
17:17:05.415 [main] o.s.b.f.s.DefaultListableBeanFactory TRACE - Returning cached instance of singleton bean 'org.springframework.context.annotation.internalAutowiredAnnotationProcessor'
17:17:05.415 [main] o.s.b.f.s.DefaultListableBeanFactory TRACE - Returning cached instance of singleton bean 'org.springframework.context.annotation.internalCommonAnnotationProcessor'
17:17:05.415 [main] o.s.b.f.s.DefaultListableBeanFactory TRACE - Returning cached instance of singleton bean 'org.springframework.context.event.internalEventListenerProcessor'
17:17:05.415 [main] o.s.b.f.s.DefaultListableBeanFactory TRACE - Returning cached instance of singleton bean 'org.springframework.context.event.internalEventListenerFactory'
17:17:05.415 [main] o.s.b.f.s.DefaultListableBeanFactory TRACE - Returning cached instance of singleton bean 'internshipProjectApplication'
17:17:05.415 [main] o.s.b.f.s.DefaultListableBeanFactory TRACE - Returning cached instance of singleton bean 'org.springframework.boot.autoconfigure.internalCachingMetadataReaderFactory'
17:17:05.415 [main] o.s.b.f.s.DefaultListableBeanFactory TRACE - Returning cached instance of singleton bean 'org.springframework.boot.autoconfigure.internalCachingMetadataReaderFactory'
17:17:05.415 [main] o.s.b.f.s.DefaultListableBeanFactory TRACE - Returning cached instance of singleton bean 'filterConfig'
17:17:05.415 [main] o.s.b.f.s.DefaultListableBeanFactory TRACE - Returning cached instance of singleton bean 'userController'
17:17:05.415 [main] o.s.b.f.s.DefaultListableBeanFactory TRACE - Returning cached instance of singleton bean 'loginSession'
17:17:05.415 [main] o.s.b.f.s.DefaultListableBeanFactory TRACE - Returning cached instance of singleton bean 'user'
17:17:05.415 [main] o.s.b.f.s.DefaultListableBeanFactory TRACE - Returning cached instance of singleton bean 'loginSessionRepository'
17:17:05.415 [main] o.s.b.f.s.DefaultListableBeanFactory TRACE - Returning cached instance of singleton bean 'userRepository'
17:17:05.415 [main] o.s.b.f.s.DefaultListableBeanFactory TRACE - Returning cached instance of singleton bean 'userService'
17:17:05.415 [main] o.s.b.f.s.DefaultListableBeanFactory TRACE - Returning cached instance of singleton bean 'loggingFilter'
17:17:05.415 [main] o.s.b.f.s.DefaultListableBeanFactory TRACE - Returning cached instance of singleton bean 'org.springframework.boot.autoconfigure.AutoConfigurationPackages'
17:17:05.415 [main] o.s.b.f.s.DefaultListableBeanFactory TRACE - Returning cached instance of singleton bean 'org.springframework.boot.autoconfigure.context.PropertyPlaceholderAutoConfiguration'
17:17:05.415 [main] o.s.b.f.s.DefaultListableBeanFactory TRACE - Returning cached instance of singleton bean 'propertySourcesPlaceholderConfigurer'
17:17:05.415 [main] o.s.b.f.s.DefaultListableBeanFactory TRACE - Returning cached instance of singleton bean 'org.springframework.boot.autoconfigure.ssl.SslAutoConfiguration'
17:17:05.415 [main] o.s.b.f.s.DefaultListableBeanFactory TRACE - Returning cached instance of singleton bean 'fileWatcher'
17:17:05.415 [main] o.s.b.f.s.DefaultListableBeanFactory TRACE - Returning cached instance of singleton bean 'sslPropertiesSslBundleRegistrar'
17:17:05.415 [main] o.s.b.f.s.DefaultListableBeanFactory TRACE - Returning cached instance of singleton bean 'sslBundleRegistry'
17:17:05.415 [main] o.s.b.f.s.DefaultListableBeanFactory TRACE - Returning cached instance of singleton bean 'org.springframework.boot.context.properties.ConfigurationPropertiesBindingPostProcessor'
17:17:05.415 [main] o.s.b.f.s.DefaultListableBeanFactory TRACE - Returning cached instance of singleton bean 'org.springframework.boot.context.internalConfigurationPropertiesBinder'
17:17:05.415 [main] o.s.b.f.s.DefaultListableBeanFactory TRACE - Returning cached instance of singleton bean 'org.springframework.boot.context.internalConfigurationPropertiesBinder'
17:17:05.415 [main] o.s.b.f.s.DefaultListableBeanFactory TRACE - Returning cached instance of singleton bean 'org.springframework.boot.context.properties.BoundConfigurationProperties'
17:17:05.415 [main] o.s.b.f.s.DefaultListableBeanFactory TRACE - Returning cached instance of singleton bean 'org.springframework.boot.context.properties.EnableConfigurationPropertiesRegistrar.methodValidationExcludeFilter'
17:17:05.415 [main] o.s.b.f.s.DefaultListableBeanFactory TRACE - Returning cached instance of singleton bean 'spring.ssl-org.springframework.boot.autoconfigure.ssl.SslProperties'
17:17:05.415 [main] o.s.b.f.s.DefaultListableBeanFactory TRACE - Returning cached instance of singleton bean 'org.springframework.boot.autoconfigure.websocket.servlet.WebSocketServletAutoConfiguration$TomcatWebSocketConfiguration'
17:17:05.415 [main] o.s.b.f.s.DefaultListableBeanFactory TRACE - Returning cached instance of singleton bean 'websocketServletWebServerCustomizer'
17:17:05.415 [main] o.s.b.f.s.DefaultListableBeanFactory TRACE - Returning cached instance of singleton bean 'org.springframework.boot.autoconfigure.websocket.servlet.WebSocketServletAutoConfiguration'
17:17:05.415 [main] o.s.b.f.s.DefaultListableBeanFactory TRACE - Returning cached instance of singleton bean 'org.springframework.boot.autoconfigure.web.servlet.ServletWebServerFactoryConfiguration$EmbeddedTomcat'
17:17:05.415 [main] o.s.b.f.s.DefaultListableBeanFactory TRACE - Returning cached instance of singleton bean 'tomcatServletWebServerFactory'
17:17:05.415 [main] o.s.b.f.s.DefaultListableBeanFactory TRACE - Returning cached instance of singleton bean 'org.springframework.boot.autoconfigure.web.servlet.ServletWebServerFactoryAutoConfiguration'
17:17:05.415 [main] o.s.b.f.s.DefaultListableBeanFactory TRACE - Returning cached instance of singleton bean 'servletWebServerFactoryCustomizer'
17:17:05.415 [main] o.s.b.f.s.DefaultListableBeanFactory TRACE - Returning cached instance of singleton bean 'tomcatServletWebServerFactoryCustomizer'
17:17:05.415 [main] o.s.b.f.s.DefaultListableBeanFactory TRACE - Returning cached instance of singleton bean 'server-org.springframework.boot.autoconfigure.web.ServerProperties'
17:17:05.415 [main] o.s.b.f.s.DefaultListableBeanFactory TRACE - Returning cached instance of singleton bean 'webServerFactoryCustomizerBeanPostProcessor'
17:17:05.415 [main] o.s.b.f.s.DefaultListableBeanFactory TRACE - Returning cached instance of singleton bean 'errorPageRegistrarBeanPostProcessor'
17:17:05.415 [main] o.s.b.f.s.DefaultListableBeanFactory TRACE - Returning cached instance of singleton bean 'org.springframework.boot.autoconfigure.web.servlet.DispatcherServletAutoConfiguration$DispatcherServletConfiguration'
17:17:05.415 [main] o.s.b.f.s.DefaultListableBeanFactory TRACE - Returning cached instance of singleton bean 'dispatcherServlet'
17:17:05.415 [main] o.s.b.f.s.DefaultListableBeanFactory TRACE - Returning cached instance of singleton bean 'spring.mvc-org.springframework.boot.autoconfigure.web.servlet.WebMvcProperties'
17:17:05.415 [main] o.s.b.f.s.DefaultListableBeanFactory TRACE - Returning cached instance of singleton bean 'org.springframework.boot.autoconfigure.web.servlet.DispatcherServletAutoConfiguration$DispatcherServletRegistrationConfiguration'
17:17:05.416 [main] o.s.b.f.s.DefaultListableBeanFactory TRACE - Returning cached instance of singleton bean 'dispatcherServletRegistration'
17:17:05.416 [main] o.s.b.f.s.DefaultListableBeanFactory TRACE - Returning cached instance of singleton bean 'org.springframework.boot.autoconfigure.web.servlet.DispatcherServletAutoConfiguration'
17:17:05.416 [main] o.s.b.f.s.DefaultListableBeanFactory TRACE - Returning cached instance of singleton bean 'org.springframework.boot.autoconfigure.task.TaskExecutorConfigurations$ThreadPoolTaskExecutorBuilderConfiguration'
17:17:05.416 [main] o.s.b.f.s.DefaultListableBeanFactory TRACE - Returning cached instance of singleton bean 'threadPoolTaskExecutorBuilder'
17:17:05.416 [main] o.s.b.f.s.DefaultListableBeanFactory TRACE - Returning cached instance of singleton bean 'org.springframework.boot.autoconfigure.task.TaskExecutorConfigurations$TaskExecutorBuilderConfiguration'
17:17:05.416 [main] o.s.b.f.s.DefaultListableBeanFactory TRACE - Returning cached instance of singleton bean 'taskExecutorBuilder'
17:17:05.416 [main] o.s.b.f.s.DefaultListableBeanFactory TRACE - Returning cached instance of singleton bean 'org.springframework.boot.autoconfigure.task.TaskExecutorConfigurations$SimpleAsyncTaskExecutorBuilderConfiguration'
17:17:05.416 [main] o.s.b.f.s.DefaultListableBeanFactory TRACE - Returning cached instance of singleton bean 'simpleAsyncTaskExecutorBuilder'
17:17:05.416 [main] o.s.b.f.s.DefaultListableBeanFactory TRACE - Returning cached instance of singleton bean 'org.springframework.boot.autoconfigure.task.TaskExecutorConfigurations$TaskExecutorConfiguration'
17:17:05.416 [main] o.s.b.f.s.DefaultListableBeanFactory TRACE - Returning cached instance of singleton bean 'applicationTaskExecutor'
17:17:05.416 [main] o.s.b.f.s.DefaultListableBeanFactory TRACE - Returning cached instance of singleton bean 'org.springframework.boot.autoconfigure.task.TaskExecutionAutoConfiguration'
17:17:05.416 [main] o.s.b.f.s.DefaultListableBeanFactory TRACE - Returning cached instance of singleton bean 'spring.task.execution-org.springframework.boot.autoconfigure.task.TaskExecutionProperties'
17:17:05.416 [main] o.s.b.f.s.DefaultListableBeanFactory TRACE - Returning cached instance of singleton bean 'org.springframework.boot.autoconfigure.web.servlet.error.ErrorMvcAutoConfiguration$WhitelabelErrorViewConfiguration'
17:17:05.416 [main] o.s.b.f.s.DefaultListableBeanFactory TRACE - Returning cached instance of singleton bean 'error'
17:17:05.416 [main] o.s.b.f.s.DefaultListableBeanFactory TRACE - Returning cached instance of singleton bean 'beanNameViewResolver'
17:17:05.416 [main] o.s.b.f.s.DefaultListableBeanFactory TRACE - Returning cached instance of singleton bean 'org.springframework.boot.autoconfigure.web.servlet.error.ErrorMvcAutoConfiguration$DefaultErrorViewResolverConfiguration'
17:17:05.416 [main] o.s.b.f.s.DefaultListableBeanFactory TRACE - Returning cached instance of singleton bean 'conventionErrorViewResolver'
17:17:05.416 [main] o.s.b.f.s.DefaultListableBeanFactory TRACE - Returning cached instance of singleton bean 'spring.web-org.springframework.boot.autoconfigure.web.WebProperties'
17:17:05.416 [main] o.s.b.f.s.DefaultListableBeanFactory TRACE - Returning cached instance of singleton bean 'org.springframework.boot.autoconfigure.web.servlet.error.ErrorMvcAutoConfiguration'
17:17:05.416 [main] o.s.b.f.s.DefaultListableBeanFactory TRACE - Returning cached instance of singleton bean 'errorAttributes'
17:17:05.416 [main] o.s.b.f.s.DefaultListableBeanFactory TRACE - Returning cached instance of singleton bean 'basicErrorController'
17:17:05.416 [main] o.s.b.f.s.DefaultListableBeanFactory TRACE - Returning cached instance of singleton bean 'errorPageCustomizer'
17:17:05.416 [main] o.s.b.f.s.DefaultListableBeanFactory TRACE - Returning cached instance of singleton bean 'preserveErrorControllerTargetClassPostProcessor'
17:17:05.416 [main] o.s.b.f.s.DefaultListableBeanFactory TRACE - Returning cached instance of singleton bean 'org.springframework.boot.autoconfigure.web.servlet.WebMvcAutoConfiguration$EnableWebMvcConfiguration'
17:17:05.416 [main] o.s.b.f.s.DefaultListableBeanFactory TRACE - Returning cached instance of singleton bean 'welcomePageHandlerMapping'
17:17:05.416 [main] o.s.b.f.s.DefaultListableBeanFactory TRACE - Returning cached instance of singleton bean 'welcomePageNotAcceptableHandlerMapping'
17:17:05.416 [main] o.s.b.f.s.DefaultListableBeanFactory TRACE - Returning cached instance of singleton bean 'localeResolver'
17:17:05.416 [main] o.s.b.f.s.DefaultListableBeanFactory TRACE - Returning cached instance of singleton bean 'themeResolver'
17:17:05.416 [main] o.s.b.f.s.DefaultListableBeanFactory TRACE - Returning cached instance of singleton bean 'flashMapManager'
17:17:05.416 [main] o.s.b.f.s.DefaultListableBeanFactory TRACE - Returning cached instance of singleton bean 'mvcConversionService'
17:17:05.416 [main] o.s.b.f.s.DefaultListableBeanFactory TRACE - Returning cached instance of singleton bean 'mvcValidator'
17:17:05.416 [main] o.s.b.f.s.DefaultListableBeanFactory TRACE - Returning cached instance of singleton bean 'mvcContentNegotiationManager'
17:17:05.416 [main] o.s.b.f.s.DefaultListableBeanFactory TRACE - Returning cached instance of singleton bean 'requestMappingHandlerMapping'
17:17:05.416 [main] o.s.b.f.s.DefaultListableBeanFactory TRACE - Returning cached instance of singleton bean 'mvcPatternParser'
17:17:05.416 [main] o.s.b.f.s.DefaultListableBeanFactory TRACE - Returning cached instance of singleton bean 'mvcUrlPathHelper'
17:17:05.416 [main] o.s.b.f.s.DefaultListableBeanFactory TRACE - Returning cached instance of singleton bean 'mvcPathMatcher'
17:17:05.416 [main] o.s.b.f.s.DefaultListableBeanFactory TRACE - Returning cached instance of singleton bean 'viewControllerHandlerMapping'
17:17:05.416 [main] o.s.b.f.s.DefaultListableBeanFactory TRACE - Returning cached instance of singleton bean 'beanNameHandlerMapping'
17:17:05.416 [main] o.s.b.f.s.DefaultListableBeanFactory TRACE - Returning cached instance of singleton bean 'routerFunctionMapping'
17:17:05.416 [main] o.s.b.f.s.DefaultListableBeanFactory TRACE - Returning cached instance of singleton bean 'resourceHandlerMapping'
17:17:05.416 [main] o.s.b.f.s.DefaultListableBeanFactory TRACE - Returning cached instance of singleton bean 'mvcResourceUrlProvider'
17:17:05.416 [main] o.s.b.f.s.DefaultListableBeanFactory TRACE - Returning cached instance of singleton bean 'defaultServletHandlerMapping'
17:17:05.416 [main] o.s.b.f.s.DefaultListableBeanFactory TRACE - Returning cached instance of singleton bean 'requestMappingHandlerAdapter'
17:17:05.416 [main] o.s.b.f.s.DefaultListableBeanFactory TRACE - Returning cached instance of singleton bean 'handlerFunctionAdapter'
17:17:05.416 [main] o.s.b.f.s.DefaultListableBeanFactory TRACE - Returning cached instance of singleton bean 'mvcUriComponentsContributor'
17:17:05.416 [main] o.s.b.f.s.DefaultListableBeanFactory TRACE - Returning cached instance of singleton bean 'httpRequestHandlerAdapter'
17:17:05.416 [main] o.s.b.f.s.DefaultListableBeanFactory TRACE - Returning cached instance of singleton bean 'simpleControllerHandlerAdapter'
17:17:05.416 [main] o.s.b.f.s.DefaultListableBeanFactory TRACE - Returning cached instance of singleton bean 'handlerExceptionResolver'
17:17:05.416 [main] o.s.b.f.s.DefaultListableBeanFactory TRACE - Returning cached instance of singleton bean 'mvcViewResolver'
17:17:05.416 [main] o.s.b.f.s.DefaultListableBeanFactory TRACE - Returning cached instance of singleton bean 'viewNameTranslator'
17:17:05.416 [main] o.s.b.f.s.DefaultListableBeanFactory TRACE - Returning cached instance of singleton bean 'org.springframework.boot.autoconfigure.web.servlet.WebMvcAutoConfiguration$WebMvcAutoConfigurationAdapter'
17:17:05.416 [main] o.s.b.f.s.DefaultListableBeanFactory TRACE - Returning cached instance of singleton bean 'defaultViewResolver'
17:17:05.416 [main] o.s.b.f.s.DefaultListableBeanFactory TRACE - Returning cached instance of singleton bean 'viewResolver'
17:17:05.416 [main] o.s.b.f.s.DefaultListableBeanFactory TRACE - Returning cached instance of singleton bean 'requestContextFilter'
17:17:05.416 [main] o.s.b.f.s.DefaultListableBeanFactory TRACE - Returning cached instance of singleton bean 'org.springframework.boot.autoconfigure.web.servlet.WebMvcAutoConfiguration'
17:17:05.416 [main] o.s.b.f.s.DefaultListableBeanFactory TRACE - Returning cached instance of singleton bean 'formContentFilter'
17:17:05.416 [main] o.s.b.f.s.DefaultListableBeanFactory TRACE - Returning cached instance of singleton bean 'org.springframework.boot.autoconfigure.aop.AopAutoConfiguration$ClassProxyingConfiguration'
17:17:05.416 [main] o.s.b.f.s.DefaultListableBeanFactory TRACE - Returning cached instance of singleton bean 'forceAutoProxyCreatorToUseClassProxying'
17:17:05.416 [main] o.s.b.f.s.DefaultListableBeanFactory TRACE - Returning cached instance of singleton bean 'org.springframework.boot.autoconfigure.aop.AopAutoConfiguration'
17:17:05.416 [main] o.s.b.f.s.DefaultListableBeanFactory TRACE - Returning cached instance of singleton bean 'org.springframework.boot.autoconfigure.availability.ApplicationAvailabilityAutoConfiguration'
17:17:05.416 [main] o.s.b.f.s.DefaultListableBeanFactory TRACE - Returning cached instance of singleton bean 'applicationAvailability'
17:17:05.416 [main] o.s.b.f.s.DefaultListableBeanFactory TRACE - Returning cached instance of singleton bean 'org.springframework.boot.autoconfigure.jackson.JacksonAutoConfiguration$Jackson2ObjectMapperBuilderCustomizerConfiguration'
17:17:05.416 [main] o.s.b.f.s.DefaultListableBeanFactory TRACE - Returning cached instance of singleton bean 'standardJacksonObjectMapperBuilderCustomizer'
17:17:05.416 [main] o.s.b.f.s.DefaultListableBeanFactory TRACE - Returning cached instance of singleton bean 'spring.jackson-org.springframework.boot.autoconfigure.jackson.JacksonProperties'
17:17:05.416 [main] o.s.b.f.s.DefaultListableBeanFactory TRACE - Returning cached instance of singleton bean 'org.springframework.boot.autoconfigure.jackson.JacksonAutoConfiguration$JacksonObjectMapperBuilderConfiguration'
17:17:05.416 [main] o.s.b.f.s.DefaultListableBeanFactory TRACE - Returning cached instance of singleton bean 'org.springframework.boot.autoconfigure.jackson.JacksonAutoConfiguration$ParameterNamesModuleConfiguration'
17:17:05.416 [main] o.s.b.f.s.DefaultListableBeanFactory TRACE - Returning cached instance of singleton bean 'parameterNamesModule'
17:17:05.416 [main] o.s.b.f.s.DefaultListableBeanFactory TRACE - Returning cached instance of singleton bean 'org.springframework.boot.autoconfigure.jackson.JacksonAutoConfiguration$JacksonObjectMapperConfiguration'
17:17:05.416 [main] o.s.b.f.s.DefaultListableBeanFactory TRACE - Returning cached instance of singleton bean 'jacksonObjectMapper'
17:17:05.416 [main] o.s.b.f.s.DefaultListableBeanFactory TRACE - Returning cached instance of singleton bean 'org.springframework.boot.autoconfigure.jackson.JacksonAutoConfiguration$JacksonMixinConfiguration'
17:17:05.416 [main] o.s.b.f.s.DefaultListableBeanFactory TRACE - Returning cached instance of singleton bean 'jsonMixinModuleEntries'
17:17:05.416 [main] o.s.b.f.s.DefaultListableBeanFactory TRACE - Returning cached instance of singleton bean 'jsonMixinModule'
17:17:05.416 [main] o.s.b.f.s.DefaultListableBeanFactory TRACE - Returning cached instance of singleton bean 'org.springframework.boot.autoconfigure.jackson.JacksonAutoConfiguration'
17:17:05.416 [main] o.s.b.f.s.DefaultListableBeanFactory TRACE - Returning cached instance of singleton bean 'jsonComponentModule'
17:17:05.416 [main] o.s.b.f.s.DefaultListableBeanFactory TRACE - Returning cached instance of singleton bean 'org.springframework.boot.autoconfigure.jdbc.DataSourceConfiguration$Hikari'
17:17:05.416 [main] o.s.b.f.s.DefaultListableBeanFactory TRACE - Returning cached instance of singleton bean 'jdbcConnectionDetailsHikariBeanPostProcessor'
17:17:05.416 [main] o.s.b.f.s.DefaultListableBeanFactory TRACE - Returning cached instance of singleton bean 'dataSource'
17:17:05.416 [main] o.s.b.f.s.DefaultListableBeanFactory TRACE - Returning cached instance of singleton bean 'org.springframework.boot.autoconfigure.jdbc.DataSourceAutoConfiguration$PooledDataSourceConfiguration'
17:17:05.416 [main] o.s.b.f.s.DefaultListableBeanFactory TRACE - Returning cached instance of singleton bean 'jdbcConnectionDetails'
17:17:05.416 [main] o.s.b.f.s.DefaultListableBeanFactory TRACE - Returning cached instance of singleton bean 'org.springframework.boot.autoconfigure.jdbc.metadata.DataSourcePoolMetadataProvidersConfiguration$HikariPoolDataSourceMetadataProviderConfiguration'
17:17:05.416 [main] o.s.b.f.s.DefaultListableBeanFactory TRACE - Returning cached instance of singleton bean 'hikariPoolDataSourceMetadataProvider'
17:17:05.416 [main] o.s.b.f.s.DefaultListableBeanFactory TRACE - Returning cached instance of singleton bean 'org.springframework.boot.autoconfigure.jdbc.metadata.DataSourcePoolMetadataProvidersConfiguration'
17:17:05.416 [main] o.s.b.f.s.DefaultListableBeanFactory TRACE - Returning cached instance of singleton bean 'org.springframework.boot.autoconfigure.jdbc.DataSourceAutoConfiguration'
17:17:05.416 [main] o.s.b.f.s.DefaultListableBeanFactory TRACE - Returning cached instance of singleton bean 'spring.datasource-org.springframework.boot.autoconfigure.jdbc.DataSourceProperties'
17:17:05.416 [main] o.s.b.f.s.DefaultListableBeanFactory TRACE - Returning cached instance of singleton bean 'org.springframework.boot.autoconfigure.transaction.TransactionManagerCustomizationAutoConfiguration'
17:17:05.416 [main] o.s.b.f.s.DefaultListableBeanFactory TRACE - Returning cached instance of singleton bean 'platformTransactionManagerCustomizers'
17:17:05.416 [main] o.s.b.f.s.DefaultListableBeanFactory TRACE - Returning cached instance of singleton bean 'transactionExecutionListeners'
17:17:05.416 [main] o.s.b.f.s.DefaultListableBeanFactory TRACE - Returning cached instance of singleton bean 'spring.transaction-org.springframework.boot.autoconfigure.transaction.TransactionProperties'
17:17:05.416 [main] o.s.b.f.s.DefaultListableBeanFactory TRACE - Returning cached instance of singleton bean 'org.springframework.boot.autoconfigure.context.ConfigurationPropertiesAutoConfiguration'
17:17:05.416 [main] o.s.b.f.s.DefaultListableBeanFactory TRACE - Returning cached instance of singleton bean 'org.springframework.boot.autoconfigure.context.LifecycleAutoConfiguration'
17:17:05.416 [main] o.s.b.f.s.DefaultListableBeanFactory TRACE - Returning cached instance of singleton bean 'lifecycleProcessor'
17:17:05.416 [main] o.s.b.f.s.DefaultListableBeanFactory TRACE - Returning cached instance of singleton bean 'spring.lifecycle-org.springframework.boot.autoconfigure.context.LifecycleProperties'
17:17:05.416 [main] o.s.b.f.s.DefaultListableBeanFactory TRACE - Returning cached instance of singleton bean 'org.springframework.boot.autoconfigure.dao.PersistenceExceptionTranslationAutoConfiguration'
17:17:05.416 [main] o.s.b.f.s.DefaultListableBeanFactory TRACE - Returning cached instance of singleton bean 'persistenceExceptionTranslationPostProcessor'
17:17:05.416 [main] o.s.b.f.s.DefaultListableBeanFactory TRACE - Returning cached instance of singleton bean 'org.springframework.boot.autoconfigure.http.HttpMessageConvertersAutoConfiguration$StringHttpMessageConverterConfiguration'
17:17:05.416 [main] o.s.b.f.s.DefaultListableBeanFactory TRACE - Returning cached instance of singleton bean 'stringHttpMessageConverter'
17:17:05.416 [main] o.s.b.f.s.DefaultListableBeanFactory TRACE - Returning cached instance of singleton bean 'org.springframework.boot.autoconfigure.http.JacksonHttpMessageConvertersConfiguration$MappingJackson2HttpMessageConverterConfiguration'
17:17:05.416 [main] o.s.b.f.s.DefaultListableBeanFactory TRACE - Returning cached instance of singleton bean 'mappingJackson2HttpMessageConverter'
17:17:05.416 [main] o.s.b.f.s.DefaultListableBeanFactory TRACE - Returning cached instance of singleton bean 'org.springframework.boot.autoconfigure.http.JacksonHttpMessageConvertersConfiguration'
17:17:05.416 [main] o.s.b.f.s.DefaultListableBeanFactory TRACE - Returning cached instance of singleton bean 'org.springframework.boot.autoconfigure.http.HttpMessageConvertersAutoConfiguration'
17:17:05.416 [main] o.s.b.f.s.DefaultListableBeanFactory TRACE - Returning cached instance of singleton bean 'messageConverters'
17:17:05.416 [main] o.s.b.f.s.DefaultListableBeanFactory TRACE - Returning cached instance of singleton bean 'org.springframework.boot.autoconfigure.info.ProjectInfoAutoConfiguration'
17:17:05.416 [main] o.s.b.f.s.DefaultListableBeanFactory TRACE - Returning cached instance of singleton bean 'spring.info-org.springframework.boot.autoconfigure.info.ProjectInfoProperties'
17:17:05.416 [main] o.s.b.f.s.DefaultListableBeanFactory TRACE - Returning cached instance of singleton bean 'org.springframework.boot.autoconfigure.jdbc.JdbcTemplateConfiguration'
17:17:05.416 [main] o.s.b.f.s.DefaultListableBeanFactory TRACE - Returning cached instance of singleton bean 'jdbcTemplate'
17:17:05.416 [main] o.s.b.f.s.DefaultListableBeanFactory TRACE - Returning cached instance of singleton bean 'org.springframework.boot.autoconfigure.jdbc.NamedParameterJdbcTemplateConfiguration'
17:17:05.416 [main] o.s.b.f.s.DefaultListableBeanFactory TRACE - Returning cached instance of singleton bean 'namedParameterJdbcTemplate'
17:17:05.416 [main] o.s.b.f.s.DefaultListableBeanFactory TRACE - Returning cached instance of singleton bean 'org.springframework.boot.autoconfigure.jdbc.JdbcTemplateAutoConfiguration'
17:17:05.416 [main] o.s.b.f.s.DefaultListableBeanFactory TRACE - Returning cached instance of singleton bean 'spring.jdbc-org.springframework.boot.autoconfigure.jdbc.JdbcProperties'
17:17:05.416 [main] o.s.b.f.s.DefaultListableBeanFactory TRACE - Returning cached instance of singleton bean 'org.springframework.boot.sql.init.dependency.DatabaseInitializationDependencyConfigurer$DependsOnDatabaseInitializationPostProcessor'
17:17:05.416 [main] o.s.b.f.s.DefaultListableBeanFactory TRACE - Returning cached instance of singleton bean 'org.springframework.boot.autoconfigure.jdbc.JdbcClientAutoConfiguration'
17:17:05.416 [main] o.s.b.f.s.DefaultListableBeanFactory TRACE - Returning cached instance of singleton bean 'jdbcClient'
17:17:05.416 [main] o.s.b.f.s.DefaultListableBeanFactory TRACE - Returning cached instance of singleton bean 'org.springframework.boot.autoconfigure.security.servlet.SecurityFilterAutoConfiguration'
17:17:05.416 [main] o.s.b.f.s.DefaultListableBeanFactory TRACE - Returning cached instance of singleton bean 'spring.security-org.springframework.boot.autoconfigure.security.SecurityProperties'
17:17:05.416 [main] o.s.b.f.s.DefaultListableBeanFactory TRACE - Returning cached instance of singleton bean 'org.springframework.boot.autoconfigure.sql.init.DataSourceInitializationConfiguration'
17:17:05.416 [main] o.s.b.f.s.DefaultListableBeanFactory TRACE - Returning cached instance of singleton bean 'dataSourceScriptDatabaseInitializer'
17:17:05.416 [main] o.s.b.f.s.DefaultListableBeanFactory TRACE - Returning cached instance of singleton bean 'org.springframework.boot.autoconfigure.sql.init.SqlInitializationAutoConfiguration'
17:17:05.416 [main] o.s.b.f.s.DefaultListableBeanFactory TRACE - Returning cached instance of singleton bean 'spring.sql.init-org.springframework.boot.autoconfigure.sql.init.SqlInitializationProperties'
17:17:05.416 [main] o.s.b.f.s.DefaultListableBeanFactory TRACE - Returning cached instance of singleton bean 'org.springframework.boot.autoconfigure.task.TaskSchedulingConfigurations$ThreadPoolTaskSchedulerBuilderConfiguration'
17:17:05.416 [main] o.s.b.f.s.DefaultListableBeanFactory TRACE - Returning cached instance of singleton bean 'threadPoolTaskSchedulerBuilder'
17:17:05.416 [main] o.s.b.f.s.DefaultListableBeanFactory TRACE - Returning cached instance of singleton bean 'org.springframework.boot.autoconfigure.task.TaskSchedulingConfigurations$TaskSchedulerBuilderConfiguration'
17:17:05.416 [main] o.s.b.f.s.DefaultListableBeanFactory TRACE - Returning cached instance of singleton bean 'taskSchedulerBuilder'
17:17:05.416 [main] o.s.b.f.s.DefaultListableBeanFactory TRACE - Returning cached instance of singleton bean 'org.springframework.boot.autoconfigure.task.TaskSchedulingConfigurations$SimpleAsyncTaskSchedulerBuilderConfiguration'
17:17:05.416 [main] o.s.b.f.s.DefaultListableBeanFactory TRACE - Returning cached instance of singleton bean 'simpleAsyncTaskSchedulerBuilder'
17:17:05.416 [main] o.s.b.f.s.DefaultListableBeanFactory TRACE - Returning cached instance of singleton bean 'org.springframework.boot.autoconfigure.task.TaskSchedulingAutoConfiguration'
17:17:05.416 [main] o.s.b.f.s.DefaultListableBeanFactory TRACE - Returning cached instance of singleton bean 'spring.task.scheduling-org.springframework.boot.autoconfigure.task.TaskSchedulingProperties'
17:17:05.416 [main] o.s.b.f.s.DefaultListableBeanFactory TRACE - Returning cached instance of singleton bean 'org.springframework.boot.autoconfigure.jdbc.DataSourceTransactionManagerAutoConfiguration$JdbcTransactionManagerConfiguration'
17:17:05.416 [main] o.s.b.f.s.DefaultListableBeanFactory TRACE - Returning cached instance of singleton bean 'transactionManager'
17:17:05.416 [main] o.s.b.f.s.DefaultListableBeanFactory TRACE - Returning cached instance of singleton bean 'org.springframework.boot.autoconfigure.jdbc.DataSourceTransactionManagerAutoConfiguration'
17:17:05.416 [main] o.s.b.f.s.DefaultListableBeanFactory TRACE - Returning cached instance of singleton bean 'org.springframework.transaction.annotation.ProxyTransactionManagementConfiguration'
17:17:05.416 [main] o.s.b.f.s.DefaultListableBeanFactory TRACE - Returning cached instance of singleton bean 'org.springframework.transaction.config.internalTransactionAdvisor'
17:17:05.416 [main] o.s.b.f.s.DefaultListableBeanFactory TRACE - Returning cached instance of singleton bean 'transactionAttributeSource'
17:17:05.416 [main] o.s.b.f.s.DefaultListableBeanFactory TRACE - Returning cached instance of singleton bean 'transactionInterceptor'
17:17:05.416 [main] o.s.b.f.s.DefaultListableBeanFactory TRACE - Returning cached instance of singleton bean 'org.springframework.transaction.config.internalTransactionalEventListenerFactory'
17:17:05.416 [main] o.s.b.f.s.DefaultListableBeanFactory TRACE - Returning cached instance of singleton bean 'org.springframework.boot.autoconfigure.transaction.TransactionAutoConfiguration$EnableTransactionManagementConfiguration$CglibAutoProxyConfiguration'
17:17:05.416 [main] o.s.b.f.s.DefaultListableBeanFactory TRACE - Returning cached instance of singleton bean 'org.springframework.aop.config.internalAutoProxyCreator'
17:17:05.416 [main] o.s.b.f.s.DefaultListableBeanFactory TRACE - Returning cached instance of singleton bean 'org.springframework.boot.autoconfigure.transaction.TransactionAutoConfiguration$EnableTransactionManagementConfiguration'
17:17:05.416 [main] o.s.b.f.s.DefaultListableBeanFactory TRACE - Returning cached instance of singleton bean 'org.springframework.boot.autoconfigure.transaction.TransactionAutoConfiguration$TransactionTemplateConfiguration'
17:17:05.417 [main] o.s.b.f.s.DefaultListableBeanFactory TRACE - Returning cached instance of singleton bean 'transactionTemplate'
17:17:05.417 [main] o.s.b.f.s.DefaultListableBeanFactory TRACE - Returning cached instance of singleton bean 'org.springframework.boot.autoconfigure.transaction.TransactionAutoConfiguration'
17:17:05.417 [main] o.s.b.f.s.DefaultListableBeanFactory TRACE - Returning cached instance of singleton bean 'org.springframework.boot.autoconfigure.web.client.RestClientAutoConfiguration'
17:17:05.417 [main] o.s.b.f.s.DefaultListableBeanFactory TRACE - Returning cached instance of singleton bean 'httpMessageConvertersRestClientCustomizer'
17:17:05.417 [main] o.s.b.f.s.DefaultListableBeanFactory TRACE - Returning cached instance of singleton bean 'restClientSsl'
17:17:05.417 [main] o.s.b.f.s.DefaultListableBeanFactory TRACE - Returning cached instance of singleton bean 'restClientBuilderConfigurer'
17:17:05.417 [main] o.s.b.f.s.DefaultListableBeanFactory TRACE - Returning cached instance of singleton bean 'org.springframework.boot.autoconfigure.web.client.RestTemplateAutoConfiguration'
17:17:05.417 [main] o.s.b.f.s.DefaultListableBeanFactory TRACE - Returning cached instance of singleton bean 'org.springframework.boot.autoconfigure.web.servlet.HttpEncodingAutoConfiguration'
17:17:05.417 [main] o.s.b.f.s.DefaultListableBeanFactory TRACE - Returning cached instance of singleton bean 'characterEncodingFilter'
17:17:05.417 [main] o.s.b.f.s.DefaultListableBeanFactory TRACE - Returning cached instance of singleton bean 'localeCharsetMappingsCustomizer'
17:17:05.417 [main] o.s.b.f.s.DefaultListableBeanFactory TRACE - Returning cached instance of singleton bean 'org.springframework.boot.autoconfigure.web.servlet.MultipartAutoConfiguration'
17:17:05.417 [main] o.s.b.f.s.DefaultListableBeanFactory TRACE - Returning cached instance of singleton bean 'multipartConfigElement'
17:17:05.417 [main] o.s.b.f.s.DefaultListableBeanFactory TRACE - Returning cached instance of singleton bean 'multipartResolver'
17:17:05.417 [main] o.s.b.f.s.DefaultListableBeanFactory TRACE - Returning cached instance of singleton bean 'spring.servlet.multipart-org.springframework.boot.autoconfigure.web.servlet.MultipartProperties'
17:17:05.417 [main] o.s.b.f.s.DefaultListableBeanFactory TRACE - Returning cached instance of singleton bean 'org.springframework.boot.test.mock.mockito.MockitoBeans'
17:17:05.417 [main] o.s.t.c.c.DefaultCacheAwareContextLoaderDelegate TRACE - Retrieved ApplicationContext [1620112330] from cache with key [WebMergedContextConfiguration@74960e9d testClass = com.assignment.InternshipProject.InternshipProjectApplicationTests, locations = [], classes = [com.assignment.InternshipProject.InternshipProjectApplication], contextInitializerClasses = [], activeProfiles = [], propertySourceDescriptors = [], propertySourceProperties = ["org.springframework.boot.test.context.SpringBootTestContextBootstrapper=true"], contextCustomizers = [org.springframework.boot.test.context.filter.ExcludeFilterContextCustomizer@3feb2dda, org.springframework.boot.test.json.DuplicateJsonObjectContextCustomizerFactory$DuplicateJsonObjectContextCustomizer@dc7df28, org.springframework.boot.test.mock.mockito.MockitoContextCustomizer@0, org.springframework.boot.test.web.client.TestRestTemplateContextCustomizer@6f43c82, org.springframework.boot.test.autoconfigure.actuate.observability.ObservabilityContextCustomizerFactory$DisableObservabilityContextCustomizer@1f, org.springframework.boot.test.autoconfigure.properties.PropertyMappingContextCustomizer@0, org.springframework.boot.test.autoconfigure.web.servlet.WebDriverContextCustomizer@f68f0dc, org.springframework.boot.test.context.SpringBootTestAnnotation@9ec9eb65], resourceBasePath = "src/main/webapp", contextLoader = org.springframework.boot.test.context.SpringBootContextLoader, parent = null]
17:17:05.417 [main] o.s.t.c.cache DEBUG - Spring test ApplicationContext cache statistics: [DefaultContextCache@4001d8c1 size = 1, maxSize = 32, parentContextCount = 0, hitCount = 11, missCount = 1, failureCount = 0]
17:17:05.422 [main] o.s.t.c.c.DefaultCacheAwareContextLoaderDelegate TRACE - Retrieved ApplicationContext [1620112330] from cache with key [WebMergedContextConfiguration@74960e9d testClass = com.assignment.InternshipProject.InternshipProjectApplicationTests, locations = [], classes = [com.assignment.InternshipProject.InternshipProjectApplication], contextInitializerClasses = [], activeProfiles = [], propertySourceDescriptors = [], propertySourceProperties = ["org.springframework.boot.test.context.SpringBootTestContextBootstrapper=true"], contextCustomizers = [org.springframework.boot.test.context.filter.ExcludeFilterContextCustomizer@3feb2dda, org.springframework.boot.test.json.DuplicateJsonObjectContextCustomizerFactory$DuplicateJsonObjectContextCustomizer@dc7df28, org.springframework.boot.test.mock.mockito.MockitoContextCustomizer@0, org.springframework.boot.test.web.client.TestRestTemplateContextCustomizer@6f43c82, org.springframework.boot.test.autoconfigure.actuate.observability.ObservabilityContextCustomizerFactory$DisableObservabilityContextCustomizer@1f, org.springframework.boot.test.autoconfigure.properties.PropertyMappingContextCustomizer@0, org.springframework.boot.test.autoconfigure.web.servlet.WebDriverContextCustomizer@f68f0dc, org.springframework.boot.test.context.SpringBootTestAnnotation@9ec9eb65], resourceBasePath = "src/main/webapp", contextLoader = org.springframework.boot.test.context.SpringBootContextLoader, parent = null]
17:17:05.422 [main] o.s.t.c.cache DEBUG - Spring test ApplicationContext cache statistics: [DefaultContextCache@4001d8c1 size = 1, maxSize = 32, parentContextCount = 0, hitCount = 12, missCount = 1, failureCount = 0]
17:17:05.423 [main] o.s.t.c.s.DirtiesContextTestExecutionListener TRACE - After test method: context [DefaultTestContext@73893ec1 testClass = com.assignment.InternshipProject.InternshipProjectApplicationTests, testInstance = com.assignment.InternshipProject.InternshipProjectApplicationTests@37af24cb, testMethod = contextLoads(), testException = null, mergedContextConfiguration = [WebMergedContextConfiguration@74960e9d testClass = com.assignment.InternshipProject.InternshipProjectApplicationTests, locations = [], classes = [com.assignment.InternshipProject.InternshipProjectApplication], contextInitializerClasses = [], activeProfiles = [], propertySourceDescriptors = [], propertySourceProperties = ["org.springframework.boot.test.context.SpringBootTestContextBootstrapper=true"], contextCustomizers = [org.springframework.boot.test.context.filter.ExcludeFilterContextCustomizer@3feb2dda, org.springframework.boot.test.json.DuplicateJsonObjectContextCustomizerFactory$DuplicateJsonObjectContextCustomizer@dc7df28, org.springframework.boot.test.mock.mockito.MockitoContextCustomizer@0, org.springframework.boot.test.web.client.TestRestTemplateContextCustomizer@6f43c82, org.springframework.boot.test.autoconfigure.actuate.observability.ObservabilityContextCustomizerFactory$DisableObservabilityContextCustomizer@1f, org.springframework.boot.test.autoconfigure.properties.PropertyMappingContextCustomizer@0, org.springframework.boot.test.autoconfigure.web.servlet.WebDriverContextCustomizer@f68f0dc, org.springframework.boot.test.context.SpringBootTestAnnotation@9ec9eb65], resourceBasePath = "src/main/webapp", contextLoader = org.springframework.boot.test.context.SpringBootContextLoader, parent = null], attributes = {"org.springframework.test.context.web.ServletTestExecutionListener.activateListener" -> true, "org.springframework.test.context.web.ServletTestExecutionListener.populatedRequestContextHolder" -> true, "org.springframework.test.context.web.ServletTestExecutionListener.resetRequestContextHolder" -> true, "org.springframework.test.context.event.ApplicationEventsTestExecutionListener.recordApplicationEvents" -> false}], class annotated with @DirtiesContext [false] with mode [null], method annotated with @DirtiesContext [false] with mode [null]
17:17:05.423 [main] o.s.t.c.w.ServletTestExecutionListener TRACE - Resetting RequestContextHolder for test context [DefaultTestContext@73893ec1 testClass = com.assignment.InternshipProject.InternshipProjectApplicationTests, testInstance = com.assignment.InternshipProject.InternshipProjectApplicationTests@37af24cb, testMethod = contextLoads(), testException = null, mergedContextConfiguration = [WebMergedContextConfiguration@74960e9d testClass = com.assignment.InternshipProject.InternshipProjectApplicationTests, locations = [], classes = [com.assignment.InternshipProject.InternshipProjectApplication], contextInitializerClasses = [], activeProfiles = [], propertySourceDescriptors = [], propertySourceProperties = ["org.springframework.boot.test.context.SpringBootTestContextBootstrapper=true"], contextCustomizers = [org.springframework.boot.test.context.filter.ExcludeFilterContextCustomizer@3feb2dda, org.springframework.boot.test.json.DuplicateJsonObjectContextCustomizerFactory$DuplicateJsonObjectContextCustomizer@dc7df28, org.springframework.boot.test.mock.mockito.MockitoContextCustomizer@0, org.springframework.boot.test.web.client.TestRestTemplateContextCustomizer@6f43c82, org.springframework.boot.test.autoconfigure.actuate.observability.ObservabilityContextCustomizerFactory$DisableObservabilityContextCustomizer@1f, org.springframework.boot.test.autoconfigure.properties.PropertyMappingContextCustomizer@0, org.springframework.boot.test.autoconfigure.web.servlet.WebDriverContextCustomizer@f68f0dc, org.springframework.boot.test.context.SpringBootTestAnnotation@9ec9eb65], resourceBasePath = "src/main/webapp", contextLoader = org.springframework.boot.test.context.SpringBootContextLoader, parent = null], attributes = {"org.springframework.test.context.web.ServletTestExecutionListener.activateListener" -> true, "org.springframework.test.context.web.ServletTestExecutionListener.populatedRequestContextHolder" -> true, "org.springframework.test.context.web.ServletTestExecutionListener.resetRequestContextHolder" -> true, "org.springframework.test.context.event.ApplicationEventsTestExecutionListener.recordApplicationEvents" -> false}]
]]></system-out>
  </testcase>
</testsuite>